# compile-train-graphs --read-disambig-syms=data/lang/phones/disambig.int exp/tri1_one_ali/f1d45cbd23/tree exp/tri1_one_ali/f1d45cbd23/final.mdl data/lang/L.fst "ark:utils/sym2int.pl --map-oov 3 -f 2- data/lang/words.txt data/f1d45cbd23/split1/1/text|" ark:- | gmm-align-compiled-gop --transition-scale=1.0 --acoustic-scale=0.1 --self-loop-scale=0.1 --beam=10 --retry-beam=40 --careful=false "gmm-boost-silence --boost=1.25 1 exp/tri1_one_ali/f1d45cbd23/final.mdl - |" ark:- "ark,s,cs:apply-cmvn  --utt2spk=ark:data/f1d45cbd23/split1/1/utt2spk scp:data/f1d45cbd23/split1/1/cmvn.scp scp:data/f1d45cbd23/split1/1/feats.scp ark:- | add-deltas  ark:- ark:- |" "ark,t:|gzip -c >exp/tri1_one_ali/f1d45cbd23/ali.1.gz" 
# Started at Tue May 22 17:42:50 HKT 2018
#
compile-train-graphs --read-disambig-syms=data/lang/phones/disambig.int exp/tri1_one_ali/f1d45cbd23/tree exp/tri1_one_ali/f1d45cbd23/final.mdl data/lang/L.fst 'ark:utils/sym2int.pl --map-oov 3 -f 2- data/lang/words.txt data/f1d45cbd23/split1/1/text|' ark:- 
gmm-align-compiled-gop --transition-scale=1.0 --acoustic-scale=0.1 --self-loop-scale=0.1 --beam=10 --retry-beam=40 --careful=false 'gmm-boost-silence --boost=1.25 1 exp/tri1_one_ali/f1d45cbd23/final.mdl - |' ark:- 'ark,s,cs:apply-cmvn  --utt2spk=ark:data/f1d45cbd23/split1/1/utt2spk scp:data/f1d45cbd23/split1/1/cmvn.scp scp:data/f1d45cbd23/split1/1/feats.scp ark:- | add-deltas  ark:- ark:- |' 'ark,t:|gzip -c >exp/tri1_one_ali/f1d45cbd23/ali.1.gz' 
gmm-boost-silence --boost=1.25 1 exp/tri1_one_ali/f1d45cbd23/final.mdl - 
sym2int.pl: replacing 信じ with 3
sym2int.pl: replacing られ with 3
sym2int.pl: replacing ない with 3
** Replaced 3 instances of OOVs with 3
LOG (compile-train-graphs[5.3.4~1340-b701]:main():compile-train-graphs.cc:147) compile-train-graphs: succeeded for 1 graphs, failed for 0
WARNING (gmm-boost-silence[5.3.4~1340-b701]:main():gmm-boost-silence.cc:82) The pdfs for the silence phones may be shared by other phones (note: this probably does not matter.)
LOG (gmm-boost-silence[5.3.4~1340-b701]:main():gmm-boost-silence.cc:93) Boosted weights for 5 pdfs, by factor of 1.25
LOG (gmm-boost-silence[5.3.4~1340-b701]:main():gmm-boost-silence.cc:103) Wrote model to -
add-deltas ark:- ark:- 
apply-cmvn --utt2spk=ark:data/f1d45cbd23/split1/1/utt2spk scp:data/f1d45cbd23/split1/1/cmvn.scp scp:data/f1d45cbd23/split1/1/feats.scp ark:- 
LOG (apply-cmvn[5.3.4~1340-b701]:main():apply-cmvn.cc:162) Applied cepstral mean normalization to 1 utterances, errors on 0
LOG (gmm-align-compiled-gop[5.3.4~1340-b701]:main():gmm-align-compiled-gop.cc:127) answer
LOG (gmm-align-compiled-gop[5.3.4~1340-b701]:GetLinearSymbolSequence():fstext/fstext-utils-inl.h:263)  oneframe like is -10.7061 while xend is 0
LOG (gmm-align-compiled-gop[5.3.4~1340-b701]:GetLinearSymbolSequence():fstext/fstext-utils-inl.h:263)  oneframe like is -12.2152 while xend is 1
LOG (gmm-align-compiled-gop[5.3.4~1340-b701]:GetLinearSymbolSequence():fstext/fstext-utils-inl.h:263)  oneframe like is -13.7066 while xend is 2
LOG (gmm-align-compiled-gop[5.3.4~1340-b701]:GetLinearSymbolSequence():fstext/fstext-utils-inl.h:263)  oneframe like is -14.838 while xend is 3
LOG (gmm-align-compiled-gop[5.3.4~1340-b701]:GetLinearSymbolSequence():fstext/fstext-utils-inl.h:263)  oneframe like is -15.4445 while xend is 4
LOG (gmm-align-compiled-gop[5.3.4~1340-b701]:GetLinearSymbolSequence():fstext/fstext-utils-inl.h:263)  oneframe like is -14.0414 while xend is 5
LOG (gmm-align-compiled-gop[5.3.4~1340-b701]:GetLinearSymbolSequence():fstext/fstext-utils-inl.h:263)  oneframe like is -12.2575 while xend is 6
LOG (gmm-align-compiled-gop[5.3.4~1340-b701]:GetLinearSymbolSequence():fstext/fstext-utils-inl.h:263)  oneframe like is -10.9729 while xend is 7
LOG (gmm-align-compiled-gop[5.3.4~1340-b701]:GetLinearSymbolSequence():fstext/fstext-utils-inl.h:263)  oneframe like is -9.91843 while xend is 8
LOG (gmm-align-compiled-gop[5.3.4~1340-b701]:GetLinearSymbolSequence():fstext/fstext-utils-inl.h:263)  oneframe like is -9.35641 while xend is 9
LOG (gmm-align-compiled-gop[5.3.4~1340-b701]:GetLinearSymbolSequence():fstext/fstext-utils-inl.h:263)  oneframe like is -8.76799 while xend is 10
LOG (gmm-align-compiled-gop[5.3.4~1340-b701]:GetLinearSymbolSequence():fstext/fstext-utils-inl.h:263)  oneframe like is -8.7108 while xend is 11
LOG (gmm-align-compiled-gop[5.3.4~1340-b701]:GetLinearSymbolSequence():fstext/fstext-utils-inl.h:263)  oneframe like is -9.12299 while xend is 12
LOG (gmm-align-compiled-gop[5.3.4~1340-b701]:GetLinearSymbolSequence():fstext/fstext-utils-inl.h:263)  oneframe like is -9.81166 while xend is 13
LOG (gmm-align-compiled-gop[5.3.4~1340-b701]:GetLinearSymbolSequence():fstext/fstext-utils-inl.h:263)  oneframe like is -10.9328 while xend is 14
LOG (gmm-align-compiled-gop[5.3.4~1340-b701]:GetLinearSymbolSequence():fstext/fstext-utils-inl.h:263)  oneframe like is -11.3943 while xend is 15
LOG (gmm-align-compiled-gop[5.3.4~1340-b701]:GetLinearSymbolSequence():fstext/fstext-utils-inl.h:263)  oneframe like is -13.1564 while xend is 16
LOG (gmm-align-compiled-gop[5.3.4~1340-b701]:GetLinearSymbolSequence():fstext/fstext-utils-inl.h:263)  oneframe like is -13.5263 while xend is 17
LOG (gmm-align-compiled-gop[5.3.4~1340-b701]:GetLinearSymbolSequence():fstext/fstext-utils-inl.h:263)  oneframe like is -13.2948 while xend is 18
LOG (gmm-align-compiled-gop[5.3.4~1340-b701]:GetLinearSymbolSequence():fstext/fstext-utils-inl.h:263)  oneframe like is -11.4643 while xend is 19
LOG (gmm-align-compiled-gop[5.3.4~1340-b701]:GetLinearSymbolSequence():fstext/fstext-utils-inl.h:263)  oneframe like is -10.8548 while xend is 20
LOG (gmm-align-compiled-gop[5.3.4~1340-b701]:GetLinearSymbolSequence():fstext/fstext-utils-inl.h:263)  oneframe like is -10.2486 while xend is 21
LOG (gmm-align-compiled-gop[5.3.4~1340-b701]:GetLinearSymbolSequence():fstext/fstext-utils-inl.h:263)  oneframe like is -9.76112 while xend is 22
LOG (gmm-align-compiled-gop[5.3.4~1340-b701]:GetLinearSymbolSequence():fstext/fstext-utils-inl.h:263)  oneframe like is -8.76523 while xend is 23
LOG (gmm-align-compiled-gop[5.3.4~1340-b701]:GetLinearSymbolSequence():fstext/fstext-utils-inl.h:263)  oneframe like is -8.20627 while xend is 24
LOG (gmm-align-compiled-gop[5.3.4~1340-b701]:GetLinearSymbolSequence():fstext/fstext-utils-inl.h:263)  oneframe like is -7.85104 while xend is 25
LOG (gmm-align-compiled-gop[5.3.4~1340-b701]:GetLinearSymbolSequence():fstext/fstext-utils-inl.h:263)  oneframe like is -7.08679 while xend is 26
LOG (gmm-align-compiled-gop[5.3.4~1340-b701]:GetLinearSymbolSequence():fstext/fstext-utils-inl.h:263)  oneframe like is -6.56528 while xend is 27
LOG (gmm-align-compiled-gop[5.3.4~1340-b701]:GetLinearSymbolSequence():fstext/fstext-utils-inl.h:263)  oneframe like is -7.74173 while xend is 28
LOG (gmm-align-compiled-gop[5.3.4~1340-b701]:GetLinearSymbolSequence():fstext/fstext-utils-inl.h:263)  oneframe like is -8.02017 while xend is 29
LOG (gmm-align-compiled-gop[5.3.4~1340-b701]:GetLinearSymbolSequence():fstext/fstext-utils-inl.h:263)  oneframe like is -9.42068 while xend is 30
LOG (gmm-align-compiled-gop[5.3.4~1340-b701]:GetLinearSymbolSequence():fstext/fstext-utils-inl.h:263)  oneframe like is -8.9935 while xend is 31
LOG (gmm-align-compiled-gop[5.3.4~1340-b701]:GetLinearSymbolSequence():fstext/fstext-utils-inl.h:263)  oneframe like is -8.4566 while xend is 32
LOG (gmm-align-compiled-gop[5.3.4~1340-b701]:GetLinearSymbolSequence():fstext/fstext-utils-inl.h:263)  oneframe like is -8.22617 while xend is 33
LOG (gmm-align-compiled-gop[5.3.4~1340-b701]:GetLinearSymbolSequence():fstext/fstext-utils-inl.h:263)  oneframe like is -9.44696 while xend is 34
LOG (gmm-align-compiled-gop[5.3.4~1340-b701]:GetLinearSymbolSequence():fstext/fstext-utils-inl.h:263)  oneframe like is -8.241 while xend is 35
LOG (gmm-align-compiled-gop[5.3.4~1340-b701]:GetLinearSymbolSequence():fstext/fstext-utils-inl.h:263)  oneframe like is -9.29477 while xend is 36
LOG (gmm-align-compiled-gop[5.3.4~1340-b701]:GetLinearSymbolSequence():fstext/fstext-utils-inl.h:263)  oneframe like is -9.63446 while xend is 37
LOG (gmm-align-compiled-gop[5.3.4~1340-b701]:GetLinearSymbolSequence():fstext/fstext-utils-inl.h:263)  oneframe like is -10.6105 while xend is 38
LOG (gmm-align-compiled-gop[5.3.4~1340-b701]:GetLinearSymbolSequence():fstext/fstext-utils-inl.h:263)  oneframe like is -10.6108 while xend is 39
LOG (gmm-align-compiled-gop[5.3.4~1340-b701]:GetLinearSymbolSequence():fstext/fstext-utils-inl.h:263)  oneframe like is -9.56693 while xend is 40
LOG (gmm-align-compiled-gop[5.3.4~1340-b701]:GetLinearSymbolSequence():fstext/fstext-utils-inl.h:263)  oneframe like is -8.70929 while xend is 41
LOG (gmm-align-compiled-gop[5.3.4~1340-b701]:GetLinearSymbolSequence():fstext/fstext-utils-inl.h:263)  oneframe like is -8.58185 while xend is 42
LOG (gmm-align-compiled-gop[5.3.4~1340-b701]:GetLinearSymbolSequence():fstext/fstext-utils-inl.h:263)  oneframe like is -7.9592 while xend is 43
LOG (gmm-align-compiled-gop[5.3.4~1340-b701]:GetLinearSymbolSequence():fstext/fstext-utils-inl.h:263)  oneframe like is -7.47937 while xend is 44
LOG (gmm-align-compiled-gop[5.3.4~1340-b701]:GetLinearSymbolSequence():fstext/fstext-utils-inl.h:263)  oneframe like is -7.82535 while xend is 45
LOG (gmm-align-compiled-gop[5.3.4~1340-b701]:GetLinearSymbolSequence():fstext/fstext-utils-inl.h:263)  oneframe like is -7.31094 while xend is 46
LOG (gmm-align-compiled-gop[5.3.4~1340-b701]:GetLinearSymbolSequence():fstext/fstext-utils-inl.h:263)  oneframe like is -7.54669 while xend is 47
LOG (gmm-align-compiled-gop[5.3.4~1340-b701]:GetLinearSymbolSequence():fstext/fstext-utils-inl.h:263)  oneframe like is -7.37537 while xend is 48
LOG (gmm-align-compiled-gop[5.3.4~1340-b701]:GetLinearSymbolSequence():fstext/fstext-utils-inl.h:263)  oneframe like is -7.96396 while xend is 49
LOG (gmm-align-compiled-gop[5.3.4~1340-b701]:GetLinearSymbolSequence():fstext/fstext-utils-inl.h:263)  oneframe like is -8.29727 while xend is 50
LOG (gmm-align-compiled-gop[5.3.4~1340-b701]:GetLinearSymbolSequence():fstext/fstext-utils-inl.h:263)  oneframe like is -9.83685 while xend is 51
LOG (gmm-align-compiled-gop[5.3.4~1340-b701]:GetLinearSymbolSequence():fstext/fstext-utils-inl.h:263)  oneframe like is -9.3793 while xend is 52
LOG (gmm-align-compiled-gop[5.3.4~1340-b701]:GetLinearSymbolSequence():fstext/fstext-utils-inl.h:263)  oneframe like is -9.13776 while xend is 53
LOG (gmm-align-compiled-gop[5.3.4~1340-b701]:GetLinearSymbolSequence():fstext/fstext-utils-inl.h:263)  oneframe like is -7.58691 while xend is 54
LOG (gmm-align-compiled-gop[5.3.4~1340-b701]:GetLinearSymbolSequence():fstext/fstext-utils-inl.h:263)  oneframe like is -8.26721 while xend is 55
LOG (gmm-align-compiled-gop[5.3.4~1340-b701]:GetLinearSymbolSequence():fstext/fstext-utils-inl.h:263)  oneframe like is -6.52576 while xend is 56
LOG (gmm-align-compiled-gop[5.3.4~1340-b701]:GetLinearSymbolSequence():fstext/fstext-utils-inl.h:263)  oneframe like is -6.91589 while xend is 57
LOG (gmm-align-compiled-gop[5.3.4~1340-b701]:GetLinearSymbolSequence():fstext/fstext-utils-inl.h:263)  oneframe like is -8.34192 while xend is 58
LOG (gmm-align-compiled-gop[5.3.4~1340-b701]:GetLinearSymbolSequence():fstext/fstext-utils-inl.h:263)  oneframe like is -9.86072 while xend is 59
LOG (gmm-align-compiled-gop[5.3.4~1340-b701]:GetLinearSymbolSequence():fstext/fstext-utils-inl.h:263)  oneframe like is -11.8828 while xend is 60
LOG (gmm-align-compiled-gop[5.3.4~1340-b701]:GetLinearSymbolSequence():fstext/fstext-utils-inl.h:263)  oneframe like is -13.4714 while xend is 61
LOG (gmm-align-compiled-gop[5.3.4~1340-b701]:GetLinearSymbolSequence():fstext/fstext-utils-inl.h:263)  oneframe like is -14.4866 while xend is 62
LOG (gmm-align-compiled-gop[5.3.4~1340-b701]:GetLinearSymbolSequence():fstext/fstext-utils-inl.h:263)  oneframe like is -16.8856 while xend is 63
LOG (gmm-align-compiled-gop[5.3.4~1340-b701]:GetLinearSymbolSequence():fstext/fstext-utils-inl.h:263)  oneframe like is -15.785 while xend is 64
LOG (gmm-align-compiled-gop[5.3.4~1340-b701]:GetLinearSymbolSequence():fstext/fstext-utils-inl.h:263)  oneframe like is -14.9345 while xend is 65
LOG (gmm-align-compiled-gop[5.3.4~1340-b701]:GetLinearSymbolSequence():fstext/fstext-utils-inl.h:263)  oneframe like is -14.1373 while xend is 66
LOG (gmm-align-compiled-gop[5.3.4~1340-b701]:GetLinearSymbolSequence():fstext/fstext-utils-inl.h:263)  oneframe like is -13.5144 while xend is 67
LOG (gmm-align-compiled-gop[5.3.4~1340-b701]:GetLinearSymbolSequence():fstext/fstext-utils-inl.h:263)  oneframe like is -11.7036 while xend is 68
LOG (gmm-align-compiled-gop[5.3.4~1340-b701]:GetLinearSymbolSequence():fstext/fstext-utils-inl.h:263)  oneframe like is -10.1887 while xend is 69
LOG (gmm-align-compiled-gop[5.3.4~1340-b701]:GetLinearSymbolSequence():fstext/fstext-utils-inl.h:263)  oneframe like is -10.1635 while xend is 70
LOG (gmm-align-compiled-gop[5.3.4~1340-b701]:GetLinearSymbolSequence():fstext/fstext-utils-inl.h:263)  oneframe like is -10.0694 while xend is 71
LOG (gmm-align-compiled-gop[5.3.4~1340-b701]:GetLinearSymbolSequence():fstext/fstext-utils-inl.h:263)  oneframe like is -9.69739 while xend is 72
LOG (gmm-align-compiled-gop[5.3.4~1340-b701]:GetLinearSymbolSequence():fstext/fstext-utils-inl.h:263)  oneframe like is -9.84827 while xend is 73
LOG (gmm-align-compiled-gop[5.3.4~1340-b701]:GetLinearSymbolSequence():fstext/fstext-utils-inl.h:263)  oneframe like is -10.0256 while xend is 74
LOG (gmm-align-compiled-gop[5.3.4~1340-b701]:GetLinearSymbolSequence():fstext/fstext-utils-inl.h:263)  oneframe like is -9.96173 while xend is 75
LOG (gmm-align-compiled-gop[5.3.4~1340-b701]:GetLinearSymbolSequence():fstext/fstext-utils-inl.h:263)  oneframe like is -9.80133 while xend is 76
LOG (gmm-align-compiled-gop[5.3.4~1340-b701]:GetLinearSymbolSequence():fstext/fstext-utils-inl.h:263)  oneframe like is -9.96863 while xend is 77
LOG (gmm-align-compiled-gop[5.3.4~1340-b701]:GetLinearSymbolSequence():fstext/fstext-utils-inl.h:263)  oneframe like is -11.1982 while xend is 78
LOG (gmm-align-compiled-gop[5.3.4~1340-b701]:GetLinearSymbolSequence():fstext/fstext-utils-inl.h:263)  oneframe like is -12.0337 while xend is 79
LOG (gmm-align-compiled-gop[5.3.4~1340-b701]:GetLinearSymbolSequence():fstext/fstext-utils-inl.h:263)  oneframe like is -12.2119 while xend is 80
LOG (gmm-align-compiled-gop[5.3.4~1340-b701]:GetLinearSymbolSequence():fstext/fstext-utils-inl.h:263)  oneframe like is -11.9409 while xend is 81
LOG (gmm-align-compiled-gop[5.3.4~1340-b701]:GetLinearSymbolSequence():fstext/fstext-utils-inl.h:263)  oneframe like is -11.9459 while xend is 82
LOG (gmm-align-compiled-gop[5.3.4~1340-b701]:GetLinearSymbolSequence():fstext/fstext-utils-inl.h:263)  oneframe like is -11.6788 while xend is 83
LOG (gmm-align-compiled-gop[5.3.4~1340-b701]:GetLinearSymbolSequence():fstext/fstext-utils-inl.h:263)  oneframe like is -11.3254 while xend is 84
LOG (gmm-align-compiled-gop[5.3.4~1340-b701]:GetLinearSymbolSequence():fstext/fstext-utils-inl.h:263)  oneframe like is -10.8258 while xend is 85
LOG (gmm-align-compiled-gop[5.3.4~1340-b701]:GetLinearSymbolSequence():fstext/fstext-utils-inl.h:263)  oneframe like is -10.7083 while xend is 86
LOG (gmm-align-compiled-gop[5.3.4~1340-b701]:GetLinearSymbolSequence():fstext/fstext-utils-inl.h:263)  oneframe like is -11.7794 while xend is 87
LOG (gmm-align-compiled-gop[5.3.4~1340-b701]:GetLinearSymbolSequence():fstext/fstext-utils-inl.h:263)  oneframe like is -12.9926 while xend is 88
LOG (gmm-align-compiled-gop[5.3.4~1340-b701]:GetLinearSymbolSequence():fstext/fstext-utils-inl.h:263)  oneframe like is -14.0844 while xend is 89
LOG (gmm-align-compiled-gop[5.3.4~1340-b701]:GetLinearSymbolSequence():fstext/fstext-utils-inl.h:263)  oneframe like is -14.7114 while xend is 90
LOG (gmm-align-compiled-gop[5.3.4~1340-b701]:GetLinearSymbolSequence():fstext/fstext-utils-inl.h:263)  oneframe like is -15.9561 while xend is 91
LOG (gmm-align-compiled-gop[5.3.4~1340-b701]:GetLinearSymbolSequence():fstext/fstext-utils-inl.h:263)  oneframe like is -14.4313 while xend is 92
LOG (gmm-align-compiled-gop[5.3.4~1340-b701]:GetLinearSymbolSequence():fstext/fstext-utils-inl.h:263)  oneframe like is -13.7839 while xend is 93
LOG (gmm-align-compiled-gop[5.3.4~1340-b701]:GetLinearSymbolSequence():fstext/fstext-utils-inl.h:263)  oneframe like is -12.2831 while xend is 94
LOG (gmm-align-compiled-gop[5.3.4~1340-b701]:GetLinearSymbolSequence():fstext/fstext-utils-inl.h:263)  oneframe like is -11.8646 while xend is 95
LOG (gmm-align-compiled-gop[5.3.4~1340-b701]:GetLinearSymbolSequence():fstext/fstext-utils-inl.h:263)  oneframe like is -11.312 while xend is 96
LOG (gmm-align-compiled-gop[5.3.4~1340-b701]:GetLinearSymbolSequence():fstext/fstext-utils-inl.h:263)  oneframe like is -11.1573 while xend is 97
LOG (gmm-align-compiled-gop[5.3.4~1340-b701]:GetLinearSymbolSequence():fstext/fstext-utils-inl.h:263)  oneframe like is -10.8041 while xend is 98
LOG (gmm-align-compiled-gop[5.3.4~1340-b701]:GetLinearSymbolSequence():fstext/fstext-utils-inl.h:263)  oneframe like is -10.49 while xend is 99
LOG (gmm-align-compiled-gop[5.3.4~1340-b701]:GetLinearSymbolSequence():fstext/fstext-utils-inl.h:263)  oneframe like is -9.91113 while xend is 100
LOG (gmm-align-compiled-gop[5.3.4~1340-b701]:GetLinearSymbolSequence():fstext/fstext-utils-inl.h:263)  oneframe like is -9.7146 while xend is 101
LOG (gmm-align-compiled-gop[5.3.4~1340-b701]:GetLinearSymbolSequence():fstext/fstext-utils-inl.h:263)  oneframe like is -10.4517 while xend is 102
LOG (gmm-align-compiled-gop[5.3.4~1340-b701]:GetLinearSymbolSequence():fstext/fstext-utils-inl.h:263)  oneframe like is -11.9513 while xend is 103
LOG (gmm-align-compiled-gop[5.3.4~1340-b701]:GetLinearSymbolSequence():fstext/fstext-utils-inl.h:263)  oneframe like is -12.8154 while xend is 104
LOG (gmm-align-compiled-gop[5.3.4~1340-b701]:GetLinearSymbolSequence():fstext/fstext-utils-inl.h:263)  oneframe like is -14.0295 while xend is 105
LOG (gmm-align-compiled-gop[5.3.4~1340-b701]:GetLinearSymbolSequence():fstext/fstext-utils-inl.h:263)  oneframe like is -14.9958 while xend is 106
LOG (gmm-align-compiled-gop[5.3.4~1340-b701]:GetLinearSymbolSequence():fstext/fstext-utils-inl.h:263)  oneframe like is -14.4316 while xend is 107
LOG (gmm-align-compiled-gop[5.3.4~1340-b701]:GetLinearSymbolSequence():fstext/fstext-utils-inl.h:263)  oneframe like is -13.2382 while xend is 108
LOG (gmm-align-compiled-gop[5.3.4~1340-b701]:GetLinearSymbolSequence():fstext/fstext-utils-inl.h:263)  oneframe like is -12.3358 while xend is 109
LOG (gmm-align-compiled-gop[5.3.4~1340-b701]:GetLinearSymbolSequence():fstext/fstext-utils-inl.h:263)  oneframe like is -12.0695 while xend is 110
LOG (gmm-align-compiled-gop[5.3.4~1340-b701]:GetLinearSymbolSequence():fstext/fstext-utils-inl.h:263)  oneframe like is -12.131 while xend is 111
LOG (gmm-align-compiled-gop[5.3.4~1340-b701]:GetLinearSymbolSequence():fstext/fstext-utils-inl.h:263)  oneframe like is -12.6866 while xend is 112
LOG (gmm-align-compiled-gop[5.3.4~1340-b701]:GetLinearSymbolSequence():fstext/fstext-utils-inl.h:263)  oneframe like is -13.3434 while xend is 113
LOG (gmm-align-compiled-gop[5.3.4~1340-b701]:GetLinearSymbolSequence():fstext/fstext-utils-inl.h:263)  oneframe like is -13.5433 while xend is 114
LOG (gmm-align-compiled-gop[5.3.4~1340-b701]:GetLinearSymbolSequence():fstext/fstext-utils-inl.h:263)  oneframe like is -15.0881 while xend is 115
LOG (gmm-align-compiled-gop[5.3.4~1340-b701]:GetLinearSymbolSequence():fstext/fstext-utils-inl.h:263)  oneframe like is -19.17 while xend is 116
LOG (gmm-align-compiled-gop[5.3.4~1340-b701]:GetLinearSymbolSequence():fstext/fstext-utils-inl.h:263)  oneframe like is -18.4895 while xend is 117
LOG (gmm-align-compiled-gop[5.3.4~1340-b701]:GetLinearSymbolSequence():fstext/fstext-utils-inl.h:263)  oneframe like is -17.6945 while xend is 118
LOG (gmm-align-compiled-gop[5.3.4~1340-b701]:GetLinearSymbolSequence():fstext/fstext-utils-inl.h:263)  oneframe like is -16.7163 while xend is 119
LOG (gmm-align-compiled-gop[5.3.4~1340-b701]:GetLinearSymbolSequence():fstext/fstext-utils-inl.h:263)  oneframe like is -17.452 while xend is 120
LOG (gmm-align-compiled-gop[5.3.4~1340-b701]:GetLinearSymbolSequence():fstext/fstext-utils-inl.h:263)  oneframe like is -15.302 while xend is 121
LOG (gmm-align-compiled-gop[5.3.4~1340-b701]:GetLinearSymbolSequence():fstext/fstext-utils-inl.h:263)  oneframe like is -13.6394 while xend is 122
LOG (gmm-align-compiled-gop[5.3.4~1340-b701]:GetLinearSymbolSequence():fstext/fstext-utils-inl.h:263)  oneframe like is -13.3251 while xend is 123
LOG (gmm-align-compiled-gop[5.3.4~1340-b701]:GetLinearSymbolSequence():fstext/fstext-utils-inl.h:263)  oneframe like is -13.4207 while xend is 124
LOG (gmm-align-compiled-gop[5.3.4~1340-b701]:GetLinearSymbolSequence():fstext/fstext-utils-inl.h:263)  oneframe like is -12.8926 while xend is 125
LOG (gmm-align-compiled-gop[5.3.4~1340-b701]:GetLinearSymbolSequence():fstext/fstext-utils-inl.h:263)  oneframe like is -11.8998 while xend is 126
LOG (gmm-align-compiled-gop[5.3.4~1340-b701]:GetLinearSymbolSequence():fstext/fstext-utils-inl.h:263)  oneframe like is -10.7914 while xend is 127
LOG (gmm-align-compiled-gop[5.3.4~1340-b701]:GetLinearSymbolSequence():fstext/fstext-utils-inl.h:263)  oneframe like is -10.1383 while xend is 128
LOG (gmm-align-compiled-gop[5.3.4~1340-b701]:GetLinearSymbolSequence():fstext/fstext-utils-inl.h:263)  oneframe like is -9.79333 while xend is 129
LOG (gmm-align-compiled-gop[5.3.4~1340-b701]:GetLinearSymbolSequence():fstext/fstext-utils-inl.h:263)  oneframe like is -9.87842 while xend is 130
LOG (gmm-align-compiled-gop[5.3.4~1340-b701]:GetLinearSymbolSequence():fstext/fstext-utils-inl.h:263)  oneframe like is -9.77283 while xend is 131
LOG (gmm-align-compiled-gop[5.3.4~1340-b701]:GetLinearSymbolSequence():fstext/fstext-utils-inl.h:263)  oneframe like is -9.5647 while xend is 132
LOG (gmm-align-compiled-gop[5.3.4~1340-b701]:GetLinearSymbolSequence():fstext/fstext-utils-inl.h:263)  oneframe like is -9.86609 while xend is 133
LOG (gmm-align-compiled-gop[5.3.4~1340-b701]:GetLinearSymbolSequence():fstext/fstext-utils-inl.h:263)  oneframe like is -9.52014 while xend is 134
LOG (gmm-align-compiled-gop[5.3.4~1340-b701]:GetLinearSymbolSequence():fstext/fstext-utils-inl.h:263)  oneframe like is -9.60022 while xend is 135
LOG (gmm-align-compiled-gop[5.3.4~1340-b701]:GetLinearSymbolSequence():fstext/fstext-utils-inl.h:263)  oneframe like is -9.56763 while xend is 136
LOG (gmm-align-compiled-gop[5.3.4~1340-b701]:GetLinearSymbolSequence():fstext/fstext-utils-inl.h:263)  oneframe like is -10.5948 while xend is 137
LOG (gmm-align-compiled-gop[5.3.4~1340-b701]:GetLinearSymbolSequence():fstext/fstext-utils-inl.h:263)  oneframe like is -11.9792 while xend is 138
LOG (gmm-align-compiled-gop[5.3.4~1340-b701]:GetLinearSymbolSequence():fstext/fstext-utils-inl.h:263)  oneframe like is -13.9027 while xend is 139
LOG (gmm-align-compiled-gop[5.3.4~1340-b701]:GetLinearSymbolSequence():fstext/fstext-utils-inl.h:263)  oneframe like is -15.226 while xend is 140
LOG (gmm-align-compiled-gop[5.3.4~1340-b701]:GetLinearSymbolSequence():fstext/fstext-utils-inl.h:263)  oneframe like is -15.4388 while xend is 141
LOG (gmm-align-compiled-gop[5.3.4~1340-b701]:GetLinearSymbolSequence():fstext/fstext-utils-inl.h:263)  oneframe like is -15.5668 while xend is 142
LOG (gmm-align-compiled-gop[5.3.4~1340-b701]:GetLinearSymbolSequence():fstext/fstext-utils-inl.h:263)  oneframe like is -13.9213 while xend is 143
LOG (gmm-align-compiled-gop[5.3.4~1340-b701]:GetLinearSymbolSequence():fstext/fstext-utils-inl.h:263)  oneframe like is -12.3071 while xend is 144
LOG (gmm-align-compiled-gop[5.3.4~1340-b701]:GetLinearSymbolSequence():fstext/fstext-utils-inl.h:263)  oneframe like is -10.9127 while xend is 145
LOG (gmm-align-compiled-gop[5.3.4~1340-b701]:GetLinearSymbolSequence():fstext/fstext-utils-inl.h:263)  oneframe like is -10.5283 while xend is 146
LOG (gmm-align-compiled-gop[5.3.4~1340-b701]:GetLinearSymbolSequence():fstext/fstext-utils-inl.h:263)  oneframe like is -10.132 while xend is 147
LOG (gmm-align-compiled-gop[5.3.4~1340-b701]:GetLinearSymbolSequence():fstext/fstext-utils-inl.h:263)  oneframe like is -9.75732 while xend is 148
LOG (gmm-align-compiled-gop[5.3.4~1340-b701]:GetLinearSymbolSequence():fstext/fstext-utils-inl.h:263)  oneframe like is -10.2473 while xend is 149
LOG (gmm-align-compiled-gop[5.3.4~1340-b701]:GetLinearSymbolSequence():fstext/fstext-utils-inl.h:263)  oneframe like is -10.7573 while xend is 150
LOG (gmm-align-compiled-gop[5.3.4~1340-b701]:GetLinearSymbolSequence():fstext/fstext-utils-inl.h:263)  oneframe like is -11.1182 while xend is 151
LOG (gmm-align-compiled-gop[5.3.4~1340-b701]:GetLinearSymbolSequence():fstext/fstext-utils-inl.h:263)  oneframe like is -10.7952 while xend is 152
LOG (gmm-align-compiled-gop[5.3.4~1340-b701]:GetLinearSymbolSequence():fstext/fstext-utils-inl.h:263)  oneframe like is -11.1674 while xend is 153
LOG (gmm-align-compiled-gop[5.3.4~1340-b701]:GetLinearSymbolSequence():fstext/fstext-utils-inl.h:263)  oneframe like is -11.165 while xend is 154
LOG (gmm-align-compiled-gop[5.3.4~1340-b701]:GetLinearSymbolSequence():fstext/fstext-utils-inl.h:263)  oneframe like is -11.1659 while xend is 155
LOG (gmm-align-compiled-gop[5.3.4~1340-b701]:GetLinearSymbolSequence():fstext/fstext-utils-inl.h:263)  oneframe like is -11.1569 while xend is 156
LOG (gmm-align-compiled-gop[5.3.4~1340-b701]:GetLinearSymbolSequence():fstext/fstext-utils-inl.h:263)  oneframe like is -12.3195 while xend is 157
LOG (gmm-align-compiled-gop[5.3.4~1340-b701]:GetLinearSymbolSequence():fstext/fstext-utils-inl.h:263)  oneframe like is -12.2639 while xend is 158
LOG (gmm-align-compiled-gop[5.3.4~1340-b701]:GetLinearSymbolSequence():fstext/fstext-utils-inl.h:263)  oneframe like is -11.9214 while xend is 159
LOG (gmm-align-compiled-gop[5.3.4~1340-b701]:GetLinearSymbolSequence():fstext/fstext-utils-inl.h:263)  oneframe like is -11.2535 while xend is 160
LOG (gmm-align-compiled-gop[5.3.4~1340-b701]:GetLinearSymbolSequence():fstext/fstext-utils-inl.h:263)  oneframe like is -11.29 while xend is 161
LOG (gmm-align-compiled-gop[5.3.4~1340-b701]:GetLinearSymbolSequence():fstext/fstext-utils-inl.h:263)  oneframe like is -11.0856 while xend is 162
LOG (gmm-align-compiled-gop[5.3.4~1340-b701]:GetLinearSymbolSequence():fstext/fstext-utils-inl.h:263)  oneframe like is -11.1641 while xend is 163
LOG (gmm-align-compiled-gop[5.3.4~1340-b701]:GetLinearSymbolSequence():fstext/fstext-utils-inl.h:263)  oneframe like is -11.017 while xend is 164
LOG (gmm-align-compiled-gop[5.3.4~1340-b701]:GetLinearSymbolSequence():fstext/fstext-utils-inl.h:263)  oneframe like is -11.7155 while xend is 165
LOG (gmm-align-compiled-gop[5.3.4~1340-b701]:GetLinearSymbolSequence():fstext/fstext-utils-inl.h:263)  oneframe like is -11.0673 while xend is 166
LOG (gmm-align-compiled-gop[5.3.4~1340-b701]:GetLinearSymbolSequence():fstext/fstext-utils-inl.h:263)  oneframe like is -11.2654 while xend is 167
LOG (gmm-align-compiled-gop[5.3.4~1340-b701]:GetLinearSymbolSequence():fstext/fstext-utils-inl.h:263)  oneframe like is -12.479 while xend is 168
LOG (gmm-align-compiled-gop[5.3.4~1340-b701]:GetLinearSymbolSequence():fstext/fstext-utils-inl.h:263)  oneframe like is -13.817 while xend is 169
LOG (gmm-align-compiled-gop[5.3.4~1340-b701]:GetLinearSymbolSequence():fstext/fstext-utils-inl.h:263)  oneframe like is -15.3176 while xend is 170
LOG (gmm-align-compiled-gop[5.3.4~1340-b701]:GetLinearSymbolSequence():fstext/fstext-utils-inl.h:263)  oneframe like is -15.8151 while xend is 171
LOG (gmm-align-compiled-gop[5.3.4~1340-b701]:GetLinearSymbolSequence():fstext/fstext-utils-inl.h:263)  oneframe like is -16.7915 while xend is 172
LOG (gmm-align-compiled-gop[5.3.4~1340-b701]:GetLinearSymbolSequence():fstext/fstext-utils-inl.h:263)  oneframe like is -14.8649 while xend is 173
LOG (gmm-align-compiled-gop[5.3.4~1340-b701]:GetLinearSymbolSequence():fstext/fstext-utils-inl.h:263)  oneframe like is -12.9332 while xend is 174
LOG (gmm-align-compiled-gop[5.3.4~1340-b701]:GetLinearSymbolSequence():fstext/fstext-utils-inl.h:263)  oneframe like is -11.6693 while xend is 175
LOG (gmm-align-compiled-gop[5.3.4~1340-b701]:GetLinearSymbolSequence():fstext/fstext-utils-inl.h:263)  oneframe like is -10.8539 while xend is 176
LOG (gmm-align-compiled-gop[5.3.4~1340-b701]:GetLinearSymbolSequence():fstext/fstext-utils-inl.h:263)  oneframe like is -9.88208 while xend is 177
LOG (gmm-align-compiled-gop[5.3.4~1340-b701]:GetLinearSymbolSequence():fstext/fstext-utils-inl.h:263)  oneframe like is -9.55933 while xend is 178
LOG (gmm-align-compiled-gop[5.3.4~1340-b701]:GetLinearSymbolSequence():fstext/fstext-utils-inl.h:263)  oneframe like is -9.81995 while xend is 179
LOG (gmm-align-compiled-gop[5.3.4~1340-b701]:GetLinearSymbolSequence():fstext/fstext-utils-inl.h:263)  oneframe like is -10.4214 while xend is 180
LOG (gmm-align-compiled-gop[5.3.4~1340-b701]:GetLinearSymbolSequence():fstext/fstext-utils-inl.h:263)  oneframe like is -12.0049 while xend is 181
LOG (gmm-align-compiled-gop[5.3.4~1340-b701]:GetLinearSymbolSequence():fstext/fstext-utils-inl.h:263)  oneframe like is -12.6821 while xend is 182
LOG (gmm-align-compiled-gop[5.3.4~1340-b701]:GetLinearSymbolSequence():fstext/fstext-utils-inl.h:263)  oneframe like is -12.7783 while xend is 183
LOG (gmm-align-compiled-gop[5.3.4~1340-b701]:GetLinearSymbolSequence():fstext/fstext-utils-inl.h:263)  oneframe like is -12.1594 while xend is 184
LOG (gmm-align-compiled-gop[5.3.4~1340-b701]:GetLinearSymbolSequence():fstext/fstext-utils-inl.h:263)  oneframe like is -11.4902 while xend is 185
LOG (gmm-align-compiled-gop[5.3.4~1340-b701]:GetLinearSymbolSequence():fstext/fstext-utils-inl.h:263)  oneframe like is -10.9387 while xend is 186
LOG (gmm-align-compiled-gop[5.3.4~1340-b701]:GetLinearSymbolSequence():fstext/fstext-utils-inl.h:263)  oneframe like is -11.4761 while xend is 187
LOG (gmm-align-compiled-gop[5.3.4~1340-b701]:GetLinearSymbolSequence():fstext/fstext-utils-inl.h:263)  oneframe like is -11.6743 while xend is 188
LOG (gmm-align-compiled-gop[5.3.4~1340-b701]:GetLinearSymbolSequence():fstext/fstext-utils-inl.h:263)  oneframe like is -11.8979 while xend is 189
LOG (gmm-align-compiled-gop[5.3.4~1340-b701]:GetLinearSymbolSequence():fstext/fstext-utils-inl.h:263)  oneframe like is -12.688 while xend is 190
LOG (gmm-align-compiled-gop[5.3.4~1340-b701]:GetLinearSymbolSequence():fstext/fstext-utils-inl.h:263)  oneframe like is -13.2263 while xend is 191
LOG (gmm-align-compiled-gop[5.3.4~1340-b701]:GetLinearSymbolSequence():fstext/fstext-utils-inl.h:263)  oneframe like is -13.6494 while xend is 192
LOG (gmm-align-compiled-gop[5.3.4~1340-b701]:GetLinearSymbolSequence():fstext/fstext-utils-inl.h:263)  oneframe like is -13.5161 while xend is 193
LOG (gmm-align-compiled-gop[5.3.4~1340-b701]:GetLinearSymbolSequence():fstext/fstext-utils-inl.h:263)  oneframe like is -13.4778 while xend is 194
LOG (gmm-align-compiled-gop[5.3.4~1340-b701]:GetLinearSymbolSequence():fstext/fstext-utils-inl.h:263)  oneframe like is -13.0012 while xend is 195
LOG (gmm-align-compiled-gop[5.3.4~1340-b701]:GetLinearSymbolSequence():fstext/fstext-utils-inl.h:263)  oneframe like is -12.0442 while xend is 196
LOG (gmm-align-compiled-gop[5.3.4~1340-b701]:GetLinearSymbolSequence():fstext/fstext-utils-inl.h:263)  oneframe like is -11.9441 while xend is 197
LOG (gmm-align-compiled-gop[5.3.4~1340-b701]:GetLinearSymbolSequence():fstext/fstext-utils-inl.h:263)  oneframe like is -11.8726 while xend is 198
LOG (gmm-align-compiled-gop[5.3.4~1340-b701]:GetLinearSymbolSequence():fstext/fstext-utils-inl.h:263)  oneframe like is -13.2417 while xend is 199
LOG (gmm-align-compiled-gop[5.3.4~1340-b701]:GetLinearSymbolSequence():fstext/fstext-utils-inl.h:263)  oneframe like is -13.7769 while xend is 200
LOG (gmm-align-compiled-gop[5.3.4~1340-b701]:GetLinearSymbolSequence():fstext/fstext-utils-inl.h:263)  oneframe like is -13.8687 while xend is 201
LOG (gmm-align-compiled-gop[5.3.4~1340-b701]:GetLinearSymbolSequence():fstext/fstext-utils-inl.h:263)  oneframe like is -14.9641 while xend is 202
LOG (gmm-align-compiled-gop[5.3.4~1340-b701]:GetLinearSymbolSequence():fstext/fstext-utils-inl.h:263)  oneframe like is -13.2864 while xend is 203
LOG (gmm-align-compiled-gop[5.3.4~1340-b701]:GetLinearSymbolSequence():fstext/fstext-utils-inl.h:263)  oneframe like is -12.114 while xend is 204
LOG (gmm-align-compiled-gop[5.3.4~1340-b701]:GetLinearSymbolSequence():fstext/fstext-utils-inl.h:263)  oneframe like is -10.6919 while xend is 205
LOG (gmm-align-compiled-gop[5.3.4~1340-b701]:GetLinearSymbolSequence():fstext/fstext-utils-inl.h:263)  oneframe like is -10.271 while xend is 206
LOG (gmm-align-compiled-gop[5.3.4~1340-b701]:GetLinearSymbolSequence():fstext/fstext-utils-inl.h:263)  oneframe like is -10.0024 while xend is 207
LOG (gmm-align-compiled-gop[5.3.4~1340-b701]:GetLinearSymbolSequence():fstext/fstext-utils-inl.h:263)  oneframe like is -10.9041 while xend is 208
LOG (gmm-align-compiled-gop[5.3.4~1340-b701]:GetLinearSymbolSequence():fstext/fstext-utils-inl.h:263)  oneframe like is -10.6169 while xend is 209
LOG (gmm-align-compiled-gop[5.3.4~1340-b701]:GetLinearSymbolSequence():fstext/fstext-utils-inl.h:263)  oneframe like is -11.1255 while xend is 210
LOG (gmm-align-compiled-gop[5.3.4~1340-b701]:GetLinearSymbolSequence():fstext/fstext-utils-inl.h:263)  oneframe like is -10.9175 while xend is 211
LOG (gmm-align-compiled-gop[5.3.4~1340-b701]:GetLinearSymbolSequence():fstext/fstext-utils-inl.h:263)  oneframe like is -10.8892 while xend is 212
LOG (gmm-align-compiled-gop[5.3.4~1340-b701]:GetLinearSymbolSequence():fstext/fstext-utils-inl.h:263)  oneframe like is -10.5896 while xend is 213
LOG (gmm-align-compiled-gop[5.3.4~1340-b701]:GetLinearSymbolSequence():fstext/fstext-utils-inl.h:263)  oneframe like is -10.5959 while xend is 214
LOG (gmm-align-compiled-gop[5.3.4~1340-b701]:GetLinearSymbolSequence():fstext/fstext-utils-inl.h:263)  oneframe like is -11.0071 while xend is 215
LOG (gmm-align-compiled-gop[5.3.4~1340-b701]:GetLinearSymbolSequence():fstext/fstext-utils-inl.h:263)  oneframe like is -11.6108 while xend is 216
LOG (gmm-align-compiled-gop[5.3.4~1340-b701]:GetLinearSymbolSequence():fstext/fstext-utils-inl.h:263)  oneframe like is -11.5166 while xend is 217
LOG (gmm-align-compiled-gop[5.3.4~1340-b701]:GetLinearSymbolSequence():fstext/fstext-utils-inl.h:263)  oneframe like is -11.865 while xend is 218
LOG (gmm-align-compiled-gop[5.3.4~1340-b701]:GetLinearSymbolSequence():fstext/fstext-utils-inl.h:263)  oneframe like is -11.3516 while xend is 219
LOG (gmm-align-compiled-gop[5.3.4~1340-b701]:GetLinearSymbolSequence():fstext/fstext-utils-inl.h:263)  oneframe like is -11.8564 while xend is 220
LOG (gmm-align-compiled-gop[5.3.4~1340-b701]:GetLinearSymbolSequence():fstext/fstext-utils-inl.h:263)  oneframe like is -11.8997 while xend is 221
LOG (gmm-align-compiled-gop[5.3.4~1340-b701]:GetLinearSymbolSequence():fstext/fstext-utils-inl.h:263)  oneframe like is -12.1914 while xend is 222
LOG (gmm-align-compiled-gop[5.3.4~1340-b701]:GetLinearSymbolSequence():fstext/fstext-utils-inl.h:263)  oneframe like is -12.2507 while xend is 223
LOG (gmm-align-compiled-gop[5.3.4~1340-b701]:GetLinearSymbolSequence():fstext/fstext-utils-inl.h:263)  oneframe like is -12.604 while xend is 224
LOG (gmm-align-compiled-gop[5.3.4~1340-b701]:GetLinearSymbolSequence():fstext/fstext-utils-inl.h:263)  oneframe like is -12.8621 while xend is 225
LOG (gmm-align-compiled-gop[5.3.4~1340-b701]:GetLinearSymbolSequence():fstext/fstext-utils-inl.h:263)  oneframe like is -12.6394 while xend is 226
LOG (gmm-align-compiled-gop[5.3.4~1340-b701]:GetLinearSymbolSequence():fstext/fstext-utils-inl.h:263)  oneframe like is -12.7363 while xend is 227
LOG (gmm-align-compiled-gop[5.3.4~1340-b701]:GetLinearSymbolSequence():fstext/fstext-utils-inl.h:263)  oneframe like is -13.7095 while xend is 228
LOG (gmm-align-compiled-gop[5.3.4~1340-b701]:GetLinearSymbolSequence():fstext/fstext-utils-inl.h:263)  oneframe like is -16.27 while xend is 229
LOG (gmm-align-compiled-gop[5.3.4~1340-b701]:GetLinearSymbolSequence():fstext/fstext-utils-inl.h:263)  oneframe like is -18.4778 while xend is 230
LOG (gmm-align-compiled-gop[5.3.4~1340-b701]:GetLinearSymbolSequence():fstext/fstext-utils-inl.h:263)  oneframe like is -17.626 while xend is 231
LOG (gmm-align-compiled-gop[5.3.4~1340-b701]:GetLinearSymbolSequence():fstext/fstext-utils-inl.h:263)  oneframe like is -18.7937 while xend is 232
LOG (gmm-align-compiled-gop[5.3.4~1340-b701]:GetLinearSymbolSequence():fstext/fstext-utils-inl.h:263)  oneframe like is -16.479 while xend is 233
LOG (gmm-align-compiled-gop[5.3.4~1340-b701]:GetLinearSymbolSequence():fstext/fstext-utils-inl.h:263)  oneframe like is -14.2681 while xend is 234
LOG (gmm-align-compiled-gop[5.3.4~1340-b701]:GetLinearSymbolSequence():fstext/fstext-utils-inl.h:263)  oneframe like is -12.1108 while xend is 235
LOG (gmm-align-compiled-gop[5.3.4~1340-b701]:GetLinearSymbolSequence():fstext/fstext-utils-inl.h:263)  oneframe like is -11.6558 while xend is 236
LOG (gmm-align-compiled-gop[5.3.4~1340-b701]:GetLinearSymbolSequence():fstext/fstext-utils-inl.h:263)  oneframe like is -11.3386 while xend is 237
LOG (gmm-align-compiled-gop[5.3.4~1340-b701]:GetLinearSymbolSequence():fstext/fstext-utils-inl.h:263)  oneframe like is -11.8333 while xend is 238
LOG (gmm-align-compiled-gop[5.3.4~1340-b701]:GetLinearSymbolSequence():fstext/fstext-utils-inl.h:263)  oneframe like is -11.6375 while xend is 239
LOG (gmm-align-compiled-gop[5.3.4~1340-b701]:GetLinearSymbolSequence():fstext/fstext-utils-inl.h:263)  oneframe like is -11.5981 while xend is 240
LOG (gmm-align-compiled-gop[5.3.4~1340-b701]:GetLinearSymbolSequence():fstext/fstext-utils-inl.h:263)  oneframe like is -11.865 while xend is 241
LOG (gmm-align-compiled-gop[5.3.4~1340-b701]:GetLinearSymbolSequence():fstext/fstext-utils-inl.h:263)  oneframe like is -10.8691 while xend is 242
LOG (gmm-align-compiled-gop[5.3.4~1340-b701]:GetLinearSymbolSequence():fstext/fstext-utils-inl.h:263)  oneframe like is -10.3293 while xend is 243
LOG (gmm-align-compiled-gop[5.3.4~1340-b701]:GetLinearSymbolSequence():fstext/fstext-utils-inl.h:263)  oneframe like is -9.26904 while xend is 244
LOG (gmm-align-compiled-gop[5.3.4~1340-b701]:GetLinearSymbolSequence():fstext/fstext-utils-inl.h:263)  oneframe like is -9.37305 while xend is 245
LOG (gmm-align-compiled-gop[5.3.4~1340-b701]:GetLinearSymbolSequence():fstext/fstext-utils-inl.h:263)  oneframe like is -8.68481 while xend is 246
LOG (gmm-align-compiled-gop[5.3.4~1340-b701]:GetLinearSymbolSequence():fstext/fstext-utils-inl.h:263)  oneframe like is -9.26367 while xend is 247
LOG (gmm-align-compiled-gop[5.3.4~1340-b701]:GetLinearSymbolSequence():fstext/fstext-utils-inl.h:263)  oneframe like is -7.6665 while xend is 248
LOG (gmm-align-compiled-gop[5.3.4~1340-b701]:GetLinearSymbolSequence():fstext/fstext-utils-inl.h:263)  oneframe like is -7.20679 while xend is 249
LOG (gmm-align-compiled-gop[5.3.4~1340-b701]:GetLinearSymbolSequence():fstext/fstext-utils-inl.h:263)  oneframe like is -6.19043 while xend is 250
LOG (gmm-align-compiled-gop[5.3.4~1340-b701]:GetLinearSymbolSequence():fstext/fstext-utils-inl.h:263)  oneframe like is -6.75586 while xend is 251
LOG (gmm-align-compiled-gop[5.3.4~1340-b701]:GetLinearSymbolSequence():fstext/fstext-utils-inl.h:263)  oneframe like is -7.58228 while xend is 252
LOG (gmm-align-compiled-gop[5.3.4~1340-b701]:GetLinearSymbolSequence():fstext/fstext-utils-inl.h:263)  oneframe like is -6.83008 while xend is 253
LOG (gmm-align-compiled-gop[5.3.4~1340-b701]:GetLinearSymbolSequence():fstext/fstext-utils-inl.h:263)  oneframe like is -7.91479 while xend is 254
LOG (gmm-align-compiled-gop[5.3.4~1340-b701]:GetLinearSymbolSequence():fstext/fstext-utils-inl.h:263)  oneframe like is -9.72632 while xend is 255
LOG (gmm-align-compiled-gop[5.3.4~1340-b701]:GetLinearSymbolSequence():fstext/fstext-utils-inl.h:263)  oneframe like is -11.0256 while xend is 256
LOG (gmm-align-compiled-gop[5.3.4~1340-b701]:GetLinearSymbolSequence():fstext/fstext-utils-inl.h:263)  oneframe like is -12.9409 while xend is 257
LOG (gmm-align-compiled-gop[5.3.4~1340-b701]:GetLinearSymbolSequence():fstext/fstext-utils-inl.h:263)  oneframe like is -15.0637 while xend is 258
LOG (gmm-align-compiled-gop[5.3.4~1340-b701]:GetLinearSymbolSequence():fstext/fstext-utils-inl.h:263)  oneframe like is -18.5078 while xend is 259
LOG (gmm-align-compiled-gop[5.3.4~1340-b701]:GetLinearSymbolSequence():fstext/fstext-utils-inl.h:263)  oneframe like is -19.9395 while xend is 260
LOG (gmm-align-compiled-gop[5.3.4~1340-b701]:GetLinearSymbolSequence():fstext/fstext-utils-inl.h:263)  oneframe like is -19.1067 while xend is 261
LOG (gmm-align-compiled-gop[5.3.4~1340-b701]:GetLinearSymbolSequence():fstext/fstext-utils-inl.h:263)  oneframe like is -16.0403 while xend is 262
LOG (gmm-align-compiled-gop[5.3.4~1340-b701]:GetLinearSymbolSequence():fstext/fstext-utils-inl.h:263)  oneframe like is -13.4775 while xend is 263
LOG (gmm-align-compiled-gop[5.3.4~1340-b701]:GetLinearSymbolSequence():fstext/fstext-utils-inl.h:263)  oneframe like is -11.7749 while xend is 264
LOG (gmm-align-compiled-gop[5.3.4~1340-b701]:GetLinearSymbolSequence():fstext/fstext-utils-inl.h:263)  oneframe like is -11.3445 while xend is 265
LOG (gmm-align-compiled-gop[5.3.4~1340-b701]:GetLinearSymbolSequence():fstext/fstext-utils-inl.h:263)  oneframe like is -11.1196 while xend is 266
LOG (gmm-align-compiled-gop[5.3.4~1340-b701]:GetLinearSymbolSequence():fstext/fstext-utils-inl.h:263)  oneframe like is -10.4875 while xend is 267
LOG (gmm-align-compiled-gop[5.3.4~1340-b701]:GetLinearSymbolSequence():fstext/fstext-utils-inl.h:263)  oneframe like is -9.91968 while xend is 268
LOG (gmm-align-compiled-gop[5.3.4~1340-b701]:GetLinearSymbolSequence():fstext/fstext-utils-inl.h:263)  oneframe like is -9.77563 while xend is 269
LOG (gmm-align-compiled-gop[5.3.4~1340-b701]:GetLinearSymbolSequence():fstext/fstext-utils-inl.h:263)  oneframe like is -9.75415 while xend is 270
LOG (gmm-align-compiled-gop[5.3.4~1340-b701]:GetLinearSymbolSequence():fstext/fstext-utils-inl.h:263)  oneframe like is -9.2146 while xend is 271
LOG (gmm-align-compiled-gop[5.3.4~1340-b701]:GetLinearSymbolSequence():fstext/fstext-utils-inl.h:263)  oneframe like is -9.29712 while xend is 272
LOG (gmm-align-compiled-gop[5.3.4~1340-b701]:GetLinearSymbolSequence():fstext/fstext-utils-inl.h:263)  oneframe like is -9.18359 while xend is 273
LOG (gmm-align-compiled-gop[5.3.4~1340-b701]:GetLinearSymbolSequence():fstext/fstext-utils-inl.h:263)  oneframe like is -8.87964 while xend is 274
LOG (gmm-align-compiled-gop[5.3.4~1340-b701]:GetLinearSymbolSequence():fstext/fstext-utils-inl.h:263)  oneframe like is -8.84521 while xend is 275
LOG (gmm-align-compiled-gop[5.3.4~1340-b701]:GetLinearSymbolSequence():fstext/fstext-utils-inl.h:263)  oneframe like is -8.53857 while xend is 276
LOG (gmm-align-compiled-gop[5.3.4~1340-b701]:GetLinearSymbolSequence():fstext/fstext-utils-inl.h:263)  oneframe like is -8.54443 while xend is 277
LOG (gmm-align-compiled-gop[5.3.4~1340-b701]:GetLinearSymbolSequence():fstext/fstext-utils-inl.h:263)  oneframe like is -8.52734 while xend is 278
LOG (gmm-align-compiled-gop[5.3.4~1340-b701]:GetLinearSymbolSequence():fstext/fstext-utils-inl.h:263)  oneframe like is -8.83838 while xend is 279
LOG (gmm-align-compiled-gop[5.3.4~1340-b701]:GetLinearSymbolSequence():fstext/fstext-utils-inl.h:263)  oneframe like is -8.7417 while xend is 280
LOG (gmm-align-compiled-gop[5.3.4~1340-b701]:GetLinearSymbolSequence():fstext/fstext-utils-inl.h:263)  oneframe like is -9.42212 while xend is 281
LOG (gmm-align-compiled-gop[5.3.4~1340-b701]:GetLinearSymbolSequence():fstext/fstext-utils-inl.h:263)  oneframe like is -9.58643 while xend is 282
LOG (gmm-align-compiled-gop[5.3.4~1340-b701]:GetLinearSymbolSequence():fstext/fstext-utils-inl.h:263)  oneframe like is -11.3193 while xend is 283
LOG (gmm-align-compiled-gop[5.3.4~1340-b701]:GetLinearSymbolSequence():fstext/fstext-utils-inl.h:263)  oneframe like is -12.2805 while xend is 284
LOG (gmm-align-compiled-gop[5.3.4~1340-b701]:GetLinearSymbolSequence():fstext/fstext-utils-inl.h:263)  oneframe like is -13.355 while xend is 285
LOG (gmm-align-compiled-gop[5.3.4~1340-b701]:GetLinearSymbolSequence():fstext/fstext-utils-inl.h:263)  oneframe like is -16.053 while xend is 286
LOG (gmm-align-compiled-gop[5.3.4~1340-b701]:GetLinearSymbolSequence():fstext/fstext-utils-inl.h:263)  oneframe like is -17.0645 while xend is 287
LOG (gmm-align-compiled-gop[5.3.4~1340-b701]:GetLinearSymbolSequence():fstext/fstext-utils-inl.h:263)  oneframe like is -15.3074 while xend is 288
LOG (gmm-align-compiled-gop[5.3.4~1340-b701]:GetLinearSymbolSequence():fstext/fstext-utils-inl.h:263)  oneframe like is -13.3501 while xend is 289
LOG (gmm-align-compiled-gop[5.3.4~1340-b701]:GetLinearSymbolSequence():fstext/fstext-utils-inl.h:263)  oneframe like is -12.7146 while xend is 290
LOG (gmm-align-compiled-gop[5.3.4~1340-b701]:GetLinearSymbolSequence():fstext/fstext-utils-inl.h:263)  oneframe like is -11.0305 while xend is 291
LOG (gmm-align-compiled-gop[5.3.4~1340-b701]:GetLinearSymbolSequence():fstext/fstext-utils-inl.h:263)  oneframe like is -10.2024 while xend is 292
LOG (gmm-align-compiled-gop[5.3.4~1340-b701]:GetLinearSymbolSequence():fstext/fstext-utils-inl.h:263)  oneframe like is -10.0122 while xend is 293
LOG (gmm-align-compiled-gop[5.3.4~1340-b701]:GetLinearSymbolSequence():fstext/fstext-utils-inl.h:263)  oneframe like is -10.147 while xend is 294
LOG (gmm-align-compiled-gop[5.3.4~1340-b701]:GetLinearSymbolSequence():fstext/fstext-utils-inl.h:263)  oneframe like is -9.61572 while xend is 295
LOG (gmm-align-compiled-gop[5.3.4~1340-b701]:GetLinearSymbolSequence():fstext/fstext-utils-inl.h:263)  oneframe like is -9.13306 while xend is 296
LOG (gmm-align-compiled-gop[5.3.4~1340-b701]:main():gmm-align-compiled-gop.cc:136) Overall log-likelihood per frame is -115.918 over 297 frames.
LOG (gmm-align-compiled-gop[5.3.4~1340-b701]:main():gmm-align-compiled-gop.cc:138) Retried 0 out of 1 utterances.
LOG (gmm-align-compiled-gop[5.3.4~1340-b701]:main():gmm-align-compiled-gop.cc:140) Done 1, errors on 0
# Accounting: time=0 threads=1
# Ended (code 0) at Tue May 22 17:42:50 HKT 2018, elapsed time 0 seconds
