# paste-feats --length-tolerance=2 "ark:compute-mfcc-feats  --verbose=2 --config=conf/mfcc.conf scp,p:exp/make_mfcc/train/wav_train.1.scp ark:- |" "ark,s,cs:compute-kaldi-pitch-feats --verbose=2 --config=conf/pitch.conf scp,p:exp/make_mfcc/train/wav_train.1.scp ark:- | process-kaldi-pitch-feats  ark:- ark:- |" ark:- | copy-feats --compress=true ark:- ark,scp:/home/newtranx_voice/jp-10/mfcc/raw_mfcc_pitch_train.1.ark,/home/newtranx_voice/jp-10/mfcc/raw_mfcc_pitch_train.1.scp 
# Started at Thu May 10 00:24:42 HKT 2018
#
paste-feats --length-tolerance=2 'ark:compute-mfcc-feats  --verbose=2 --config=conf/mfcc.conf scp,p:exp/make_mfcc/train/wav_train.1.scp ark:- |' 'ark,s,cs:compute-kaldi-pitch-feats --verbose=2 --config=conf/pitch.conf scp,p:exp/make_mfcc/train/wav_train.1.scp ark:- | process-kaldi-pitch-feats  ark:- ark:- |' ark:- 
copy-feats --compress=true ark:- ark,scp:/home/newtranx_voice/jp-10/mfcc/raw_mfcc_pitch_train.1.ark,/home/newtranx_voice/jp-10/mfcc/raw_mfcc_pitch_train.1.scp 
compute-mfcc-feats --verbose=2 --config=conf/mfcc.conf scp,p:exp/make_mfcc/train/wav_train.1.scp ark:- 
VLOG[2] (compute-mfcc-feats[5.3.4~1340-b701]:main():compute-mfcc-feats.cc:173) Processed features for key jp10-speaker001-01
VLOG[2] (compute-mfcc-feats[5.3.4~1340-b701]:main():compute-mfcc-feats.cc:173) Processed features for key jp10-speaker001-02
process-kaldi-pitch-feats ark:- ark:- 
compute-kaldi-pitch-feats --verbose=2 --config=conf/pitch.conf scp,p:exp/make_mfcc/train/wav_train.1.scp ark:- 
VLOG[2] (compute-mfcc-feats[5.3.4~1340-b701]:main():compute-mfcc-feats.cc:173) Processed features for key jp10-speaker001-03
VLOG[2] (compute-mfcc-feats[5.3.4~1340-b701]:main():compute-mfcc-feats.cc:173) Processed features for key jp10-speaker001-04
VLOG[2] (compute-mfcc-feats[5.3.4~1340-b701]:main():compute-mfcc-feats.cc:173) Processed features for key jp10-speaker001-06
VLOG[2] (compute-mfcc-feats[5.3.4~1340-b701]:main():compute-mfcc-feats.cc:173) Processed features for key jp10-speaker001-07
VLOG[2] (compute-mfcc-feats[5.3.4~1340-b701]:main():compute-mfcc-feats.cc:173) Processed features for key jp10-speaker001-08
VLOG[2] (compute-mfcc-feats[5.3.4~1340-b701]:main():compute-mfcc-feats.cc:173) Processed features for key jp10-speaker001-09
VLOG[2] (compute-mfcc-feats[5.3.4~1340-b701]:main():compute-mfcc-feats.cc:173) Processed features for key jp10-speaker001-10
LOG (compute-mfcc-feats[5.3.4~1340-b701]:main():compute-mfcc-feats.cc:172) Processed 10 utterances
VLOG[2] (compute-mfcc-feats[5.3.4~1340-b701]:main():compute-mfcc-feats.cc:173) Processed features for key jp10-speaker002-01
VLOG[2] (compute-mfcc-feats[5.3.4~1340-b701]:main():compute-mfcc-feats.cc:173) Processed features for key jp10-speaker002-02
VLOG[2] (compute-mfcc-feats[5.3.4~1340-b701]:main():compute-mfcc-feats.cc:173) Processed features for key jp10-speaker002-03
VLOG[2] (compute-mfcc-feats[5.3.4~1340-b701]:main():compute-mfcc-feats.cc:173) Processed features for key jp10-speaker002-04
VLOG[2] (compute-mfcc-feats[5.3.4~1340-b701]:main():compute-mfcc-feats.cc:173) Processed features for key jp10-speaker002-05
VLOG[2] (compute-mfcc-feats[5.3.4~1340-b701]:main():compute-mfcc-feats.cc:173) Processed features for key jp10-speaker002-06
VLOG[2] (compute-mfcc-feats[5.3.4~1340-b701]:main():compute-mfcc-feats.cc:173) Processed features for key jp10-speaker002-07
VLOG[2] (compute-mfcc-feats[5.3.4~1340-b701]:main():compute-mfcc-feats.cc:173) Processed features for key jp10-speaker003-01
VLOG[2] (compute-mfcc-feats[5.3.4~1340-b701]:main():compute-mfcc-feats.cc:173) Processed features for key jp10-speaker003-02
VLOG[2] (compute-mfcc-feats[5.3.4~1340-b701]:main():compute-mfcc-feats.cc:173) Processed features for key jp10-speaker003-03
LOG (compute-mfcc-feats[5.3.4~1340-b701]:main():compute-mfcc-feats.cc:172) Processed 20 utterances
VLOG[2] (compute-mfcc-feats[5.3.4~1340-b701]:main():compute-mfcc-feats.cc:173) Processed features for key jp10-speaker003-04
VLOG[2] (compute-mfcc-feats[5.3.4~1340-b701]:main():compute-mfcc-feats.cc:173) Processed features for key jp10-speaker003-05
VLOG[2] (compute-mfcc-feats[5.3.4~1340-b701]:main():compute-mfcc-feats.cc:173) Processed features for key jp10-speaker003-06
VLOG[2] (compute-mfcc-feats[5.3.4~1340-b701]:main():compute-mfcc-feats.cc:173) Processed features for key jp10-speaker003-09
VLOG[2] (compute-mfcc-feats[5.3.4~1340-b701]:main():compute-mfcc-feats.cc:173) Processed features for key jp10-speaker004-02
VLOG[2] (compute-mfcc-feats[5.3.4~1340-b701]:main():compute-mfcc-feats.cc:173) Processed features for key jp10-speaker004-03
VLOG[2] (compute-mfcc-feats[5.3.4~1340-b701]:main():compute-mfcc-feats.cc:173) Processed features for key jp10-speaker004-06
VLOG[2] (compute-mfcc-feats[5.3.4~1340-b701]:main():compute-mfcc-feats.cc:173) Processed features for key jp10-speaker004-07
VLOG[2] (compute-mfcc-feats[5.3.4~1340-b701]:main():compute-mfcc-feats.cc:173) Processed features for key jp10-speaker004-09
VLOG[2] (compute-mfcc-feats[5.3.4~1340-b701]:main():compute-mfcc-feats.cc:173) Processed features for key jp10-speaker005-01
LOG (compute-mfcc-feats[5.3.4~1340-b701]:main():compute-mfcc-feats.cc:172) Processed 30 utterances
VLOG[2] (compute-mfcc-feats[5.3.4~1340-b701]:main():compute-mfcc-feats.cc:173) Processed features for key jp10-speaker005-02
VLOG[2] (compute-mfcc-feats[5.3.4~1340-b701]:main():compute-mfcc-feats.cc:173) Processed features for key jp10-speaker005-03
VLOG[2] (compute-mfcc-feats[5.3.4~1340-b701]:main():compute-mfcc-feats.cc:173) Processed features for key jp10-speaker005-04
VLOG[2] (compute-mfcc-feats[5.3.4~1340-b701]:main():compute-mfcc-feats.cc:173) Processed features for key jp10-speaker005-05
VLOG[2] (compute-mfcc-feats[5.3.4~1340-b701]:main():compute-mfcc-feats.cc:173) Processed features for key jp10-speaker005-07
VLOG[2] (compute-mfcc-feats[5.3.4~1340-b701]:main():compute-mfcc-feats.cc:173) Processed features for key jp10-speaker005-08
VLOG[2] (compute-mfcc-feats[5.3.4~1340-b701]:main():compute-mfcc-feats.cc:173) Processed features for key jp10-speaker005-09
VLOG[2] (compute-mfcc-feats[5.3.4~1340-b701]:main():compute-mfcc-feats.cc:173) Processed features for key jp10-speaker005-10
VLOG[2] (compute-mfcc-feats[5.3.4~1340-b701]:main():compute-mfcc-feats.cc:173) Processed features for key jp10-speaker006-01
VLOG[2] (compute-mfcc-feats[5.3.4~1340-b701]:main():compute-mfcc-feats.cc:173) Processed features for key jp10-speaker006-02
LOG (compute-mfcc-feats[5.3.4~1340-b701]:main():compute-mfcc-feats.cc:172) Processed 40 utterances
VLOG[2] (compute-mfcc-feats[5.3.4~1340-b701]:main():compute-mfcc-feats.cc:173) Processed features for key jp10-speaker006-03
VLOG[2] (compute-mfcc-feats[5.3.4~1340-b701]:main():compute-mfcc-feats.cc:173) Processed features for key jp10-speaker006-04
VLOG[2] (compute-mfcc-feats[5.3.4~1340-b701]:main():compute-mfcc-feats.cc:173) Processed features for key jp10-speaker006-05
VLOG[2] (compute-mfcc-feats[5.3.4~1340-b701]:main():compute-mfcc-feats.cc:173) Processed features for key jp10-speaker006-06
VLOG[2] (compute-mfcc-feats[5.3.4~1340-b701]:main():compute-mfcc-feats.cc:173) Processed features for key jp10-speaker006-07
VLOG[2] (compute-mfcc-feats[5.3.4~1340-b701]:main():compute-mfcc-feats.cc:173) Processed features for key jp10-speaker006-08
VLOG[2] (compute-mfcc-feats[5.3.4~1340-b701]:main():compute-mfcc-feats.cc:173) Processed features for key jp10-speaker006-10
VLOG[2] (compute-mfcc-feats[5.3.4~1340-b701]:main():compute-mfcc-feats.cc:173) Processed features for key jp10-speaker007-01
VLOG[2] (compute-mfcc-feats[5.3.4~1340-b701]:main():compute-mfcc-feats.cc:173) Processed features for key jp10-speaker007-02
VLOG[2] (compute-mfcc-feats[5.3.4~1340-b701]:main():compute-mfcc-feats.cc:173) Processed features for key jp10-speaker007-03
LOG (compute-mfcc-feats[5.3.4~1340-b701]:main():compute-mfcc-feats.cc:172) Processed 50 utterances
VLOG[2] (compute-mfcc-feats[5.3.4~1340-b701]:main():compute-mfcc-feats.cc:173) Processed features for key jp10-speaker007-04
VLOG[2] (compute-mfcc-feats[5.3.4~1340-b701]:main():compute-mfcc-feats.cc:173) Processed features for key jp10-speaker007-05
VLOG[2] (compute-mfcc-feats[5.3.4~1340-b701]:main():compute-mfcc-feats.cc:173) Processed features for key jp10-speaker007-06
VLOG[2] (compute-mfcc-feats[5.3.4~1340-b701]:main():compute-mfcc-feats.cc:173) Processed features for key jp10-speaker007-07
VLOG[2] (compute-mfcc-feats[5.3.4~1340-b701]:main():compute-mfcc-feats.cc:173) Processed features for key jp10-speaker007-08
VLOG[2] (compute-mfcc-feats[5.3.4~1340-b701]:main():compute-mfcc-feats.cc:173) Processed features for key jp10-speaker007-10
VLOG[2] (compute-mfcc-feats[5.3.4~1340-b701]:main():compute-mfcc-feats.cc:173) Processed features for key jp10-speaker008-01
VLOG[2] (compute-mfcc-feats[5.3.4~1340-b701]:main():compute-mfcc-feats.cc:173) Processed features for key jp10-speaker008-02
VLOG[2] (compute-kaldi-pitch-feats[5.3.4~1340-b701]:main():compute-kaldi-pitch-feats.cc:107) Processed 50 utterances
VLOG[2] (compute-mfcc-feats[5.3.4~1340-b701]:main():compute-mfcc-feats.cc:173) Processed features for key jp10-speaker008-03
VLOG[2] (compute-mfcc-feats[5.3.4~1340-b701]:main():compute-mfcc-feats.cc:173) Processed features for key jp10-speaker008-04
LOG (compute-mfcc-feats[5.3.4~1340-b701]:main():compute-mfcc-feats.cc:172) Processed 60 utterances
VLOG[2] (compute-mfcc-feats[5.3.4~1340-b701]:main():compute-mfcc-feats.cc:173) Processed features for key jp10-speaker008-05
LOG (compute-mfcc-feats[5.3.4~1340-b701]:main():compute-mfcc-feats.cc:176)  Done 60 out of 60 utterances.
LOG (compute-kaldi-pitch-feats[5.3.4~1340-b701]:main():compute-kaldi-pitch-feats.cc:110) Done 60 utterances, 0 with errors.
LOG (process-kaldi-pitch-feats[5.3.4~1340-b701]:main():process-kaldi-pitch-feats.cc:85) Post-processed pitch for 60 utterances.
LOG (paste-feats[5.3.4~1340-b701]:main():paste-feats.cc:158) Done 60 utts, errors on 0
LOG (copy-feats[5.3.4~1340-b701]:main():copy-feats.cc:143) Copied 60 feature matrices.
# Accounting: time=1 threads=1
# Ended (code 0) at Thu May 10 00:24:43 HKT 2018, elapsed time 1 seconds
