# paste-feats --length-tolerance=2 "ark:compute-mfcc-feats  --verbose=2 --config=conf/mfcc.conf scp,p:exp/make_mfcc/train/wav_train.2.scp ark:- |" "ark,s,cs:compute-kaldi-pitch-feats --verbose=2 --config=conf/pitch.conf scp,p:exp/make_mfcc/train/wav_train.2.scp ark:- | process-kaldi-pitch-feats  ark:- ark:- |" ark:- | copy-feats --compress=true ark:- ark,scp:/home/newtranx_voice/jp-10/mfcc/raw_mfcc_pitch_train.2.ark,/home/newtranx_voice/jp-10/mfcc/raw_mfcc_pitch_train.2.scp 
# Started at Thu May 10 00:24:42 HKT 2018
#
copy-feats --compress=true ark:- ark,scp:/home/newtranx_voice/jp-10/mfcc/raw_mfcc_pitch_train.2.ark,/home/newtranx_voice/jp-10/mfcc/raw_mfcc_pitch_train.2.scp 
paste-feats --length-tolerance=2 'ark:compute-mfcc-feats  --verbose=2 --config=conf/mfcc.conf scp,p:exp/make_mfcc/train/wav_train.2.scp ark:- |' 'ark,s,cs:compute-kaldi-pitch-feats --verbose=2 --config=conf/pitch.conf scp,p:exp/make_mfcc/train/wav_train.2.scp ark:- | process-kaldi-pitch-feats  ark:- ark:- |' ark:- 
compute-mfcc-feats --verbose=2 --config=conf/mfcc.conf scp,p:exp/make_mfcc/train/wav_train.2.scp ark:- 
VLOG[2] (compute-mfcc-feats[5.3.4~1340-b701]:main():compute-mfcc-feats.cc:173) Processed features for key jp10-speaker008-06
VLOG[2] (compute-mfcc-feats[5.3.4~1340-b701]:main():compute-mfcc-feats.cc:173) Processed features for key jp10-speaker008-07
process-kaldi-pitch-feats ark:- ark:- 
VLOG[2] (compute-mfcc-feats[5.3.4~1340-b701]:main():compute-mfcc-feats.cc:173) Processed features for key jp10-speaker008-08
VLOG[2] (compute-mfcc-feats[5.3.4~1340-b701]:main():compute-mfcc-feats.cc:173) Processed features for key jp10-speaker008-10
compute-kaldi-pitch-feats --verbose=2 --config=conf/pitch.conf scp,p:exp/make_mfcc/train/wav_train.2.scp ark:- 
VLOG[2] (compute-mfcc-feats[5.3.4~1340-b701]:main():compute-mfcc-feats.cc:173) Processed features for key jp10-speaker009-01
VLOG[2] (compute-mfcc-feats[5.3.4~1340-b701]:main():compute-mfcc-feats.cc:173) Processed features for key jp10-speaker009-02
VLOG[2] (compute-mfcc-feats[5.3.4~1340-b701]:main():compute-mfcc-feats.cc:173) Processed features for key jp10-speaker009-03
VLOG[2] (compute-mfcc-feats[5.3.4~1340-b701]:main():compute-mfcc-feats.cc:173) Processed features for key jp10-speaker009-04
VLOG[2] (compute-mfcc-feats[5.3.4~1340-b701]:main():compute-mfcc-feats.cc:173) Processed features for key jp10-speaker009-05
LOG (compute-mfcc-feats[5.3.4~1340-b701]:main():compute-mfcc-feats.cc:172) Processed 10 utterances
VLOG[2] (compute-mfcc-feats[5.3.4~1340-b701]:main():compute-mfcc-feats.cc:173) Processed features for key jp10-speaker009-06
VLOG[2] (compute-mfcc-feats[5.3.4~1340-b701]:main():compute-mfcc-feats.cc:173) Processed features for key jp10-speaker009-07
VLOG[2] (compute-mfcc-feats[5.3.4~1340-b701]:main():compute-mfcc-feats.cc:173) Processed features for key jp10-speaker009-08
VLOG[2] (compute-mfcc-feats[5.3.4~1340-b701]:main():compute-mfcc-feats.cc:173) Processed features for key jp10-speaker009-09
VLOG[2] (compute-mfcc-feats[5.3.4~1340-b701]:main():compute-mfcc-feats.cc:173) Processed features for key jp10-speaker009-10
VLOG[2] (compute-mfcc-feats[5.3.4~1340-b701]:main():compute-mfcc-feats.cc:173) Processed features for key jp10-speaker010-01
VLOG[2] (compute-mfcc-feats[5.3.4~1340-b701]:main():compute-mfcc-feats.cc:173) Processed features for key jp10-speaker010-03
VLOG[2] (compute-mfcc-feats[5.3.4~1340-b701]:main():compute-mfcc-feats.cc:173) Processed features for key jp10-speaker010-04
VLOG[2] (compute-mfcc-feats[5.3.4~1340-b701]:main():compute-mfcc-feats.cc:173) Processed features for key jp10-speaker010-05
VLOG[2] (compute-mfcc-feats[5.3.4~1340-b701]:main():compute-mfcc-feats.cc:173) Processed features for key jp10-speaker010-06
LOG (compute-mfcc-feats[5.3.4~1340-b701]:main():compute-mfcc-feats.cc:172) Processed 20 utterances
VLOG[2] (compute-mfcc-feats[5.3.4~1340-b701]:main():compute-mfcc-feats.cc:173) Processed features for key jp10-speaker010-07
VLOG[2] (compute-mfcc-feats[5.3.4~1340-b701]:main():compute-mfcc-feats.cc:173) Processed features for key jp10-speaker010-08
VLOG[2] (compute-mfcc-feats[5.3.4~1340-b701]:main():compute-mfcc-feats.cc:173) Processed features for key jp10-speaker010-09
VLOG[2] (compute-mfcc-feats[5.3.4~1340-b701]:main():compute-mfcc-feats.cc:173) Processed features for key jp10-speaker010-10
VLOG[2] (compute-mfcc-feats[5.3.4~1340-b701]:main():compute-mfcc-feats.cc:173) Processed features for key jp10-speaker011-01
VLOG[2] (compute-mfcc-feats[5.3.4~1340-b701]:main():compute-mfcc-feats.cc:173) Processed features for key jp10-speaker011-02
VLOG[2] (compute-mfcc-feats[5.3.4~1340-b701]:main():compute-mfcc-feats.cc:173) Processed features for key jp10-speaker011-03
VLOG[2] (compute-mfcc-feats[5.3.4~1340-b701]:main():compute-mfcc-feats.cc:173) Processed features for key jp10-speaker011-04
VLOG[2] (compute-mfcc-feats[5.3.4~1340-b701]:main():compute-mfcc-feats.cc:173) Processed features for key jp10-speaker011-05
VLOG[2] (compute-mfcc-feats[5.3.4~1340-b701]:main():compute-mfcc-feats.cc:173) Processed features for key jp10-speaker011-07
LOG (compute-mfcc-feats[5.3.4~1340-b701]:main():compute-mfcc-feats.cc:172) Processed 30 utterances
VLOG[2] (compute-mfcc-feats[5.3.4~1340-b701]:main():compute-mfcc-feats.cc:173) Processed features for key jp10-speaker011-08
VLOG[2] (compute-mfcc-feats[5.3.4~1340-b701]:main():compute-mfcc-feats.cc:173) Processed features for key jp10-speaker011-09
VLOG[2] (compute-mfcc-feats[5.3.4~1340-b701]:main():compute-mfcc-feats.cc:173) Processed features for key jp10-speaker011-10
VLOG[2] (compute-mfcc-feats[5.3.4~1340-b701]:main():compute-mfcc-feats.cc:173) Processed features for key jp10-speaker012-01
VLOG[2] (compute-mfcc-feats[5.3.4~1340-b701]:main():compute-mfcc-feats.cc:173) Processed features for key jp10-speaker012-02
VLOG[2] (compute-mfcc-feats[5.3.4~1340-b701]:main():compute-mfcc-feats.cc:173) Processed features for key jp10-speaker012-03
VLOG[2] (compute-mfcc-feats[5.3.4~1340-b701]:main():compute-mfcc-feats.cc:173) Processed features for key jp10-speaker012-04
VLOG[2] (compute-mfcc-feats[5.3.4~1340-b701]:main():compute-mfcc-feats.cc:173) Processed features for key jp10-speaker012-05
VLOG[2] (compute-mfcc-feats[5.3.4~1340-b701]:main():compute-mfcc-feats.cc:173) Processed features for key jp10-speaker012-06
VLOG[2] (compute-mfcc-feats[5.3.4~1340-b701]:main():compute-mfcc-feats.cc:173) Processed features for key jp10-speaker012-07
LOG (compute-mfcc-feats[5.3.4~1340-b701]:main():compute-mfcc-feats.cc:172) Processed 40 utterances
VLOG[2] (compute-mfcc-feats[5.3.4~1340-b701]:main():compute-mfcc-feats.cc:173) Processed features for key jp10-speaker012-08
VLOG[2] (compute-mfcc-feats[5.3.4~1340-b701]:main():compute-mfcc-feats.cc:173) Processed features for key jp10-speaker012-09
VLOG[2] (compute-mfcc-feats[5.3.4~1340-b701]:main():compute-mfcc-feats.cc:173) Processed features for key jp10-speaker012-10
VLOG[2] (compute-mfcc-feats[5.3.4~1340-b701]:main():compute-mfcc-feats.cc:173) Processed features for key jp10-speaker013-01
VLOG[2] (compute-mfcc-feats[5.3.4~1340-b701]:main():compute-mfcc-feats.cc:173) Processed features for key jp10-speaker013-02
VLOG[2] (compute-mfcc-feats[5.3.4~1340-b701]:main():compute-mfcc-feats.cc:173) Processed features for key jp10-speaker013-03
VLOG[2] (compute-mfcc-feats[5.3.4~1340-b701]:main():compute-mfcc-feats.cc:173) Processed features for key jp10-speaker013-04
VLOG[2] (compute-mfcc-feats[5.3.4~1340-b701]:main():compute-mfcc-feats.cc:173) Processed features for key jp10-speaker013-05
VLOG[2] (compute-mfcc-feats[5.3.4~1340-b701]:main():compute-mfcc-feats.cc:173) Processed features for key jp10-speaker013-06
VLOG[2] (compute-mfcc-feats[5.3.4~1340-b701]:main():compute-mfcc-feats.cc:173) Processed features for key jp10-speaker013-07
LOG (compute-mfcc-feats[5.3.4~1340-b701]:main():compute-mfcc-feats.cc:172) Processed 50 utterances
VLOG[2] (compute-mfcc-feats[5.3.4~1340-b701]:main():compute-mfcc-feats.cc:173) Processed features for key jp10-speaker013-08
VLOG[2] (compute-mfcc-feats[5.3.4~1340-b701]:main():compute-mfcc-feats.cc:173) Processed features for key jp10-speaker013-09
VLOG[2] (compute-mfcc-feats[5.3.4~1340-b701]:main():compute-mfcc-feats.cc:173) Processed features for key jp10-speaker013-10
VLOG[2] (compute-mfcc-feats[5.3.4~1340-b701]:main():compute-mfcc-feats.cc:173) Processed features for key jp10-speaker014-01
VLOG[2] (compute-mfcc-feats[5.3.4~1340-b701]:main():compute-mfcc-feats.cc:173) Processed features for key jp10-speaker014-02
VLOG[2] (compute-mfcc-feats[5.3.4~1340-b701]:main():compute-mfcc-feats.cc:173) Processed features for key jp10-speaker014-03
VLOG[2] (compute-kaldi-pitch-feats[5.3.4~1340-b701]:main():compute-kaldi-pitch-feats.cc:107) Processed 50 utterances
VLOG[2] (compute-mfcc-feats[5.3.4~1340-b701]:main():compute-mfcc-feats.cc:173) Processed features for key jp10-speaker014-04
VLOG[2] (compute-mfcc-feats[5.3.4~1340-b701]:main():compute-mfcc-feats.cc:173) Processed features for key jp10-speaker014-05
VLOG[2] (compute-mfcc-feats[5.3.4~1340-b701]:main():compute-mfcc-feats.cc:173) Processed features for key jp10-speaker014-06
VLOG[2] (compute-mfcc-feats[5.3.4~1340-b701]:main():compute-mfcc-feats.cc:173) Processed features for key jp10-speaker014-08
LOG (compute-mfcc-feats[5.3.4~1340-b701]:main():compute-mfcc-feats.cc:172) Processed 60 utterances
VLOG[2] (compute-mfcc-feats[5.3.4~1340-b701]:main():compute-mfcc-feats.cc:173) Processed features for key jp10-speaker014-09
LOG (compute-mfcc-feats[5.3.4~1340-b701]:main():compute-mfcc-feats.cc:176)  Done 60 out of 60 utterances.
LOG (compute-kaldi-pitch-feats[5.3.4~1340-b701]:main():compute-kaldi-pitch-feats.cc:110) Done 60 utterances, 0 with errors.
LOG (process-kaldi-pitch-feats[5.3.4~1340-b701]:main():process-kaldi-pitch-feats.cc:85) Post-processed pitch for 60 utterances.
LOG (paste-feats[5.3.4~1340-b701]:main():paste-feats.cc:158) Done 60 utts, errors on 0
LOG (copy-feats[5.3.4~1340-b701]:main():copy-feats.cc:143) Copied 60 feature matrices.
# Accounting: time=1 threads=1
# Ended (code 0) at Thu May 10 00:24:43 HKT 2018, elapsed time 1 seconds
