# paste-feats --length-tolerance=2 "ark:compute-mfcc-feats  --verbose=2 --config=conf/mfcc.conf scp,p:exp/make_mfcc/train/wav_train.6.scp ark:- |" "ark,s,cs:compute-kaldi-pitch-feats --verbose=2 --config=conf/pitch.conf scp,p:exp/make_mfcc/train/wav_train.6.scp ark:- | process-kaldi-pitch-feats  ark:- ark:- |" ark:- | copy-feats --compress=true ark:- ark,scp:/home/newtranx_voice/jp-10/mfcc/raw_mfcc_pitch_train.6.ark,/home/newtranx_voice/jp-10/mfcc/raw_mfcc_pitch_train.6.scp 
# Started at Thu May 10 00:24:42 HKT 2018
#
paste-feats --length-tolerance=2 'ark:compute-mfcc-feats  --verbose=2 --config=conf/mfcc.conf scp,p:exp/make_mfcc/train/wav_train.6.scp ark:- |' 'ark,s,cs:compute-kaldi-pitch-feats --verbose=2 --config=conf/pitch.conf scp,p:exp/make_mfcc/train/wav_train.6.scp ark:- | process-kaldi-pitch-feats  ark:- ark:- |' ark:- 
copy-feats --compress=true ark:- ark,scp:/home/newtranx_voice/jp-10/mfcc/raw_mfcc_pitch_train.6.ark,/home/newtranx_voice/jp-10/mfcc/raw_mfcc_pitch_train.6.scp 
compute-mfcc-feats --verbose=2 --config=conf/mfcc.conf scp,p:exp/make_mfcc/train/wav_train.6.scp ark:- 
VLOG[2] (compute-mfcc-feats[5.3.4~1340-b701]:main():compute-mfcc-feats.cc:173) Processed features for key jp10-speaker035-04
VLOG[2] (compute-mfcc-feats[5.3.4~1340-b701]:main():compute-mfcc-feats.cc:173) Processed features for key jp10-speaker035-06
VLOG[2] (compute-mfcc-feats[5.3.4~1340-b701]:main():compute-mfcc-feats.cc:173) Processed features for key jp10-speaker035-07
VLOG[2] (compute-mfcc-feats[5.3.4~1340-b701]:main():compute-mfcc-feats.cc:173) Processed features for key jp10-speaker035-08
VLOG[2] (compute-mfcc-feats[5.3.4~1340-b701]:main():compute-mfcc-feats.cc:173) Processed features for key jp10-speaker035-10
ERROR (compute-mfcc-feats[5.3.4~1340-b701]:ComputeFeatures():feat/feature-common-inl.h:41) Waveform and config sample Frequency mismatch: 22050 .vs 16000 ( use --allow_downsample=true option to allow  downsampling the waveform).

[ Stack-Trace: ]
compute-mfcc-feats() [0x5af96a]
kaldi::MessageLogger::HandleMessage(kaldi::LogMessageEnvelope const&, char const*)
kaldi::MessageLogger::~MessageLogger()
kaldi::OfflineFeatureTpl<kaldi::MfccComputer>::ComputeFeatures(kaldi::VectorBase<float> const&, float, float, kaldi::Matrix<float>*)
main
__libc_start_main
_start

WARNING (compute-mfcc-feats[5.3.4~1340-b701]:main():compute-mfcc-feats.cc:144) Failed to compute features for utterance jp10-speaker036-01
process-kaldi-pitch-feats ark:- ark:- 
ERROR (compute-mfcc-feats[5.3.4~1340-b701]:ComputeFeatures():feat/feature-common-inl.h:41) Waveform and config sample Frequency mismatch: 22050 .vs 16000 ( use --allow_downsample=true option to allow  downsampling the waveform).

[ Stack-Trace: ]
compute-mfcc-feats() [0x5af96a]
kaldi::MessageLogger::HandleMessage(kaldi::LogMessageEnvelope const&, char const*)
kaldi::MessageLogger::~MessageLogger()
kaldi::OfflineFeatureTpl<kaldi::MfccComputer>::ComputeFeatures(kaldi::VectorBase<float> const&, float, float, kaldi::Matrix<float>*)
main
__libc_start_main
_start

WARNING (compute-mfcc-feats[5.3.4~1340-b701]:main():compute-mfcc-feats.cc:144) Failed to compute features for utterance jp10-speaker036-02
ERROR (compute-mfcc-feats[5.3.4~1340-b701]:ComputeFeatures():feat/feature-common-inl.h:41) Waveform and config sample Frequency mismatch: 22050 .vs 16000 ( use --allow_downsample=true option to allow  downsampling the waveform).

[ Stack-Trace: ]
compute-mfcc-feats() [0x5af96a]
kaldi::MessageLogger::HandleMessage(kaldi::LogMessageEnvelope const&, char const*)
kaldi::MessageLogger::~MessageLogger()
kaldi::OfflineFeatureTpl<kaldi::MfccComputer>::ComputeFeatures(kaldi::VectorBase<float> const&, float, float, kaldi::Matrix<float>*)
main
__libc_start_main
_start

WARNING (compute-mfcc-feats[5.3.4~1340-b701]:main():compute-mfcc-feats.cc:144) Failed to compute features for utterance jp10-speaker036-03
compute-kaldi-pitch-feats --verbose=2 --config=conf/pitch.conf scp,p:exp/make_mfcc/train/wav_train.6.scp ark:- 
ERROR (compute-mfcc-feats[5.3.4~1340-b701]:ComputeFeatures():feat/feature-common-inl.h:41) Waveform and config sample Frequency mismatch: 22050 .vs 16000 ( use --allow_downsample=true option to allow  downsampling the waveform).

[ Stack-Trace: ]
compute-mfcc-feats() [0x5af96a]
kaldi::MessageLogger::HandleMessage(kaldi::LogMessageEnvelope const&, char const*)
kaldi::MessageLogger::~MessageLogger()
kaldi::OfflineFeatureTpl<kaldi::MfccComputer>::ComputeFeatures(kaldi::VectorBase<float> const&, float, float, kaldi::Matrix<float>*)
main
__libc_start_main
_start

WARNING (compute-mfcc-feats[5.3.4~1340-b701]:main():compute-mfcc-feats.cc:144) Failed to compute features for utterance jp10-speaker036-04
ERROR (compute-mfcc-feats[5.3.4~1340-b701]:ComputeFeatures():feat/feature-common-inl.h:41) Waveform and config sample Frequency mismatch: 22050 .vs 16000 ( use --allow_downsample=true option to allow  downsampling the waveform).

[ Stack-Trace: ]
compute-mfcc-feats() [0x5af96a]
kaldi::MessageLogger::HandleMessage(kaldi::LogMessageEnvelope const&, char const*)
kaldi::MessageLogger::~MessageLogger()
kaldi::OfflineFeatureTpl<kaldi::MfccComputer>::ComputeFeatures(kaldi::VectorBase<float> const&, float, float, kaldi::Matrix<float>*)
main
__libc_start_main
_start

WARNING (compute-mfcc-feats[5.3.4~1340-b701]:main():compute-mfcc-feats.cc:144) Failed to compute features for utterance jp10-speaker036-05
ERROR (compute-mfcc-feats[5.3.4~1340-b701]:ComputeFeatures():feat/feature-common-inl.h:41) Waveform and config sample Frequency mismatch: 22050 .vs 16000 ( use --allow_downsample=true option to allow  downsampling the waveform).

[ Stack-Trace: ]
compute-mfcc-feats() [0x5af96a]
kaldi::MessageLogger::HandleMessage(kaldi::LogMessageEnvelope const&, char const*)
kaldi::MessageLogger::~MessageLogger()
kaldi::OfflineFeatureTpl<kaldi::MfccComputer>::ComputeFeatures(kaldi::VectorBase<float> const&, float, float, kaldi::Matrix<float>*)
main
__libc_start_main
_start

WARNING (compute-mfcc-feats[5.3.4~1340-b701]:main():compute-mfcc-feats.cc:144) Failed to compute features for utterance jp10-speaker036-06
ERROR (compute-mfcc-feats[5.3.4~1340-b701]:ComputeFeatures():feat/feature-common-inl.h:41) Waveform and config sample Frequency mismatch: 22050 .vs 16000 ( use --allow_downsample=true option to allow  downsampling the waveform).

[ Stack-Trace: ]
compute-mfcc-feats() [0x5af96a]
kaldi::MessageLogger::HandleMessage(kaldi::LogMessageEnvelope const&, char const*)
kaldi::MessageLogger::~MessageLogger()
kaldi::OfflineFeatureTpl<kaldi::MfccComputer>::ComputeFeatures(kaldi::VectorBase<float> const&, float, float, kaldi::Matrix<float>*)
main
__libc_start_main
_start

WARNING (compute-mfcc-feats[5.3.4~1340-b701]:main():compute-mfcc-feats.cc:144) Failed to compute features for utterance jp10-speaker036-07
ERROR (compute-mfcc-feats[5.3.4~1340-b701]:ComputeFeatures():feat/feature-common-inl.h:41) Waveform and config sample Frequency mismatch: 22050 .vs 16000 ( use --allow_downsample=true option to allow  downsampling the waveform).

[ Stack-Trace: ]
compute-mfcc-feats() [0x5af96a]
kaldi::MessageLogger::HandleMessage(kaldi::LogMessageEnvelope const&, char const*)
kaldi::MessageLogger::~MessageLogger()
kaldi::OfflineFeatureTpl<kaldi::MfccComputer>::ComputeFeatures(kaldi::VectorBase<float> const&, float, float, kaldi::Matrix<float>*)
main
__libc_start_main
_start

WARNING (compute-mfcc-feats[5.3.4~1340-b701]:main():compute-mfcc-feats.cc:144) Failed to compute features for utterance jp10-speaker036-08
ERROR (compute-mfcc-feats[5.3.4~1340-b701]:ComputeFeatures():feat/feature-common-inl.h:41) Waveform and config sample Frequency mismatch: 22050 .vs 16000 ( use --allow_downsample=true option to allow  downsampling the waveform).

[ Stack-Trace: ]
compute-mfcc-feats() [0x5af96a]
kaldi::MessageLogger::HandleMessage(kaldi::LogMessageEnvelope const&, char const*)
kaldi::MessageLogger::~MessageLogger()
kaldi::OfflineFeatureTpl<kaldi::MfccComputer>::ComputeFeatures(kaldi::VectorBase<float> const&, float, float, kaldi::Matrix<float>*)
main
__libc_start_main
_start

WARNING (compute-mfcc-feats[5.3.4~1340-b701]:main():compute-mfcc-feats.cc:144) Failed to compute features for utterance jp10-speaker036-09
ERROR (compute-mfcc-feats[5.3.4~1340-b701]:ComputeFeatures():feat/feature-common-inl.h:41) Waveform and config sample Frequency mismatch: 22050 .vs 16000 ( use --allow_downsample=true option to allow  downsampling the waveform).

[ Stack-Trace: ]
compute-mfcc-feats() [0x5af96a]
kaldi::MessageLogger::HandleMessage(kaldi::LogMessageEnvelope const&, char const*)
kaldi::MessageLogger::~MessageLogger()
kaldi::OfflineFeatureTpl<kaldi::MfccComputer>::ComputeFeatures(kaldi::VectorBase<float> const&, float, float, kaldi::Matrix<float>*)
main
__libc_start_main
_start

WARNING (compute-mfcc-feats[5.3.4~1340-b701]:main():compute-mfcc-feats.cc:144) Failed to compute features for utterance jp10-speaker036-10
VLOG[2] (compute-mfcc-feats[5.3.4~1340-b701]:main():compute-mfcc-feats.cc:173) Processed features for key jp10-speaker037-02
VLOG[2] (compute-mfcc-feats[5.3.4~1340-b701]:main():compute-mfcc-feats.cc:173) Processed features for key jp10-speaker037-03
VLOG[2] (compute-mfcc-feats[5.3.4~1340-b701]:main():compute-mfcc-feats.cc:173) Processed features for key jp10-speaker037-05
VLOG[2] (compute-mfcc-feats[5.3.4~1340-b701]:main():compute-mfcc-feats.cc:173) Processed features for key jp10-speaker037-06
LOG (compute-mfcc-feats[5.3.4~1340-b701]:main():compute-mfcc-feats.cc:172) Processed 20 utterances
VLOG[2] (compute-mfcc-feats[5.3.4~1340-b701]:main():compute-mfcc-feats.cc:173) Processed features for key jp10-speaker037-07
ERROR (compute-kaldi-pitch-feats[5.3.4~1340-b701]:main():compute-kaldi-pitch-feats.cc:88) Sample frequency mismatch: you specified 16000 but data has 22050 (use --sample-frequency option).  Utterance is jp10-speaker036-01

[ Stack-Trace: ]
compute-kaldi-pitch-feats() [0x570636]
kaldi::MessageLogger::HandleMessage(kaldi::LogMessageEnvelope const&, char const*)
kaldi::MessageLogger::~MessageLogger()
main
__libc_start_main
_start

VLOG[2] (compute-mfcc-feats[5.3.4~1340-b701]:main():compute-mfcc-feats.cc:173) Processed features for key jp10-speaker037-08
LOG (process-kaldi-pitch-feats[5.3.4~1340-b701]:main():process-kaldi-pitch-feats.cc:85) Post-processed pitch for 5 utterances.
WARNING (paste-feats[5.3.4~1340-b701]:main():paste-feats.cc:137) Missing utt jp10-speaker037-02 from input ark,s,cs:compute-kaldi-pitch-feats --verbose=2 --config=conf/pitch.conf scp,p:exp/make_mfcc/train/wav_train.6.scp ark:- | process-kaldi-pitch-feats  ark:- ark:- |
WARNING (paste-feats[5.3.4~1340-b701]:main():paste-feats.cc:137) Missing utt jp10-speaker037-03 from input ark,s,cs:compute-kaldi-pitch-feats --verbose=2 --config=conf/pitch.conf scp,p:exp/make_mfcc/train/wav_train.6.scp ark:- | process-kaldi-pitch-feats  ark:- ark:- |
WARNING (paste-feats[5.3.4~1340-b701]:main():paste-feats.cc:137) Missing utt jp10-speaker037-05 from input ark,s,cs:compute-kaldi-pitch-feats --verbose=2 --config=conf/pitch.conf scp,p:exp/make_mfcc/train/wav_train.6.scp ark:- | process-kaldi-pitch-feats  ark:- ark:- |
WARNING (paste-feats[5.3.4~1340-b701]:main():paste-feats.cc:137) Missing utt jp10-speaker037-06 from input ark,s,cs:compute-kaldi-pitch-feats --verbose=2 --config=conf/pitch.conf scp,p:exp/make_mfcc/train/wav_train.6.scp ark:- | process-kaldi-pitch-feats  ark:- ark:- |
WARNING (paste-feats[5.3.4~1340-b701]:main():paste-feats.cc:137) Missing utt jp10-speaker037-07 from input ark,s,cs:compute-kaldi-pitch-feats --verbose=2 --config=conf/pitch.conf scp,p:exp/make_mfcc/train/wav_train.6.scp ark:- | process-kaldi-pitch-feats  ark:- ark:- |
WARNING (paste-feats[5.3.4~1340-b701]:main():paste-feats.cc:137) Missing utt jp10-speaker037-08 from input ark,s,cs:compute-kaldi-pitch-feats --verbose=2 --config=conf/pitch.conf scp,p:exp/make_mfcc/train/wav_train.6.scp ark:- | process-kaldi-pitch-feats  ark:- ark:- |
VLOG[2] (compute-mfcc-feats[5.3.4~1340-b701]:main():compute-mfcc-feats.cc:173) Processed features for key jp10-speaker037-09
WARNING (paste-feats[5.3.4~1340-b701]:main():paste-feats.cc:137) Missing utt jp10-speaker037-09 from input ark,s,cs:compute-kaldi-pitch-feats --verbose=2 --config=conf/pitch.conf scp,p:exp/make_mfcc/train/wav_train.6.scp ark:- | process-kaldi-pitch-feats  ark:- ark:- |
VLOG[2] (compute-mfcc-feats[5.3.4~1340-b701]:main():compute-mfcc-feats.cc:173) Processed features for key jp10-speaker037-10
WARNING (paste-feats[5.3.4~1340-b701]:main():paste-feats.cc:137) Missing utt jp10-speaker037-10 from input ark,s,cs:compute-kaldi-pitch-feats --verbose=2 --config=conf/pitch.conf scp,p:exp/make_mfcc/train/wav_train.6.scp ark:- | process-kaldi-pitch-feats  ark:- ark:- |
VLOG[2] (compute-mfcc-feats[5.3.4~1340-b701]:main():compute-mfcc-feats.cc:173) Processed features for key jp10-speaker038-01
VLOG[2] (compute-mfcc-feats[5.3.4~1340-b701]:main():compute-mfcc-feats.cc:173) Processed features for key jp10-speaker038-02
WARNING (paste-feats[5.3.4~1340-b701]:main():paste-feats.cc:137) Missing utt jp10-speaker038-01 from input ark,s,cs:compute-kaldi-pitch-feats --verbose=2 --config=conf/pitch.conf scp,p:exp/make_mfcc/train/wav_train.6.scp ark:- | process-kaldi-pitch-feats  ark:- ark:- |
WARNING (paste-feats[5.3.4~1340-b701]:main():paste-feats.cc:137) Missing utt jp10-speaker038-02 from input ark,s,cs:compute-kaldi-pitch-feats --verbose=2 --config=conf/pitch.conf scp,p:exp/make_mfcc/train/wav_train.6.scp ark:- | process-kaldi-pitch-feats  ark:- ark:- |
VLOG[2] (compute-mfcc-feats[5.3.4~1340-b701]:main():compute-mfcc-feats.cc:173) Processed features for key jp10-speaker038-03
WARNING (paste-feats[5.3.4~1340-b701]:main():paste-feats.cc:137) Missing utt jp10-speaker038-03 from input ark,s,cs:compute-kaldi-pitch-feats --verbose=2 --config=conf/pitch.conf scp,p:exp/make_mfcc/train/wav_train.6.scp ark:- | process-kaldi-pitch-feats  ark:- ark:- |
VLOG[2] (compute-mfcc-feats[5.3.4~1340-b701]:main():compute-mfcc-feats.cc:173) Processed features for key jp10-speaker038-04
WARNING (paste-feats[5.3.4~1340-b701]:main():paste-feats.cc:137) Missing utt jp10-speaker038-04 from input ark,s,cs:compute-kaldi-pitch-feats --verbose=2 --config=conf/pitch.conf scp,p:exp/make_mfcc/train/wav_train.6.scp ark:- | process-kaldi-pitch-feats  ark:- ark:- |
VLOG[2] (compute-mfcc-feats[5.3.4~1340-b701]:main():compute-mfcc-feats.cc:173) Processed features for key jp10-speaker038-05
WARNING (paste-feats[5.3.4~1340-b701]:main():paste-feats.cc:137) Missing utt jp10-speaker038-05 from input ark,s,cs:compute-kaldi-pitch-feats --verbose=2 --config=conf/pitch.conf scp,p:exp/make_mfcc/train/wav_train.6.scp ark:- | process-kaldi-pitch-feats  ark:- ark:- |
VLOG[2] (compute-mfcc-feats[5.3.4~1340-b701]:main():compute-mfcc-feats.cc:173) Processed features for key jp10-speaker038-06
WARNING (paste-feats[5.3.4~1340-b701]:main():paste-feats.cc:137) Missing utt jp10-speaker038-06 from input ark,s,cs:compute-kaldi-pitch-feats --verbose=2 --config=conf/pitch.conf scp,p:exp/make_mfcc/train/wav_train.6.scp ark:- | process-kaldi-pitch-feats  ark:- ark:- |
LOG (compute-mfcc-feats[5.3.4~1340-b701]:main():compute-mfcc-feats.cc:172) Processed 30 utterances
VLOG[2] (compute-mfcc-feats[5.3.4~1340-b701]:main():compute-mfcc-feats.cc:173) Processed features for key jp10-speaker038-07
VLOG[2] (compute-mfcc-feats[5.3.4~1340-b701]:main():compute-mfcc-feats.cc:173) Processed features for key jp10-speaker038-08
WARNING (paste-feats[5.3.4~1340-b701]:main():paste-feats.cc:137) Missing utt jp10-speaker038-07 from input ark,s,cs:compute-kaldi-pitch-feats --verbose=2 --config=conf/pitch.conf scp,p:exp/make_mfcc/train/wav_train.6.scp ark:- | process-kaldi-pitch-feats  ark:- ark:- |
VLOG[2] (compute-mfcc-feats[5.3.4~1340-b701]:main():compute-mfcc-feats.cc:173) Processed features for key jp10-speaker038-09
WARNING (paste-feats[5.3.4~1340-b701]:main():paste-feats.cc:137) Missing utt jp10-speaker038-08 from input ark,s,cs:compute-kaldi-pitch-feats --verbose=2 --config=conf/pitch.conf scp,p:exp/make_mfcc/train/wav_train.6.scp ark:- | process-kaldi-pitch-feats  ark:- ark:- |
VLOG[2] (compute-mfcc-feats[5.3.4~1340-b701]:main():compute-mfcc-feats.cc:173) Processed features for key jp10-speaker038-10
WARNING (paste-feats[5.3.4~1340-b701]:main():paste-feats.cc:137) Missing utt jp10-speaker038-09 from input ark,s,cs:compute-kaldi-pitch-feats --verbose=2 --config=conf/pitch.conf scp,p:exp/make_mfcc/train/wav_train.6.scp ark:- | process-kaldi-pitch-feats  ark:- ark:- |
WARNING (paste-feats[5.3.4~1340-b701]:main():paste-feats.cc:137) Missing utt jp10-speaker038-10 from input ark,s,cs:compute-kaldi-pitch-feats --verbose=2 --config=conf/pitch.conf scp,p:exp/make_mfcc/train/wav_train.6.scp ark:- | process-kaldi-pitch-feats  ark:- ark:- |
VLOG[2] (compute-mfcc-feats[5.3.4~1340-b701]:main():compute-mfcc-feats.cc:173) Processed features for key jp10-speaker039-01
VLOG[2] (compute-mfcc-feats[5.3.4~1340-b701]:main():compute-mfcc-feats.cc:173) Processed features for key jp10-speaker039-02
WARNING (paste-feats[5.3.4~1340-b701]:main():paste-feats.cc:137) Missing utt jp10-speaker039-01 from input ark,s,cs:compute-kaldi-pitch-feats --verbose=2 --config=conf/pitch.conf scp,p:exp/make_mfcc/train/wav_train.6.scp ark:- | process-kaldi-pitch-feats  ark:- ark:- |
WARNING (paste-feats[5.3.4~1340-b701]:main():paste-feats.cc:137) Missing utt jp10-speaker039-02 from input ark,s,cs:compute-kaldi-pitch-feats --verbose=2 --config=conf/pitch.conf scp,p:exp/make_mfcc/train/wav_train.6.scp ark:- | process-kaldi-pitch-feats  ark:- ark:- |
VLOG[2] (compute-mfcc-feats[5.3.4~1340-b701]:main():compute-mfcc-feats.cc:173) Processed features for key jp10-speaker039-03
WARNING (paste-feats[5.3.4~1340-b701]:main():paste-feats.cc:137) Missing utt jp10-speaker039-03 from input ark,s,cs:compute-kaldi-pitch-feats --verbose=2 --config=conf/pitch.conf scp,p:exp/make_mfcc/train/wav_train.6.scp ark:- | process-kaldi-pitch-feats  ark:- ark:- |
VLOG[2] (compute-mfcc-feats[5.3.4~1340-b701]:main():compute-mfcc-feats.cc:173) Processed features for key jp10-speaker039-04
VLOG[2] (compute-mfcc-feats[5.3.4~1340-b701]:main():compute-mfcc-feats.cc:173) Processed features for key jp10-speaker039-05
WARNING (paste-feats[5.3.4~1340-b701]:main():paste-feats.cc:137) Missing utt jp10-speaker039-04 from input ark,s,cs:compute-kaldi-pitch-feats --verbose=2 --config=conf/pitch.conf scp,p:exp/make_mfcc/train/wav_train.6.scp ark:- | process-kaldi-pitch-feats  ark:- ark:- |
VLOG[2] (compute-mfcc-feats[5.3.4~1340-b701]:main():compute-mfcc-feats.cc:173) Processed features for key jp10-speaker039-06
WARNING (paste-feats[5.3.4~1340-b701]:main():paste-feats.cc:137) Missing utt jp10-speaker039-05 from input ark,s,cs:compute-kaldi-pitch-feats --verbose=2 --config=conf/pitch.conf scp,p:exp/make_mfcc/train/wav_train.6.scp ark:- | process-kaldi-pitch-feats  ark:- ark:- |
LOG (compute-mfcc-feats[5.3.4~1340-b701]:main():compute-mfcc-feats.cc:172) Processed 40 utterances
VLOG[2] (compute-mfcc-feats[5.3.4~1340-b701]:main():compute-mfcc-feats.cc:173) Processed features for key jp10-speaker039-07
WARNING (paste-feats[5.3.4~1340-b701]:main():paste-feats.cc:137) Missing utt jp10-speaker039-06 from input ark,s,cs:compute-kaldi-pitch-feats --verbose=2 --config=conf/pitch.conf scp,p:exp/make_mfcc/train/wav_train.6.scp ark:- | process-kaldi-pitch-feats  ark:- ark:- |
VLOG[2] (compute-mfcc-feats[5.3.4~1340-b701]:main():compute-mfcc-feats.cc:173) Processed features for key jp10-speaker039-08
WARNING (paste-feats[5.3.4~1340-b701]:main():paste-feats.cc:137) Missing utt jp10-speaker039-07 from input ark,s,cs:compute-kaldi-pitch-feats --verbose=2 --config=conf/pitch.conf scp,p:exp/make_mfcc/train/wav_train.6.scp ark:- | process-kaldi-pitch-feats  ark:- ark:- |
VLOG[2] (compute-mfcc-feats[5.3.4~1340-b701]:main():compute-mfcc-feats.cc:173) Processed features for key jp10-speaker039-09
WARNING (paste-feats[5.3.4~1340-b701]:main():paste-feats.cc:137) Missing utt jp10-speaker039-08 from input ark,s,cs:compute-kaldi-pitch-feats --verbose=2 --config=conf/pitch.conf scp,p:exp/make_mfcc/train/wav_train.6.scp ark:- | process-kaldi-pitch-feats  ark:- ark:- |
VLOG[2] (compute-mfcc-feats[5.3.4~1340-b701]:main():compute-mfcc-feats.cc:173) Processed features for key jp10-speaker039-10
WARNING (paste-feats[5.3.4~1340-b701]:main():paste-feats.cc:137) Missing utt jp10-speaker039-09 from input ark,s,cs:compute-kaldi-pitch-feats --verbose=2 --config=conf/pitch.conf scp,p:exp/make_mfcc/train/wav_train.6.scp ark:- | process-kaldi-pitch-feats  ark:- ark:- |
WARNING (paste-feats[5.3.4~1340-b701]:main():paste-feats.cc:137) Missing utt jp10-speaker039-10 from input ark,s,cs:compute-kaldi-pitch-feats --verbose=2 --config=conf/pitch.conf scp,p:exp/make_mfcc/train/wav_train.6.scp ark:- | process-kaldi-pitch-feats  ark:- ark:- |
VLOG[2] (compute-mfcc-feats[5.3.4~1340-b701]:main():compute-mfcc-feats.cc:173) Processed features for key jp10-speaker040-01
WARNING (paste-feats[5.3.4~1340-b701]:main():paste-feats.cc:137) Missing utt jp10-speaker040-01 from input ark,s,cs:compute-kaldi-pitch-feats --verbose=2 --config=conf/pitch.conf scp,p:exp/make_mfcc/train/wav_train.6.scp ark:- | process-kaldi-pitch-feats  ark:- ark:- |
VLOG[2] (compute-mfcc-feats[5.3.4~1340-b701]:main():compute-mfcc-feats.cc:173) Processed features for key jp10-speaker040-02
WARNING (paste-feats[5.3.4~1340-b701]:main():paste-feats.cc:137) Missing utt jp10-speaker040-02 from input ark,s,cs:compute-kaldi-pitch-feats --verbose=2 --config=conf/pitch.conf scp,p:exp/make_mfcc/train/wav_train.6.scp ark:- | process-kaldi-pitch-feats  ark:- ark:- |
VLOG[2] (compute-mfcc-feats[5.3.4~1340-b701]:main():compute-mfcc-feats.cc:173) Processed features for key jp10-speaker040-03
WARNING (paste-feats[5.3.4~1340-b701]:main():paste-feats.cc:137) Missing utt jp10-speaker040-03 from input ark,s,cs:compute-kaldi-pitch-feats --verbose=2 --config=conf/pitch.conf scp,p:exp/make_mfcc/train/wav_train.6.scp ark:- | process-kaldi-pitch-feats  ark:- ark:- |
VLOG[2] (compute-mfcc-feats[5.3.4~1340-b701]:main():compute-mfcc-feats.cc:173) Processed features for key jp10-speaker040-04
WARNING (paste-feats[5.3.4~1340-b701]:main():paste-feats.cc:137) Missing utt jp10-speaker040-04 from input ark,s,cs:compute-kaldi-pitch-feats --verbose=2 --config=conf/pitch.conf scp,p:exp/make_mfcc/train/wav_train.6.scp ark:- | process-kaldi-pitch-feats  ark:- ark:- |
VLOG[2] (compute-mfcc-feats[5.3.4~1340-b701]:main():compute-mfcc-feats.cc:173) Processed features for key jp10-speaker040-06
WARNING (paste-feats[5.3.4~1340-b701]:main():paste-feats.cc:137) Missing utt jp10-speaker040-06 from input ark,s,cs:compute-kaldi-pitch-feats --verbose=2 --config=conf/pitch.conf scp,p:exp/make_mfcc/train/wav_train.6.scp ark:- | process-kaldi-pitch-feats  ark:- ark:- |
VLOG[2] (compute-mfcc-feats[5.3.4~1340-b701]:main():compute-mfcc-feats.cc:173) Processed features for key jp10-speaker040-07
WARNING (paste-feats[5.3.4~1340-b701]:main():paste-feats.cc:137) Missing utt jp10-speaker040-07 from input ark,s,cs:compute-kaldi-pitch-feats --verbose=2 --config=conf/pitch.conf scp,p:exp/make_mfcc/train/wav_train.6.scp ark:- | process-kaldi-pitch-feats  ark:- ark:- |
LOG (compute-mfcc-feats[5.3.4~1340-b701]:main():compute-mfcc-feats.cc:172) Processed 50 utterances
VLOG[2] (compute-mfcc-feats[5.3.4~1340-b701]:main():compute-mfcc-feats.cc:173) Processed features for key jp10-speaker040-08
WARNING (paste-feats[5.3.4~1340-b701]:main():paste-feats.cc:137) Missing utt jp10-speaker040-08 from input ark,s,cs:compute-kaldi-pitch-feats --verbose=2 --config=conf/pitch.conf scp,p:exp/make_mfcc/train/wav_train.6.scp ark:- | process-kaldi-pitch-feats  ark:- ark:- |
VLOG[2] (compute-mfcc-feats[5.3.4~1340-b701]:main():compute-mfcc-feats.cc:173) Processed features for key jp10-speaker040-09
WARNING (paste-feats[5.3.4~1340-b701]:main():paste-feats.cc:137) Missing utt jp10-speaker040-09 from input ark,s,cs:compute-kaldi-pitch-feats --verbose=2 --config=conf/pitch.conf scp,p:exp/make_mfcc/train/wav_train.6.scp ark:- | process-kaldi-pitch-feats  ark:- ark:- |
VLOG[2] (compute-mfcc-feats[5.3.4~1340-b701]:main():compute-mfcc-feats.cc:173) Processed features for key jp10-speaker040-10
WARNING (paste-feats[5.3.4~1340-b701]:main():paste-feats.cc:137) Missing utt jp10-speaker040-10 from input ark,s,cs:compute-kaldi-pitch-feats --verbose=2 --config=conf/pitch.conf scp,p:exp/make_mfcc/train/wav_train.6.scp ark:- | process-kaldi-pitch-feats  ark:- ark:- |
VLOG[2] (compute-mfcc-feats[5.3.4~1340-b701]:main():compute-mfcc-feats.cc:173) Processed features for key jp10-speaker041-01
WARNING (paste-feats[5.3.4~1340-b701]:main():paste-feats.cc:137) Missing utt jp10-speaker041-01 from input ark,s,cs:compute-kaldi-pitch-feats --verbose=2 --config=conf/pitch.conf scp,p:exp/make_mfcc/train/wav_train.6.scp ark:- | process-kaldi-pitch-feats  ark:- ark:- |
VLOG[2] (compute-mfcc-feats[5.3.4~1340-b701]:main():compute-mfcc-feats.cc:173) Processed features for key jp10-speaker041-02
WARNING (paste-feats[5.3.4~1340-b701]:main():paste-feats.cc:137) Missing utt jp10-speaker041-02 from input ark,s,cs:compute-kaldi-pitch-feats --verbose=2 --config=conf/pitch.conf scp,p:exp/make_mfcc/train/wav_train.6.scp ark:- | process-kaldi-pitch-feats  ark:- ark:- |
VLOG[2] (compute-mfcc-feats[5.3.4~1340-b701]:main():compute-mfcc-feats.cc:173) Processed features for key jp10-speaker041-03
WARNING (paste-feats[5.3.4~1340-b701]:main():paste-feats.cc:137) Missing utt jp10-speaker041-03 from input ark,s,cs:compute-kaldi-pitch-feats --verbose=2 --config=conf/pitch.conf scp,p:exp/make_mfcc/train/wav_train.6.scp ark:- | process-kaldi-pitch-feats  ark:- ark:- |
VLOG[2] (compute-mfcc-feats[5.3.4~1340-b701]:main():compute-mfcc-feats.cc:173) Processed features for key jp10-speaker041-05
WARNING (paste-feats[5.3.4~1340-b701]:main():paste-feats.cc:137) Missing utt jp10-speaker041-05 from input ark,s,cs:compute-kaldi-pitch-feats --verbose=2 --config=conf/pitch.conf scp,p:exp/make_mfcc/train/wav_train.6.scp ark:- | process-kaldi-pitch-feats  ark:- ark:- |
VLOG[2] (compute-mfcc-feats[5.3.4~1340-b701]:main():compute-mfcc-feats.cc:173) Processed features for key jp10-speaker041-07
WARNING (paste-feats[5.3.4~1340-b701]:main():paste-feats.cc:137) Missing utt jp10-speaker041-07 from input ark,s,cs:compute-kaldi-pitch-feats --verbose=2 --config=conf/pitch.conf scp,p:exp/make_mfcc/train/wav_train.6.scp ark:- | process-kaldi-pitch-feats  ark:- ark:- |
VLOG[2] (compute-mfcc-feats[5.3.4~1340-b701]:main():compute-mfcc-feats.cc:173) Processed features for key jp10-speaker041-08
WARNING (paste-feats[5.3.4~1340-b701]:main():paste-feats.cc:137) Missing utt jp10-speaker041-08 from input ark,s,cs:compute-kaldi-pitch-feats --verbose=2 --config=conf/pitch.conf scp,p:exp/make_mfcc/train/wav_train.6.scp ark:- | process-kaldi-pitch-feats  ark:- ark:- |
VLOG[2] (compute-mfcc-feats[5.3.4~1340-b701]:main():compute-mfcc-feats.cc:173) Processed features for key jp10-speaker041-09
WARNING (paste-feats[5.3.4~1340-b701]:main():paste-feats.cc:137) Missing utt jp10-speaker041-09 from input ark,s,cs:compute-kaldi-pitch-feats --verbose=2 --config=conf/pitch.conf scp,p:exp/make_mfcc/train/wav_train.6.scp ark:- | process-kaldi-pitch-feats  ark:- ark:- |
LOG (compute-mfcc-feats[5.3.4~1340-b701]:main():compute-mfcc-feats.cc:172) Processed 60 utterances
VLOG[2] (compute-mfcc-feats[5.3.4~1340-b701]:main():compute-mfcc-feats.cc:173) Processed features for key jp10-speaker041-10
LOG (compute-mfcc-feats[5.3.4~1340-b701]:main():compute-mfcc-feats.cc:176)  Done 50 out of 60 utterances.
WARNING (paste-feats[5.3.4~1340-b701]:main():paste-feats.cc:137) Missing utt jp10-speaker041-10 from input ark,s,cs:compute-kaldi-pitch-feats --verbose=2 --config=conf/pitch.conf scp,p:exp/make_mfcc/train/wav_train.6.scp ark:- | process-kaldi-pitch-feats  ark:- ark:- |
LOG (paste-feats[5.3.4~1340-b701]:main():paste-feats.cc:158) Done 5 utts, errors on 45
LOG (copy-feats[5.3.4~1340-b701]:main():copy-feats.cc:143) Copied 5 feature matrices.
# Accounting: time=1 threads=1
# Ended (code 0) at Thu May 10 00:24:43 HKT 2018, elapsed time 1 seconds
