# paste-feats --length-tolerance=2 "ark:compute-mfcc-feats  --verbose=2 --config=conf/mfcc.conf scp,p:exp/make_mfcc/train/wav_train.3.scp ark:- |" "ark,s,cs:compute-kaldi-pitch-feats --verbose=2 --config=conf/pitch.conf scp,p:exp/make_mfcc/train/wav_train.3.scp ark:- | process-kaldi-pitch-feats  ark:- ark:- |" ark:- | copy-feats --compress=true ark:- ark,scp:/home/newtranx_voice/jp-10/mfcc/raw_mfcc_pitch_train.3.ark,/home/newtranx_voice/jp-10/mfcc/raw_mfcc_pitch_train.3.scp 
# Started at Thu May 10 00:24:42 HKT 2018
#
paste-feats --length-tolerance=2 'ark:compute-mfcc-feats  --verbose=2 --config=conf/mfcc.conf scp,p:exp/make_mfcc/train/wav_train.3.scp ark:- |' 'ark,s,cs:compute-kaldi-pitch-feats --verbose=2 --config=conf/pitch.conf scp,p:exp/make_mfcc/train/wav_train.3.scp ark:- | process-kaldi-pitch-feats  ark:- ark:- |' ark:- 
copy-feats --compress=true ark:- ark,scp:/home/newtranx_voice/jp-10/mfcc/raw_mfcc_pitch_train.3.ark,/home/newtranx_voice/jp-10/mfcc/raw_mfcc_pitch_train.3.scp 
compute-mfcc-feats --verbose=2 --config=conf/mfcc.conf scp,p:exp/make_mfcc/train/wav_train.3.scp ark:- 
VLOG[2] (compute-mfcc-feats[5.3.4~1340-b701]:main():compute-mfcc-feats.cc:173) Processed features for key jp10-speaker015-01
VLOG[2] (compute-mfcc-feats[5.3.4~1340-b701]:main():compute-mfcc-feats.cc:173) Processed features for key jp10-speaker015-02
compute-kaldi-pitch-feats --verbose=2 --config=conf/pitch.conf scp,p:exp/make_mfcc/train/wav_train.3.scp ark:- 
process-kaldi-pitch-feats ark:- ark:- 
VLOG[2] (compute-mfcc-feats[5.3.4~1340-b701]:main():compute-mfcc-feats.cc:173) Processed features for key jp10-speaker015-04
VLOG[2] (compute-mfcc-feats[5.3.4~1340-b701]:main():compute-mfcc-feats.cc:173) Processed features for key jp10-speaker015-06
VLOG[2] (compute-mfcc-feats[5.3.4~1340-b701]:main():compute-mfcc-feats.cc:173) Processed features for key jp10-speaker015-07
VLOG[2] (compute-mfcc-feats[5.3.4~1340-b701]:main():compute-mfcc-feats.cc:173) Processed features for key jp10-speaker015-10
VLOG[2] (compute-mfcc-feats[5.3.4~1340-b701]:main():compute-mfcc-feats.cc:173) Processed features for key jp10-speaker016-01
VLOG[2] (compute-mfcc-feats[5.3.4~1340-b701]:main():compute-mfcc-feats.cc:173) Processed features for key jp10-speaker016-03
VLOG[2] (compute-mfcc-feats[5.3.4~1340-b701]:main():compute-mfcc-feats.cc:173) Processed features for key jp10-speaker016-04
LOG (compute-mfcc-feats[5.3.4~1340-b701]:main():compute-mfcc-feats.cc:172) Processed 10 utterances
VLOG[2] (compute-mfcc-feats[5.3.4~1340-b701]:main():compute-mfcc-feats.cc:173) Processed features for key jp10-speaker016-05
VLOG[2] (compute-mfcc-feats[5.3.4~1340-b701]:main():compute-mfcc-feats.cc:173) Processed features for key jp10-speaker016-06
VLOG[2] (compute-mfcc-feats[5.3.4~1340-b701]:main():compute-mfcc-feats.cc:173) Processed features for key jp10-speaker016-07
VLOG[2] (compute-mfcc-feats[5.3.4~1340-b701]:main():compute-mfcc-feats.cc:173) Processed features for key jp10-speaker016-08
VLOG[2] (compute-mfcc-feats[5.3.4~1340-b701]:main():compute-mfcc-feats.cc:173) Processed features for key jp10-speaker016-09
VLOG[2] (compute-mfcc-feats[5.3.4~1340-b701]:main():compute-mfcc-feats.cc:173) Processed features for key jp10-speaker016-10
VLOG[2] (compute-mfcc-feats[5.3.4~1340-b701]:main():compute-mfcc-feats.cc:173) Processed features for key jp10-speaker017-02
VLOG[2] (compute-mfcc-feats[5.3.4~1340-b701]:main():compute-mfcc-feats.cc:173) Processed features for key jp10-speaker017-03
VLOG[2] (compute-mfcc-feats[5.3.4~1340-b701]:main():compute-mfcc-feats.cc:173) Processed features for key jp10-speaker017-04
VLOG[2] (compute-mfcc-feats[5.3.4~1340-b701]:main():compute-mfcc-feats.cc:173) Processed features for key jp10-speaker017-05
LOG (compute-mfcc-feats[5.3.4~1340-b701]:main():compute-mfcc-feats.cc:172) Processed 20 utterances
VLOG[2] (compute-mfcc-feats[5.3.4~1340-b701]:main():compute-mfcc-feats.cc:173) Processed features for key jp10-speaker017-06
VLOG[2] (compute-mfcc-feats[5.3.4~1340-b701]:main():compute-mfcc-feats.cc:173) Processed features for key jp10-speaker017-07
VLOG[2] (compute-mfcc-feats[5.3.4~1340-b701]:main():compute-mfcc-feats.cc:173) Processed features for key jp10-speaker017-08
VLOG[2] (compute-mfcc-feats[5.3.4~1340-b701]:main():compute-mfcc-feats.cc:173) Processed features for key jp10-speaker017-09
VLOG[2] (compute-mfcc-feats[5.3.4~1340-b701]:main():compute-mfcc-feats.cc:173) Processed features for key jp10-speaker018-01
VLOG[2] (compute-mfcc-feats[5.3.4~1340-b701]:main():compute-mfcc-feats.cc:173) Processed features for key jp10-speaker018-02
VLOG[2] (compute-mfcc-feats[5.3.4~1340-b701]:main():compute-mfcc-feats.cc:173) Processed features for key jp10-speaker018-03
VLOG[2] (compute-mfcc-feats[5.3.4~1340-b701]:main():compute-mfcc-feats.cc:173) Processed features for key jp10-speaker018-04
VLOG[2] (compute-mfcc-feats[5.3.4~1340-b701]:main():compute-mfcc-feats.cc:173) Processed features for key jp10-speaker018-07
VLOG[2] (compute-mfcc-feats[5.3.4~1340-b701]:main():compute-mfcc-feats.cc:173) Processed features for key jp10-speaker018-08
LOG (compute-mfcc-feats[5.3.4~1340-b701]:main():compute-mfcc-feats.cc:172) Processed 30 utterances
VLOG[2] (compute-mfcc-feats[5.3.4~1340-b701]:main():compute-mfcc-feats.cc:173) Processed features for key jp10-speaker018-09
VLOG[2] (compute-mfcc-feats[5.3.4~1340-b701]:main():compute-mfcc-feats.cc:173) Processed features for key jp10-speaker018-10
VLOG[2] (compute-mfcc-feats[5.3.4~1340-b701]:main():compute-mfcc-feats.cc:173) Processed features for key jp10-speaker019-01
VLOG[2] (compute-mfcc-feats[5.3.4~1340-b701]:main():compute-mfcc-feats.cc:173) Processed features for key jp10-speaker019-02
VLOG[2] (compute-mfcc-feats[5.3.4~1340-b701]:main():compute-mfcc-feats.cc:173) Processed features for key jp10-speaker019-03
VLOG[2] (compute-mfcc-feats[5.3.4~1340-b701]:main():compute-mfcc-feats.cc:173) Processed features for key jp10-speaker019-04
VLOG[2] (compute-mfcc-feats[5.3.4~1340-b701]:main():compute-mfcc-feats.cc:173) Processed features for key jp10-speaker019-05
VLOG[2] (compute-mfcc-feats[5.3.4~1340-b701]:main():compute-mfcc-feats.cc:173) Processed features for key jp10-speaker019-06
VLOG[2] (compute-mfcc-feats[5.3.4~1340-b701]:main():compute-mfcc-feats.cc:173) Processed features for key jp10-speaker019-07
VLOG[2] (compute-mfcc-feats[5.3.4~1340-b701]:main():compute-mfcc-feats.cc:173) Processed features for key jp10-speaker019-08
LOG (compute-mfcc-feats[5.3.4~1340-b701]:main():compute-mfcc-feats.cc:172) Processed 40 utterances
VLOG[2] (compute-mfcc-feats[5.3.4~1340-b701]:main():compute-mfcc-feats.cc:173) Processed features for key jp10-speaker020-01
VLOG[2] (compute-mfcc-feats[5.3.4~1340-b701]:main():compute-mfcc-feats.cc:173) Processed features for key jp10-speaker020-03
VLOG[2] (compute-mfcc-feats[5.3.4~1340-b701]:main():compute-mfcc-feats.cc:173) Processed features for key jp10-speaker020-05
VLOG[2] (compute-mfcc-feats[5.3.4~1340-b701]:main():compute-mfcc-feats.cc:173) Processed features for key jp10-speaker020-06
VLOG[2] (compute-mfcc-feats[5.3.4~1340-b701]:main():compute-mfcc-feats.cc:173) Processed features for key jp10-speaker020-07
VLOG[2] (compute-mfcc-feats[5.3.4~1340-b701]:main():compute-mfcc-feats.cc:173) Processed features for key jp10-speaker020-08
VLOG[2] (compute-mfcc-feats[5.3.4~1340-b701]:main():compute-mfcc-feats.cc:173) Processed features for key jp10-speaker020-09
VLOG[2] (compute-mfcc-feats[5.3.4~1340-b701]:main():compute-mfcc-feats.cc:173) Processed features for key jp10-speaker021-01
VLOG[2] (compute-mfcc-feats[5.3.4~1340-b701]:main():compute-mfcc-feats.cc:173) Processed features for key jp10-speaker021-02
VLOG[2] (compute-mfcc-feats[5.3.4~1340-b701]:main():compute-mfcc-feats.cc:173) Processed features for key jp10-speaker021-03
LOG (compute-mfcc-feats[5.3.4~1340-b701]:main():compute-mfcc-feats.cc:172) Processed 50 utterances
VLOG[2] (compute-mfcc-feats[5.3.4~1340-b701]:main():compute-mfcc-feats.cc:173) Processed features for key jp10-speaker021-04
VLOG[2] (compute-mfcc-feats[5.3.4~1340-b701]:main():compute-mfcc-feats.cc:173) Processed features for key jp10-speaker021-06
VLOG[2] (compute-mfcc-feats[5.3.4~1340-b701]:main():compute-mfcc-feats.cc:173) Processed features for key jp10-speaker021-07
VLOG[2] (compute-mfcc-feats[5.3.4~1340-b701]:main():compute-mfcc-feats.cc:173) Processed features for key jp10-speaker021-08
VLOG[2] (compute-mfcc-feats[5.3.4~1340-b701]:main():compute-mfcc-feats.cc:173) Processed features for key jp10-speaker021-10
VLOG[2] (compute-mfcc-feats[5.3.4~1340-b701]:main():compute-mfcc-feats.cc:173) Processed features for key jp10-speaker022-01
VLOG[2] (compute-mfcc-feats[5.3.4~1340-b701]:main():compute-mfcc-feats.cc:173) Processed features for key jp10-speaker022-02
VLOG[2] (compute-mfcc-feats[5.3.4~1340-b701]:main():compute-mfcc-feats.cc:173) Processed features for key jp10-speaker022-03
VLOG[2] (compute-mfcc-feats[5.3.4~1340-b701]:main():compute-mfcc-feats.cc:173) Processed features for key jp10-speaker022-04
VLOG[2] (compute-mfcc-feats[5.3.4~1340-b701]:main():compute-mfcc-feats.cc:173) Processed features for key jp10-speaker022-06
VLOG[2] (compute-kaldi-pitch-feats[5.3.4~1340-b701]:main():compute-kaldi-pitch-feats.cc:107) Processed 50 utterances
LOG (compute-mfcc-feats[5.3.4~1340-b701]:main():compute-mfcc-feats.cc:172) Processed 60 utterances
VLOG[2] (compute-mfcc-feats[5.3.4~1340-b701]:main():compute-mfcc-feats.cc:173) Processed features for key jp10-speaker022-07
LOG (compute-mfcc-feats[5.3.4~1340-b701]:main():compute-mfcc-feats.cc:176)  Done 60 out of 60 utterances.
LOG (compute-kaldi-pitch-feats[5.3.4~1340-b701]:main():compute-kaldi-pitch-feats.cc:110) Done 60 utterances, 0 with errors.
LOG (process-kaldi-pitch-feats[5.3.4~1340-b701]:main():process-kaldi-pitch-feats.cc:85) Post-processed pitch for 60 utterances.
LOG (paste-feats[5.3.4~1340-b701]:main():paste-feats.cc:158) Done 60 utts, errors on 0
LOG (copy-feats[5.3.4~1340-b701]:main():copy-feats.cc:143) Copied 60 feature matrices.
# Accounting: time=1 threads=1
# Ended (code 0) at Thu May 10 00:24:43 HKT 2018, elapsed time 1 seconds
