# paste-feats --length-tolerance=2 "ark:compute-mfcc-feats  --verbose=2 --config=conf/mfcc.conf scp,p:exp/make_mfcc/train/wav_train.4.scp ark:- |" "ark,s,cs:compute-kaldi-pitch-feats --verbose=2 --config=conf/pitch.conf scp,p:exp/make_mfcc/train/wav_train.4.scp ark:- | process-kaldi-pitch-feats  ark:- ark:- |" ark:- | copy-feats --compress=true ark:- ark,scp:/home/newtranx_voice/jp-10/mfcc/raw_mfcc_pitch_train.4.ark,/home/newtranx_voice/jp-10/mfcc/raw_mfcc_pitch_train.4.scp 
# Started at Thu May 10 00:24:42 HKT 2018
#
paste-feats --length-tolerance=2 'ark:compute-mfcc-feats  --verbose=2 --config=conf/mfcc.conf scp,p:exp/make_mfcc/train/wav_train.4.scp ark:- |' 'ark,s,cs:compute-kaldi-pitch-feats --verbose=2 --config=conf/pitch.conf scp,p:exp/make_mfcc/train/wav_train.4.scp ark:- | process-kaldi-pitch-feats  ark:- ark:- |' ark:- 
copy-feats --compress=true ark:- ark,scp:/home/newtranx_voice/jp-10/mfcc/raw_mfcc_pitch_train.4.ark,/home/newtranx_voice/jp-10/mfcc/raw_mfcc_pitch_train.4.scp 
compute-mfcc-feats --verbose=2 --config=conf/mfcc.conf scp,p:exp/make_mfcc/train/wav_train.4.scp ark:- 
VLOG[2] (compute-mfcc-feats[5.3.4~1340-b701]:main():compute-mfcc-feats.cc:173) Processed features for key jp10-speaker022-08
VLOG[2] (compute-mfcc-feats[5.3.4~1340-b701]:main():compute-mfcc-feats.cc:173) Processed features for key jp10-speaker022-09
process-kaldi-pitch-feats ark:- ark:- 
compute-kaldi-pitch-feats --verbose=2 --config=conf/pitch.conf scp,p:exp/make_mfcc/train/wav_train.4.scp ark:- 
VLOG[2] (compute-mfcc-feats[5.3.4~1340-b701]:main():compute-mfcc-feats.cc:173) Processed features for key jp10-speaker022-10
VLOG[2] (compute-mfcc-feats[5.3.4~1340-b701]:main():compute-mfcc-feats.cc:173) Processed features for key jp10-speaker023-01
VLOG[2] (compute-mfcc-feats[5.3.4~1340-b701]:main():compute-mfcc-feats.cc:173) Processed features for key jp10-speaker023-02
VLOG[2] (compute-mfcc-feats[5.3.4~1340-b701]:main():compute-mfcc-feats.cc:173) Processed features for key jp10-speaker023-03
VLOG[2] (compute-mfcc-feats[5.3.4~1340-b701]:main():compute-mfcc-feats.cc:173) Processed features for key jp10-speaker023-04
VLOG[2] (compute-mfcc-feats[5.3.4~1340-b701]:main():compute-mfcc-feats.cc:173) Processed features for key jp10-speaker023-05
VLOG[2] (compute-mfcc-feats[5.3.4~1340-b701]:main():compute-mfcc-feats.cc:173) Processed features for key jp10-speaker023-06
LOG (compute-mfcc-feats[5.3.4~1340-b701]:main():compute-mfcc-feats.cc:172) Processed 10 utterances
VLOG[2] (compute-mfcc-feats[5.3.4~1340-b701]:main():compute-mfcc-feats.cc:173) Processed features for key jp10-speaker023-07
VLOG[2] (compute-mfcc-feats[5.3.4~1340-b701]:main():compute-mfcc-feats.cc:173) Processed features for key jp10-speaker023-08
VLOG[2] (compute-mfcc-feats[5.3.4~1340-b701]:main():compute-mfcc-feats.cc:173) Processed features for key jp10-speaker023-09
VLOG[2] (compute-mfcc-feats[5.3.4~1340-b701]:main():compute-mfcc-feats.cc:173) Processed features for key jp10-speaker024-01
VLOG[2] (compute-mfcc-feats[5.3.4~1340-b701]:main():compute-mfcc-feats.cc:173) Processed features for key jp10-speaker024-02
VLOG[2] (compute-mfcc-feats[5.3.4~1340-b701]:main():compute-mfcc-feats.cc:173) Processed features for key jp10-speaker024-03
VLOG[2] (compute-mfcc-feats[5.3.4~1340-b701]:main():compute-mfcc-feats.cc:173) Processed features for key jp10-speaker024-05
VLOG[2] (compute-mfcc-feats[5.3.4~1340-b701]:main():compute-mfcc-feats.cc:173) Processed features for key jp10-speaker024-06
VLOG[2] (compute-mfcc-feats[5.3.4~1340-b701]:main():compute-mfcc-feats.cc:173) Processed features for key jp10-speaker024-07
VLOG[2] (compute-mfcc-feats[5.3.4~1340-b701]:main():compute-mfcc-feats.cc:173) Processed features for key jp10-speaker024-08
LOG (compute-mfcc-feats[5.3.4~1340-b701]:main():compute-mfcc-feats.cc:172) Processed 20 utterances
VLOG[2] (compute-mfcc-feats[5.3.4~1340-b701]:main():compute-mfcc-feats.cc:173) Processed features for key jp10-speaker024-09
VLOG[2] (compute-mfcc-feats[5.3.4~1340-b701]:main():compute-mfcc-feats.cc:173) Processed features for key jp10-speaker024-10
VLOG[2] (compute-mfcc-feats[5.3.4~1340-b701]:main():compute-mfcc-feats.cc:173) Processed features for key jp10-speaker025-01
VLOG[2] (compute-mfcc-feats[5.3.4~1340-b701]:main():compute-mfcc-feats.cc:173) Processed features for key jp10-speaker025-02
VLOG[2] (compute-mfcc-feats[5.3.4~1340-b701]:main():compute-mfcc-feats.cc:173) Processed features for key jp10-speaker025-03
VLOG[2] (compute-mfcc-feats[5.3.4~1340-b701]:main():compute-mfcc-feats.cc:173) Processed features for key jp10-speaker025-04
VLOG[2] (compute-mfcc-feats[5.3.4~1340-b701]:main():compute-mfcc-feats.cc:173) Processed features for key jp10-speaker025-05
VLOG[2] (compute-mfcc-feats[5.3.4~1340-b701]:main():compute-mfcc-feats.cc:173) Processed features for key jp10-speaker025-06
VLOG[2] (compute-mfcc-feats[5.3.4~1340-b701]:main():compute-mfcc-feats.cc:173) Processed features for key jp10-speaker025-07
VLOG[2] (compute-mfcc-feats[5.3.4~1340-b701]:main():compute-mfcc-feats.cc:173) Processed features for key jp10-speaker025-08
LOG (compute-mfcc-feats[5.3.4~1340-b701]:main():compute-mfcc-feats.cc:172) Processed 30 utterances
VLOG[2] (compute-mfcc-feats[5.3.4~1340-b701]:main():compute-mfcc-feats.cc:173) Processed features for key jp10-speaker025-09
VLOG[2] (compute-mfcc-feats[5.3.4~1340-b701]:main():compute-mfcc-feats.cc:173) Processed features for key jp10-speaker025-10
VLOG[2] (compute-mfcc-feats[5.3.4~1340-b701]:main():compute-mfcc-feats.cc:173) Processed features for key jp10-speaker026-01
VLOG[2] (compute-mfcc-feats[5.3.4~1340-b701]:main():compute-mfcc-feats.cc:173) Processed features for key jp10-speaker026-02
VLOG[2] (compute-mfcc-feats[5.3.4~1340-b701]:main():compute-mfcc-feats.cc:173) Processed features for key jp10-speaker026-03
VLOG[2] (compute-mfcc-feats[5.3.4~1340-b701]:main():compute-mfcc-feats.cc:173) Processed features for key jp10-speaker026-04
VLOG[2] (compute-mfcc-feats[5.3.4~1340-b701]:main():compute-mfcc-feats.cc:173) Processed features for key jp10-speaker026-05
VLOG[2] (compute-mfcc-feats[5.3.4~1340-b701]:main():compute-mfcc-feats.cc:173) Processed features for key jp10-speaker026-07
VLOG[2] (compute-mfcc-feats[5.3.4~1340-b701]:main():compute-mfcc-feats.cc:173) Processed features for key jp10-speaker026-09
VLOG[2] (compute-mfcc-feats[5.3.4~1340-b701]:main():compute-mfcc-feats.cc:173) Processed features for key jp10-speaker026-10
LOG (compute-mfcc-feats[5.3.4~1340-b701]:main():compute-mfcc-feats.cc:172) Processed 40 utterances
VLOG[2] (compute-mfcc-feats[5.3.4~1340-b701]:main():compute-mfcc-feats.cc:173) Processed features for key jp10-speaker027-01
VLOG[2] (compute-mfcc-feats[5.3.4~1340-b701]:main():compute-mfcc-feats.cc:173) Processed features for key jp10-speaker027-02
VLOG[2] (compute-mfcc-feats[5.3.4~1340-b701]:main():compute-mfcc-feats.cc:173) Processed features for key jp10-speaker027-03
VLOG[2] (compute-mfcc-feats[5.3.4~1340-b701]:main():compute-mfcc-feats.cc:173) Processed features for key jp10-speaker027-04
VLOG[2] (compute-mfcc-feats[5.3.4~1340-b701]:main():compute-mfcc-feats.cc:173) Processed features for key jp10-speaker027-05
VLOG[2] (compute-mfcc-feats[5.3.4~1340-b701]:main():compute-mfcc-feats.cc:173) Processed features for key jp10-speaker027-06
VLOG[2] (compute-mfcc-feats[5.3.4~1340-b701]:main():compute-mfcc-feats.cc:173) Processed features for key jp10-speaker027-07
VLOG[2] (compute-mfcc-feats[5.3.4~1340-b701]:main():compute-mfcc-feats.cc:173) Processed features for key jp10-speaker027-08
VLOG[2] (compute-mfcc-feats[5.3.4~1340-b701]:main():compute-mfcc-feats.cc:173) Processed features for key jp10-speaker027-09
VLOG[2] (compute-mfcc-feats[5.3.4~1340-b701]:main():compute-mfcc-feats.cc:173) Processed features for key jp10-speaker027-10
LOG (compute-mfcc-feats[5.3.4~1340-b701]:main():compute-mfcc-feats.cc:172) Processed 50 utterances
VLOG[2] (compute-mfcc-feats[5.3.4~1340-b701]:main():compute-mfcc-feats.cc:173) Processed features for key jp10-speaker028-01
VLOG[2] (compute-mfcc-feats[5.3.4~1340-b701]:main():compute-mfcc-feats.cc:173) Processed features for key jp10-speaker028-02
VLOG[2] (compute-mfcc-feats[5.3.4~1340-b701]:main():compute-mfcc-feats.cc:173) Processed features for key jp10-speaker028-03
VLOG[2] (compute-mfcc-feats[5.3.4~1340-b701]:main():compute-mfcc-feats.cc:173) Processed features for key jp10-speaker028-04
VLOG[2] (compute-mfcc-feats[5.3.4~1340-b701]:main():compute-mfcc-feats.cc:173) Processed features for key jp10-speaker028-05
VLOG[2] (compute-mfcc-feats[5.3.4~1340-b701]:main():compute-mfcc-feats.cc:173) Processed features for key jp10-speaker028-06
VLOG[2] (compute-mfcc-feats[5.3.4~1340-b701]:main():compute-mfcc-feats.cc:173) Processed features for key jp10-speaker028-07
VLOG[2] (compute-mfcc-feats[5.3.4~1340-b701]:main():compute-mfcc-feats.cc:173) Processed features for key jp10-speaker028-08
VLOG[2] (compute-kaldi-pitch-feats[5.3.4~1340-b701]:main():compute-kaldi-pitch-feats.cc:107) Processed 50 utterances
VLOG[2] (compute-mfcc-feats[5.3.4~1340-b701]:main():compute-mfcc-feats.cc:173) Processed features for key jp10-speaker028-09
VLOG[2] (compute-mfcc-feats[5.3.4~1340-b701]:main():compute-mfcc-feats.cc:173) Processed features for key jp10-speaker028-10
LOG (compute-mfcc-feats[5.3.4~1340-b701]:main():compute-mfcc-feats.cc:172) Processed 60 utterances
VLOG[2] (compute-mfcc-feats[5.3.4~1340-b701]:main():compute-mfcc-feats.cc:173) Processed features for key jp10-speaker029-01
LOG (compute-mfcc-feats[5.3.4~1340-b701]:main():compute-mfcc-feats.cc:176)  Done 60 out of 60 utterances.
LOG (compute-kaldi-pitch-feats[5.3.4~1340-b701]:main():compute-kaldi-pitch-feats.cc:110) Done 60 utterances, 0 with errors.
LOG (process-kaldi-pitch-feats[5.3.4~1340-b701]:main():process-kaldi-pitch-feats.cc:85) Post-processed pitch for 60 utterances.
LOG (paste-feats[5.3.4~1340-b701]:main():paste-feats.cc:158) Done 60 utts, errors on 0
LOG (copy-feats[5.3.4~1340-b701]:main():copy-feats.cc:143) Copied 60 feature matrices.
# Accounting: time=1 threads=1
# Ended (code 0) at Thu May 10 00:24:43 HKT 2018, elapsed time 1 seconds
