# paste-feats --length-tolerance=2 "ark:compute-mfcc-feats  --verbose=2 --config=conf/mfcc.conf scp,p:exp/make_mfcc/0a9816230d/wav_0a9816230d.1.scp ark:- |" "ark,s,cs:compute-kaldi-pitch-feats --verbose=2 --config=conf/pitch.conf scp,p:exp/make_mfcc/0a9816230d/wav_0a9816230d.1.scp ark:- | process-kaldi-pitch-feats  ark:- ark:- |" ark:- | copy-feats --compress=true ark:- ark,scp:/home/newtranx_voice/jp-temp/mfcc_one/0a9816230d/raw_mfcc_pitch_0a9816230d.1.ark,/home/newtranx_voice/jp-temp/mfcc_one/0a9816230d/raw_mfcc_pitch_0a9816230d.1.scp 
# Started at Wed Dec 20 22:47:54 HKT 2017
#
paste-feats --length-tolerance=2 'ark:compute-mfcc-feats  --verbose=2 --config=conf/mfcc.conf scp,p:exp/make_mfcc/0a9816230d/wav_0a9816230d.1.scp ark:- |' 'ark,s,cs:compute-kaldi-pitch-feats --verbose=2 --config=conf/pitch.conf scp,p:exp/make_mfcc/0a9816230d/wav_0a9816230d.1.scp ark:- | process-kaldi-pitch-feats  ark:- ark:- |' ark:- 
copy-feats --compress=true ark:- ark,scp:/home/newtranx_voice/jp-temp/mfcc_one/0a9816230d/raw_mfcc_pitch_0a9816230d.1.ark,/home/newtranx_voice/jp-temp/mfcc_one/0a9816230d/raw_mfcc_pitch_0a9816230d.1.scp 
compute-mfcc-feats --verbose=2 --config=conf/mfcc.conf scp,p:exp/make_mfcc/0a9816230d/wav_0a9816230d.1.scp ark:- 
WARNING (compute-mfcc-feats[5.3.4~1340-b701]:EnsureObjectLoaded():util/kaldi-table-inl.h:310) Failed to open file 13_foo.sh.wav
LOG (compute-mfcc-feats[5.3.4~1340-b701]:main():compute-mfcc-feats.cc:176)  Done 0 out of 0 utterances.
process-kaldi-pitch-feats ark:- ark:- 
compute-kaldi-pitch-feats --verbose=2 --config=conf/pitch.conf scp,p:exp/make_mfcc/0a9816230d/wav_0a9816230d.1.scp ark:- 
WARNING (compute-kaldi-pitch-feats[5.3.4~1340-b701]:EnsureObjectLoaded():util/kaldi-table-inl.h:310) Failed to open file 13_foo.sh.wav
LOG (compute-kaldi-pitch-feats[5.3.4~1340-b701]:main():compute-kaldi-pitch-feats.cc:110) Done 0 utterances, 0 with errors.
LOG (process-kaldi-pitch-feats[5.3.4~1340-b701]:main():process-kaldi-pitch-feats.cc:85) Post-processed pitch for 0 utterances.
WARNING (paste-feats[5.3.4~1340-b701]:Close():kaldi-io.cc:512) Pipe compute-kaldi-pitch-feats --verbose=2 --config=conf/pitch.conf scp,p:exp/make_mfcc/0a9816230d/wav_0a9816230d.1.scp ark:- | process-kaldi-pitch-feats  ark:- ark:- | had nonzero return status 256
LOG (paste-feats[5.3.4~1340-b701]:main():paste-feats.cc:158) Done 0 utts, errors on 0
WARNING (paste-feats[5.3.4~1340-b701]:Close():kaldi-io.cc:512) Pipe compute-mfcc-feats  --verbose=2 --config=conf/mfcc.conf scp,p:exp/make_mfcc/0a9816230d/wav_0a9816230d.1.scp ark:- | had nonzero return status 256
ERROR (paste-feats[5.3.4~1340-b701]:~SequentialTableReaderArchiveImpl():util/kaldi-table-inl.h:678) TableReader: error detected closing archive 'compute-mfcc-feats  --verbose=2 --config=conf/mfcc.conf scp,p:exp/make_mfcc/0a9816230d/wav_0a9816230d.1.scp ark:- |'

[ Stack-Trace: ]
paste-feats() [0x572026]
kaldi::MessageLogger::HandleMessage(kaldi::LogMessageEnvelope const&, char const*)
kaldi::MessageLogger::~MessageLogger()
kaldi::SequentialTableReaderArchiveImpl<kaldi::KaldiObjectHolder<kaldi::Matrix<float> > >::~SequentialTableReaderArchiveImpl()
kaldi::SequentialTableReaderArchiveImpl<kaldi::KaldiObjectHolder<kaldi::Matrix<float> > >::~SequentialTableReaderArchiveImpl()
kaldi::SequentialTableReader<kaldi::KaldiObjectHolder<kaldi::Matrix<float> > >::~SequentialTableReader()
main
__libc_start_main
_start

terminate called after throwing an instance of 'std::runtime_error'
  what():  
LOG (copy-feats[5.3.4~1340-b701]:main():copy-feats.cc:143) Copied 0 feature matrices.
# Accounting: time=0 threads=1
# Ended (code 1) at Wed Dec 20 22:47:54 HKT 2017, elapsed time 0 seconds
