# compile-train-graphs --read-disambig-syms=data/lang/phones/disambig.int exp/tri1_one_ali/6c2eebe212/tree exp/tri1_one_ali/6c2eebe212/final.mdl data/lang/L.fst "ark:utils/sym2int.pl --map-oov 3 -f 2- data/lang/words.txt data/6c2eebe212/split1/1/text|" ark:- | gmm-align-compiled-gop --transition-scale=1.0 --acoustic-scale=0.1 --self-loop-scale=0.1 --beam=10 --retry-beam=40 --careful=false "gmm-boost-silence --boost=1.25 1 exp/tri1_one_ali/6c2eebe212/final.mdl - |" ark:- "ark,s,cs:apply-cmvn  --utt2spk=ark:data/6c2eebe212/split1/1/utt2spk scp:data/6c2eebe212/split1/1/cmvn.scp scp:data/6c2eebe212/split1/1/feats.scp ark:- | add-deltas  ark:- ark:- |" "ark,t:|gzip -c >exp/tri1_one_ali/6c2eebe212/ali.1.gz" 
# Started at Fri May 18 10:49:50 HKT 2018
#
compile-train-graphs --read-disambig-syms=data/lang/phones/disambig.int exp/tri1_one_ali/6c2eebe212/tree exp/tri1_one_ali/6c2eebe212/final.mdl data/lang/L.fst 'ark:utils/sym2int.pl --map-oov 3 -f 2- data/lang/words.txt data/6c2eebe212/split1/1/text|' ark:- 
gmm-align-compiled-gop --transition-scale=1.0 --acoustic-scale=0.1 --self-loop-scale=0.1 --beam=10 --retry-beam=40 --careful=false 'gmm-boost-silence --boost=1.25 1 exp/tri1_one_ali/6c2eebe212/final.mdl - |' ark:- 'ark,s,cs:apply-cmvn  --utt2spk=ark:data/6c2eebe212/split1/1/utt2spk scp:data/6c2eebe212/split1/1/cmvn.scp scp:data/6c2eebe212/split1/1/feats.scp ark:- | add-deltas  ark:- ark:- |' 'ark,t:|gzip -c >exp/tri1_one_ali/6c2eebe212/ali.1.gz' 
gmm-boost-silence --boost=1.25 1 exp/tri1_one_ali/6c2eebe212/final.mdl - 
sym2int.pl: replacing どう with 3
sym2int.pl: replacing です with 3
** Replaced 2 instances of OOVs with 3
WARNING (gmm-boost-silence[5.3.4~1340-b701]:main():gmm-boost-silence.cc:82) The pdfs for the silence phones may be shared by other phones (note: this probably does not matter.)
LOG (gmm-boost-silence[5.3.4~1340-b701]:main():gmm-boost-silence.cc:93) Boosted weights for 5 pdfs, by factor of 1.25
LOG (compile-train-graphs[5.3.4~1340-b701]:main():compile-train-graphs.cc:147) compile-train-graphs: succeeded for 1 graphs, failed for 0
LOG (gmm-boost-silence[5.3.4~1340-b701]:main():gmm-boost-silence.cc:103) Wrote model to -
add-deltas ark:- ark:- 
apply-cmvn --utt2spk=ark:data/6c2eebe212/split1/1/utt2spk scp:data/6c2eebe212/split1/1/cmvn.scp scp:data/6c2eebe212/split1/1/feats.scp ark:- 
LOG (apply-cmvn[5.3.4~1340-b701]:main():apply-cmvn.cc:162) Applied cepstral mean normalization to 1 utterances, errors on 0
LOG (gmm-align-compiled-gop[5.3.4~1340-b701]:main():gmm-align-compiled-gop.cc:127) answer
LOG (gmm-align-compiled-gop[5.3.4~1340-b701]:GetLinearSymbolSequence():fstext/fstext-utils-inl.h:263)  oneframe like is -7.24475 while xend is 0
LOG (gmm-align-compiled-gop[5.3.4~1340-b701]:GetLinearSymbolSequence():fstext/fstext-utils-inl.h:263)  oneframe like is -8.83276 while xend is 1
LOG (gmm-align-compiled-gop[5.3.4~1340-b701]:GetLinearSymbolSequence():fstext/fstext-utils-inl.h:263)  oneframe like is -8.31141 while xend is 2
LOG (gmm-align-compiled-gop[5.3.4~1340-b701]:GetLinearSymbolSequence():fstext/fstext-utils-inl.h:263)  oneframe like is -8.33193 while xend is 3
LOG (gmm-align-compiled-gop[5.3.4~1340-b701]:GetLinearSymbolSequence():fstext/fstext-utils-inl.h:263)  oneframe like is -8.75363 while xend is 4
LOG (gmm-align-compiled-gop[5.3.4~1340-b701]:GetLinearSymbolSequence():fstext/fstext-utils-inl.h:263)  oneframe like is -9.31709 while xend is 5
LOG (gmm-align-compiled-gop[5.3.4~1340-b701]:GetLinearSymbolSequence():fstext/fstext-utils-inl.h:263)  oneframe like is -9.43919 while xend is 6
LOG (gmm-align-compiled-gop[5.3.4~1340-b701]:GetLinearSymbolSequence():fstext/fstext-utils-inl.h:263)  oneframe like is -9.47883 while xend is 7
LOG (gmm-align-compiled-gop[5.3.4~1340-b701]:GetLinearSymbolSequence():fstext/fstext-utils-inl.h:263)  oneframe like is -9.31029 while xend is 8
LOG (gmm-align-compiled-gop[5.3.4~1340-b701]:GetLinearSymbolSequence():fstext/fstext-utils-inl.h:263)  oneframe like is -9.34856 while xend is 9
LOG (gmm-align-compiled-gop[5.3.4~1340-b701]:GetLinearSymbolSequence():fstext/fstext-utils-inl.h:263)  oneframe like is -9.16058 while xend is 10
LOG (gmm-align-compiled-gop[5.3.4~1340-b701]:GetLinearSymbolSequence():fstext/fstext-utils-inl.h:263)  oneframe like is -9.32742 while xend is 11
LOG (gmm-align-compiled-gop[5.3.4~1340-b701]:GetLinearSymbolSequence():fstext/fstext-utils-inl.h:263)  oneframe like is -9.34536 while xend is 12
LOG (gmm-align-compiled-gop[5.3.4~1340-b701]:GetLinearSymbolSequence():fstext/fstext-utils-inl.h:263)  oneframe like is -9.27744 while xend is 13
LOG (gmm-align-compiled-gop[5.3.4~1340-b701]:GetLinearSymbolSequence():fstext/fstext-utils-inl.h:263)  oneframe like is -9.41294 while xend is 14
LOG (gmm-align-compiled-gop[5.3.4~1340-b701]:GetLinearSymbolSequence():fstext/fstext-utils-inl.h:263)  oneframe like is -9.99957 while xend is 15
LOG (gmm-align-compiled-gop[5.3.4~1340-b701]:GetLinearSymbolSequence():fstext/fstext-utils-inl.h:263)  oneframe like is -10.4071 while xend is 16
LOG (gmm-align-compiled-gop[5.3.4~1340-b701]:GetLinearSymbolSequence():fstext/fstext-utils-inl.h:263)  oneframe like is -10.4391 while xend is 17
LOG (gmm-align-compiled-gop[5.3.4~1340-b701]:GetLinearSymbolSequence():fstext/fstext-utils-inl.h:263)  oneframe like is -10.4567 while xend is 18
LOG (gmm-align-compiled-gop[5.3.4~1340-b701]:GetLinearSymbolSequence():fstext/fstext-utils-inl.h:263)  oneframe like is -10.8156 while xend is 19
LOG (gmm-align-compiled-gop[5.3.4~1340-b701]:GetLinearSymbolSequence():fstext/fstext-utils-inl.h:263)  oneframe like is -11.0504 while xend is 20
LOG (gmm-align-compiled-gop[5.3.4~1340-b701]:GetLinearSymbolSequence():fstext/fstext-utils-inl.h:263)  oneframe like is -10.5309 while xend is 21
LOG (gmm-align-compiled-gop[5.3.4~1340-b701]:GetLinearSymbolSequence():fstext/fstext-utils-inl.h:263)  oneframe like is -10.3961 while xend is 22
LOG (gmm-align-compiled-gop[5.3.4~1340-b701]:GetLinearSymbolSequence():fstext/fstext-utils-inl.h:263)  oneframe like is -9.7565 while xend is 23
LOG (gmm-align-compiled-gop[5.3.4~1340-b701]:GetLinearSymbolSequence():fstext/fstext-utils-inl.h:263)  oneframe like is -9.16789 while xend is 24
LOG (gmm-align-compiled-gop[5.3.4~1340-b701]:GetLinearSymbolSequence():fstext/fstext-utils-inl.h:263)  oneframe like is -9.14128 while xend is 25
LOG (gmm-align-compiled-gop[5.3.4~1340-b701]:GetLinearSymbolSequence():fstext/fstext-utils-inl.h:263)  oneframe like is -9.59152 while xend is 26
LOG (gmm-align-compiled-gop[5.3.4~1340-b701]:GetLinearSymbolSequence():fstext/fstext-utils-inl.h:263)  oneframe like is -9.59998 while xend is 27
LOG (gmm-align-compiled-gop[5.3.4~1340-b701]:GetLinearSymbolSequence():fstext/fstext-utils-inl.h:263)  oneframe like is -9.87073 while xend is 28
LOG (gmm-align-compiled-gop[5.3.4~1340-b701]:GetLinearSymbolSequence():fstext/fstext-utils-inl.h:263)  oneframe like is -10.0306 while xend is 29
LOG (gmm-align-compiled-gop[5.3.4~1340-b701]:GetLinearSymbolSequence():fstext/fstext-utils-inl.h:263)  oneframe like is -10.6158 while xend is 30
LOG (gmm-align-compiled-gop[5.3.4~1340-b701]:GetLinearSymbolSequence():fstext/fstext-utils-inl.h:263)  oneframe like is -10.451 while xend is 31
LOG (gmm-align-compiled-gop[5.3.4~1340-b701]:GetLinearSymbolSequence():fstext/fstext-utils-inl.h:263)  oneframe like is -9.85974 while xend is 32
LOG (gmm-align-compiled-gop[5.3.4~1340-b701]:GetLinearSymbolSequence():fstext/fstext-utils-inl.h:263)  oneframe like is -9.3569 while xend is 33
LOG (gmm-align-compiled-gop[5.3.4~1340-b701]:GetLinearSymbolSequence():fstext/fstext-utils-inl.h:263)  oneframe like is -9.33279 while xend is 34
LOG (gmm-align-compiled-gop[5.3.4~1340-b701]:GetLinearSymbolSequence():fstext/fstext-utils-inl.h:263)  oneframe like is -8.97278 while xend is 35
LOG (gmm-align-compiled-gop[5.3.4~1340-b701]:GetLinearSymbolSequence():fstext/fstext-utils-inl.h:263)  oneframe like is -8.99377 while xend is 36
LOG (gmm-align-compiled-gop[5.3.4~1340-b701]:GetLinearSymbolSequence():fstext/fstext-utils-inl.h:263)  oneframe like is -9.09439 while xend is 37
LOG (gmm-align-compiled-gop[5.3.4~1340-b701]:GetLinearSymbolSequence():fstext/fstext-utils-inl.h:263)  oneframe like is -9.22452 while xend is 38
LOG (gmm-align-compiled-gop[5.3.4~1340-b701]:GetLinearSymbolSequence():fstext/fstext-utils-inl.h:263)  oneframe like is -9.33896 while xend is 39
LOG (gmm-align-compiled-gop[5.3.4~1340-b701]:GetLinearSymbolSequence():fstext/fstext-utils-inl.h:263)  oneframe like is -9.19 while xend is 40
LOG (gmm-align-compiled-gop[5.3.4~1340-b701]:GetLinearSymbolSequence():fstext/fstext-utils-inl.h:263)  oneframe like is -9.24496 while xend is 41
LOG (gmm-align-compiled-gop[5.3.4~1340-b701]:GetLinearSymbolSequence():fstext/fstext-utils-inl.h:263)  oneframe like is -9.36075 while xend is 42
LOG (gmm-align-compiled-gop[5.3.4~1340-b701]:GetLinearSymbolSequence():fstext/fstext-utils-inl.h:263)  oneframe like is -9.56689 while xend is 43
LOG (gmm-align-compiled-gop[5.3.4~1340-b701]:GetLinearSymbolSequence():fstext/fstext-utils-inl.h:263)  oneframe like is -9.94394 while xend is 44
LOG (gmm-align-compiled-gop[5.3.4~1340-b701]:GetLinearSymbolSequence():fstext/fstext-utils-inl.h:263)  oneframe like is -9.95428 while xend is 45
LOG (gmm-align-compiled-gop[5.3.4~1340-b701]:GetLinearSymbolSequence():fstext/fstext-utils-inl.h:263)  oneframe like is -9.92682 while xend is 46
LOG (gmm-align-compiled-gop[5.3.4~1340-b701]:GetLinearSymbolSequence():fstext/fstext-utils-inl.h:263)  oneframe like is -9.96454 while xend is 47
LOG (gmm-align-compiled-gop[5.3.4~1340-b701]:GetLinearSymbolSequence():fstext/fstext-utils-inl.h:263)  oneframe like is -9.91623 while xend is 48
LOG (gmm-align-compiled-gop[5.3.4~1340-b701]:GetLinearSymbolSequence():fstext/fstext-utils-inl.h:263)  oneframe like is -10.0368 while xend is 49
LOG (gmm-align-compiled-gop[5.3.4~1340-b701]:GetLinearSymbolSequence():fstext/fstext-utils-inl.h:263)  oneframe like is -9.793 while xend is 50
LOG (gmm-align-compiled-gop[5.3.4~1340-b701]:GetLinearSymbolSequence():fstext/fstext-utils-inl.h:263)  oneframe like is -9.71487 while xend is 51
LOG (gmm-align-compiled-gop[5.3.4~1340-b701]:GetLinearSymbolSequence():fstext/fstext-utils-inl.h:263)  oneframe like is -9.37662 while xend is 52
LOG (gmm-align-compiled-gop[5.3.4~1340-b701]:GetLinearSymbolSequence():fstext/fstext-utils-inl.h:263)  oneframe like is -9.1058 while xend is 53
LOG (gmm-align-compiled-gop[5.3.4~1340-b701]:GetLinearSymbolSequence():fstext/fstext-utils-inl.h:263)  oneframe like is -9.1507 while xend is 54
LOG (gmm-align-compiled-gop[5.3.4~1340-b701]:GetLinearSymbolSequence():fstext/fstext-utils-inl.h:263)  oneframe like is -8.76471 while xend is 55
LOG (gmm-align-compiled-gop[5.3.4~1340-b701]:GetLinearSymbolSequence():fstext/fstext-utils-inl.h:263)  oneframe like is -8.61127 while xend is 56
LOG (gmm-align-compiled-gop[5.3.4~1340-b701]:GetLinearSymbolSequence():fstext/fstext-utils-inl.h:263)  oneframe like is -8.58282 while xend is 57
LOG (gmm-align-compiled-gop[5.3.4~1340-b701]:GetLinearSymbolSequence():fstext/fstext-utils-inl.h:263)  oneframe like is -9.20288 while xend is 58
LOG (gmm-align-compiled-gop[5.3.4~1340-b701]:GetLinearSymbolSequence():fstext/fstext-utils-inl.h:263)  oneframe like is -9.84906 while xend is 59
LOG (gmm-align-compiled-gop[5.3.4~1340-b701]:GetLinearSymbolSequence():fstext/fstext-utils-inl.h:263)  oneframe like is -10.1342 while xend is 60
LOG (gmm-align-compiled-gop[5.3.4~1340-b701]:GetLinearSymbolSequence():fstext/fstext-utils-inl.h:263)  oneframe like is -10.6631 while xend is 61
LOG (gmm-align-compiled-gop[5.3.4~1340-b701]:GetLinearSymbolSequence():fstext/fstext-utils-inl.h:263)  oneframe like is -11.1234 while xend is 62
LOG (gmm-align-compiled-gop[5.3.4~1340-b701]:GetLinearSymbolSequence():fstext/fstext-utils-inl.h:263)  oneframe like is -10.5523 while xend is 63
LOG (gmm-align-compiled-gop[5.3.4~1340-b701]:GetLinearSymbolSequence():fstext/fstext-utils-inl.h:263)  oneframe like is -10.0659 while xend is 64
LOG (gmm-align-compiled-gop[5.3.4~1340-b701]:GetLinearSymbolSequence():fstext/fstext-utils-inl.h:263)  oneframe like is -9.25476 while xend is 65
LOG (gmm-align-compiled-gop[5.3.4~1340-b701]:GetLinearSymbolSequence():fstext/fstext-utils-inl.h:263)  oneframe like is -9.48108 while xend is 66
LOG (gmm-align-compiled-gop[5.3.4~1340-b701]:GetLinearSymbolSequence():fstext/fstext-utils-inl.h:263)  oneframe like is -9.34485 while xend is 67
LOG (gmm-align-compiled-gop[5.3.4~1340-b701]:GetLinearSymbolSequence():fstext/fstext-utils-inl.h:263)  oneframe like is -9.08081 while xend is 68
LOG (gmm-align-compiled-gop[5.3.4~1340-b701]:GetLinearSymbolSequence():fstext/fstext-utils-inl.h:263)  oneframe like is -8.95331 while xend is 69
LOG (gmm-align-compiled-gop[5.3.4~1340-b701]:GetLinearSymbolSequence():fstext/fstext-utils-inl.h:263)  oneframe like is -8.95142 while xend is 70
LOG (gmm-align-compiled-gop[5.3.4~1340-b701]:GetLinearSymbolSequence():fstext/fstext-utils-inl.h:263)  oneframe like is -8.85236 while xend is 71
LOG (gmm-align-compiled-gop[5.3.4~1340-b701]:GetLinearSymbolSequence():fstext/fstext-utils-inl.h:263)  oneframe like is -9.13123 while xend is 72
LOG (gmm-align-compiled-gop[5.3.4~1340-b701]:GetLinearSymbolSequence():fstext/fstext-utils-inl.h:263)  oneframe like is -8.95435 while xend is 73
LOG (gmm-align-compiled-gop[5.3.4~1340-b701]:GetLinearSymbolSequence():fstext/fstext-utils-inl.h:263)  oneframe like is -8.95416 while xend is 74
LOG (gmm-align-compiled-gop[5.3.4~1340-b701]:GetLinearSymbolSequence():fstext/fstext-utils-inl.h:263)  oneframe like is -8.72845 while xend is 75
LOG (gmm-align-compiled-gop[5.3.4~1340-b701]:GetLinearSymbolSequence():fstext/fstext-utils-inl.h:263)  oneframe like is -8.61664 while xend is 76
LOG (gmm-align-compiled-gop[5.3.4~1340-b701]:GetLinearSymbolSequence():fstext/fstext-utils-inl.h:263)  oneframe like is -8.55945 while xend is 77
LOG (gmm-align-compiled-gop[5.3.4~1340-b701]:GetLinearSymbolSequence():fstext/fstext-utils-inl.h:263)  oneframe like is -8.47076 while xend is 78
LOG (gmm-align-compiled-gop[5.3.4~1340-b701]:GetLinearSymbolSequence():fstext/fstext-utils-inl.h:263)  oneframe like is -8.87994 while xend is 79
LOG (gmm-align-compiled-gop[5.3.4~1340-b701]:GetLinearSymbolSequence():fstext/fstext-utils-inl.h:263)  oneframe like is -8.80182 while xend is 80
LOG (gmm-align-compiled-gop[5.3.4~1340-b701]:GetLinearSymbolSequence():fstext/fstext-utils-inl.h:263)  oneframe like is -9.07428 while xend is 81
LOG (gmm-align-compiled-gop[5.3.4~1340-b701]:GetLinearSymbolSequence():fstext/fstext-utils-inl.h:263)  oneframe like is -9.15845 while xend is 82
LOG (gmm-align-compiled-gop[5.3.4~1340-b701]:GetLinearSymbolSequence():fstext/fstext-utils-inl.h:263)  oneframe like is -9.15643 while xend is 83
LOG (gmm-align-compiled-gop[5.3.4~1340-b701]:GetLinearSymbolSequence():fstext/fstext-utils-inl.h:263)  oneframe like is -9.28381 while xend is 84
LOG (gmm-align-compiled-gop[5.3.4~1340-b701]:GetLinearSymbolSequence():fstext/fstext-utils-inl.h:263)  oneframe like is -8.99878 while xend is 85
LOG (gmm-align-compiled-gop[5.3.4~1340-b701]:GetLinearSymbolSequence():fstext/fstext-utils-inl.h:263)  oneframe like is -9.18091 while xend is 86
LOG (gmm-align-compiled-gop[5.3.4~1340-b701]:GetLinearSymbolSequence():fstext/fstext-utils-inl.h:263)  oneframe like is -9.57031 while xend is 87
LOG (gmm-align-compiled-gop[5.3.4~1340-b701]:GetLinearSymbolSequence():fstext/fstext-utils-inl.h:263)  oneframe like is -9.32941 while xend is 88
LOG (gmm-align-compiled-gop[5.3.4~1340-b701]:GetLinearSymbolSequence():fstext/fstext-utils-inl.h:263)  oneframe like is -9.51923 while xend is 89
LOG (gmm-align-compiled-gop[5.3.4~1340-b701]:GetLinearSymbolSequence():fstext/fstext-utils-inl.h:263)  oneframe like is -9.16663 while xend is 90
LOG (gmm-align-compiled-gop[5.3.4~1340-b701]:GetLinearSymbolSequence():fstext/fstext-utils-inl.h:263)  oneframe like is -9.94275 while xend is 91
LOG (gmm-align-compiled-gop[5.3.4~1340-b701]:GetLinearSymbolSequence():fstext/fstext-utils-inl.h:263)  oneframe like is -10.2322 while xend is 92
LOG (gmm-align-compiled-gop[5.3.4~1340-b701]:GetLinearSymbolSequence():fstext/fstext-utils-inl.h:263)  oneframe like is -10.0965 while xend is 93
LOG (gmm-align-compiled-gop[5.3.4~1340-b701]:GetLinearSymbolSequence():fstext/fstext-utils-inl.h:263)  oneframe like is -9.82568 while xend is 94
LOG (gmm-align-compiled-gop[5.3.4~1340-b701]:GetLinearSymbolSequence():fstext/fstext-utils-inl.h:263)  oneframe like is -9.31714 while xend is 95
LOG (gmm-align-compiled-gop[5.3.4~1340-b701]:GetLinearSymbolSequence():fstext/fstext-utils-inl.h:263)  oneframe like is -8.35999 while xend is 96
LOG (gmm-align-compiled-gop[5.3.4~1340-b701]:GetLinearSymbolSequence():fstext/fstext-utils-inl.h:263)  oneframe like is -8.67609 while xend is 97
LOG (gmm-align-compiled-gop[5.3.4~1340-b701]:GetLinearSymbolSequence():fstext/fstext-utils-inl.h:263)  oneframe like is -8.5741 while xend is 98
LOG (gmm-align-compiled-gop[5.3.4~1340-b701]:GetLinearSymbolSequence():fstext/fstext-utils-inl.h:263)  oneframe like is -8.33459 while xend is 99
LOG (gmm-align-compiled-gop[5.3.4~1340-b701]:GetLinearSymbolSequence():fstext/fstext-utils-inl.h:263)  oneframe like is -8.06952 while xend is 100
LOG (gmm-align-compiled-gop[5.3.4~1340-b701]:GetLinearSymbolSequence():fstext/fstext-utils-inl.h:263)  oneframe like is -7.5567 while xend is 101
LOG (gmm-align-compiled-gop[5.3.4~1340-b701]:GetLinearSymbolSequence():fstext/fstext-utils-inl.h:263)  oneframe like is -7.89655 while xend is 102
LOG (gmm-align-compiled-gop[5.3.4~1340-b701]:GetLinearSymbolSequence():fstext/fstext-utils-inl.h:263)  oneframe like is -6.95184 while xend is 103
LOG (gmm-align-compiled-gop[5.3.4~1340-b701]:GetLinearSymbolSequence():fstext/fstext-utils-inl.h:263)  oneframe like is -8.21759 while xend is 104
LOG (gmm-align-compiled-gop[5.3.4~1340-b701]:GetLinearSymbolSequence():fstext/fstext-utils-inl.h:263)  oneframe like is -7.54901 while xend is 105
LOG (gmm-align-compiled-gop[5.3.4~1340-b701]:GetLinearSymbolSequence():fstext/fstext-utils-inl.h:263)  oneframe like is -8.19977 while xend is 106
LOG (gmm-align-compiled-gop[5.3.4~1340-b701]:GetLinearSymbolSequence():fstext/fstext-utils-inl.h:263)  oneframe like is -8.40338 while xend is 107
LOG (gmm-align-compiled-gop[5.3.4~1340-b701]:GetLinearSymbolSequence():fstext/fstext-utils-inl.h:263)  oneframe like is -8.27863 while xend is 108
LOG (gmm-align-compiled-gop[5.3.4~1340-b701]:GetLinearSymbolSequence():fstext/fstext-utils-inl.h:263)  oneframe like is -8.77136 while xend is 109
LOG (gmm-align-compiled-gop[5.3.4~1340-b701]:GetLinearSymbolSequence():fstext/fstext-utils-inl.h:263)  oneframe like is -9.24042 while xend is 110
LOG (gmm-align-compiled-gop[5.3.4~1340-b701]:GetLinearSymbolSequence():fstext/fstext-utils-inl.h:263)  oneframe like is -9.69629 while xend is 111
LOG (gmm-align-compiled-gop[5.3.4~1340-b701]:GetLinearSymbolSequence():fstext/fstext-utils-inl.h:263)  oneframe like is -9.20667 while xend is 112
LOG (gmm-align-compiled-gop[5.3.4~1340-b701]:GetLinearSymbolSequence():fstext/fstext-utils-inl.h:263)  oneframe like is -8.40088 while xend is 113
LOG (gmm-align-compiled-gop[5.3.4~1340-b701]:GetLinearSymbolSequence():fstext/fstext-utils-inl.h:263)  oneframe like is -8.04785 while xend is 114
LOG (gmm-align-compiled-gop[5.3.4~1340-b701]:GetLinearSymbolSequence():fstext/fstext-utils-inl.h:263)  oneframe like is -7.19324 while xend is 115
LOG (gmm-align-compiled-gop[5.3.4~1340-b701]:GetLinearSymbolSequence():fstext/fstext-utils-inl.h:263)  oneframe like is -6.73096 while xend is 116
LOG (gmm-align-compiled-gop[5.3.4~1340-b701]:GetLinearSymbolSequence():fstext/fstext-utils-inl.h:263)  oneframe like is -9.12012 while xend is 117
LOG (gmm-align-compiled-gop[5.3.4~1340-b701]:GetLinearSymbolSequence():fstext/fstext-utils-inl.h:263)  oneframe like is -9.28918 while xend is 118
LOG (gmm-align-compiled-gop[5.3.4~1340-b701]:GetLinearSymbolSequence():fstext/fstext-utils-inl.h:263)  oneframe like is -12.2593 while xend is 119
LOG (gmm-align-compiled-gop[5.3.4~1340-b701]:GetLinearSymbolSequence():fstext/fstext-utils-inl.h:263)  oneframe like is -9.17151 while xend is 120
LOG (gmm-align-compiled-gop[5.3.4~1340-b701]:GetLinearSymbolSequence():fstext/fstext-utils-inl.h:263)  oneframe like is -11.4569 while xend is 121
LOG (gmm-align-compiled-gop[5.3.4~1340-b701]:GetLinearSymbolSequence():fstext/fstext-utils-inl.h:263)  oneframe like is -9.37598 while xend is 122
LOG (gmm-align-compiled-gop[5.3.4~1340-b701]:GetLinearSymbolSequence():fstext/fstext-utils-inl.h:263)  oneframe like is -9.84363 while xend is 123
LOG (gmm-align-compiled-gop[5.3.4~1340-b701]:GetLinearSymbolSequence():fstext/fstext-utils-inl.h:263)  oneframe like is -8.93799 while xend is 124
LOG (gmm-align-compiled-gop[5.3.4~1340-b701]:GetLinearSymbolSequence():fstext/fstext-utils-inl.h:263)  oneframe like is -9.83716 while xend is 125
LOG (gmm-align-compiled-gop[5.3.4~1340-b701]:GetLinearSymbolSequence():fstext/fstext-utils-inl.h:263)  oneframe like is -10.4683 while xend is 126
LOG (gmm-align-compiled-gop[5.3.4~1340-b701]:GetLinearSymbolSequence():fstext/fstext-utils-inl.h:263)  oneframe like is -9.77148 while xend is 127
LOG (gmm-align-compiled-gop[5.3.4~1340-b701]:GetLinearSymbolSequence():fstext/fstext-utils-inl.h:263)  oneframe like is -9.8457 while xend is 128
LOG (gmm-align-compiled-gop[5.3.4~1340-b701]:GetLinearSymbolSequence():fstext/fstext-utils-inl.h:263)  oneframe like is -10.2554 while xend is 129
LOG (gmm-align-compiled-gop[5.3.4~1340-b701]:GetLinearSymbolSequence():fstext/fstext-utils-inl.h:263)  oneframe like is -9.82642 while xend is 130
LOG (gmm-align-compiled-gop[5.3.4~1340-b701]:GetLinearSymbolSequence():fstext/fstext-utils-inl.h:263)  oneframe like is -10.1481 while xend is 131
LOG (gmm-align-compiled-gop[5.3.4~1340-b701]:GetLinearSymbolSequence():fstext/fstext-utils-inl.h:263)  oneframe like is -8.10657 while xend is 132
LOG (gmm-align-compiled-gop[5.3.4~1340-b701]:GetLinearSymbolSequence():fstext/fstext-utils-inl.h:263)  oneframe like is -9.31372 while xend is 133
LOG (gmm-align-compiled-gop[5.3.4~1340-b701]:GetLinearSymbolSequence():fstext/fstext-utils-inl.h:263)  oneframe like is -8.51074 while xend is 134
LOG (gmm-align-compiled-gop[5.3.4~1340-b701]:GetLinearSymbolSequence():fstext/fstext-utils-inl.h:263)  oneframe like is -8.73645 while xend is 135
LOG (gmm-align-compiled-gop[5.3.4~1340-b701]:GetLinearSymbolSequence():fstext/fstext-utils-inl.h:263)  oneframe like is -8.79419 while xend is 136
LOG (gmm-align-compiled-gop[5.3.4~1340-b701]:GetLinearSymbolSequence():fstext/fstext-utils-inl.h:263)  oneframe like is -9.01208 while xend is 137
LOG (gmm-align-compiled-gop[5.3.4~1340-b701]:GetLinearSymbolSequence():fstext/fstext-utils-inl.h:263)  oneframe like is -9.04712 while xend is 138
LOG (gmm-align-compiled-gop[5.3.4~1340-b701]:GetLinearSymbolSequence():fstext/fstext-utils-inl.h:263)  oneframe like is -8.79504 while xend is 139
LOG (gmm-align-compiled-gop[5.3.4~1340-b701]:GetLinearSymbolSequence():fstext/fstext-utils-inl.h:263)  oneframe like is -9.61426 while xend is 140
LOG (gmm-align-compiled-gop[5.3.4~1340-b701]:GetLinearSymbolSequence():fstext/fstext-utils-inl.h:263)  oneframe like is -11.3635 while xend is 141
LOG (gmm-align-compiled-gop[5.3.4~1340-b701]:GetLinearSymbolSequence():fstext/fstext-utils-inl.h:263)  oneframe like is -9.34705 while xend is 142
LOG (gmm-align-compiled-gop[5.3.4~1340-b701]:GetLinearSymbolSequence():fstext/fstext-utils-inl.h:263)  oneframe like is -10.5182 while xend is 143
LOG (gmm-align-compiled-gop[5.3.4~1340-b701]:GetLinearSymbolSequence():fstext/fstext-utils-inl.h:263)  oneframe like is -10.3243 while xend is 144
LOG (gmm-align-compiled-gop[5.3.4~1340-b701]:GetLinearSymbolSequence():fstext/fstext-utils-inl.h:263)  oneframe like is -11.1161 while xend is 145
LOG (gmm-align-compiled-gop[5.3.4~1340-b701]:GetLinearSymbolSequence():fstext/fstext-utils-inl.h:263)  oneframe like is -10.4427 while xend is 146
LOG (gmm-align-compiled-gop[5.3.4~1340-b701]:GetLinearSymbolSequence():fstext/fstext-utils-inl.h:263)  oneframe like is -10.4478 while xend is 147
LOG (gmm-align-compiled-gop[5.3.4~1340-b701]:GetLinearSymbolSequence():fstext/fstext-utils-inl.h:263)  oneframe like is -11.5404 while xend is 148
LOG (gmm-align-compiled-gop[5.3.4~1340-b701]:GetLinearSymbolSequence():fstext/fstext-utils-inl.h:263)  oneframe like is -9.29126 while xend is 149
LOG (gmm-align-compiled-gop[5.3.4~1340-b701]:GetLinearSymbolSequence():fstext/fstext-utils-inl.h:263)  oneframe like is -8.57837 while xend is 150
LOG (gmm-align-compiled-gop[5.3.4~1340-b701]:GetLinearSymbolSequence():fstext/fstext-utils-inl.h:263)  oneframe like is -8.41772 while xend is 151
LOG (gmm-align-compiled-gop[5.3.4~1340-b701]:GetLinearSymbolSequence():fstext/fstext-utils-inl.h:263)  oneframe like is -8.84998 while xend is 152
LOG (gmm-align-compiled-gop[5.3.4~1340-b701]:GetLinearSymbolSequence():fstext/fstext-utils-inl.h:263)  oneframe like is -8.6864 while xend is 153
LOG (gmm-align-compiled-gop[5.3.4~1340-b701]:GetLinearSymbolSequence():fstext/fstext-utils-inl.h:263)  oneframe like is -8.33667 while xend is 154
LOG (gmm-align-compiled-gop[5.3.4~1340-b701]:GetLinearSymbolSequence():fstext/fstext-utils-inl.h:263)  oneframe like is -8.4967 while xend is 155
LOG (gmm-align-compiled-gop[5.3.4~1340-b701]:GetLinearSymbolSequence():fstext/fstext-utils-inl.h:263)  oneframe like is -8.54248 while xend is 156
LOG (gmm-align-compiled-gop[5.3.4~1340-b701]:GetLinearSymbolSequence():fstext/fstext-utils-inl.h:263)  oneframe like is -9.61023 while xend is 157
LOG (gmm-align-compiled-gop[5.3.4~1340-b701]:GetLinearSymbolSequence():fstext/fstext-utils-inl.h:263)  oneframe like is -8.52649 while xend is 158
LOG (gmm-align-compiled-gop[5.3.4~1340-b701]:GetLinearSymbolSequence():fstext/fstext-utils-inl.h:263)  oneframe like is -9.30957 while xend is 159
LOG (gmm-align-compiled-gop[5.3.4~1340-b701]:GetLinearSymbolSequence():fstext/fstext-utils-inl.h:263)  oneframe like is -9.84082 while xend is 160
LOG (gmm-align-compiled-gop[5.3.4~1340-b701]:GetLinearSymbolSequence():fstext/fstext-utils-inl.h:263)  oneframe like is -9.55017 while xend is 161
LOG (gmm-align-compiled-gop[5.3.4~1340-b701]:GetLinearSymbolSequence():fstext/fstext-utils-inl.h:263)  oneframe like is -8.31055 while xend is 162
LOG (gmm-align-compiled-gop[5.3.4~1340-b701]:GetLinearSymbolSequence():fstext/fstext-utils-inl.h:263)  oneframe like is -8.09448 while xend is 163
LOG (gmm-align-compiled-gop[5.3.4~1340-b701]:GetLinearSymbolSequence():fstext/fstext-utils-inl.h:263)  oneframe like is -7.63818 while xend is 164
LOG (gmm-align-compiled-gop[5.3.4~1340-b701]:GetLinearSymbolSequence():fstext/fstext-utils-inl.h:263)  oneframe like is -6.93115 while xend is 165
LOG (gmm-align-compiled-gop[5.3.4~1340-b701]:GetLinearSymbolSequence():fstext/fstext-utils-inl.h:263)  oneframe like is -7.00354 while xend is 166
LOG (gmm-align-compiled-gop[5.3.4~1340-b701]:GetLinearSymbolSequence():fstext/fstext-utils-inl.h:263)  oneframe like is -6.71008 while xend is 167
LOG (gmm-align-compiled-gop[5.3.4~1340-b701]:GetLinearSymbolSequence():fstext/fstext-utils-inl.h:263)  oneframe like is -7.2677 while xend is 168
LOG (gmm-align-compiled-gop[5.3.4~1340-b701]:GetLinearSymbolSequence():fstext/fstext-utils-inl.h:263)  oneframe like is -7.03662 while xend is 169
LOG (gmm-align-compiled-gop[5.3.4~1340-b701]:GetLinearSymbolSequence():fstext/fstext-utils-inl.h:263)  oneframe like is -7.01514 while xend is 170
LOG (gmm-align-compiled-gop[5.3.4~1340-b701]:GetLinearSymbolSequence():fstext/fstext-utils-inl.h:263)  oneframe like is -6.0752 while xend is 171
LOG (gmm-align-compiled-gop[5.3.4~1340-b701]:GetLinearSymbolSequence():fstext/fstext-utils-inl.h:263)  oneframe like is -6.70886 while xend is 172
LOG (gmm-align-compiled-gop[5.3.4~1340-b701]:GetLinearSymbolSequence():fstext/fstext-utils-inl.h:263)  oneframe like is -6.3949 while xend is 173
LOG (gmm-align-compiled-gop[5.3.4~1340-b701]:GetLinearSymbolSequence():fstext/fstext-utils-inl.h:263)  oneframe like is -6.04248 while xend is 174
LOG (gmm-align-compiled-gop[5.3.4~1340-b701]:GetLinearSymbolSequence():fstext/fstext-utils-inl.h:263)  oneframe like is -6.47546 while xend is 175
LOG (gmm-align-compiled-gop[5.3.4~1340-b701]:GetLinearSymbolSequence():fstext/fstext-utils-inl.h:263)  oneframe like is -7.04895 while xend is 176
LOG (gmm-align-compiled-gop[5.3.4~1340-b701]:GetLinearSymbolSequence():fstext/fstext-utils-inl.h:263)  oneframe like is -8.94238 while xend is 177
LOG (gmm-align-compiled-gop[5.3.4~1340-b701]:GetLinearSymbolSequence():fstext/fstext-utils-inl.h:263)  oneframe like is -8.99634 while xend is 178
LOG (gmm-align-compiled-gop[5.3.4~1340-b701]:GetLinearSymbolSequence():fstext/fstext-utils-inl.h:263)  oneframe like is -9.39075 while xend is 179
LOG (gmm-align-compiled-gop[5.3.4~1340-b701]:GetLinearSymbolSequence():fstext/fstext-utils-inl.h:263)  oneframe like is -9.07935 while xend is 180
LOG (gmm-align-compiled-gop[5.3.4~1340-b701]:GetLinearSymbolSequence():fstext/fstext-utils-inl.h:263)  oneframe like is -9.11523 while xend is 181
LOG (gmm-align-compiled-gop[5.3.4~1340-b701]:GetLinearSymbolSequence():fstext/fstext-utils-inl.h:263)  oneframe like is -9.36023 while xend is 182
LOG (gmm-align-compiled-gop[5.3.4~1340-b701]:GetLinearSymbolSequence():fstext/fstext-utils-inl.h:263)  oneframe like is -9.67468 while xend is 183
LOG (gmm-align-compiled-gop[5.3.4~1340-b701]:GetLinearSymbolSequence():fstext/fstext-utils-inl.h:263)  oneframe like is -10.1526 while xend is 184
LOG (gmm-align-compiled-gop[5.3.4~1340-b701]:GetLinearSymbolSequence():fstext/fstext-utils-inl.h:263)  oneframe like is -10.2371 while xend is 185
LOG (gmm-align-compiled-gop[5.3.4~1340-b701]:GetLinearSymbolSequence():fstext/fstext-utils-inl.h:263)  oneframe like is -11.3145 while xend is 186
LOG (gmm-align-compiled-gop[5.3.4~1340-b701]:GetLinearSymbolSequence():fstext/fstext-utils-inl.h:263)  oneframe like is -11.9768 while xend is 187
LOG (gmm-align-compiled-gop[5.3.4~1340-b701]:GetLinearSymbolSequence():fstext/fstext-utils-inl.h:263)  oneframe like is -12.3926 while xend is 188
LOG (gmm-align-compiled-gop[5.3.4~1340-b701]:GetLinearSymbolSequence():fstext/fstext-utils-inl.h:263)  oneframe like is -12.5524 while xend is 189
LOG (gmm-align-compiled-gop[5.3.4~1340-b701]:GetLinearSymbolSequence():fstext/fstext-utils-inl.h:263)  oneframe like is -12.0386 while xend is 190
LOG (gmm-align-compiled-gop[5.3.4~1340-b701]:GetLinearSymbolSequence():fstext/fstext-utils-inl.h:263)  oneframe like is -12.4192 while xend is 191
LOG (gmm-align-compiled-gop[5.3.4~1340-b701]:GetLinearSymbolSequence():fstext/fstext-utils-inl.h:263)  oneframe like is -11.1221 while xend is 192
LOG (gmm-align-compiled-gop[5.3.4~1340-b701]:GetLinearSymbolSequence():fstext/fstext-utils-inl.h:263)  oneframe like is -10.3274 while xend is 193
LOG (gmm-align-compiled-gop[5.3.4~1340-b701]:GetLinearSymbolSequence():fstext/fstext-utils-inl.h:263)  oneframe like is -9.75549 while xend is 194
LOG (gmm-align-compiled-gop[5.3.4~1340-b701]:GetLinearSymbolSequence():fstext/fstext-utils-inl.h:263)  oneframe like is -9.33459 while xend is 195
LOG (gmm-align-compiled-gop[5.3.4~1340-b701]:GetLinearSymbolSequence():fstext/fstext-utils-inl.h:263)  oneframe like is -8.35938 while xend is 196
LOG (gmm-align-compiled-gop[5.3.4~1340-b701]:GetLinearSymbolSequence():fstext/fstext-utils-inl.h:263)  oneframe like is -8.20459 while xend is 197
LOG (gmm-align-compiled-gop[5.3.4~1340-b701]:GetLinearSymbolSequence():fstext/fstext-utils-inl.h:263)  oneframe like is -9.25684 while xend is 198
LOG (gmm-align-compiled-gop[5.3.4~1340-b701]:GetLinearSymbolSequence():fstext/fstext-utils-inl.h:263)  oneframe like is -9.05518 while xend is 199
LOG (gmm-align-compiled-gop[5.3.4~1340-b701]:GetLinearSymbolSequence():fstext/fstext-utils-inl.h:263)  oneframe like is -8.90186 while xend is 200
LOG (gmm-align-compiled-gop[5.3.4~1340-b701]:GetLinearSymbolSequence():fstext/fstext-utils-inl.h:263)  oneframe like is -8.63086 while xend is 201
LOG (gmm-align-compiled-gop[5.3.4~1340-b701]:GetLinearSymbolSequence():fstext/fstext-utils-inl.h:263)  oneframe like is -8.89075 while xend is 202
LOG (gmm-align-compiled-gop[5.3.4~1340-b701]:GetLinearSymbolSequence():fstext/fstext-utils-inl.h:263)  oneframe like is -8.29248 while xend is 203
LOG (gmm-align-compiled-gop[5.3.4~1340-b701]:GetLinearSymbolSequence():fstext/fstext-utils-inl.h:263)  oneframe like is -8.46973 while xend is 204
LOG (gmm-align-compiled-gop[5.3.4~1340-b701]:GetLinearSymbolSequence():fstext/fstext-utils-inl.h:263)  oneframe like is -8.98267 while xend is 205
LOG (gmm-align-compiled-gop[5.3.4~1340-b701]:GetLinearSymbolSequence():fstext/fstext-utils-inl.h:263)  oneframe like is -8.74915 while xend is 206
LOG (gmm-align-compiled-gop[5.3.4~1340-b701]:GetLinearSymbolSequence():fstext/fstext-utils-inl.h:263)  oneframe like is -8.14539 while xend is 207
LOG (gmm-align-compiled-gop[5.3.4~1340-b701]:GetLinearSymbolSequence():fstext/fstext-utils-inl.h:263)  oneframe like is -7.73328 while xend is 208
LOG (gmm-align-compiled-gop[5.3.4~1340-b701]:GetLinearSymbolSequence():fstext/fstext-utils-inl.h:263)  oneframe like is -7.41663 while xend is 209
LOG (gmm-align-compiled-gop[5.3.4~1340-b701]:GetLinearSymbolSequence():fstext/fstext-utils-inl.h:263)  oneframe like is -7.77051 while xend is 210
LOG (gmm-align-compiled-gop[5.3.4~1340-b701]:GetLinearSymbolSequence():fstext/fstext-utils-inl.h:263)  oneframe like is -7.41687 while xend is 211
LOG (gmm-align-compiled-gop[5.3.4~1340-b701]:GetLinearSymbolSequence():fstext/fstext-utils-inl.h:263)  oneframe like is -7.46997 while xend is 212
LOG (gmm-align-compiled-gop[5.3.4~1340-b701]:GetLinearSymbolSequence():fstext/fstext-utils-inl.h:263)  oneframe like is -7.67554 while xend is 213
LOG (gmm-align-compiled-gop[5.3.4~1340-b701]:GetLinearSymbolSequence():fstext/fstext-utils-inl.h:263)  oneframe like is -8.16907 while xend is 214
LOG (gmm-align-compiled-gop[5.3.4~1340-b701]:GetLinearSymbolSequence():fstext/fstext-utils-inl.h:263)  oneframe like is -7.74377 while xend is 215
LOG (gmm-align-compiled-gop[5.3.4~1340-b701]:GetLinearSymbolSequence():fstext/fstext-utils-inl.h:263)  oneframe like is -7.39978 while xend is 216
LOG (gmm-align-compiled-gop[5.3.4~1340-b701]:GetLinearSymbolSequence():fstext/fstext-utils-inl.h:263)  oneframe like is -8.33411 while xend is 217
LOG (gmm-align-compiled-gop[5.3.4~1340-b701]:GetLinearSymbolSequence():fstext/fstext-utils-inl.h:263)  oneframe like is -9.12854 while xend is 218
LOG (gmm-align-compiled-gop[5.3.4~1340-b701]:GetLinearSymbolSequence():fstext/fstext-utils-inl.h:263)  oneframe like is -9.16211 while xend is 219
LOG (gmm-align-compiled-gop[5.3.4~1340-b701]:GetLinearSymbolSequence():fstext/fstext-utils-inl.h:263)  oneframe like is -8.61462 while xend is 220
LOG (gmm-align-compiled-gop[5.3.4~1340-b701]:GetLinearSymbolSequence():fstext/fstext-utils-inl.h:263)  oneframe like is -8.5863 while xend is 221
LOG (gmm-align-compiled-gop[5.3.4~1340-b701]:GetLinearSymbolSequence():fstext/fstext-utils-inl.h:263)  oneframe like is -8.58313 while xend is 222
LOG (gmm-align-compiled-gop[5.3.4~1340-b701]:GetLinearSymbolSequence():fstext/fstext-utils-inl.h:263)  oneframe like is -8.21973 while xend is 223
LOG (gmm-align-compiled-gop[5.3.4~1340-b701]:GetLinearSymbolSequence():fstext/fstext-utils-inl.h:263)  oneframe like is -8.18665 while xend is 224
LOG (gmm-align-compiled-gop[5.3.4~1340-b701]:GetLinearSymbolSequence():fstext/fstext-utils-inl.h:263)  oneframe like is -7.85205 while xend is 225
LOG (gmm-align-compiled-gop[5.3.4~1340-b701]:GetLinearSymbolSequence():fstext/fstext-utils-inl.h:263)  oneframe like is -8.39795 while xend is 226
LOG (gmm-align-compiled-gop[5.3.4~1340-b701]:GetLinearSymbolSequence():fstext/fstext-utils-inl.h:263)  oneframe like is -8.40723 while xend is 227
LOG (gmm-align-compiled-gop[5.3.4~1340-b701]:GetLinearSymbolSequence():fstext/fstext-utils-inl.h:263)  oneframe like is -7.80396 while xend is 228
LOG (gmm-align-compiled-gop[5.3.4~1340-b701]:GetLinearSymbolSequence():fstext/fstext-utils-inl.h:263)  oneframe like is -7.40601 while xend is 229
LOG (gmm-align-compiled-gop[5.3.4~1340-b701]:GetLinearSymbolSequence():fstext/fstext-utils-inl.h:263)  oneframe like is -7.32153 while xend is 230
LOG (gmm-align-compiled-gop[5.3.4~1340-b701]:GetLinearSymbolSequence():fstext/fstext-utils-inl.h:263)  oneframe like is -8.01807 while xend is 231
LOG (gmm-align-compiled-gop[5.3.4~1340-b701]:GetLinearSymbolSequence():fstext/fstext-utils-inl.h:263)  oneframe like is -7.82788 while xend is 232
LOG (gmm-align-compiled-gop[5.3.4~1340-b701]:GetLinearSymbolSequence():fstext/fstext-utils-inl.h:263)  oneframe like is -7.82129 while xend is 233
LOG (gmm-align-compiled-gop[5.3.4~1340-b701]:GetLinearSymbolSequence():fstext/fstext-utils-inl.h:263)  oneframe like is -7.34546 while xend is 234
LOG (gmm-align-compiled-gop[5.3.4~1340-b701]:GetLinearSymbolSequence():fstext/fstext-utils-inl.h:263)  oneframe like is -7.31567 while xend is 235
LOG (gmm-align-compiled-gop[5.3.4~1340-b701]:GetLinearSymbolSequence():fstext/fstext-utils-inl.h:263)  oneframe like is -7.45703 while xend is 236
LOG (gmm-align-compiled-gop[5.3.4~1340-b701]:GetLinearSymbolSequence():fstext/fstext-utils-inl.h:263)  oneframe like is -8.90698 while xend is 237
LOG (gmm-align-compiled-gop[5.3.4~1340-b701]:GetLinearSymbolSequence():fstext/fstext-utils-inl.h:263)  oneframe like is -9.30127 while xend is 238
LOG (gmm-align-compiled-gop[5.3.4~1340-b701]:GetLinearSymbolSequence():fstext/fstext-utils-inl.h:263)  oneframe like is -11.2786 while xend is 239
LOG (gmm-align-compiled-gop[5.3.4~1340-b701]:GetLinearSymbolSequence():fstext/fstext-utils-inl.h:263)  oneframe like is -11.4895 while xend is 240
LOG (gmm-align-compiled-gop[5.3.4~1340-b701]:GetLinearSymbolSequence():fstext/fstext-utils-inl.h:263)  oneframe like is -11.4617 while xend is 241
LOG (gmm-align-compiled-gop[5.3.4~1340-b701]:GetLinearSymbolSequence():fstext/fstext-utils-inl.h:263)  oneframe like is -13.1218 while xend is 242
LOG (gmm-align-compiled-gop[5.3.4~1340-b701]:GetLinearSymbolSequence():fstext/fstext-utils-inl.h:263)  oneframe like is -13.1514 while xend is 243
LOG (gmm-align-compiled-gop[5.3.4~1340-b701]:GetLinearSymbolSequence():fstext/fstext-utils-inl.h:263)  oneframe like is -12.6521 while xend is 244
LOG (gmm-align-compiled-gop[5.3.4~1340-b701]:GetLinearSymbolSequence():fstext/fstext-utils-inl.h:263)  oneframe like is -11.8938 while xend is 245
LOG (gmm-align-compiled-gop[5.3.4~1340-b701]:GetLinearSymbolSequence():fstext/fstext-utils-inl.h:263)  oneframe like is -12.1238 while xend is 246
LOG (gmm-align-compiled-gop[5.3.4~1340-b701]:GetLinearSymbolSequence():fstext/fstext-utils-inl.h:263)  oneframe like is -11.8933 while xend is 247
LOG (gmm-align-compiled-gop[5.3.4~1340-b701]:GetLinearSymbolSequence():fstext/fstext-utils-inl.h:263)  oneframe like is -10.4768 while xend is 248
LOG (gmm-align-compiled-gop[5.3.4~1340-b701]:GetLinearSymbolSequence():fstext/fstext-utils-inl.h:263)  oneframe like is -11.228 while xend is 249
LOG (gmm-align-compiled-gop[5.3.4~1340-b701]:GetLinearSymbolSequence():fstext/fstext-utils-inl.h:263)  oneframe like is -10.5498 while xend is 250
LOG (gmm-align-compiled-gop[5.3.4~1340-b701]:GetLinearSymbolSequence():fstext/fstext-utils-inl.h:263)  oneframe like is -10.7419 while xend is 251
LOG (gmm-align-compiled-gop[5.3.4~1340-b701]:GetLinearSymbolSequence():fstext/fstext-utils-inl.h:263)  oneframe like is -11.0417 while xend is 252
LOG (gmm-align-compiled-gop[5.3.4~1340-b701]:GetLinearSymbolSequence():fstext/fstext-utils-inl.h:263)  oneframe like is -10.2542 while xend is 253
LOG (gmm-align-compiled-gop[5.3.4~1340-b701]:GetLinearSymbolSequence():fstext/fstext-utils-inl.h:263)  oneframe like is -10.0645 while xend is 254
LOG (gmm-align-compiled-gop[5.3.4~1340-b701]:GetLinearSymbolSequence():fstext/fstext-utils-inl.h:263)  oneframe like is -10.4863 while xend is 255
LOG (gmm-align-compiled-gop[5.3.4~1340-b701]:GetLinearSymbolSequence():fstext/fstext-utils-inl.h:263)  oneframe like is -10.2385 while xend is 256
LOG (gmm-align-compiled-gop[5.3.4~1340-b701]:GetLinearSymbolSequence():fstext/fstext-utils-inl.h:263)  oneframe like is -9.86353 while xend is 257
LOG (gmm-align-compiled-gop[5.3.4~1340-b701]:GetLinearSymbolSequence():fstext/fstext-utils-inl.h:263)  oneframe like is -10.8499 while xend is 258
LOG (gmm-align-compiled-gop[5.3.4~1340-b701]:GetLinearSymbolSequence():fstext/fstext-utils-inl.h:263)  oneframe like is -12.5281 while xend is 259
LOG (gmm-align-compiled-gop[5.3.4~1340-b701]:GetLinearSymbolSequence():fstext/fstext-utils-inl.h:263)  oneframe like is -12.1162 while xend is 260
LOG (gmm-align-compiled-gop[5.3.4~1340-b701]:GetLinearSymbolSequence():fstext/fstext-utils-inl.h:263)  oneframe like is -10.4009 while xend is 261
LOG (gmm-align-compiled-gop[5.3.4~1340-b701]:GetLinearSymbolSequence():fstext/fstext-utils-inl.h:263)  oneframe like is -9.64868 while xend is 262
LOG (gmm-align-compiled-gop[5.3.4~1340-b701]:GetLinearSymbolSequence():fstext/fstext-utils-inl.h:263)  oneframe like is -8.6897 while xend is 263
LOG (gmm-align-compiled-gop[5.3.4~1340-b701]:GetLinearSymbolSequence():fstext/fstext-utils-inl.h:263)  oneframe like is -8.73413 while xend is 264
LOG (gmm-align-compiled-gop[5.3.4~1340-b701]:GetLinearSymbolSequence():fstext/fstext-utils-inl.h:263)  oneframe like is -8.89673 while xend is 265
LOG (gmm-align-compiled-gop[5.3.4~1340-b701]:GetLinearSymbolSequence():fstext/fstext-utils-inl.h:263)  oneframe like is -8.99268 while xend is 266
LOG (gmm-align-compiled-gop[5.3.4~1340-b701]:GetLinearSymbolSequence():fstext/fstext-utils-inl.h:263)  oneframe like is -8.3999 while xend is 267
LOG (gmm-align-compiled-gop[5.3.4~1340-b701]:GetLinearSymbolSequence():fstext/fstext-utils-inl.h:263)  oneframe like is -8.82153 while xend is 268
LOG (gmm-align-compiled-gop[5.3.4~1340-b701]:GetLinearSymbolSequence():fstext/fstext-utils-inl.h:263)  oneframe like is -8.44678 while xend is 269
LOG (gmm-align-compiled-gop[5.3.4~1340-b701]:GetLinearSymbolSequence():fstext/fstext-utils-inl.h:263)  oneframe like is -8.94995 while xend is 270
LOG (gmm-align-compiled-gop[5.3.4~1340-b701]:GetLinearSymbolSequence():fstext/fstext-utils-inl.h:263)  oneframe like is -8.6377 while xend is 271
LOG (gmm-align-compiled-gop[5.3.4~1340-b701]:GetLinearSymbolSequence():fstext/fstext-utils-inl.h:263)  oneframe like is -8.73853 while xend is 272
LOG (gmm-align-compiled-gop[5.3.4~1340-b701]:GetLinearSymbolSequence():fstext/fstext-utils-inl.h:263)  oneframe like is -8.05688 while xend is 273
LOG (gmm-align-compiled-gop[5.3.4~1340-b701]:GetLinearSymbolSequence():fstext/fstext-utils-inl.h:263)  oneframe like is -8.54346 while xend is 274
LOG (gmm-align-compiled-gop[5.3.4~1340-b701]:GetLinearSymbolSequence():fstext/fstext-utils-inl.h:263)  oneframe like is -7.34229 while xend is 275
LOG (gmm-align-compiled-gop[5.3.4~1340-b701]:GetLinearSymbolSequence():fstext/fstext-utils-inl.h:263)  oneframe like is -8.86768 while xend is 276
LOG (gmm-align-compiled-gop[5.3.4~1340-b701]:GetLinearSymbolSequence():fstext/fstext-utils-inl.h:263)  oneframe like is -8.50049 while xend is 277
LOG (gmm-align-compiled-gop[5.3.4~1340-b701]:GetLinearSymbolSequence():fstext/fstext-utils-inl.h:263)  oneframe like is -8.69141 while xend is 278
LOG (gmm-align-compiled-gop[5.3.4~1340-b701]:GetLinearSymbolSequence():fstext/fstext-utils-inl.h:263)  oneframe like is -8.79224 while xend is 279
LOG (gmm-align-compiled-gop[5.3.4~1340-b701]:GetLinearSymbolSequence():fstext/fstext-utils-inl.h:263)  oneframe like is -8.82275 while xend is 280
LOG (gmm-align-compiled-gop[5.3.4~1340-b701]:GetLinearSymbolSequence():fstext/fstext-utils-inl.h:263)  oneframe like is -9.59082 while xend is 281
LOG (gmm-align-compiled-gop[5.3.4~1340-b701]:GetLinearSymbolSequence():fstext/fstext-utils-inl.h:263)  oneframe like is -9.41968 while xend is 282
LOG (gmm-align-compiled-gop[5.3.4~1340-b701]:GetLinearSymbolSequence():fstext/fstext-utils-inl.h:263)  oneframe like is -11.239 while xend is 283
LOG (gmm-align-compiled-gop[5.3.4~1340-b701]:GetLinearSymbolSequence():fstext/fstext-utils-inl.h:263)  oneframe like is -10.5027 while xend is 284
LOG (gmm-align-compiled-gop[5.3.4~1340-b701]:GetLinearSymbolSequence():fstext/fstext-utils-inl.h:263)  oneframe like is -10.4636 while xend is 285
LOG (gmm-align-compiled-gop[5.3.4~1340-b701]:GetLinearSymbolSequence():fstext/fstext-utils-inl.h:263)  oneframe like is -10.7793 while xend is 286
LOG (gmm-align-compiled-gop[5.3.4~1340-b701]:GetLinearSymbolSequence():fstext/fstext-utils-inl.h:263)  oneframe like is -11.7993 while xend is 287
LOG (gmm-align-compiled-gop[5.3.4~1340-b701]:GetLinearSymbolSequence():fstext/fstext-utils-inl.h:263)  oneframe like is -11.1018 while xend is 288
LOG (gmm-align-compiled-gop[5.3.4~1340-b701]:GetLinearSymbolSequence():fstext/fstext-utils-inl.h:263)  oneframe like is -12.1184 while xend is 289
LOG (gmm-align-compiled-gop[5.3.4~1340-b701]:GetLinearSymbolSequence():fstext/fstext-utils-inl.h:263)  oneframe like is -12.1851 while xend is 290
LOG (gmm-align-compiled-gop[5.3.4~1340-b701]:GetLinearSymbolSequence():fstext/fstext-utils-inl.h:263)  oneframe like is -12.0195 while xend is 291
LOG (gmm-align-compiled-gop[5.3.4~1340-b701]:GetLinearSymbolSequence():fstext/fstext-utils-inl.h:263)  oneframe like is -10.9651 while xend is 292
LOG (gmm-align-compiled-gop[5.3.4~1340-b701]:GetLinearSymbolSequence():fstext/fstext-utils-inl.h:263)  oneframe like is -10.9836 while xend is 293
LOG (gmm-align-compiled-gop[5.3.4~1340-b701]:GetLinearSymbolSequence():fstext/fstext-utils-inl.h:263)  oneframe like is -10.9309 while xend is 294
LOG (gmm-align-compiled-gop[5.3.4~1340-b701]:GetLinearSymbolSequence():fstext/fstext-utils-inl.h:263)  oneframe like is -10.0867 while xend is 295
LOG (gmm-align-compiled-gop[5.3.4~1340-b701]:GetLinearSymbolSequence():fstext/fstext-utils-inl.h:263)  oneframe like is -9.07764 while xend is 296
LOG (gmm-align-compiled-gop[5.3.4~1340-b701]:main():gmm-align-compiled-gop.cc:136) Overall log-likelihood per frame is -93.8907 over 297 frames.
LOG (gmm-align-compiled-gop[5.3.4~1340-b701]:main():gmm-align-compiled-gop.cc:138) Retried 0 out of 1 utterances.
LOG (gmm-align-compiled-gop[5.3.4~1340-b701]:main():gmm-align-compiled-gop.cc:140) Done 1, errors on 0
# Accounting: time=0 threads=1
# Ended (code 0) at Fri May 18 10:49:50 HKT 2018, elapsed time 0 seconds
