# compile-train-graphs --read-disambig-syms=data/lang/phones/disambig.int exp/tri1_one_ali/84e8b50b23/tree exp/tri1_one_ali/84e8b50b23/final.mdl data/lang/L.fst "ark:utils/sym2int.pl --map-oov 3 -f 2- data/lang/words.txt data/84e8b50b23/split1/1/text|" ark:- | gmm-align-compiled-gop --transition-scale=1.0 --acoustic-scale=0.1 --self-loop-scale=0.1 --beam=10 --retry-beam=40 --careful=false "gmm-boost-silence --boost=1.25 1 exp/tri1_one_ali/84e8b50b23/final.mdl - |" ark:- "ark,s,cs:apply-cmvn  --utt2spk=ark:data/84e8b50b23/split1/1/utt2spk scp:data/84e8b50b23/split1/1/cmvn.scp scp:data/84e8b50b23/split1/1/feats.scp ark:- | add-deltas  ark:- ark:- |" "ark,t:|gzip -c >exp/tri1_one_ali/84e8b50b23/ali.1.gz" 
# Started at Tue May 22 17:46:38 HKT 2018
#
compile-train-graphs --read-disambig-syms=data/lang/phones/disambig.int exp/tri1_one_ali/84e8b50b23/tree exp/tri1_one_ali/84e8b50b23/final.mdl data/lang/L.fst 'ark:utils/sym2int.pl --map-oov 3 -f 2- data/lang/words.txt data/84e8b50b23/split1/1/text|' ark:- 
gmm-align-compiled-gop --transition-scale=1.0 --acoustic-scale=0.1 --self-loop-scale=0.1 --beam=10 --retry-beam=40 --careful=false 'gmm-boost-silence --boost=1.25 1 exp/tri1_one_ali/84e8b50b23/final.mdl - |' ark:- 'ark,s,cs:apply-cmvn  --utt2spk=ark:data/84e8b50b23/split1/1/utt2spk scp:data/84e8b50b23/split1/1/cmvn.scp scp:data/84e8b50b23/split1/1/feats.scp ark:- | add-deltas  ark:- ark:- |' 'ark,t:|gzip -c >exp/tri1_one_ali/84e8b50b23/ali.1.gz' 
gmm-boost-silence --boost=1.25 1 exp/tri1_one_ali/84e8b50b23/final.mdl - 
sym2int.pl: replacing 疲れ with 3
sym2int.pl: replacing まし with 3
** Replaced 2 instances of OOVs with 3
WARNING (gmm-boost-silence[5.3.4~1340-b701]:main():gmm-boost-silence.cc:82) The pdfs for the silence phones may be shared by other phones (note: this probably does not matter.)
LOG (gmm-boost-silence[5.3.4~1340-b701]:main():gmm-boost-silence.cc:93) Boosted weights for 5 pdfs, by factor of 1.25
LOG (compile-train-graphs[5.3.4~1340-b701]:main():compile-train-graphs.cc:147) compile-train-graphs: succeeded for 1 graphs, failed for 0
LOG (gmm-boost-silence[5.3.4~1340-b701]:main():gmm-boost-silence.cc:103) Wrote model to -
apply-cmvn --utt2spk=ark:data/84e8b50b23/split1/1/utt2spk scp:data/84e8b50b23/split1/1/cmvn.scp scp:data/84e8b50b23/split1/1/feats.scp ark:- 
add-deltas ark:- ark:- 
LOG (apply-cmvn[5.3.4~1340-b701]:main():apply-cmvn.cc:162) Applied cepstral mean normalization to 1 utterances, errors on 0
LOG (gmm-align-compiled-gop[5.3.4~1340-b701]:main():gmm-align-compiled-gop.cc:127) answer
LOG (gmm-align-compiled-gop[5.3.4~1340-b701]:GetLinearSymbolSequence():fstext/fstext-utils-inl.h:263)  oneframe like is -11.3489 while xend is 0
LOG (gmm-align-compiled-gop[5.3.4~1340-b701]:GetLinearSymbolSequence():fstext/fstext-utils-inl.h:263)  oneframe like is -12.4767 while xend is 1
LOG (gmm-align-compiled-gop[5.3.4~1340-b701]:GetLinearSymbolSequence():fstext/fstext-utils-inl.h:263)  oneframe like is -15.7671 while xend is 2
LOG (gmm-align-compiled-gop[5.3.4~1340-b701]:GetLinearSymbolSequence():fstext/fstext-utils-inl.h:263)  oneframe like is -15.3161 while xend is 3
LOG (gmm-align-compiled-gop[5.3.4~1340-b701]:GetLinearSymbolSequence():fstext/fstext-utils-inl.h:263)  oneframe like is -13.984 while xend is 4
LOG (gmm-align-compiled-gop[5.3.4~1340-b701]:GetLinearSymbolSequence():fstext/fstext-utils-inl.h:263)  oneframe like is -11.9454 while xend is 5
LOG (gmm-align-compiled-gop[5.3.4~1340-b701]:GetLinearSymbolSequence():fstext/fstext-utils-inl.h:263)  oneframe like is -11.7845 while xend is 6
LOG (gmm-align-compiled-gop[5.3.4~1340-b701]:GetLinearSymbolSequence():fstext/fstext-utils-inl.h:263)  oneframe like is -10.3828 while xend is 7
LOG (gmm-align-compiled-gop[5.3.4~1340-b701]:GetLinearSymbolSequence():fstext/fstext-utils-inl.h:263)  oneframe like is -10.42 while xend is 8
LOG (gmm-align-compiled-gop[5.3.4~1340-b701]:GetLinearSymbolSequence():fstext/fstext-utils-inl.h:263)  oneframe like is -9.58659 while xend is 9
LOG (gmm-align-compiled-gop[5.3.4~1340-b701]:GetLinearSymbolSequence():fstext/fstext-utils-inl.h:263)  oneframe like is -9.69827 while xend is 10
LOG (gmm-align-compiled-gop[5.3.4~1340-b701]:GetLinearSymbolSequence():fstext/fstext-utils-inl.h:263)  oneframe like is -9.45282 while xend is 11
LOG (gmm-align-compiled-gop[5.3.4~1340-b701]:GetLinearSymbolSequence():fstext/fstext-utils-inl.h:263)  oneframe like is -9.70172 while xend is 12
LOG (gmm-align-compiled-gop[5.3.4~1340-b701]:GetLinearSymbolSequence():fstext/fstext-utils-inl.h:263)  oneframe like is -10.3483 while xend is 13
LOG (gmm-align-compiled-gop[5.3.4~1340-b701]:GetLinearSymbolSequence():fstext/fstext-utils-inl.h:263)  oneframe like is -11.3524 while xend is 14
LOG (gmm-align-compiled-gop[5.3.4~1340-b701]:GetLinearSymbolSequence():fstext/fstext-utils-inl.h:263)  oneframe like is -11.9781 while xend is 15
LOG (gmm-align-compiled-gop[5.3.4~1340-b701]:GetLinearSymbolSequence():fstext/fstext-utils-inl.h:263)  oneframe like is -14.2737 while xend is 16
LOG (gmm-align-compiled-gop[5.3.4~1340-b701]:GetLinearSymbolSequence():fstext/fstext-utils-inl.h:263)  oneframe like is -14.0186 while xend is 17
LOG (gmm-align-compiled-gop[5.3.4~1340-b701]:GetLinearSymbolSequence():fstext/fstext-utils-inl.h:263)  oneframe like is -12.6656 while xend is 18
LOG (gmm-align-compiled-gop[5.3.4~1340-b701]:GetLinearSymbolSequence():fstext/fstext-utils-inl.h:263)  oneframe like is -10.822 while xend is 19
LOG (gmm-align-compiled-gop[5.3.4~1340-b701]:GetLinearSymbolSequence():fstext/fstext-utils-inl.h:263)  oneframe like is -10.2425 while xend is 20
LOG (gmm-align-compiled-gop[5.3.4~1340-b701]:GetLinearSymbolSequence():fstext/fstext-utils-inl.h:263)  oneframe like is -8.97722 while xend is 21
LOG (gmm-align-compiled-gop[5.3.4~1340-b701]:GetLinearSymbolSequence():fstext/fstext-utils-inl.h:263)  oneframe like is -8.40421 while xend is 22
LOG (gmm-align-compiled-gop[5.3.4~1340-b701]:GetLinearSymbolSequence():fstext/fstext-utils-inl.h:263)  oneframe like is -8.16241 while xend is 23
LOG (gmm-align-compiled-gop[5.3.4~1340-b701]:GetLinearSymbolSequence():fstext/fstext-utils-inl.h:263)  oneframe like is -8.08578 while xend is 24
LOG (gmm-align-compiled-gop[5.3.4~1340-b701]:GetLinearSymbolSequence():fstext/fstext-utils-inl.h:263)  oneframe like is -9.21359 while xend is 25
LOG (gmm-align-compiled-gop[5.3.4~1340-b701]:GetLinearSymbolSequence():fstext/fstext-utils-inl.h:263)  oneframe like is -8.26416 while xend is 26
LOG (gmm-align-compiled-gop[5.3.4~1340-b701]:GetLinearSymbolSequence():fstext/fstext-utils-inl.h:263)  oneframe like is -8.39575 while xend is 27
LOG (gmm-align-compiled-gop[5.3.4~1340-b701]:GetLinearSymbolSequence():fstext/fstext-utils-inl.h:263)  oneframe like is -6.68182 while xend is 28
LOG (gmm-align-compiled-gop[5.3.4~1340-b701]:GetLinearSymbolSequence():fstext/fstext-utils-inl.h:263)  oneframe like is -6.76053 while xend is 29
LOG (gmm-align-compiled-gop[5.3.4~1340-b701]:GetLinearSymbolSequence():fstext/fstext-utils-inl.h:263)  oneframe like is -7.45602 while xend is 30
LOG (gmm-align-compiled-gop[5.3.4~1340-b701]:GetLinearSymbolSequence():fstext/fstext-utils-inl.h:263)  oneframe like is -8.54544 while xend is 31
LOG (gmm-align-compiled-gop[5.3.4~1340-b701]:GetLinearSymbolSequence():fstext/fstext-utils-inl.h:263)  oneframe like is -8.05084 while xend is 32
LOG (gmm-align-compiled-gop[5.3.4~1340-b701]:GetLinearSymbolSequence():fstext/fstext-utils-inl.h:263)  oneframe like is -8.90039 while xend is 33
LOG (gmm-align-compiled-gop[5.3.4~1340-b701]:GetLinearSymbolSequence():fstext/fstext-utils-inl.h:263)  oneframe like is -8.11328 while xend is 34
LOG (gmm-align-compiled-gop[5.3.4~1340-b701]:GetLinearSymbolSequence():fstext/fstext-utils-inl.h:263)  oneframe like is -8.21371 while xend is 35
LOG (gmm-align-compiled-gop[5.3.4~1340-b701]:GetLinearSymbolSequence():fstext/fstext-utils-inl.h:263)  oneframe like is -7.78787 while xend is 36
LOG (gmm-align-compiled-gop[5.3.4~1340-b701]:GetLinearSymbolSequence():fstext/fstext-utils-inl.h:263)  oneframe like is -8.05048 while xend is 37
LOG (gmm-align-compiled-gop[5.3.4~1340-b701]:GetLinearSymbolSequence():fstext/fstext-utils-inl.h:263)  oneframe like is -7.20126 while xend is 38
LOG (gmm-align-compiled-gop[5.3.4~1340-b701]:GetLinearSymbolSequence():fstext/fstext-utils-inl.h:263)  oneframe like is -7.2601 while xend is 39
LOG (gmm-align-compiled-gop[5.3.4~1340-b701]:GetLinearSymbolSequence():fstext/fstext-utils-inl.h:263)  oneframe like is -7.17728 while xend is 40
LOG (gmm-align-compiled-gop[5.3.4~1340-b701]:GetLinearSymbolSequence():fstext/fstext-utils-inl.h:263)  oneframe like is -7.30194 while xend is 41
LOG (gmm-align-compiled-gop[5.3.4~1340-b701]:GetLinearSymbolSequence():fstext/fstext-utils-inl.h:263)  oneframe like is -6.20667 while xend is 42
LOG (gmm-align-compiled-gop[5.3.4~1340-b701]:GetLinearSymbolSequence():fstext/fstext-utils-inl.h:263)  oneframe like is -6.81448 while xend is 43
LOG (gmm-align-compiled-gop[5.3.4~1340-b701]:GetLinearSymbolSequence():fstext/fstext-utils-inl.h:263)  oneframe like is -7.38757 while xend is 44
LOG (gmm-align-compiled-gop[5.3.4~1340-b701]:GetLinearSymbolSequence():fstext/fstext-utils-inl.h:263)  oneframe like is -7.44174 while xend is 45
LOG (gmm-align-compiled-gop[5.3.4~1340-b701]:GetLinearSymbolSequence():fstext/fstext-utils-inl.h:263)  oneframe like is -7.9729 while xend is 46
LOG (gmm-align-compiled-gop[5.3.4~1340-b701]:GetLinearSymbolSequence():fstext/fstext-utils-inl.h:263)  oneframe like is -7.74692 while xend is 47
LOG (gmm-align-compiled-gop[5.3.4~1340-b701]:GetLinearSymbolSequence():fstext/fstext-utils-inl.h:263)  oneframe like is -7.13229 while xend is 48
LOG (gmm-align-compiled-gop[5.3.4~1340-b701]:GetLinearSymbolSequence():fstext/fstext-utils-inl.h:263)  oneframe like is -7.00449 while xend is 49
LOG (gmm-align-compiled-gop[5.3.4~1340-b701]:GetLinearSymbolSequence():fstext/fstext-utils-inl.h:263)  oneframe like is -6.71106 while xend is 50
LOG (gmm-align-compiled-gop[5.3.4~1340-b701]:GetLinearSymbolSequence():fstext/fstext-utils-inl.h:263)  oneframe like is -5.73105 while xend is 51
LOG (gmm-align-compiled-gop[5.3.4~1340-b701]:GetLinearSymbolSequence():fstext/fstext-utils-inl.h:263)  oneframe like is -6.39087 while xend is 52
LOG (gmm-align-compiled-gop[5.3.4~1340-b701]:GetLinearSymbolSequence():fstext/fstext-utils-inl.h:263)  oneframe like is -5.98636 while xend is 53
LOG (gmm-align-compiled-gop[5.3.4~1340-b701]:GetLinearSymbolSequence():fstext/fstext-utils-inl.h:263)  oneframe like is -7.3241 while xend is 54
LOG (gmm-align-compiled-gop[5.3.4~1340-b701]:GetLinearSymbolSequence():fstext/fstext-utils-inl.h:263)  oneframe like is -6.91992 while xend is 55
LOG (gmm-align-compiled-gop[5.3.4~1340-b701]:GetLinearSymbolSequence():fstext/fstext-utils-inl.h:263)  oneframe like is -8.60886 while xend is 56
LOG (gmm-align-compiled-gop[5.3.4~1340-b701]:GetLinearSymbolSequence():fstext/fstext-utils-inl.h:263)  oneframe like is -9.48029 while xend is 57
LOG (gmm-align-compiled-gop[5.3.4~1340-b701]:GetLinearSymbolSequence():fstext/fstext-utils-inl.h:263)  oneframe like is -10.204 while xend is 58
LOG (gmm-align-compiled-gop[5.3.4~1340-b701]:GetLinearSymbolSequence():fstext/fstext-utils-inl.h:263)  oneframe like is -10.5266 while xend is 59
LOG (gmm-align-compiled-gop[5.3.4~1340-b701]:GetLinearSymbolSequence():fstext/fstext-utils-inl.h:263)  oneframe like is -11.2252 while xend is 60
LOG (gmm-align-compiled-gop[5.3.4~1340-b701]:GetLinearSymbolSequence():fstext/fstext-utils-inl.h:263)  oneframe like is -10.5827 while xend is 61
LOG (gmm-align-compiled-gop[5.3.4~1340-b701]:GetLinearSymbolSequence():fstext/fstext-utils-inl.h:263)  oneframe like is -10.704 while xend is 62
LOG (gmm-align-compiled-gop[5.3.4~1340-b701]:GetLinearSymbolSequence():fstext/fstext-utils-inl.h:263)  oneframe like is -10.9175 while xend is 63
LOG (gmm-align-compiled-gop[5.3.4~1340-b701]:GetLinearSymbolSequence():fstext/fstext-utils-inl.h:263)  oneframe like is -11.3123 while xend is 64
LOG (gmm-align-compiled-gop[5.3.4~1340-b701]:GetLinearSymbolSequence():fstext/fstext-utils-inl.h:263)  oneframe like is -12.7105 while xend is 65
LOG (gmm-align-compiled-gop[5.3.4~1340-b701]:GetLinearSymbolSequence():fstext/fstext-utils-inl.h:263)  oneframe like is -12.9798 while xend is 66
LOG (gmm-align-compiled-gop[5.3.4~1340-b701]:GetLinearSymbolSequence():fstext/fstext-utils-inl.h:263)  oneframe like is -11.802 while xend is 67
LOG (gmm-align-compiled-gop[5.3.4~1340-b701]:GetLinearSymbolSequence():fstext/fstext-utils-inl.h:263)  oneframe like is -10.2687 while xend is 68
LOG (gmm-align-compiled-gop[5.3.4~1340-b701]:GetLinearSymbolSequence():fstext/fstext-utils-inl.h:263)  oneframe like is -10.6066 while xend is 69
LOG (gmm-align-compiled-gop[5.3.4~1340-b701]:GetLinearSymbolSequence():fstext/fstext-utils-inl.h:263)  oneframe like is -11.0128 while xend is 70
LOG (gmm-align-compiled-gop[5.3.4~1340-b701]:GetLinearSymbolSequence():fstext/fstext-utils-inl.h:263)  oneframe like is -11.3559 while xend is 71
LOG (gmm-align-compiled-gop[5.3.4~1340-b701]:GetLinearSymbolSequence():fstext/fstext-utils-inl.h:263)  oneframe like is -11.4588 while xend is 72
LOG (gmm-align-compiled-gop[5.3.4~1340-b701]:GetLinearSymbolSequence():fstext/fstext-utils-inl.h:263)  oneframe like is -11.8079 while xend is 73
LOG (gmm-align-compiled-gop[5.3.4~1340-b701]:GetLinearSymbolSequence():fstext/fstext-utils-inl.h:263)  oneframe like is -11.1753 while xend is 74
LOG (gmm-align-compiled-gop[5.3.4~1340-b701]:GetLinearSymbolSequence():fstext/fstext-utils-inl.h:263)  oneframe like is -10.9291 while xend is 75
LOG (gmm-align-compiled-gop[5.3.4~1340-b701]:GetLinearSymbolSequence():fstext/fstext-utils-inl.h:263)  oneframe like is -10.569 while xend is 76
LOG (gmm-align-compiled-gop[5.3.4~1340-b701]:GetLinearSymbolSequence():fstext/fstext-utils-inl.h:263)  oneframe like is -10.9582 while xend is 77
LOG (gmm-align-compiled-gop[5.3.4~1340-b701]:GetLinearSymbolSequence():fstext/fstext-utils-inl.h:263)  oneframe like is -11.1669 while xend is 78
LOG (gmm-align-compiled-gop[5.3.4~1340-b701]:GetLinearSymbolSequence():fstext/fstext-utils-inl.h:263)  oneframe like is -11.5698 while xend is 79
LOG (gmm-align-compiled-gop[5.3.4~1340-b701]:GetLinearSymbolSequence():fstext/fstext-utils-inl.h:263)  oneframe like is -12.8402 while xend is 80
LOG (gmm-align-compiled-gop[5.3.4~1340-b701]:GetLinearSymbolSequence():fstext/fstext-utils-inl.h:263)  oneframe like is -12.9952 while xend is 81
LOG (gmm-align-compiled-gop[5.3.4~1340-b701]:GetLinearSymbolSequence():fstext/fstext-utils-inl.h:263)  oneframe like is -12.4636 while xend is 82
LOG (gmm-align-compiled-gop[5.3.4~1340-b701]:GetLinearSymbolSequence():fstext/fstext-utils-inl.h:263)  oneframe like is -10.7651 while xend is 83
LOG (gmm-align-compiled-gop[5.3.4~1340-b701]:GetLinearSymbolSequence():fstext/fstext-utils-inl.h:263)  oneframe like is -10.5345 while xend is 84
LOG (gmm-align-compiled-gop[5.3.4~1340-b701]:GetLinearSymbolSequence():fstext/fstext-utils-inl.h:263)  oneframe like is -10.3784 while xend is 85
LOG (gmm-align-compiled-gop[5.3.4~1340-b701]:GetLinearSymbolSequence():fstext/fstext-utils-inl.h:263)  oneframe like is -10.3196 while xend is 86
LOG (gmm-align-compiled-gop[5.3.4~1340-b701]:GetLinearSymbolSequence():fstext/fstext-utils-inl.h:263)  oneframe like is -10.3098 while xend is 87
LOG (gmm-align-compiled-gop[5.3.4~1340-b701]:GetLinearSymbolSequence():fstext/fstext-utils-inl.h:263)  oneframe like is -10.5368 while xend is 88
LOG (gmm-align-compiled-gop[5.3.4~1340-b701]:GetLinearSymbolSequence():fstext/fstext-utils-inl.h:263)  oneframe like is -9.93732 while xend is 89
LOG (gmm-align-compiled-gop[5.3.4~1340-b701]:GetLinearSymbolSequence():fstext/fstext-utils-inl.h:263)  oneframe like is -9.48395 while xend is 90
LOG (gmm-align-compiled-gop[5.3.4~1340-b701]:GetLinearSymbolSequence():fstext/fstext-utils-inl.h:263)  oneframe like is -9.54822 while xend is 91
LOG (gmm-align-compiled-gop[5.3.4~1340-b701]:GetLinearSymbolSequence():fstext/fstext-utils-inl.h:263)  oneframe like is -9.96332 while xend is 92
LOG (gmm-align-compiled-gop[5.3.4~1340-b701]:GetLinearSymbolSequence():fstext/fstext-utils-inl.h:263)  oneframe like is -9.32715 while xend is 93
LOG (gmm-align-compiled-gop[5.3.4~1340-b701]:GetLinearSymbolSequence():fstext/fstext-utils-inl.h:263)  oneframe like is -9.27655 while xend is 94
LOG (gmm-align-compiled-gop[5.3.4~1340-b701]:GetLinearSymbolSequence():fstext/fstext-utils-inl.h:263)  oneframe like is -9.12524 while xend is 95
LOG (gmm-align-compiled-gop[5.3.4~1340-b701]:GetLinearSymbolSequence():fstext/fstext-utils-inl.h:263)  oneframe like is -9.2193 while xend is 96
LOG (gmm-align-compiled-gop[5.3.4~1340-b701]:GetLinearSymbolSequence():fstext/fstext-utils-inl.h:263)  oneframe like is -9.60797 while xend is 97
LOG (gmm-align-compiled-gop[5.3.4~1340-b701]:GetLinearSymbolSequence():fstext/fstext-utils-inl.h:263)  oneframe like is -10.4904 while xend is 98
LOG (gmm-align-compiled-gop[5.3.4~1340-b701]:GetLinearSymbolSequence():fstext/fstext-utils-inl.h:263)  oneframe like is -10.223 while xend is 99
LOG (gmm-align-compiled-gop[5.3.4~1340-b701]:GetLinearSymbolSequence():fstext/fstext-utils-inl.h:263)  oneframe like is -10.5454 while xend is 100
LOG (gmm-align-compiled-gop[5.3.4~1340-b701]:GetLinearSymbolSequence():fstext/fstext-utils-inl.h:263)  oneframe like is -9.67072 while xend is 101
LOG (gmm-align-compiled-gop[5.3.4~1340-b701]:GetLinearSymbolSequence():fstext/fstext-utils-inl.h:263)  oneframe like is -9.77155 while xend is 102
LOG (gmm-align-compiled-gop[5.3.4~1340-b701]:GetLinearSymbolSequence():fstext/fstext-utils-inl.h:263)  oneframe like is -8.98285 while xend is 103
LOG (gmm-align-compiled-gop[5.3.4~1340-b701]:GetLinearSymbolSequence():fstext/fstext-utils-inl.h:263)  oneframe like is -8.7876 while xend is 104
LOG (gmm-align-compiled-gop[5.3.4~1340-b701]:GetLinearSymbolSequence():fstext/fstext-utils-inl.h:263)  oneframe like is -8.71899 while xend is 105
LOG (gmm-align-compiled-gop[5.3.4~1340-b701]:GetLinearSymbolSequence():fstext/fstext-utils-inl.h:263)  oneframe like is -8.80908 while xend is 106
LOG (gmm-align-compiled-gop[5.3.4~1340-b701]:GetLinearSymbolSequence():fstext/fstext-utils-inl.h:263)  oneframe like is -9.50659 while xend is 107
LOG (gmm-align-compiled-gop[5.3.4~1340-b701]:GetLinearSymbolSequence():fstext/fstext-utils-inl.h:263)  oneframe like is -9.81909 while xend is 108
LOG (gmm-align-compiled-gop[5.3.4~1340-b701]:GetLinearSymbolSequence():fstext/fstext-utils-inl.h:263)  oneframe like is -9.89026 while xend is 109
LOG (gmm-align-compiled-gop[5.3.4~1340-b701]:GetLinearSymbolSequence():fstext/fstext-utils-inl.h:263)  oneframe like is -9.90955 while xend is 110
LOG (gmm-align-compiled-gop[5.3.4~1340-b701]:GetLinearSymbolSequence():fstext/fstext-utils-inl.h:263)  oneframe like is -10.2938 while xend is 111
LOG (gmm-align-compiled-gop[5.3.4~1340-b701]:GetLinearSymbolSequence():fstext/fstext-utils-inl.h:263)  oneframe like is -10.1987 while xend is 112
LOG (gmm-align-compiled-gop[5.3.4~1340-b701]:GetLinearSymbolSequence():fstext/fstext-utils-inl.h:263)  oneframe like is -10.1324 while xend is 113
LOG (gmm-align-compiled-gop[5.3.4~1340-b701]:GetLinearSymbolSequence():fstext/fstext-utils-inl.h:263)  oneframe like is -9.39001 while xend is 114
LOG (gmm-align-compiled-gop[5.3.4~1340-b701]:GetLinearSymbolSequence():fstext/fstext-utils-inl.h:263)  oneframe like is -9.8009 while xend is 115
LOG (gmm-align-compiled-gop[5.3.4~1340-b701]:GetLinearSymbolSequence():fstext/fstext-utils-inl.h:263)  oneframe like is -9.90039 while xend is 116
LOG (gmm-align-compiled-gop[5.3.4~1340-b701]:GetLinearSymbolSequence():fstext/fstext-utils-inl.h:263)  oneframe like is -9.70129 while xend is 117
LOG (gmm-align-compiled-gop[5.3.4~1340-b701]:GetLinearSymbolSequence():fstext/fstext-utils-inl.h:263)  oneframe like is -9.43481 while xend is 118
LOG (gmm-align-compiled-gop[5.3.4~1340-b701]:GetLinearSymbolSequence():fstext/fstext-utils-inl.h:263)  oneframe like is -9.51135 while xend is 119
LOG (gmm-align-compiled-gop[5.3.4~1340-b701]:GetLinearSymbolSequence():fstext/fstext-utils-inl.h:263)  oneframe like is -9.95105 while xend is 120
LOG (gmm-align-compiled-gop[5.3.4~1340-b701]:GetLinearSymbolSequence():fstext/fstext-utils-inl.h:263)  oneframe like is -9.62903 while xend is 121
LOG (gmm-align-compiled-gop[5.3.4~1340-b701]:GetLinearSymbolSequence():fstext/fstext-utils-inl.h:263)  oneframe like is -9.80286 while xend is 122
LOG (gmm-align-compiled-gop[5.3.4~1340-b701]:GetLinearSymbolSequence():fstext/fstext-utils-inl.h:263)  oneframe like is -9.38135 while xend is 123
LOG (gmm-align-compiled-gop[5.3.4~1340-b701]:GetLinearSymbolSequence():fstext/fstext-utils-inl.h:263)  oneframe like is -9.49854 while xend is 124
LOG (gmm-align-compiled-gop[5.3.4~1340-b701]:GetLinearSymbolSequence():fstext/fstext-utils-inl.h:263)  oneframe like is -9.47437 while xend is 125
LOG (gmm-align-compiled-gop[5.3.4~1340-b701]:GetLinearSymbolSequence():fstext/fstext-utils-inl.h:263)  oneframe like is -9.23999 while xend is 126
LOG (gmm-align-compiled-gop[5.3.4~1340-b701]:GetLinearSymbolSequence():fstext/fstext-utils-inl.h:263)  oneframe like is -9.56482 while xend is 127
LOG (gmm-align-compiled-gop[5.3.4~1340-b701]:GetLinearSymbolSequence():fstext/fstext-utils-inl.h:263)  oneframe like is -9.9198 while xend is 128
LOG (gmm-align-compiled-gop[5.3.4~1340-b701]:GetLinearSymbolSequence():fstext/fstext-utils-inl.h:263)  oneframe like is -10.3663 while xend is 129
LOG (gmm-align-compiled-gop[5.3.4~1340-b701]:GetLinearSymbolSequence():fstext/fstext-utils-inl.h:263)  oneframe like is -10.6406 while xend is 130
LOG (gmm-align-compiled-gop[5.3.4~1340-b701]:GetLinearSymbolSequence():fstext/fstext-utils-inl.h:263)  oneframe like is -10.8401 while xend is 131
LOG (gmm-align-compiled-gop[5.3.4~1340-b701]:GetLinearSymbolSequence():fstext/fstext-utils-inl.h:263)  oneframe like is -10.7704 while xend is 132
LOG (gmm-align-compiled-gop[5.3.4~1340-b701]:GetLinearSymbolSequence():fstext/fstext-utils-inl.h:263)  oneframe like is -10.8484 while xend is 133
LOG (gmm-align-compiled-gop[5.3.4~1340-b701]:GetLinearSymbolSequence():fstext/fstext-utils-inl.h:263)  oneframe like is -10.4374 while xend is 134
LOG (gmm-align-compiled-gop[5.3.4~1340-b701]:GetLinearSymbolSequence():fstext/fstext-utils-inl.h:263)  oneframe like is -10.8607 while xend is 135
LOG (gmm-align-compiled-gop[5.3.4~1340-b701]:GetLinearSymbolSequence():fstext/fstext-utils-inl.h:263)  oneframe like is -10.4995 while xend is 136
LOG (gmm-align-compiled-gop[5.3.4~1340-b701]:GetLinearSymbolSequence():fstext/fstext-utils-inl.h:263)  oneframe like is -10.6738 while xend is 137
LOG (gmm-align-compiled-gop[5.3.4~1340-b701]:GetLinearSymbolSequence():fstext/fstext-utils-inl.h:263)  oneframe like is -9.67432 while xend is 138
LOG (gmm-align-compiled-gop[5.3.4~1340-b701]:GetLinearSymbolSequence():fstext/fstext-utils-inl.h:263)  oneframe like is -9.26013 while xend is 139
LOG (gmm-align-compiled-gop[5.3.4~1340-b701]:GetLinearSymbolSequence():fstext/fstext-utils-inl.h:263)  oneframe like is -9.0647 while xend is 140
LOG (gmm-align-compiled-gop[5.3.4~1340-b701]:GetLinearSymbolSequence():fstext/fstext-utils-inl.h:263)  oneframe like is -8.65686 while xend is 141
LOG (gmm-align-compiled-gop[5.3.4~1340-b701]:GetLinearSymbolSequence():fstext/fstext-utils-inl.h:263)  oneframe like is -8.65771 while xend is 142
LOG (gmm-align-compiled-gop[5.3.4~1340-b701]:GetLinearSymbolSequence():fstext/fstext-utils-inl.h:263)  oneframe like is -8.8457 while xend is 143
LOG (gmm-align-compiled-gop[5.3.4~1340-b701]:GetLinearSymbolSequence():fstext/fstext-utils-inl.h:263)  oneframe like is -9.20813 while xend is 144
LOG (gmm-align-compiled-gop[5.3.4~1340-b701]:GetLinearSymbolSequence():fstext/fstext-utils-inl.h:263)  oneframe like is -9.33813 while xend is 145
LOG (gmm-align-compiled-gop[5.3.4~1340-b701]:GetLinearSymbolSequence():fstext/fstext-utils-inl.h:263)  oneframe like is -9.39233 while xend is 146
LOG (gmm-align-compiled-gop[5.3.4~1340-b701]:GetLinearSymbolSequence():fstext/fstext-utils-inl.h:263)  oneframe like is -9.53162 while xend is 147
LOG (gmm-align-compiled-gop[5.3.4~1340-b701]:GetLinearSymbolSequence():fstext/fstext-utils-inl.h:263)  oneframe like is -9.70654 while xend is 148
LOG (gmm-align-compiled-gop[5.3.4~1340-b701]:GetLinearSymbolSequence():fstext/fstext-utils-inl.h:263)  oneframe like is -9.40759 while xend is 149
LOG (gmm-align-compiled-gop[5.3.4~1340-b701]:GetLinearSymbolSequence():fstext/fstext-utils-inl.h:263)  oneframe like is -9.59741 while xend is 150
LOG (gmm-align-compiled-gop[5.3.4~1340-b701]:GetLinearSymbolSequence():fstext/fstext-utils-inl.h:263)  oneframe like is -9.51282 while xend is 151
LOG (gmm-align-compiled-gop[5.3.4~1340-b701]:GetLinearSymbolSequence():fstext/fstext-utils-inl.h:263)  oneframe like is -9.73633 while xend is 152
LOG (gmm-align-compiled-gop[5.3.4~1340-b701]:GetLinearSymbolSequence():fstext/fstext-utils-inl.h:263)  oneframe like is -10.2627 while xend is 153
LOG (gmm-align-compiled-gop[5.3.4~1340-b701]:GetLinearSymbolSequence():fstext/fstext-utils-inl.h:263)  oneframe like is -11.6001 while xend is 154
LOG (gmm-align-compiled-gop[5.3.4~1340-b701]:GetLinearSymbolSequence():fstext/fstext-utils-inl.h:263)  oneframe like is -12.4208 while xend is 155
LOG (gmm-align-compiled-gop[5.3.4~1340-b701]:GetLinearSymbolSequence():fstext/fstext-utils-inl.h:263)  oneframe like is -13.1918 while xend is 156
LOG (gmm-align-compiled-gop[5.3.4~1340-b701]:GetLinearSymbolSequence():fstext/fstext-utils-inl.h:263)  oneframe like is -13.7568 while xend is 157
LOG (gmm-align-compiled-gop[5.3.4~1340-b701]:GetLinearSymbolSequence():fstext/fstext-utils-inl.h:263)  oneframe like is -15.6763 while xend is 158
LOG (gmm-align-compiled-gop[5.3.4~1340-b701]:GetLinearSymbolSequence():fstext/fstext-utils-inl.h:263)  oneframe like is -14.807 while xend is 159
LOG (gmm-align-compiled-gop[5.3.4~1340-b701]:GetLinearSymbolSequence():fstext/fstext-utils-inl.h:263)  oneframe like is -16.1412 while xend is 160
LOG (gmm-align-compiled-gop[5.3.4~1340-b701]:GetLinearSymbolSequence():fstext/fstext-utils-inl.h:263)  oneframe like is -16.6011 while xend is 161
LOG (gmm-align-compiled-gop[5.3.4~1340-b701]:GetLinearSymbolSequence():fstext/fstext-utils-inl.h:263)  oneframe like is -16.8928 while xend is 162
LOG (gmm-align-compiled-gop[5.3.4~1340-b701]:GetLinearSymbolSequence():fstext/fstext-utils-inl.h:263)  oneframe like is -15.8911 while xend is 163
LOG (gmm-align-compiled-gop[5.3.4~1340-b701]:GetLinearSymbolSequence():fstext/fstext-utils-inl.h:263)  oneframe like is -15.6757 while xend is 164
LOG (gmm-align-compiled-gop[5.3.4~1340-b701]:GetLinearSymbolSequence():fstext/fstext-utils-inl.h:263)  oneframe like is -15.2424 while xend is 165
LOG (gmm-align-compiled-gop[5.3.4~1340-b701]:GetLinearSymbolSequence():fstext/fstext-utils-inl.h:263)  oneframe like is -13.9087 while xend is 166
LOG (gmm-align-compiled-gop[5.3.4~1340-b701]:GetLinearSymbolSequence():fstext/fstext-utils-inl.h:263)  oneframe like is -12.6829 while xend is 167
LOG (gmm-align-compiled-gop[5.3.4~1340-b701]:GetLinearSymbolSequence():fstext/fstext-utils-inl.h:263)  oneframe like is -12.5813 while xend is 168
LOG (gmm-align-compiled-gop[5.3.4~1340-b701]:GetLinearSymbolSequence():fstext/fstext-utils-inl.h:263)  oneframe like is -11.516 while xend is 169
LOG (gmm-align-compiled-gop[5.3.4~1340-b701]:GetLinearSymbolSequence():fstext/fstext-utils-inl.h:263)  oneframe like is -12.0508 while xend is 170
LOG (gmm-align-compiled-gop[5.3.4~1340-b701]:GetLinearSymbolSequence():fstext/fstext-utils-inl.h:263)  oneframe like is -12.1803 while xend is 171
LOG (gmm-align-compiled-gop[5.3.4~1340-b701]:GetLinearSymbolSequence():fstext/fstext-utils-inl.h:263)  oneframe like is -13.335 while xend is 172
LOG (gmm-align-compiled-gop[5.3.4~1340-b701]:GetLinearSymbolSequence():fstext/fstext-utils-inl.h:263)  oneframe like is -14.0476 while xend is 173
LOG (gmm-align-compiled-gop[5.3.4~1340-b701]:GetLinearSymbolSequence():fstext/fstext-utils-inl.h:263)  oneframe like is -13.5608 while xend is 174
LOG (gmm-align-compiled-gop[5.3.4~1340-b701]:GetLinearSymbolSequence():fstext/fstext-utils-inl.h:263)  oneframe like is -13.6869 while xend is 175
LOG (gmm-align-compiled-gop[5.3.4~1340-b701]:GetLinearSymbolSequence():fstext/fstext-utils-inl.h:263)  oneframe like is -13.4833 while xend is 176
LOG (gmm-align-compiled-gop[5.3.4~1340-b701]:GetLinearSymbolSequence():fstext/fstext-utils-inl.h:263)  oneframe like is -13.7246 while xend is 177
LOG (gmm-align-compiled-gop[5.3.4~1340-b701]:GetLinearSymbolSequence():fstext/fstext-utils-inl.h:263)  oneframe like is -13.4283 while xend is 178
LOG (gmm-align-compiled-gop[5.3.4~1340-b701]:GetLinearSymbolSequence():fstext/fstext-utils-inl.h:263)  oneframe like is -13.8468 while xend is 179
LOG (gmm-align-compiled-gop[5.3.4~1340-b701]:GetLinearSymbolSequence():fstext/fstext-utils-inl.h:263)  oneframe like is -13.5355 while xend is 180
LOG (gmm-align-compiled-gop[5.3.4~1340-b701]:GetLinearSymbolSequence():fstext/fstext-utils-inl.h:263)  oneframe like is -12.7235 while xend is 181
LOG (gmm-align-compiled-gop[5.3.4~1340-b701]:GetLinearSymbolSequence():fstext/fstext-utils-inl.h:263)  oneframe like is -11.7332 while xend is 182
LOG (gmm-align-compiled-gop[5.3.4~1340-b701]:GetLinearSymbolSequence():fstext/fstext-utils-inl.h:263)  oneframe like is -11.5115 while xend is 183
LOG (gmm-align-compiled-gop[5.3.4~1340-b701]:GetLinearSymbolSequence():fstext/fstext-utils-inl.h:263)  oneframe like is -11.2118 while xend is 184
LOG (gmm-align-compiled-gop[5.3.4~1340-b701]:GetLinearSymbolSequence():fstext/fstext-utils-inl.h:263)  oneframe like is -11.4181 while xend is 185
LOG (gmm-align-compiled-gop[5.3.4~1340-b701]:GetLinearSymbolSequence():fstext/fstext-utils-inl.h:263)  oneframe like is -11.9001 while xend is 186
LOG (gmm-align-compiled-gop[5.3.4~1340-b701]:GetLinearSymbolSequence():fstext/fstext-utils-inl.h:263)  oneframe like is -12.421 while xend is 187
LOG (gmm-align-compiled-gop[5.3.4~1340-b701]:GetLinearSymbolSequence():fstext/fstext-utils-inl.h:263)  oneframe like is -12.4882 while xend is 188
LOG (gmm-align-compiled-gop[5.3.4~1340-b701]:GetLinearSymbolSequence():fstext/fstext-utils-inl.h:263)  oneframe like is -12.0443 while xend is 189
LOG (gmm-align-compiled-gop[5.3.4~1340-b701]:GetLinearSymbolSequence():fstext/fstext-utils-inl.h:263)  oneframe like is -11.4786 while xend is 190
LOG (gmm-align-compiled-gop[5.3.4~1340-b701]:GetLinearSymbolSequence():fstext/fstext-utils-inl.h:263)  oneframe like is -11.5582 while xend is 191
LOG (gmm-align-compiled-gop[5.3.4~1340-b701]:GetLinearSymbolSequence():fstext/fstext-utils-inl.h:263)  oneframe like is -11.0387 while xend is 192
LOG (gmm-align-compiled-gop[5.3.4~1340-b701]:GetLinearSymbolSequence():fstext/fstext-utils-inl.h:263)  oneframe like is -10.3623 while xend is 193
LOG (gmm-align-compiled-gop[5.3.4~1340-b701]:GetLinearSymbolSequence():fstext/fstext-utils-inl.h:263)  oneframe like is -10.9093 while xend is 194
LOG (gmm-align-compiled-gop[5.3.4~1340-b701]:GetLinearSymbolSequence():fstext/fstext-utils-inl.h:263)  oneframe like is -10.9785 while xend is 195
LOG (gmm-align-compiled-gop[5.3.4~1340-b701]:GetLinearSymbolSequence():fstext/fstext-utils-inl.h:263)  oneframe like is -11.6663 while xend is 196
LOG (gmm-align-compiled-gop[5.3.4~1340-b701]:GetLinearSymbolSequence():fstext/fstext-utils-inl.h:263)  oneframe like is -12.0732 while xend is 197
LOG (gmm-align-compiled-gop[5.3.4~1340-b701]:GetLinearSymbolSequence():fstext/fstext-utils-inl.h:263)  oneframe like is -11.8606 while xend is 198
LOG (gmm-align-compiled-gop[5.3.4~1340-b701]:GetLinearSymbolSequence():fstext/fstext-utils-inl.h:263)  oneframe like is -12.1155 while xend is 199
LOG (gmm-align-compiled-gop[5.3.4~1340-b701]:GetLinearSymbolSequence():fstext/fstext-utils-inl.h:263)  oneframe like is -12.6829 while xend is 200
LOG (gmm-align-compiled-gop[5.3.4~1340-b701]:GetLinearSymbolSequence():fstext/fstext-utils-inl.h:263)  oneframe like is -12.1184 while xend is 201
LOG (gmm-align-compiled-gop[5.3.4~1340-b701]:GetLinearSymbolSequence():fstext/fstext-utils-inl.h:263)  oneframe like is -11.6296 while xend is 202
LOG (gmm-align-compiled-gop[5.3.4~1340-b701]:GetLinearSymbolSequence():fstext/fstext-utils-inl.h:263)  oneframe like is -11.679 while xend is 203
LOG (gmm-align-compiled-gop[5.3.4~1340-b701]:GetLinearSymbolSequence():fstext/fstext-utils-inl.h:263)  oneframe like is -11.5356 while xend is 204
LOG (gmm-align-compiled-gop[5.3.4~1340-b701]:GetLinearSymbolSequence():fstext/fstext-utils-inl.h:263)  oneframe like is -11.324 while xend is 205
LOG (gmm-align-compiled-gop[5.3.4~1340-b701]:GetLinearSymbolSequence():fstext/fstext-utils-inl.h:263)  oneframe like is -11.0798 while xend is 206
LOG (gmm-align-compiled-gop[5.3.4~1340-b701]:GetLinearSymbolSequence():fstext/fstext-utils-inl.h:263)  oneframe like is -11.6226 while xend is 207
LOG (gmm-align-compiled-gop[5.3.4~1340-b701]:GetLinearSymbolSequence():fstext/fstext-utils-inl.h:263)  oneframe like is -11.3186 while xend is 208
LOG (gmm-align-compiled-gop[5.3.4~1340-b701]:GetLinearSymbolSequence():fstext/fstext-utils-inl.h:263)  oneframe like is -11.8123 while xend is 209
LOG (gmm-align-compiled-gop[5.3.4~1340-b701]:GetLinearSymbolSequence():fstext/fstext-utils-inl.h:263)  oneframe like is -11.6584 while xend is 210
LOG (gmm-align-compiled-gop[5.3.4~1340-b701]:GetLinearSymbolSequence():fstext/fstext-utils-inl.h:263)  oneframe like is -12.6846 while xend is 211
LOG (gmm-align-compiled-gop[5.3.4~1340-b701]:GetLinearSymbolSequence():fstext/fstext-utils-inl.h:263)  oneframe like is -12.9856 while xend is 212
LOG (gmm-align-compiled-gop[5.3.4~1340-b701]:GetLinearSymbolSequence():fstext/fstext-utils-inl.h:263)  oneframe like is -13.3059 while xend is 213
LOG (gmm-align-compiled-gop[5.3.4~1340-b701]:GetLinearSymbolSequence():fstext/fstext-utils-inl.h:263)  oneframe like is -12.3394 while xend is 214
LOG (gmm-align-compiled-gop[5.3.4~1340-b701]:GetLinearSymbolSequence():fstext/fstext-utils-inl.h:263)  oneframe like is -11.5913 while xend is 215
LOG (gmm-align-compiled-gop[5.3.4~1340-b701]:GetLinearSymbolSequence():fstext/fstext-utils-inl.h:263)  oneframe like is -11.29 while xend is 216
LOG (gmm-align-compiled-gop[5.3.4~1340-b701]:GetLinearSymbolSequence():fstext/fstext-utils-inl.h:263)  oneframe like is -10.4875 while xend is 217
LOG (gmm-align-compiled-gop[5.3.4~1340-b701]:GetLinearSymbolSequence():fstext/fstext-utils-inl.h:263)  oneframe like is -10.7749 while xend is 218
LOG (gmm-align-compiled-gop[5.3.4~1340-b701]:GetLinearSymbolSequence():fstext/fstext-utils-inl.h:263)  oneframe like is -10.0837 while xend is 219
LOG (gmm-align-compiled-gop[5.3.4~1340-b701]:GetLinearSymbolSequence():fstext/fstext-utils-inl.h:263)  oneframe like is -10.2781 while xend is 220
LOG (gmm-align-compiled-gop[5.3.4~1340-b701]:GetLinearSymbolSequence():fstext/fstext-utils-inl.h:263)  oneframe like is -10.9436 while xend is 221
LOG (gmm-align-compiled-gop[5.3.4~1340-b701]:GetLinearSymbolSequence():fstext/fstext-utils-inl.h:263)  oneframe like is -11.0437 while xend is 222
LOG (gmm-align-compiled-gop[5.3.4~1340-b701]:GetLinearSymbolSequence():fstext/fstext-utils-inl.h:263)  oneframe like is -11.145 while xend is 223
LOG (gmm-align-compiled-gop[5.3.4~1340-b701]:GetLinearSymbolSequence():fstext/fstext-utils-inl.h:263)  oneframe like is -10.5813 while xend is 224
LOG (gmm-align-compiled-gop[5.3.4~1340-b701]:GetLinearSymbolSequence():fstext/fstext-utils-inl.h:263)  oneframe like is -10.7507 while xend is 225
LOG (gmm-align-compiled-gop[5.3.4~1340-b701]:GetLinearSymbolSequence():fstext/fstext-utils-inl.h:263)  oneframe like is -10.9583 while xend is 226
LOG (gmm-align-compiled-gop[5.3.4~1340-b701]:GetLinearSymbolSequence():fstext/fstext-utils-inl.h:263)  oneframe like is -11.6187 while xend is 227
LOG (gmm-align-compiled-gop[5.3.4~1340-b701]:GetLinearSymbolSequence():fstext/fstext-utils-inl.h:263)  oneframe like is -11.3267 while xend is 228
LOG (gmm-align-compiled-gop[5.3.4~1340-b701]:GetLinearSymbolSequence():fstext/fstext-utils-inl.h:263)  oneframe like is -11.6035 while xend is 229
LOG (gmm-align-compiled-gop[5.3.4~1340-b701]:GetLinearSymbolSequence():fstext/fstext-utils-inl.h:263)  oneframe like is -11.6543 while xend is 230
LOG (gmm-align-compiled-gop[5.3.4~1340-b701]:GetLinearSymbolSequence():fstext/fstext-utils-inl.h:263)  oneframe like is -12.0173 while xend is 231
LOG (gmm-align-compiled-gop[5.3.4~1340-b701]:GetLinearSymbolSequence():fstext/fstext-utils-inl.h:263)  oneframe like is -11.4338 while xend is 232
LOG (gmm-align-compiled-gop[5.3.4~1340-b701]:GetLinearSymbolSequence():fstext/fstext-utils-inl.h:263)  oneframe like is -11.5493 while xend is 233
LOG (gmm-align-compiled-gop[5.3.4~1340-b701]:GetLinearSymbolSequence():fstext/fstext-utils-inl.h:263)  oneframe like is -11.4861 while xend is 234
LOG (gmm-align-compiled-gop[5.3.4~1340-b701]:GetLinearSymbolSequence():fstext/fstext-utils-inl.h:263)  oneframe like is -11.1323 while xend is 235
LOG (gmm-align-compiled-gop[5.3.4~1340-b701]:GetLinearSymbolSequence():fstext/fstext-utils-inl.h:263)  oneframe like is -10.9155 while xend is 236
LOG (gmm-align-compiled-gop[5.3.4~1340-b701]:GetLinearSymbolSequence():fstext/fstext-utils-inl.h:263)  oneframe like is -10.5142 while xend is 237
LOG (gmm-align-compiled-gop[5.3.4~1340-b701]:GetLinearSymbolSequence():fstext/fstext-utils-inl.h:263)  oneframe like is -10.7024 while xend is 238
LOG (gmm-align-compiled-gop[5.3.4~1340-b701]:GetLinearSymbolSequence():fstext/fstext-utils-inl.h:263)  oneframe like is -10.9497 while xend is 239
LOG (gmm-align-compiled-gop[5.3.4~1340-b701]:GetLinearSymbolSequence():fstext/fstext-utils-inl.h:263)  oneframe like is -11.1758 while xend is 240
LOG (gmm-align-compiled-gop[5.3.4~1340-b701]:GetLinearSymbolSequence():fstext/fstext-utils-inl.h:263)  oneframe like is -10.8018 while xend is 241
LOG (gmm-align-compiled-gop[5.3.4~1340-b701]:GetLinearSymbolSequence():fstext/fstext-utils-inl.h:263)  oneframe like is -10.4133 while xend is 242
LOG (gmm-align-compiled-gop[5.3.4~1340-b701]:GetLinearSymbolSequence():fstext/fstext-utils-inl.h:263)  oneframe like is -10.363 while xend is 243
LOG (gmm-align-compiled-gop[5.3.4~1340-b701]:GetLinearSymbolSequence():fstext/fstext-utils-inl.h:263)  oneframe like is -11.0034 while xend is 244
LOG (gmm-align-compiled-gop[5.3.4~1340-b701]:GetLinearSymbolSequence():fstext/fstext-utils-inl.h:263)  oneframe like is -10.7251 while xend is 245
LOG (gmm-align-compiled-gop[5.3.4~1340-b701]:GetLinearSymbolSequence():fstext/fstext-utils-inl.h:263)  oneframe like is -11.2002 while xend is 246
LOG (gmm-align-compiled-gop[5.3.4~1340-b701]:GetLinearSymbolSequence():fstext/fstext-utils-inl.h:263)  oneframe like is -10.821 while xend is 247
LOG (gmm-align-compiled-gop[5.3.4~1340-b701]:GetLinearSymbolSequence():fstext/fstext-utils-inl.h:263)  oneframe like is -10.5264 while xend is 248
LOG (gmm-align-compiled-gop[5.3.4~1340-b701]:GetLinearSymbolSequence():fstext/fstext-utils-inl.h:263)  oneframe like is -10.6802 while xend is 249
LOG (gmm-align-compiled-gop[5.3.4~1340-b701]:GetLinearSymbolSequence():fstext/fstext-utils-inl.h:263)  oneframe like is -10.7529 while xend is 250
LOG (gmm-align-compiled-gop[5.3.4~1340-b701]:GetLinearSymbolSequence():fstext/fstext-utils-inl.h:263)  oneframe like is -10.5837 while xend is 251
LOG (gmm-align-compiled-gop[5.3.4~1340-b701]:GetLinearSymbolSequence():fstext/fstext-utils-inl.h:263)  oneframe like is -10.3269 while xend is 252
LOG (gmm-align-compiled-gop[5.3.4~1340-b701]:GetLinearSymbolSequence():fstext/fstext-utils-inl.h:263)  oneframe like is -10.248 while xend is 253
LOG (gmm-align-compiled-gop[5.3.4~1340-b701]:GetLinearSymbolSequence():fstext/fstext-utils-inl.h:263)  oneframe like is -9.90698 while xend is 254
LOG (gmm-align-compiled-gop[5.3.4~1340-b701]:GetLinearSymbolSequence():fstext/fstext-utils-inl.h:263)  oneframe like is -10.4553 while xend is 255
LOG (gmm-align-compiled-gop[5.3.4~1340-b701]:GetLinearSymbolSequence():fstext/fstext-utils-inl.h:263)  oneframe like is -10.853 while xend is 256
LOG (gmm-align-compiled-gop[5.3.4~1340-b701]:GetLinearSymbolSequence():fstext/fstext-utils-inl.h:263)  oneframe like is -11.4351 while xend is 257
LOG (gmm-align-compiled-gop[5.3.4~1340-b701]:GetLinearSymbolSequence():fstext/fstext-utils-inl.h:263)  oneframe like is -11.5432 while xend is 258
LOG (gmm-align-compiled-gop[5.3.4~1340-b701]:GetLinearSymbolSequence():fstext/fstext-utils-inl.h:263)  oneframe like is -11.8962 while xend is 259
LOG (gmm-align-compiled-gop[5.3.4~1340-b701]:GetLinearSymbolSequence():fstext/fstext-utils-inl.h:263)  oneframe like is -12.0515 while xend is 260
LOG (gmm-align-compiled-gop[5.3.4~1340-b701]:GetLinearSymbolSequence():fstext/fstext-utils-inl.h:263)  oneframe like is -12.5364 while xend is 261
LOG (gmm-align-compiled-gop[5.3.4~1340-b701]:GetLinearSymbolSequence():fstext/fstext-utils-inl.h:263)  oneframe like is -12.1377 while xend is 262
LOG (gmm-align-compiled-gop[5.3.4~1340-b701]:GetLinearSymbolSequence():fstext/fstext-utils-inl.h:263)  oneframe like is -11.6311 while xend is 263
LOG (gmm-align-compiled-gop[5.3.4~1340-b701]:GetLinearSymbolSequence():fstext/fstext-utils-inl.h:263)  oneframe like is -11.5693 while xend is 264
LOG (gmm-align-compiled-gop[5.3.4~1340-b701]:GetLinearSymbolSequence():fstext/fstext-utils-inl.h:263)  oneframe like is -11.3137 while xend is 265
LOG (gmm-align-compiled-gop[5.3.4~1340-b701]:GetLinearSymbolSequence():fstext/fstext-utils-inl.h:263)  oneframe like is -9.95068 while xend is 266
LOG (gmm-align-compiled-gop[5.3.4~1340-b701]:GetLinearSymbolSequence():fstext/fstext-utils-inl.h:263)  oneframe like is -9.49976 while xend is 267
LOG (gmm-align-compiled-gop[5.3.4~1340-b701]:GetLinearSymbolSequence():fstext/fstext-utils-inl.h:263)  oneframe like is -8.44824 while xend is 268
LOG (gmm-align-compiled-gop[5.3.4~1340-b701]:GetLinearSymbolSequence():fstext/fstext-utils-inl.h:263)  oneframe like is -8.99487 while xend is 269
LOG (gmm-align-compiled-gop[5.3.4~1340-b701]:GetLinearSymbolSequence():fstext/fstext-utils-inl.h:263)  oneframe like is -8.71875 while xend is 270
LOG (gmm-align-compiled-gop[5.3.4~1340-b701]:GetLinearSymbolSequence():fstext/fstext-utils-inl.h:263)  oneframe like is -8.54297 while xend is 271
LOG (gmm-align-compiled-gop[5.3.4~1340-b701]:GetLinearSymbolSequence():fstext/fstext-utils-inl.h:263)  oneframe like is -8.09009 while xend is 272
LOG (gmm-align-compiled-gop[5.3.4~1340-b701]:GetLinearSymbolSequence():fstext/fstext-utils-inl.h:263)  oneframe like is -7.71143 while xend is 273
LOG (gmm-align-compiled-gop[5.3.4~1340-b701]:GetLinearSymbolSequence():fstext/fstext-utils-inl.h:263)  oneframe like is -6.58032 while xend is 274
LOG (gmm-align-compiled-gop[5.3.4~1340-b701]:GetLinearSymbolSequence():fstext/fstext-utils-inl.h:263)  oneframe like is -6.58984 while xend is 275
LOG (gmm-align-compiled-gop[5.3.4~1340-b701]:GetLinearSymbolSequence():fstext/fstext-utils-inl.h:263)  oneframe like is -6.07837 while xend is 276
LOG (gmm-align-compiled-gop[5.3.4~1340-b701]:GetLinearSymbolSequence():fstext/fstext-utils-inl.h:263)  oneframe like is -6.20947 while xend is 277
LOG (gmm-align-compiled-gop[5.3.4~1340-b701]:GetLinearSymbolSequence():fstext/fstext-utils-inl.h:263)  oneframe like is -7.16162 while xend is 278
LOG (gmm-align-compiled-gop[5.3.4~1340-b701]:GetLinearSymbolSequence():fstext/fstext-utils-inl.h:263)  oneframe like is -6.88232 while xend is 279
LOG (gmm-align-compiled-gop[5.3.4~1340-b701]:GetLinearSymbolSequence():fstext/fstext-utils-inl.h:263)  oneframe like is -6.86987 while xend is 280
LOG (gmm-align-compiled-gop[5.3.4~1340-b701]:GetLinearSymbolSequence():fstext/fstext-utils-inl.h:263)  oneframe like is -5.90796 while xend is 281
LOG (gmm-align-compiled-gop[5.3.4~1340-b701]:GetLinearSymbolSequence():fstext/fstext-utils-inl.h:263)  oneframe like is -6.82446 while xend is 282
LOG (gmm-align-compiled-gop[5.3.4~1340-b701]:GetLinearSymbolSequence():fstext/fstext-utils-inl.h:263)  oneframe like is -6.60864 while xend is 283
LOG (gmm-align-compiled-gop[5.3.4~1340-b701]:GetLinearSymbolSequence():fstext/fstext-utils-inl.h:263)  oneframe like is -7.04956 while xend is 284
LOG (gmm-align-compiled-gop[5.3.4~1340-b701]:GetLinearSymbolSequence():fstext/fstext-utils-inl.h:263)  oneframe like is -6.97778 while xend is 285
LOG (gmm-align-compiled-gop[5.3.4~1340-b701]:GetLinearSymbolSequence():fstext/fstext-utils-inl.h:263)  oneframe like is -6.5813 while xend is 286
LOG (gmm-align-compiled-gop[5.3.4~1340-b701]:GetLinearSymbolSequence():fstext/fstext-utils-inl.h:263)  oneframe like is -6.12231 while xend is 287
LOG (gmm-align-compiled-gop[5.3.4~1340-b701]:GetLinearSymbolSequence():fstext/fstext-utils-inl.h:263)  oneframe like is -6.62744 while xend is 288
LOG (gmm-align-compiled-gop[5.3.4~1340-b701]:GetLinearSymbolSequence():fstext/fstext-utils-inl.h:263)  oneframe like is -6.96973 while xend is 289
LOG (gmm-align-compiled-gop[5.3.4~1340-b701]:GetLinearSymbolSequence():fstext/fstext-utils-inl.h:263)  oneframe like is -6.88843 while xend is 290
LOG (gmm-align-compiled-gop[5.3.4~1340-b701]:GetLinearSymbolSequence():fstext/fstext-utils-inl.h:263)  oneframe like is -8.41333 while xend is 291
LOG (gmm-align-compiled-gop[5.3.4~1340-b701]:GetLinearSymbolSequence():fstext/fstext-utils-inl.h:263)  oneframe like is -10.7007 while xend is 292
LOG (gmm-align-compiled-gop[5.3.4~1340-b701]:GetLinearSymbolSequence():fstext/fstext-utils-inl.h:263)  oneframe like is -11.8601 while xend is 293
LOG (gmm-align-compiled-gop[5.3.4~1340-b701]:GetLinearSymbolSequence():fstext/fstext-utils-inl.h:263)  oneframe like is -11.2695 while xend is 294
LOG (gmm-align-compiled-gop[5.3.4~1340-b701]:GetLinearSymbolSequence():fstext/fstext-utils-inl.h:263)  oneframe like is -10.5869 while xend is 295
LOG (gmm-align-compiled-gop[5.3.4~1340-b701]:GetLinearSymbolSequence():fstext/fstext-utils-inl.h:263)  oneframe like is -9.54224 while xend is 296
LOG (gmm-align-compiled-gop[5.3.4~1340-b701]:main():gmm-align-compiled-gop.cc:136) Overall log-likelihood per frame is -104.737 over 297 frames.
LOG (gmm-align-compiled-gop[5.3.4~1340-b701]:main():gmm-align-compiled-gop.cc:138) Retried 0 out of 1 utterances.
LOG (gmm-align-compiled-gop[5.3.4~1340-b701]:main():gmm-align-compiled-gop.cc:140) Done 1, errors on 0
# Accounting: time=0 threads=1
# Ended (code 0) at Tue May 22 17:46:38 HKT 2018, elapsed time 0 seconds
