# build-tree --verbose=1 --max-leaves=2000 --cluster-thresh=-1 exp/tri1/treeacc data/lang/phones/roots.int exp/tri1/questions.qst data/lang/topo exp/tri1/tree 
# Started at Thu May 10 00:25:00 HKT 2018
#
build-tree --verbose=1 --max-leaves=2000 --cluster-thresh=-1 exp/tri1/treeacc data/lang/phones/roots.int exp/tri1/questions.qst data/lang/topo exp/tri1/tree 
LOG (build-tree[5.3.4~1340-b701]:main():build-tree.cc:100) Number of separate statistics is 407
LOG (build-tree[5.3.4~1340-b701]:BuildTree():build-tree.cc:159) BuildTree: before building trees, map has 36 leaves.
LOG (build-tree[5.3.4~1340-b701]:SplitDecisionTree():build-tree-utils.cc:577) DoDecisionTreeSplit: split 155 times, #leaves now 191
LOG (build-tree[5.3.4~1340-b701]:BuildTree():build-tree.cc:185) Setting clustering threshold to smallest split 302.309
VLOG[1] (build-tree[5.3.4~1340-b701]:BuildTree():build-tree.cc:194) After decision tree split, num-leaves = 191, like-impr = 5.79825 per frame over 46300 frames.
VLOG[1] (build-tree[5.3.4~1340-b701]:BuildTree():build-tree.cc:198) Including just phones that were split, improvement is 5.79825 per frame over 46300 frames.
LOG (build-tree[5.3.4~1340-b701]:BuildTree():build-tree.cc:213) BuildTree: removed 11 leaves.
VLOG[1] (build-tree[5.3.4~1340-b701]:BuildTree():build-tree.cc:220) Objf change due to clustering -0.0471814 per frame.
VLOG[1] (build-tree[5.3.4~1340-b701]:BuildTree():build-tree.cc:223) Normalizing over only split phones, this is: -0.0471814 per frame.
VLOG[1] (build-tree[5.3.4~1340-b701]:BuildTree():build-tree.cc:226) Num-leaves is now 180
VLOG[1] (build-tree[5.3.4~1340-b701]:main():build-tree.cc:138) For pdf-id 1, low count 0
VLOG[1] (build-tree[5.3.4~1340-b701]:main():build-tree.cc:138) For pdf-id 5, low count 37
VLOG[1] (build-tree[5.3.4~1340-b701]:main():build-tree.cc:138) For pdf-id 6, low count 53
VLOG[1] (build-tree[5.3.4~1340-b701]:main():build-tree.cc:138) For pdf-id 15, low count 65
VLOG[1] (build-tree[5.3.4~1340-b701]:main():build-tree.cc:138) For pdf-id 30, low count 76
VLOG[1] (build-tree[5.3.4~1340-b701]:main():build-tree.cc:138) For pdf-id 35, low count 42
VLOG[1] (build-tree[5.3.4~1340-b701]:main():build-tree.cc:138) For pdf-id 37, low count 99
VLOG[1] (build-tree[5.3.4~1340-b701]:main():build-tree.cc:138) For pdf-id 45, low count 73
VLOG[1] (build-tree[5.3.4~1340-b701]:main():build-tree.cc:138) For pdf-id 59, low count 20
VLOG[1] (build-tree[5.3.4~1340-b701]:main():build-tree.cc:138) For pdf-id 63, low count 95
VLOG[1] (build-tree[5.3.4~1340-b701]:main():build-tree.cc:138) For pdf-id 71, low count 92
VLOG[1] (build-tree[5.3.4~1340-b701]:main():build-tree.cc:138) For pdf-id 73, low count 59
VLOG[1] (build-tree[5.3.4~1340-b701]:main():build-tree.cc:138) For pdf-id 86, low count 80
VLOG[1] (build-tree[5.3.4~1340-b701]:main():build-tree.cc:138) For pdf-id 88, low count 81
VLOG[1] (build-tree[5.3.4~1340-b701]:main():build-tree.cc:138) For pdf-id 93, low count 55
VLOG[1] (build-tree[5.3.4~1340-b701]:main():build-tree.cc:138) For pdf-id 104, low count 38
VLOG[1] (build-tree[5.3.4~1340-b701]:main():build-tree.cc:138) For pdf-id 107, low count 14
VLOG[1] (build-tree[5.3.4~1340-b701]:main():build-tree.cc:138) For pdf-id 108, low count 58
VLOG[1] (build-tree[5.3.4~1340-b701]:main():build-tree.cc:138) For pdf-id 110, low count 54
VLOG[1] (build-tree[5.3.4~1340-b701]:main():build-tree.cc:138) For pdf-id 121, low count 69
VLOG[1] (build-tree[5.3.4~1340-b701]:main():build-tree.cc:138) For pdf-id 129, low count 57
VLOG[1] (build-tree[5.3.4~1340-b701]:main():build-tree.cc:138) For pdf-id 132, low count 14
VLOG[1] (build-tree[5.3.4~1340-b701]:main():build-tree.cc:138) For pdf-id 144, low count 38
VLOG[1] (build-tree[5.3.4~1340-b701]:main():build-tree.cc:138) For pdf-id 146, low count 82
VLOG[1] (build-tree[5.3.4~1340-b701]:main():build-tree.cc:138) For pdf-id 148, low count 63
VLOG[1] (build-tree[5.3.4~1340-b701]:main():build-tree.cc:138) For pdf-id 151, low count 63
VLOG[1] (build-tree[5.3.4~1340-b701]:main():build-tree.cc:138) For pdf-id 153, low count 62
VLOG[1] (build-tree[5.3.4~1340-b701]:main():build-tree.cc:138) For pdf-id 174, low count 71
VLOG[1] (build-tree[5.3.4~1340-b701]:main():build-tree.cc:138) For pdf-id 178, low count 56
VLOG[1] (build-tree[5.3.4~1340-b701]:main():build-tree.cc:138) For pdf-id 179, low count 73
WARNING (build-tree[5.3.4~1340-b701]:main():build-tree.cc:180) Saw no stats for following phones: 2 3 4 5 6 7 8 9 10 11 12 13 15 16 17 19 20 21 23 24 25 27 28 29 31 32 33 35 36 37 39 40 41 43 44 45 47 48 49 51 52 53 55 56 57 59 60 61 63 64 65 67 68 69 71 72 73 75 76 77 79 80 81 83 84 85 87 88 89 91 92 93 95 96 97 99 100 101 103 104 105 107 108 109 111 112 113 115 116 117 119 120 121 123 124 125 127 128 129 131 132 133 135 136 137 139 140 141 143 144 145 
LOG (build-tree[5.3.4~1340-b701]:main():build-tree.cc:184) Wrote tree
# Accounting: time=0 threads=1
# Ended (code 0) at Thu May 10 00:25:00 HKT 2018, elapsed time 0 seconds
