# gmm-init-model --write-occs=exp/tri1/1.occs exp/tri1/tree exp/tri1/treeacc data/lang/topo exp/tri1/1.mdl 
# Started at Thu May 10 00:25:00 HKT 2018
#
gmm-init-model --write-occs=exp/tri1/1.occs exp/tri1/tree exp/tri1/treeacc data/lang/topo exp/tri1/1.mdl 
LOG (gmm-init-model[5.3.4~1340-b701]:main():gmm-init-model.cc:271) Number of separate statistics is 407
WARNING (gmm-init-model[5.3.4~1340-b701]:InitAmGmm():gmm-init-model.cc:55) Tree has pdf-id 1 with no stats; corresponding phone list: 6 7 8 9 10 
WARNING (gmm-init-model[5.3.4~1340-b701]:InitAmGmm():gmm-init-model.cc:83) Very small count for state 5: 37; corresponding phone list: 23 24 25 26 
WARNING (gmm-init-model[5.3.4~1340-b701]:InitAmGmm():gmm-init-model.cc:83) Very small count for state 6: 53; corresponding phone list: 27 28 29 30 
WARNING (gmm-init-model[5.3.4~1340-b701]:InitAmGmm():gmm-init-model.cc:83) Very small count for state 15: 65; corresponding phone list: 63 64 65 66 
WARNING (gmm-init-model[5.3.4~1340-b701]:InitAmGmm():gmm-init-model.cc:83) Very small count for state 30: 76; corresponding phone list: 123 124 125 126 
WARNING (gmm-init-model[5.3.4~1340-b701]:InitAmGmm():gmm-init-model.cc:83) Very small count for state 35: 42; corresponding phone list: 143 144 145 146 
WARNING (gmm-init-model[5.3.4~1340-b701]:InitAmGmm():gmm-init-model.cc:83) Very small count for state 37: 99; corresponding phone list: 27 28 29 30 
WARNING (gmm-init-model[5.3.4~1340-b701]:InitAmGmm():gmm-init-model.cc:83) Very small count for state 45: 73; corresponding phone list: 143 144 145 146 
WARNING (gmm-init-model[5.3.4~1340-b701]:InitAmGmm():gmm-init-model.cc:83) Very small count for state 59: 20; corresponding phone list: 11 12 13 14 
WARNING (gmm-init-model[5.3.4~1340-b701]:InitAmGmm():gmm-init-model.cc:83) Very small count for state 63: 95; corresponding phone list: 95 96 97 98 
WARNING (gmm-init-model[5.3.4~1340-b701]:InitAmGmm():gmm-init-model.cc:83) Very small count for state 71: 92; corresponding phone list: 19 20 21 22 
WARNING (gmm-init-model[5.3.4~1340-b701]:InitAmGmm():gmm-init-model.cc:83) Very small count for state 73: 59; corresponding phone list: 131 132 133 134 
WARNING (gmm-init-model[5.3.4~1340-b701]:InitAmGmm():gmm-init-model.cc:83) Very small count for state 86: 80; corresponding phone list: 79 80 81 82 
WARNING (gmm-init-model[5.3.4~1340-b701]:InitAmGmm():gmm-init-model.cc:83) Very small count for state 88: 81; corresponding phone list: 15 16 17 18 
WARNING (gmm-init-model[5.3.4~1340-b701]:InitAmGmm():gmm-init-model.cc:83) Very small count for state 93: 55; corresponding phone list: 115 116 117 118 
WARNING (gmm-init-model[5.3.4~1340-b701]:InitAmGmm():gmm-init-model.cc:83) Very small count for state 104: 38; corresponding phone list: 143 144 145 146 
WARNING (gmm-init-model[5.3.4~1340-b701]:InitAmGmm():gmm-init-model.cc:83) Very small count for state 107: 14; corresponding phone list: 95 96 97 98 
WARNING (gmm-init-model[5.3.4~1340-b701]:InitAmGmm():gmm-init-model.cc:83) Very small count for state 108: 58; corresponding phone list: 59 60 61 62 
WARNING (gmm-init-model[5.3.4~1340-b701]:InitAmGmm():gmm-init-model.cc:83) Very small count for state 110: 54; corresponding phone list: 67 68 69 70 
WARNING (gmm-init-model[5.3.4~1340-b701]:InitAmGmm():gmm-init-model.cc:83) Very small count for state 121: 69; corresponding phone list: 59 60 61 62 
WARNING (gmm-init-model[5.3.4~1340-b701]:InitAmGmm():gmm-init-model.cc:83) Very small count for state 129: 57; corresponding phone list: 79 80 81 82 
WARNING (gmm-init-model[5.3.4~1340-b701]:InitAmGmm():gmm-init-model.cc:83) Very small count for state 132: 14; corresponding phone list: 1 2 3 4 5 
WARNING (gmm-init-model[5.3.4~1340-b701]:InitAmGmm():gmm-init-model.cc:83) Very small count for state 144: 38; corresponding phone list: 59 60 61 62 
WARNING (gmm-init-model[5.3.4~1340-b701]:InitAmGmm():gmm-init-model.cc:83) Very small count for state 146: 82; corresponding phone list: 143 144 145 146 
WARNING (gmm-init-model[5.3.4~1340-b701]:InitAmGmm():gmm-init-model.cc:83) Very small count for state 148: 63; corresponding phone list: 15 16 17 18 
WARNING (gmm-init-model[5.3.4~1340-b701]:InitAmGmm():gmm-init-model.cc:83) Very small count for state 151: 63; corresponding phone list: 135 136 137 138 
WARNING (gmm-init-model[5.3.4~1340-b701]:InitAmGmm():gmm-init-model.cc:83) Very small count for state 153: 62; corresponding phone list: 23 24 25 26 
WARNING (gmm-init-model[5.3.4~1340-b701]:InitAmGmm():gmm-init-model.cc:83) Very small count for state 174: 71; corresponding phone list: 95 96 97 98 
WARNING (gmm-init-model[5.3.4~1340-b701]:InitAmGmm():gmm-init-model.cc:83) Very small count for state 178: 56; corresponding phone list: 27 28 29 30 
WARNING (gmm-init-model[5.3.4~1340-b701]:InitAmGmm():gmm-init-model.cc:83) Very small count for state 179: 73; corresponding phone list: 67 68 69 70 
LOG (gmm-init-model[5.3.4~1340-b701]:main():gmm-init-model.cc:306) Wrote model.
# Accounting: time=0 threads=1
# Ended (code 0) at Thu May 10 00:25:00 HKT 2018, elapsed time 0 seconds
