# align-equal-compiled "ark:gunzip -c exp/mono/fsts.6.gz|" "ark,s,cs:apply-cmvn  --utt2spk=ark:data/train/split6/6/utt2spk scp:data/train/split6/6/cmvn.scp scp:data/train/split6/6/feats.scp ark:- | add-deltas ark:- ark:- |" ark,t:- | gmm-acc-stats-ali --binary=true exp/mono/0.mdl "ark,s,cs:apply-cmvn  --utt2spk=ark:data/train/split6/6/utt2spk scp:data/train/split6/6/cmvn.scp scp:data/train/split6/6/feats.scp ark:- | add-deltas ark:- ark:- |" ark:- exp/mono/0.6.acc 
# Started at Thu May 10 00:24:44 HKT 2018
#
gmm-acc-stats-ali --binary=true exp/mono/0.mdl 'ark,s,cs:apply-cmvn  --utt2spk=ark:data/train/split6/6/utt2spk scp:data/train/split6/6/cmvn.scp scp:data/train/split6/6/feats.scp ark:- | add-deltas ark:- ark:- |' ark:- exp/mono/0.6.acc 
align-equal-compiled 'ark:gunzip -c exp/mono/fsts.6.gz|' 'ark,s,cs:apply-cmvn  --utt2spk=ark:data/train/split6/6/utt2spk scp:data/train/split6/6/cmvn.scp scp:data/train/split6/6/feats.scp ark:- | add-deltas ark:- ark:- |' ark,t:- 
apply-cmvn --utt2spk=ark:data/train/split6/6/utt2spk scp:data/train/split6/6/cmvn.scp scp:data/train/split6/6/feats.scp ark:- 
add-deltas ark:- ark:- 
LOG (apply-cmvn[5.3.4~1340-b701]:main():apply-cmvn.cc:162) Applied cepstral mean normalization to 5 utterances, errors on 0
add-deltas ark:- ark:- 
apply-cmvn --utt2spk=ark:data/train/split6/6/utt2spk scp:data/train/split6/6/cmvn.scp scp:data/train/split6/6/feats.scp ark:- 
LOG (apply-cmvn[5.3.4~1340-b701]:main():apply-cmvn.cc:162) Applied cepstral mean normalization to 5 utterances, errors on 0
WARNING (align-equal-compiled[5.3.4~1340-b701]:main():align-equal-compiled.cc:69) No features for utterance jp10-speaker036-01
WARNING (align-equal-compiled[5.3.4~1340-b701]:main():align-equal-compiled.cc:69) No features for utterance jp10-speaker036-02
WARNING (align-equal-compiled[5.3.4~1340-b701]:main():align-equal-compiled.cc:69) No features for utterance jp10-speaker036-03
WARNING (align-equal-compiled[5.3.4~1340-b701]:main():align-equal-compiled.cc:69) No features for utterance jp10-speaker036-04
WARNING (align-equal-compiled[5.3.4~1340-b701]:main():align-equal-compiled.cc:69) No features for utterance jp10-speaker036-05
WARNING (align-equal-compiled[5.3.4~1340-b701]:main():align-equal-compiled.cc:69) No features for utterance jp10-speaker036-06
WARNING (align-equal-compiled[5.3.4~1340-b701]:main():align-equal-compiled.cc:69) No features for utterance jp10-speaker036-07
WARNING (align-equal-compiled[5.3.4~1340-b701]:main():align-equal-compiled.cc:69) No features for utterance jp10-speaker036-08
WARNING (align-equal-compiled[5.3.4~1340-b701]:main():align-equal-compiled.cc:69) No features for utterance jp10-speaker036-09
WARNING (align-equal-compiled[5.3.4~1340-b701]:main():align-equal-compiled.cc:69) No features for utterance jp10-speaker036-10
WARNING (align-equal-compiled[5.3.4~1340-b701]:main():align-equal-compiled.cc:69) No features for utterance jp10-speaker037-02
WARNING (align-equal-compiled[5.3.4~1340-b701]:main():align-equal-compiled.cc:69) No features for utterance jp10-speaker037-03
WARNING (align-equal-compiled[5.3.4~1340-b701]:main():align-equal-compiled.cc:69) No features for utterance jp10-speaker037-05
WARNING (align-equal-compiled[5.3.4~1340-b701]:main():align-equal-compiled.cc:69) No features for utterance jp10-speaker037-06
WARNING (align-equal-compiled[5.3.4~1340-b701]:main():align-equal-compiled.cc:69) No features for utterance jp10-speaker037-07
WARNING (align-equal-compiled[5.3.4~1340-b701]:main():align-equal-compiled.cc:69) No features for utterance jp10-speaker037-08
WARNING (align-equal-compiled[5.3.4~1340-b701]:main():align-equal-compiled.cc:69) No features for utterance jp10-speaker037-09
WARNING (align-equal-compiled[5.3.4~1340-b701]:main():align-equal-compiled.cc:69) No features for utterance jp10-speaker037-10
WARNING (align-equal-compiled[5.3.4~1340-b701]:main():align-equal-compiled.cc:69) No features for utterance jp10-speaker038-01
WARNING (align-equal-compiled[5.3.4~1340-b701]:main():align-equal-compiled.cc:69) No features for utterance jp10-speaker038-02
WARNING (align-equal-compiled[5.3.4~1340-b701]:main():align-equal-compiled.cc:69) No features for utterance jp10-speaker038-03
WARNING (align-equal-compiled[5.3.4~1340-b701]:main():align-equal-compiled.cc:69) No features for utterance jp10-speaker038-04
WARNING (align-equal-compiled[5.3.4~1340-b701]:main():align-equal-compiled.cc:69) No features for utterance jp10-speaker038-05
WARNING (align-equal-compiled[5.3.4~1340-b701]:main():align-equal-compiled.cc:69) No features for utterance jp10-speaker038-06
WARNING (align-equal-compiled[5.3.4~1340-b701]:main():align-equal-compiled.cc:69) No features for utterance jp10-speaker038-07
WARNING (align-equal-compiled[5.3.4~1340-b701]:main():align-equal-compiled.cc:69) No features for utterance jp10-speaker038-08
WARNING (align-equal-compiled[5.3.4~1340-b701]:main():align-equal-compiled.cc:69) No features for utterance jp10-speaker038-09
WARNING (align-equal-compiled[5.3.4~1340-b701]:main():align-equal-compiled.cc:69) No features for utterance jp10-speaker038-10
WARNING (align-equal-compiled[5.3.4~1340-b701]:main():align-equal-compiled.cc:69) No features for utterance jp10-speaker039-01
WARNING (align-equal-compiled[5.3.4~1340-b701]:main():align-equal-compiled.cc:69) No features for utterance jp10-speaker039-02
WARNING (align-equal-compiled[5.3.4~1340-b701]:main():align-equal-compiled.cc:69) No features for utterance jp10-speaker039-03
WARNING (align-equal-compiled[5.3.4~1340-b701]:main():align-equal-compiled.cc:69) No features for utterance jp10-speaker039-04
WARNING (align-equal-compiled[5.3.4~1340-b701]:main():align-equal-compiled.cc:69) No features for utterance jp10-speaker039-05
WARNING (align-equal-compiled[5.3.4~1340-b701]:main():align-equal-compiled.cc:69) No features for utterance jp10-speaker039-06
WARNING (align-equal-compiled[5.3.4~1340-b701]:main():align-equal-compiled.cc:69) No features for utterance jp10-speaker039-07
WARNING (align-equal-compiled[5.3.4~1340-b701]:main():align-equal-compiled.cc:69) No features for utterance jp10-speaker039-08
WARNING (align-equal-compiled[5.3.4~1340-b701]:main():align-equal-compiled.cc:69) No features for utterance jp10-speaker039-09
WARNING (align-equal-compiled[5.3.4~1340-b701]:main():align-equal-compiled.cc:69) No features for utterance jp10-speaker039-10
WARNING (align-equal-compiled[5.3.4~1340-b701]:main():align-equal-compiled.cc:69) No features for utterance jp10-speaker040-01
WARNING (align-equal-compiled[5.3.4~1340-b701]:main():align-equal-compiled.cc:69) No features for utterance jp10-speaker040-02
WARNING (align-equal-compiled[5.3.4~1340-b701]:main():align-equal-compiled.cc:69) No features for utterance jp10-speaker040-03
WARNING (align-equal-compiled[5.3.4~1340-b701]:main():align-equal-compiled.cc:69) No features for utterance jp10-speaker040-04
WARNING (align-equal-compiled[5.3.4~1340-b701]:main():align-equal-compiled.cc:69) No features for utterance jp10-speaker040-06
WARNING (align-equal-compiled[5.3.4~1340-b701]:main():align-equal-compiled.cc:69) No features for utterance jp10-speaker040-07
WARNING (align-equal-compiled[5.3.4~1340-b701]:main():align-equal-compiled.cc:69) No features for utterance jp10-speaker040-08
WARNING (align-equal-compiled[5.3.4~1340-b701]:main():align-equal-compiled.cc:69) No features for utterance jp10-speaker040-09
WARNING (align-equal-compiled[5.3.4~1340-b701]:main():align-equal-compiled.cc:69) No features for utterance jp10-speaker040-10
WARNING (align-equal-compiled[5.3.4~1340-b701]:main():align-equal-compiled.cc:69) No features for utterance jp10-speaker041-01
WARNING (align-equal-compiled[5.3.4~1340-b701]:main():align-equal-compiled.cc:69) No features for utterance jp10-speaker041-02
WARNING (align-equal-compiled[5.3.4~1340-b701]:main():align-equal-compiled.cc:69) No features for utterance jp10-speaker041-03
WARNING (align-equal-compiled[5.3.4~1340-b701]:main():align-equal-compiled.cc:69) No features for utterance jp10-speaker041-05
WARNING (align-equal-compiled[5.3.4~1340-b701]:main():align-equal-compiled.cc:69) No features for utterance jp10-speaker041-07
WARNING (align-equal-compiled[5.3.4~1340-b701]:main():align-equal-compiled.cc:69) No features for utterance jp10-speaker041-08
WARNING (align-equal-compiled[5.3.4~1340-b701]:main():align-equal-compiled.cc:69) No features for utterance jp10-speaker041-09
WARNING (align-equal-compiled[5.3.4~1340-b701]:main():align-equal-compiled.cc:69) No features for utterance jp10-speaker041-10
WARNING (align-equal-compiled[5.3.4~1340-b701]:main():align-equal-compiled.cc:109) Computed 5 alignments; 55 lacked features, 0 had other errors.
LOG (gmm-acc-stats-ali[5.3.4~1340-b701]:main():gmm-acc-stats-ali.cc:112) Done 5 files, 0 with errors.
LOG (gmm-acc-stats-ali[5.3.4~1340-b701]:main():gmm-acc-stats-ali.cc:115) Overall avg like per frame (Gaussian only) = -93.8675 over 770 frames.
LOG (gmm-acc-stats-ali[5.3.4~1340-b701]:main():gmm-acc-stats-ali.cc:123) Written accs.
# Accounting: time=0 threads=1
# Ended (code 0) at Thu May 10 00:24:44 HKT 2018, elapsed time 0 seconds
