# gmm-est --write-occs=exp/mono/27.occs --mix-up=837 --power=0.25 exp/mono/26.mdl "gmm-sum-accs - exp/mono/26.*.acc|" exp/mono/27.mdl 
# Started at Thu May 10 00:24:52 HKT 2018
#
gmm-est --write-occs=exp/mono/27.occs --mix-up=837 --power=0.25 exp/mono/26.mdl 'gmm-sum-accs - exp/mono/26.*.acc|' exp/mono/27.mdl 
gmm-sum-accs - exp/mono/26.1.acc exp/mono/26.2.acc exp/mono/26.3.acc exp/mono/26.4.acc exp/mono/26.5.acc exp/mono/26.6.acc 
LOG (gmm-sum-accs[5.3.4~1340-b701]:main():gmm-sum-accs.cc:63) Summed 6 stats, total count 46300, avg like/frame -79.6413
LOG (gmm-sum-accs[5.3.4~1340-b701]:main():gmm-sum-accs.cc:66) Total count of stats is 46300
LOG (gmm-sum-accs[5.3.4~1340-b701]:main():gmm-sum-accs.cc:67) Written stats to -
LOG (gmm-est[5.3.4~1340-b701]:MleUpdate():transition-model.cc:517) TransitionModel::Update, objf change is 1.30531e-05 per frame over 46300 frames. 
LOG (gmm-est[5.3.4~1340-b701]:MleUpdate():transition-model.cc:520) 8 probabilities floored, 351 out of 458 transition-states skipped due to insuffient data (it is normal to have some skipped.)
LOG (gmm-est[5.3.4~1340-b701]:main():gmm-est.cc:102) Transition model update: Overall 1.30531e-05 log-like improvement per frame over 46300 frames.
WARNING (gmm-est[5.3.4~1340-b701]:MleDiagGmmUpdate():mle-diag-gmm.cc:365) Gaussian has too little data but not removing it because it is the last Gaussian: i = 0, occ = 0, weight = 1
WARNING (gmm-est[5.3.4~1340-b701]:MleDiagGmmUpdate():mle-diag-gmm.cc:365) Gaussian has too little data but not removing it because it is the last Gaussian: i = 0, occ = 0, weight = 1
WARNING (gmm-est[5.3.4~1340-b701]:MleDiagGmmUpdate():mle-diag-gmm.cc:365) Gaussian has too little data but not removing it because it is the last Gaussian: i = 0, occ = 0, weight = 1
WARNING (gmm-est[5.3.4~1340-b701]:MleDiagGmmUpdate():mle-diag-gmm.cc:365) Gaussian has too little data but not removing it because it is the last Gaussian: i = 0, occ = 0, weight = 1
WARNING (gmm-est[5.3.4~1340-b701]:MleDiagGmmUpdate():mle-diag-gmm.cc:365) Gaussian has too little data but not removing it because it is the last Gaussian: i = 0, occ = 0, weight = 1
LOG (gmm-est[5.3.4~1340-b701]:MleAmDiagGmmUpdate():mle-am-diag-gmm.cc:225) 3702 variance elements floored in 799 Gaussians, out of 808
LOG (gmm-est[5.3.4~1340-b701]:MleAmDiagGmmUpdate():mle-am-diag-gmm.cc:229) Removed 0 Gaussians due to counts < --min-gaussian-occupancy=10 and --remove-low-count-gaussians=true
LOG (gmm-est[5.3.4~1340-b701]:main():gmm-est.cc:113) GMM update: Overall 0.101324 objective function improvement per frame over 46300 frames
LOG (gmm-est[5.3.4~1340-b701]:main():gmm-est.cc:116) GMM update: Overall avg like per frame = -79.6413 over 46300 frames.
LOG (gmm-est[5.3.4~1340-b701]:SplitByCount():am-diag-gmm.cc:116) Split 112 states with target = 837, power = 0.25, perturb_factor = 0.01 and min_count = 20, split #Gauss from 808 to 838
LOG (gmm-est[5.3.4~1340-b701]:main():gmm-est.cc:146) Written model to exp/mono/27.mdl
# Accounting: time=0 threads=1
# Ended (code 0) at Thu May 10 00:24:52 HKT 2018, elapsed time 0 seconds
