# gmm-est --write-occs=exp/mono/15.occs --mix-up=489 --power=0.25 exp/mono/14.mdl "gmm-sum-accs - exp/mono/14.*.acc|" exp/mono/15.mdl 
# Started at Thu May 10 00:24:49 HKT 2018
#
gmm-est --write-occs=exp/mono/15.occs --mix-up=489 --power=0.25 exp/mono/14.mdl 'gmm-sum-accs - exp/mono/14.*.acc|' exp/mono/15.mdl 
gmm-sum-accs - exp/mono/14.1.acc exp/mono/14.2.acc exp/mono/14.3.acc exp/mono/14.4.acc exp/mono/14.5.acc exp/mono/14.6.acc 
LOG (gmm-sum-accs[5.3.4~1340-b701]:main():gmm-sum-accs.cc:63) Summed 6 stats, total count 46300, avg like/frame -81.872
LOG (gmm-sum-accs[5.3.4~1340-b701]:main():gmm-sum-accs.cc:66) Total count of stats is 46300
LOG (gmm-sum-accs[5.3.4~1340-b701]:main():gmm-sum-accs.cc:67) Written stats to -
LOG (gmm-est[5.3.4~1340-b701]:MleUpdate():transition-model.cc:517) TransitionModel::Update, objf change is 7.1809e-05 per frame over 46300 frames. 
LOG (gmm-est[5.3.4~1340-b701]:MleUpdate():transition-model.cc:520) 8 probabilities floored, 351 out of 458 transition-states skipped due to insuffient data (it is normal to have some skipped.)
LOG (gmm-est[5.3.4~1340-b701]:main():gmm-est.cc:102) Transition model update: Overall 7.1809e-05 log-like improvement per frame over 46300 frames.
WARNING (gmm-est[5.3.4~1340-b701]:MleDiagGmmUpdate():mle-diag-gmm.cc:365) Gaussian has too little data but not removing it because it is the last Gaussian: i = 0, occ = 0, weight = 1
WARNING (gmm-est[5.3.4~1340-b701]:MleDiagGmmUpdate():mle-diag-gmm.cc:365) Gaussian has too little data but not removing it because it is the last Gaussian: i = 0, occ = 0, weight = 1
WARNING (gmm-est[5.3.4~1340-b701]:MleDiagGmmUpdate():mle-diag-gmm.cc:365) Gaussian has too little data but not removing it because it is the last Gaussian: i = 0, occ = 0, weight = 1
WARNING (gmm-est[5.3.4~1340-b701]:MleDiagGmmUpdate():mle-diag-gmm.cc:365) Gaussian has too little data but not removing it because it is the last Gaussian: i = 0, occ = 0, weight = 1
WARNING (gmm-est[5.3.4~1340-b701]:MleDiagGmmUpdate():mle-diag-gmm.cc:365) Gaussian has too little data but not removing it because it is the last Gaussian: i = 0, occ = 0, weight = 1
LOG (gmm-est[5.3.4~1340-b701]:MleAmDiagGmmUpdate():mle-am-diag-gmm.cc:225) 2025 variance elements floored in 452 Gaussians, out of 460
LOG (gmm-est[5.3.4~1340-b701]:MleAmDiagGmmUpdate():mle-am-diag-gmm.cc:229) Removed 0 Gaussians due to counts < --min-gaussian-occupancy=10 and --remove-low-count-gaussians=true
LOG (gmm-est[5.3.4~1340-b701]:main():gmm-est.cc:113) GMM update: Overall 0.153289 objective function improvement per frame over 46300 frames
LOG (gmm-est[5.3.4~1340-b701]:main():gmm-est.cc:116) GMM update: Overall avg like per frame = -81.872 over 46300 frames.
LOG (gmm-est[5.3.4~1340-b701]:SplitByCount():am-diag-gmm.cc:116) Split 112 states with target = 489, power = 0.25, perturb_factor = 0.01 and min_count = 20, split #Gauss from 460 to 489
LOG (gmm-est[5.3.4~1340-b701]:main():gmm-est.cc:146) Written model to exp/mono/15.mdl
# Accounting: time=0 threads=1
# Ended (code 0) at Thu May 10 00:24:49 HKT 2018, elapsed time 0 seconds
