# compile-train-graphs --read-disambig-syms=data/lang/phones/disambig.int exp/tri1_one_ali/4d6dbfcd98/tree exp/tri1_one_ali/4d6dbfcd98/final.mdl data/lang/L.fst "ark:utils/sym2int.pl --map-oov 3 -f 2- data/lang/words.txt data/4d6dbfcd98/split1/1/text|" ark:- | gmm-align-compiled-gop --transition-scale=1.0 --acoustic-scale=0.1 --self-loop-scale=0.1 --beam=10 --retry-beam=40 --careful=false "gmm-boost-silence --boost=1.25 1 exp/tri1_one_ali/4d6dbfcd98/final.mdl - |" ark:- "ark,s,cs:apply-cmvn  --utt2spk=ark:data/4d6dbfcd98/split1/1/utt2spk scp:data/4d6dbfcd98/split1/1/cmvn.scp scp:data/4d6dbfcd98/split1/1/feats.scp ark:- | add-deltas  ark:- ark:- |" "ark,t:|gzip -c >exp/tri1_one_ali/4d6dbfcd98/ali.1.gz" 
# Started at Thu May 10 00:17:55 HKT 2018
#
compile-train-graphs --read-disambig-syms=data/lang/phones/disambig.int exp/tri1_one_ali/4d6dbfcd98/tree exp/tri1_one_ali/4d6dbfcd98/final.mdl data/lang/L.fst 'ark:utils/sym2int.pl --map-oov 3 -f 2- data/lang/words.txt data/4d6dbfcd98/split1/1/text|' ark:- 
gmm-align-compiled-gop --transition-scale=1.0 --acoustic-scale=0.1 --self-loop-scale=0.1 --beam=10 --retry-beam=40 --careful=false 'gmm-boost-silence --boost=1.25 1 exp/tri1_one_ali/4d6dbfcd98/final.mdl - |' ark:- 'ark,s,cs:apply-cmvn  --utt2spk=ark:data/4d6dbfcd98/split1/1/utt2spk scp:data/4d6dbfcd98/split1/1/cmvn.scp scp:data/4d6dbfcd98/split1/1/feats.scp ark:- | add-deltas  ark:- ark:- |' 'ark,t:|gzip -c >exp/tri1_one_ali/4d6dbfcd98/ali.1.gz' 
gmm-boost-silence --boost=1.25 1 exp/tri1_one_ali/4d6dbfcd98/final.mdl - 
WARNING (gmm-boost-silence[5.3.4~1340-b701]:main():gmm-boost-silence.cc:82) The pdfs for the silence phones may be shared by other phones (note: this probably does not matter.)
LOG (gmm-boost-silence[5.3.4~1340-b701]:main():gmm-boost-silence.cc:93) Boosted weights for 5 pdfs, by factor of 1.25
LOG (compile-train-graphs[5.3.4~1340-b701]:main():compile-train-graphs.cc:147) compile-train-graphs: succeeded for 1 graphs, failed for 0
LOG (gmm-boost-silence[5.3.4~1340-b701]:main():gmm-boost-silence.cc:103) Wrote model to -
add-deltas ark:- ark:- 
apply-cmvn --utt2spk=ark:data/4d6dbfcd98/split1/1/utt2spk scp:data/4d6dbfcd98/split1/1/cmvn.scp scp:data/4d6dbfcd98/split1/1/feats.scp ark:- 
LOG (apply-cmvn[5.3.4~1340-b701]:main():apply-cmvn.cc:162) Applied cepstral mean normalization to 1 utterances, errors on 0
LOG (gmm-align-compiled-gop[5.3.4~1340-b701]:main():gmm-align-compiled-gop.cc:127) answer
LOG (gmm-align-compiled-gop[5.3.4~1340-b701]:GetLinearSymbolSequence():fstext/fstext-utils-inl.h:263)  oneframe like is -5.37099 while xend is 0
LOG (gmm-align-compiled-gop[5.3.4~1340-b701]:GetLinearSymbolSequence():fstext/fstext-utils-inl.h:263)  oneframe like is -5.63774 while xend is 1
LOG (gmm-align-compiled-gop[5.3.4~1340-b701]:GetLinearSymbolSequence():fstext/fstext-utils-inl.h:263)  oneframe like is -5.64379 while xend is 2
LOG (gmm-align-compiled-gop[5.3.4~1340-b701]:GetLinearSymbolSequence():fstext/fstext-utils-inl.h:263)  oneframe like is -5.67149 while xend is 3
LOG (gmm-align-compiled-gop[5.3.4~1340-b701]:GetLinearSymbolSequence():fstext/fstext-utils-inl.h:263)  oneframe like is -6.30166 while xend is 4
LOG (gmm-align-compiled-gop[5.3.4~1340-b701]:GetLinearSymbolSequence():fstext/fstext-utils-inl.h:263)  oneframe like is -5.9748 while xend is 5
LOG (gmm-align-compiled-gop[5.3.4~1340-b701]:GetLinearSymbolSequence():fstext/fstext-utils-inl.h:263)  oneframe like is -6.28296 while xend is 6
LOG (gmm-align-compiled-gop[5.3.4~1340-b701]:GetLinearSymbolSequence():fstext/fstext-utils-inl.h:263)  oneframe like is -5.77594 while xend is 7
LOG (gmm-align-compiled-gop[5.3.4~1340-b701]:GetLinearSymbolSequence():fstext/fstext-utils-inl.h:263)  oneframe like is -5.40755 while xend is 8
LOG (gmm-align-compiled-gop[5.3.4~1340-b701]:GetLinearSymbolSequence():fstext/fstext-utils-inl.h:263)  oneframe like is -5.30361 while xend is 9
LOG (gmm-align-compiled-gop[5.3.4~1340-b701]:GetLinearSymbolSequence():fstext/fstext-utils-inl.h:263)  oneframe like is -5.40965 while xend is 10
LOG (gmm-align-compiled-gop[5.3.4~1340-b701]:GetLinearSymbolSequence():fstext/fstext-utils-inl.h:263)  oneframe like is -5.58588 while xend is 11
LOG (gmm-align-compiled-gop[5.3.4~1340-b701]:GetLinearSymbolSequence():fstext/fstext-utils-inl.h:263)  oneframe like is -6.26105 while xend is 12
LOG (gmm-align-compiled-gop[5.3.4~1340-b701]:GetLinearSymbolSequence():fstext/fstext-utils-inl.h:263)  oneframe like is -5.55904 while xend is 13
LOG (gmm-align-compiled-gop[5.3.4~1340-b701]:GetLinearSymbolSequence():fstext/fstext-utils-inl.h:263)  oneframe like is -5.08888 while xend is 14
LOG (gmm-align-compiled-gop[5.3.4~1340-b701]:GetLinearSymbolSequence():fstext/fstext-utils-inl.h:263)  oneframe like is -5.34535 while xend is 15
LOG (gmm-align-compiled-gop[5.3.4~1340-b701]:GetLinearSymbolSequence():fstext/fstext-utils-inl.h:263)  oneframe like is -5.28648 while xend is 16
LOG (gmm-align-compiled-gop[5.3.4~1340-b701]:GetLinearSymbolSequence():fstext/fstext-utils-inl.h:263)  oneframe like is -5.92112 while xend is 17
LOG (gmm-align-compiled-gop[5.3.4~1340-b701]:GetLinearSymbolSequence():fstext/fstext-utils-inl.h:263)  oneframe like is -5.96237 while xend is 18
LOG (gmm-align-compiled-gop[5.3.4~1340-b701]:GetLinearSymbolSequence():fstext/fstext-utils-inl.h:263)  oneframe like is -6.29073 while xend is 19
LOG (gmm-align-compiled-gop[5.3.4~1340-b701]:GetLinearSymbolSequence():fstext/fstext-utils-inl.h:263)  oneframe like is -5.84508 while xend is 20
LOG (gmm-align-compiled-gop[5.3.4~1340-b701]:GetLinearSymbolSequence():fstext/fstext-utils-inl.h:263)  oneframe like is -7.27099 while xend is 21
LOG (gmm-align-compiled-gop[5.3.4~1340-b701]:GetLinearSymbolSequence():fstext/fstext-utils-inl.h:263)  oneframe like is -6.55951 while xend is 22
LOG (gmm-align-compiled-gop[5.3.4~1340-b701]:GetLinearSymbolSequence():fstext/fstext-utils-inl.h:263)  oneframe like is -6.80954 while xend is 23
LOG (gmm-align-compiled-gop[5.3.4~1340-b701]:GetLinearSymbolSequence():fstext/fstext-utils-inl.h:263)  oneframe like is -5.68811 while xend is 24
LOG (gmm-align-compiled-gop[5.3.4~1340-b701]:GetLinearSymbolSequence():fstext/fstext-utils-inl.h:263)  oneframe like is -6.23756 while xend is 25
LOG (gmm-align-compiled-gop[5.3.4~1340-b701]:GetLinearSymbolSequence():fstext/fstext-utils-inl.h:263)  oneframe like is -6.59344 while xend is 26
LOG (gmm-align-compiled-gop[5.3.4~1340-b701]:GetLinearSymbolSequence():fstext/fstext-utils-inl.h:263)  oneframe like is -6.08482 while xend is 27
LOG (gmm-align-compiled-gop[5.3.4~1340-b701]:GetLinearSymbolSequence():fstext/fstext-utils-inl.h:263)  oneframe like is -6.08815 while xend is 28
LOG (gmm-align-compiled-gop[5.3.4~1340-b701]:GetLinearSymbolSequence():fstext/fstext-utils-inl.h:263)  oneframe like is -6.6701 while xend is 29
LOG (gmm-align-compiled-gop[5.3.4~1340-b701]:GetLinearSymbolSequence():fstext/fstext-utils-inl.h:263)  oneframe like is -6.91447 while xend is 30
LOG (gmm-align-compiled-gop[5.3.4~1340-b701]:GetLinearSymbolSequence():fstext/fstext-utils-inl.h:263)  oneframe like is -8.07703 while xend is 31
LOG (gmm-align-compiled-gop[5.3.4~1340-b701]:GetLinearSymbolSequence():fstext/fstext-utils-inl.h:263)  oneframe like is -10.0921 while xend is 32
LOG (gmm-align-compiled-gop[5.3.4~1340-b701]:GetLinearSymbolSequence():fstext/fstext-utils-inl.h:263)  oneframe like is -11.4736 while xend is 33
LOG (gmm-align-compiled-gop[5.3.4~1340-b701]:GetLinearSymbolSequence():fstext/fstext-utils-inl.h:263)  oneframe like is -13.6672 while xend is 34
LOG (gmm-align-compiled-gop[5.3.4~1340-b701]:GetLinearSymbolSequence():fstext/fstext-utils-inl.h:263)  oneframe like is -15.7081 while xend is 35
LOG (gmm-align-compiled-gop[5.3.4~1340-b701]:GetLinearSymbolSequence():fstext/fstext-utils-inl.h:263)  oneframe like is -13.3697 while xend is 36
LOG (gmm-align-compiled-gop[5.3.4~1340-b701]:GetLinearSymbolSequence():fstext/fstext-utils-inl.h:263)  oneframe like is -16.2917 while xend is 37
LOG (gmm-align-compiled-gop[5.3.4~1340-b701]:GetLinearSymbolSequence():fstext/fstext-utils-inl.h:263)  oneframe like is -11.7031 while xend is 38
LOG (gmm-align-compiled-gop[5.3.4~1340-b701]:GetLinearSymbolSequence():fstext/fstext-utils-inl.h:263)  oneframe like is -10.4715 while xend is 39
LOG (gmm-align-compiled-gop[5.3.4~1340-b701]:GetLinearSymbolSequence():fstext/fstext-utils-inl.h:263)  oneframe like is -10.4165 while xend is 40
LOG (gmm-align-compiled-gop[5.3.4~1340-b701]:GetLinearSymbolSequence():fstext/fstext-utils-inl.h:263)  oneframe like is -11.0664 while xend is 41
LOG (gmm-align-compiled-gop[5.3.4~1340-b701]:GetLinearSymbolSequence():fstext/fstext-utils-inl.h:263)  oneframe like is -11.8856 while xend is 42
LOG (gmm-align-compiled-gop[5.3.4~1340-b701]:GetLinearSymbolSequence():fstext/fstext-utils-inl.h:263)  oneframe like is -11.641 while xend is 43
LOG (gmm-align-compiled-gop[5.3.4~1340-b701]:GetLinearSymbolSequence():fstext/fstext-utils-inl.h:263)  oneframe like is -12.0049 while xend is 44
LOG (gmm-align-compiled-gop[5.3.4~1340-b701]:GetLinearSymbolSequence():fstext/fstext-utils-inl.h:263)  oneframe like is -14.2545 while xend is 45
LOG (gmm-align-compiled-gop[5.3.4~1340-b701]:GetLinearSymbolSequence():fstext/fstext-utils-inl.h:263)  oneframe like is -13.7253 while xend is 46
LOG (gmm-align-compiled-gop[5.3.4~1340-b701]:GetLinearSymbolSequence():fstext/fstext-utils-inl.h:263)  oneframe like is -13.7584 while xend is 47
LOG (gmm-align-compiled-gop[5.3.4~1340-b701]:GetLinearSymbolSequence():fstext/fstext-utils-inl.h:263)  oneframe like is -14.1077 while xend is 48
LOG (gmm-align-compiled-gop[5.3.4~1340-b701]:GetLinearSymbolSequence():fstext/fstext-utils-inl.h:263)  oneframe like is -13.67 while xend is 49
LOG (gmm-align-compiled-gop[5.3.4~1340-b701]:GetLinearSymbolSequence():fstext/fstext-utils-inl.h:263)  oneframe like is -13.0629 while xend is 50
LOG (gmm-align-compiled-gop[5.3.4~1340-b701]:GetLinearSymbolSequence():fstext/fstext-utils-inl.h:263)  oneframe like is -10.0321 while xend is 51
LOG (gmm-align-compiled-gop[5.3.4~1340-b701]:GetLinearSymbolSequence():fstext/fstext-utils-inl.h:263)  oneframe like is -9.43509 while xend is 52
LOG (gmm-align-compiled-gop[5.3.4~1340-b701]:GetLinearSymbolSequence():fstext/fstext-utils-inl.h:263)  oneframe like is -10.1943 while xend is 53
LOG (gmm-align-compiled-gop[5.3.4~1340-b701]:GetLinearSymbolSequence():fstext/fstext-utils-inl.h:263)  oneframe like is -11.9662 while xend is 54
LOG (gmm-align-compiled-gop[5.3.4~1340-b701]:GetLinearSymbolSequence():fstext/fstext-utils-inl.h:263)  oneframe like is -11.6411 while xend is 55
LOG (gmm-align-compiled-gop[5.3.4~1340-b701]:GetLinearSymbolSequence():fstext/fstext-utils-inl.h:263)  oneframe like is -10.2118 while xend is 56
LOG (gmm-align-compiled-gop[5.3.4~1340-b701]:GetLinearSymbolSequence():fstext/fstext-utils-inl.h:263)  oneframe like is -10.1116 while xend is 57
LOG (gmm-align-compiled-gop[5.3.4~1340-b701]:GetLinearSymbolSequence():fstext/fstext-utils-inl.h:263)  oneframe like is -10.3795 while xend is 58
LOG (gmm-align-compiled-gop[5.3.4~1340-b701]:GetLinearSymbolSequence():fstext/fstext-utils-inl.h:263)  oneframe like is -11.3335 while xend is 59
LOG (gmm-align-compiled-gop[5.3.4~1340-b701]:GetLinearSymbolSequence():fstext/fstext-utils-inl.h:263)  oneframe like is -11.9384 while xend is 60
LOG (gmm-align-compiled-gop[5.3.4~1340-b701]:GetLinearSymbolSequence():fstext/fstext-utils-inl.h:263)  oneframe like is -13.2399 while xend is 61
LOG (gmm-align-compiled-gop[5.3.4~1340-b701]:GetLinearSymbolSequence():fstext/fstext-utils-inl.h:263)  oneframe like is -12.8127 while xend is 62
LOG (gmm-align-compiled-gop[5.3.4~1340-b701]:GetLinearSymbolSequence():fstext/fstext-utils-inl.h:263)  oneframe like is -12.8152 while xend is 63
LOG (gmm-align-compiled-gop[5.3.4~1340-b701]:GetLinearSymbolSequence():fstext/fstext-utils-inl.h:263)  oneframe like is -12.0149 while xend is 64
LOG (gmm-align-compiled-gop[5.3.4~1340-b701]:GetLinearSymbolSequence():fstext/fstext-utils-inl.h:263)  oneframe like is -11.2843 while xend is 65
LOG (gmm-align-compiled-gop[5.3.4~1340-b701]:GetLinearSymbolSequence():fstext/fstext-utils-inl.h:263)  oneframe like is -11.3752 while xend is 66
LOG (gmm-align-compiled-gop[5.3.4~1340-b701]:GetLinearSymbolSequence():fstext/fstext-utils-inl.h:263)  oneframe like is -10.8862 while xend is 67
LOG (gmm-align-compiled-gop[5.3.4~1340-b701]:GetLinearSymbolSequence():fstext/fstext-utils-inl.h:263)  oneframe like is -11.0671 while xend is 68
LOG (gmm-align-compiled-gop[5.3.4~1340-b701]:GetLinearSymbolSequence():fstext/fstext-utils-inl.h:263)  oneframe like is -9.78339 while xend is 69
LOG (gmm-align-compiled-gop[5.3.4~1340-b701]:GetLinearSymbolSequence():fstext/fstext-utils-inl.h:263)  oneframe like is -9.18787 while xend is 70
LOG (gmm-align-compiled-gop[5.3.4~1340-b701]:GetLinearSymbolSequence():fstext/fstext-utils-inl.h:263)  oneframe like is -8.08423 while xend is 71
LOG (gmm-align-compiled-gop[5.3.4~1340-b701]:GetLinearSymbolSequence():fstext/fstext-utils-inl.h:263)  oneframe like is -8.35126 while xend is 72
LOG (gmm-align-compiled-gop[5.3.4~1340-b701]:GetLinearSymbolSequence():fstext/fstext-utils-inl.h:263)  oneframe like is -9.0506 while xend is 73
LOG (gmm-align-compiled-gop[5.3.4~1340-b701]:GetLinearSymbolSequence():fstext/fstext-utils-inl.h:263)  oneframe like is -10.0448 while xend is 74
LOG (gmm-align-compiled-gop[5.3.4~1340-b701]:GetLinearSymbolSequence():fstext/fstext-utils-inl.h:263)  oneframe like is -11.2247 while xend is 75
LOG (gmm-align-compiled-gop[5.3.4~1340-b701]:GetLinearSymbolSequence():fstext/fstext-utils-inl.h:263)  oneframe like is -8.70239 while xend is 76
LOG (gmm-align-compiled-gop[5.3.4~1340-b701]:GetLinearSymbolSequence():fstext/fstext-utils-inl.h:263)  oneframe like is -7.91266 while xend is 77
LOG (gmm-align-compiled-gop[5.3.4~1340-b701]:GetLinearSymbolSequence():fstext/fstext-utils-inl.h:263)  oneframe like is -7.71252 while xend is 78
LOG (gmm-align-compiled-gop[5.3.4~1340-b701]:GetLinearSymbolSequence():fstext/fstext-utils-inl.h:263)  oneframe like is -8.28577 while xend is 79
LOG (gmm-align-compiled-gop[5.3.4~1340-b701]:GetLinearSymbolSequence():fstext/fstext-utils-inl.h:263)  oneframe like is -7.78583 while xend is 80
LOG (gmm-align-compiled-gop[5.3.4~1340-b701]:GetLinearSymbolSequence():fstext/fstext-utils-inl.h:263)  oneframe like is -8.19385 while xend is 81
LOG (gmm-align-compiled-gop[5.3.4~1340-b701]:GetLinearSymbolSequence():fstext/fstext-utils-inl.h:263)  oneframe like is -8.31738 while xend is 82
LOG (gmm-align-compiled-gop[5.3.4~1340-b701]:GetLinearSymbolSequence():fstext/fstext-utils-inl.h:263)  oneframe like is -8.30951 while xend is 83
LOG (gmm-align-compiled-gop[5.3.4~1340-b701]:GetLinearSymbolSequence():fstext/fstext-utils-inl.h:263)  oneframe like is -8.46301 while xend is 84
LOG (gmm-align-compiled-gop[5.3.4~1340-b701]:GetLinearSymbolSequence():fstext/fstext-utils-inl.h:263)  oneframe like is -8.6355 while xend is 85
LOG (gmm-align-compiled-gop[5.3.4~1340-b701]:GetLinearSymbolSequence():fstext/fstext-utils-inl.h:263)  oneframe like is -9.41791 while xend is 86
LOG (gmm-align-compiled-gop[5.3.4~1340-b701]:GetLinearSymbolSequence():fstext/fstext-utils-inl.h:263)  oneframe like is -9.43036 while xend is 87
LOG (gmm-align-compiled-gop[5.3.4~1340-b701]:GetLinearSymbolSequence():fstext/fstext-utils-inl.h:263)  oneframe like is -10.6515 while xend is 88
LOG (gmm-align-compiled-gop[5.3.4~1340-b701]:GetLinearSymbolSequence():fstext/fstext-utils-inl.h:263)  oneframe like is -10.2675 while xend is 89
LOG (gmm-align-compiled-gop[5.3.4~1340-b701]:GetLinearSymbolSequence():fstext/fstext-utils-inl.h:263)  oneframe like is -10.4954 while xend is 90
LOG (gmm-align-compiled-gop[5.3.4~1340-b701]:GetLinearSymbolSequence():fstext/fstext-utils-inl.h:263)  oneframe like is -10.3953 while xend is 91
LOG (gmm-align-compiled-gop[5.3.4~1340-b701]:GetLinearSymbolSequence():fstext/fstext-utils-inl.h:263)  oneframe like is -10.0397 while xend is 92
LOG (gmm-align-compiled-gop[5.3.4~1340-b701]:GetLinearSymbolSequence():fstext/fstext-utils-inl.h:263)  oneframe like is -10.0756 while xend is 93
LOG (gmm-align-compiled-gop[5.3.4~1340-b701]:GetLinearSymbolSequence():fstext/fstext-utils-inl.h:263)  oneframe like is -10.3185 while xend is 94
LOG (gmm-align-compiled-gop[5.3.4~1340-b701]:GetLinearSymbolSequence():fstext/fstext-utils-inl.h:263)  oneframe like is -10.5748 while xend is 95
LOG (gmm-align-compiled-gop[5.3.4~1340-b701]:GetLinearSymbolSequence():fstext/fstext-utils-inl.h:263)  oneframe like is -9.79651 while xend is 96
LOG (gmm-align-compiled-gop[5.3.4~1340-b701]:GetLinearSymbolSequence():fstext/fstext-utils-inl.h:263)  oneframe like is -10.1331 while xend is 97
LOG (gmm-align-compiled-gop[5.3.4~1340-b701]:GetLinearSymbolSequence():fstext/fstext-utils-inl.h:263)  oneframe like is -9.27594 while xend is 98
LOG (gmm-align-compiled-gop[5.3.4~1340-b701]:GetLinearSymbolSequence():fstext/fstext-utils-inl.h:263)  oneframe like is -9.03314 while xend is 99
LOG (gmm-align-compiled-gop[5.3.4~1340-b701]:GetLinearSymbolSequence():fstext/fstext-utils-inl.h:263)  oneframe like is -8.31653 while xend is 100
LOG (gmm-align-compiled-gop[5.3.4~1340-b701]:GetLinearSymbolSequence():fstext/fstext-utils-inl.h:263)  oneframe like is -7.89246 while xend is 101
LOG (gmm-align-compiled-gop[5.3.4~1340-b701]:GetLinearSymbolSequence():fstext/fstext-utils-inl.h:263)  oneframe like is -7.91156 while xend is 102
LOG (gmm-align-compiled-gop[5.3.4~1340-b701]:GetLinearSymbolSequence():fstext/fstext-utils-inl.h:263)  oneframe like is -7.94781 while xend is 103
LOG (gmm-align-compiled-gop[5.3.4~1340-b701]:GetLinearSymbolSequence():fstext/fstext-utils-inl.h:263)  oneframe like is -8.00873 while xend is 104
LOG (gmm-align-compiled-gop[5.3.4~1340-b701]:GetLinearSymbolSequence():fstext/fstext-utils-inl.h:263)  oneframe like is -7.33893 while xend is 105
LOG (gmm-align-compiled-gop[5.3.4~1340-b701]:GetLinearSymbolSequence():fstext/fstext-utils-inl.h:263)  oneframe like is -7.26807 while xend is 106
LOG (gmm-align-compiled-gop[5.3.4~1340-b701]:GetLinearSymbolSequence():fstext/fstext-utils-inl.h:263)  oneframe like is -6.70746 while xend is 107
LOG (gmm-align-compiled-gop[5.3.4~1340-b701]:GetLinearSymbolSequence():fstext/fstext-utils-inl.h:263)  oneframe like is -6.90643 while xend is 108
LOG (gmm-align-compiled-gop[5.3.4~1340-b701]:GetLinearSymbolSequence():fstext/fstext-utils-inl.h:263)  oneframe like is -6.24335 while xend is 109
LOG (gmm-align-compiled-gop[5.3.4~1340-b701]:GetLinearSymbolSequence():fstext/fstext-utils-inl.h:263)  oneframe like is -6.53137 while xend is 110
LOG (gmm-align-compiled-gop[5.3.4~1340-b701]:GetLinearSymbolSequence():fstext/fstext-utils-inl.h:263)  oneframe like is -5.49243 while xend is 111
LOG (gmm-align-compiled-gop[5.3.4~1340-b701]:GetLinearSymbolSequence():fstext/fstext-utils-inl.h:263)  oneframe like is -4.98688 while xend is 112
LOG (gmm-align-compiled-gop[5.3.4~1340-b701]:GetLinearSymbolSequence():fstext/fstext-utils-inl.h:263)  oneframe like is -5.85229 while xend is 113
LOG (gmm-align-compiled-gop[5.3.4~1340-b701]:GetLinearSymbolSequence():fstext/fstext-utils-inl.h:263)  oneframe like is -5.47229 while xend is 114
LOG (gmm-align-compiled-gop[5.3.4~1340-b701]:GetLinearSymbolSequence():fstext/fstext-utils-inl.h:263)  oneframe like is -5.35693 while xend is 115
LOG (gmm-align-compiled-gop[5.3.4~1340-b701]:GetLinearSymbolSequence():fstext/fstext-utils-inl.h:263)  oneframe like is -5.2926 while xend is 116
LOG (gmm-align-compiled-gop[5.3.4~1340-b701]:GetLinearSymbolSequence():fstext/fstext-utils-inl.h:263)  oneframe like is -4.81189 while xend is 117
LOG (gmm-align-compiled-gop[5.3.4~1340-b701]:GetLinearSymbolSequence():fstext/fstext-utils-inl.h:263)  oneframe like is -4.63452 while xend is 118
LOG (gmm-align-compiled-gop[5.3.4~1340-b701]:GetLinearSymbolSequence():fstext/fstext-utils-inl.h:263)  oneframe like is -3.97888 while xend is 119
LOG (gmm-align-compiled-gop[5.3.4~1340-b701]:GetLinearSymbolSequence():fstext/fstext-utils-inl.h:263)  oneframe like is -4.09094 while xend is 120
LOG (gmm-align-compiled-gop[5.3.4~1340-b701]:GetLinearSymbolSequence():fstext/fstext-utils-inl.h:263)  oneframe like is -4.07544 while xend is 121
LOG (gmm-align-compiled-gop[5.3.4~1340-b701]:GetLinearSymbolSequence():fstext/fstext-utils-inl.h:263)  oneframe like is -3.92102 while xend is 122
LOG (gmm-align-compiled-gop[5.3.4~1340-b701]:GetLinearSymbolSequence():fstext/fstext-utils-inl.h:263)  oneframe like is -4.24939 while xend is 123
LOG (gmm-align-compiled-gop[5.3.4~1340-b701]:GetLinearSymbolSequence():fstext/fstext-utils-inl.h:263)  oneframe like is -4.47729 while xend is 124
LOG (gmm-align-compiled-gop[5.3.4~1340-b701]:GetLinearSymbolSequence():fstext/fstext-utils-inl.h:263)  oneframe like is -4.34314 while xend is 125
LOG (gmm-align-compiled-gop[5.3.4~1340-b701]:GetLinearSymbolSequence():fstext/fstext-utils-inl.h:263)  oneframe like is -4.55945 while xend is 126
LOG (gmm-align-compiled-gop[5.3.4~1340-b701]:GetLinearSymbolSequence():fstext/fstext-utils-inl.h:263)  oneframe like is -5.00293 while xend is 127
LOG (gmm-align-compiled-gop[5.3.4~1340-b701]:GetLinearSymbolSequence():fstext/fstext-utils-inl.h:263)  oneframe like is -4.24268 while xend is 128
LOG (gmm-align-compiled-gop[5.3.4~1340-b701]:GetLinearSymbolSequence():fstext/fstext-utils-inl.h:263)  oneframe like is -4.99792 while xend is 129
LOG (gmm-align-compiled-gop[5.3.4~1340-b701]:GetLinearSymbolSequence():fstext/fstext-utils-inl.h:263)  oneframe like is -4.93262 while xend is 130
LOG (gmm-align-compiled-gop[5.3.4~1340-b701]:GetLinearSymbolSequence():fstext/fstext-utils-inl.h:263)  oneframe like is -5.31958 while xend is 131
LOG (gmm-align-compiled-gop[5.3.4~1340-b701]:GetLinearSymbolSequence():fstext/fstext-utils-inl.h:263)  oneframe like is -6.42786 while xend is 132
LOG (gmm-align-compiled-gop[5.3.4~1340-b701]:GetLinearSymbolSequence():fstext/fstext-utils-inl.h:263)  oneframe like is -6.92834 while xend is 133
LOG (gmm-align-compiled-gop[5.3.4~1340-b701]:GetLinearSymbolSequence():fstext/fstext-utils-inl.h:263)  oneframe like is -6.79968 while xend is 134
LOG (gmm-align-compiled-gop[5.3.4~1340-b701]:GetLinearSymbolSequence():fstext/fstext-utils-inl.h:263)  oneframe like is -7.63635 while xend is 135
LOG (gmm-align-compiled-gop[5.3.4~1340-b701]:GetLinearSymbolSequence():fstext/fstext-utils-inl.h:263)  oneframe like is -8.58154 while xend is 136
LOG (gmm-align-compiled-gop[5.3.4~1340-b701]:GetLinearSymbolSequence():fstext/fstext-utils-inl.h:263)  oneframe like is -7.75891 while xend is 137
LOG (gmm-align-compiled-gop[5.3.4~1340-b701]:GetLinearSymbolSequence():fstext/fstext-utils-inl.h:263)  oneframe like is -7.7771 while xend is 138
LOG (gmm-align-compiled-gop[5.3.4~1340-b701]:GetLinearSymbolSequence():fstext/fstext-utils-inl.h:263)  oneframe like is -8.12085 while xend is 139
LOG (gmm-align-compiled-gop[5.3.4~1340-b701]:GetLinearSymbolSequence():fstext/fstext-utils-inl.h:263)  oneframe like is -7.42529 while xend is 140
LOG (gmm-align-compiled-gop[5.3.4~1340-b701]:GetLinearSymbolSequence():fstext/fstext-utils-inl.h:263)  oneframe like is -7.2771 while xend is 141
LOG (gmm-align-compiled-gop[5.3.4~1340-b701]:GetLinearSymbolSequence():fstext/fstext-utils-inl.h:263)  oneframe like is -7.19812 while xend is 142
LOG (gmm-align-compiled-gop[5.3.4~1340-b701]:GetLinearSymbolSequence():fstext/fstext-utils-inl.h:263)  oneframe like is -6.8374 while xend is 143
LOG (gmm-align-compiled-gop[5.3.4~1340-b701]:GetLinearSymbolSequence():fstext/fstext-utils-inl.h:263)  oneframe like is -7.271 while xend is 144
LOG (gmm-align-compiled-gop[5.3.4~1340-b701]:GetLinearSymbolSequence():fstext/fstext-utils-inl.h:263)  oneframe like is -6.39294 while xend is 145
LOG (gmm-align-compiled-gop[5.3.4~1340-b701]:GetLinearSymbolSequence():fstext/fstext-utils-inl.h:263)  oneframe like is -5.91382 while xend is 146
LOG (gmm-align-compiled-gop[5.3.4~1340-b701]:GetLinearSymbolSequence():fstext/fstext-utils-inl.h:263)  oneframe like is -5.02026 while xend is 147
LOG (gmm-align-compiled-gop[5.3.4~1340-b701]:GetLinearSymbolSequence():fstext/fstext-utils-inl.h:263)  oneframe like is -6.3551 while xend is 148
LOG (gmm-align-compiled-gop[5.3.4~1340-b701]:GetLinearSymbolSequence():fstext/fstext-utils-inl.h:263)  oneframe like is -5.89062 while xend is 149
LOG (gmm-align-compiled-gop[5.3.4~1340-b701]:GetLinearSymbolSequence():fstext/fstext-utils-inl.h:263)  oneframe like is -5.09106 while xend is 150
LOG (gmm-align-compiled-gop[5.3.4~1340-b701]:GetLinearSymbolSequence():fstext/fstext-utils-inl.h:263)  oneframe like is -5.11963 while xend is 151
LOG (gmm-align-compiled-gop[5.3.4~1340-b701]:GetLinearSymbolSequence():fstext/fstext-utils-inl.h:263)  oneframe like is -5.36035 while xend is 152
LOG (gmm-align-compiled-gop[5.3.4~1340-b701]:GetLinearSymbolSequence():fstext/fstext-utils-inl.h:263)  oneframe like is -4.86572 while xend is 153
LOG (gmm-align-compiled-gop[5.3.4~1340-b701]:GetLinearSymbolSequence():fstext/fstext-utils-inl.h:263)  oneframe like is -4.99109 while xend is 154
LOG (gmm-align-compiled-gop[5.3.4~1340-b701]:GetLinearSymbolSequence():fstext/fstext-utils-inl.h:263)  oneframe like is -5.55518 while xend is 155
LOG (gmm-align-compiled-gop[5.3.4~1340-b701]:GetLinearSymbolSequence():fstext/fstext-utils-inl.h:263)  oneframe like is -4.82166 while xend is 156
LOG (gmm-align-compiled-gop[5.3.4~1340-b701]:GetLinearSymbolSequence():fstext/fstext-utils-inl.h:263)  oneframe like is -4.5752 while xend is 157
LOG (gmm-align-compiled-gop[5.3.4~1340-b701]:GetLinearSymbolSequence():fstext/fstext-utils-inl.h:263)  oneframe like is -4.40259 while xend is 158
LOG (gmm-align-compiled-gop[5.3.4~1340-b701]:GetLinearSymbolSequence():fstext/fstext-utils-inl.h:263)  oneframe like is -4.74451 while xend is 159
LOG (gmm-align-compiled-gop[5.3.4~1340-b701]:GetLinearSymbolSequence():fstext/fstext-utils-inl.h:263)  oneframe like is -5.28735 while xend is 160
LOG (gmm-align-compiled-gop[5.3.4~1340-b701]:GetLinearSymbolSequence():fstext/fstext-utils-inl.h:263)  oneframe like is -5.15149 while xend is 161
LOG (gmm-align-compiled-gop[5.3.4~1340-b701]:GetLinearSymbolSequence():fstext/fstext-utils-inl.h:263)  oneframe like is -5.6571 while xend is 162
LOG (gmm-align-compiled-gop[5.3.4~1340-b701]:GetLinearSymbolSequence():fstext/fstext-utils-inl.h:263)  oneframe like is -6.26685 while xend is 163
LOG (gmm-align-compiled-gop[5.3.4~1340-b701]:GetLinearSymbolSequence():fstext/fstext-utils-inl.h:263)  oneframe like is -5.77942 while xend is 164
LOG (gmm-align-compiled-gop[5.3.4~1340-b701]:GetLinearSymbolSequence():fstext/fstext-utils-inl.h:263)  oneframe like is -5.37781 while xend is 165
LOG (gmm-align-compiled-gop[5.3.4~1340-b701]:GetLinearSymbolSequence():fstext/fstext-utils-inl.h:263)  oneframe like is -4.39148 while xend is 166
LOG (gmm-align-compiled-gop[5.3.4~1340-b701]:GetLinearSymbolSequence():fstext/fstext-utils-inl.h:263)  oneframe like is -5.25208 while xend is 167
LOG (gmm-align-compiled-gop[5.3.4~1340-b701]:GetLinearSymbolSequence():fstext/fstext-utils-inl.h:263)  oneframe like is -4.86853 while xend is 168
LOG (gmm-align-compiled-gop[5.3.4~1340-b701]:GetLinearSymbolSequence():fstext/fstext-utils-inl.h:263)  oneframe like is -5.49561 while xend is 169
LOG (gmm-align-compiled-gop[5.3.4~1340-b701]:GetLinearSymbolSequence():fstext/fstext-utils-inl.h:263)  oneframe like is -4.91748 while xend is 170
LOG (gmm-align-compiled-gop[5.3.4~1340-b701]:main():gmm-align-compiled-gop.cc:136) Overall log-likelihood per frame is -79.0563 over 171 frames.
LOG (gmm-align-compiled-gop[5.3.4~1340-b701]:main():gmm-align-compiled-gop.cc:138) Retried 0 out of 1 utterances.
LOG (gmm-align-compiled-gop[5.3.4~1340-b701]:main():gmm-align-compiled-gop.cc:140) Done 1, errors on 0
# Accounting: time=0 threads=1
# Ended (code 0) at Thu May 10 00:17:55 HKT 2018, elapsed time 0 seconds
