# compile-train-graphs --read-disambig-syms=data/lang/phones/disambig.int exp/tri1_one_ali/7ea7e1b5f7/tree exp/tri1_one_ali/7ea7e1b5f7/final.mdl data/lang/L.fst "ark:utils/sym2int.pl --map-oov 3 -f 2- data/lang/words.txt data/7ea7e1b5f7/split1/1/text|" ark:- | gmm-align-compiled-gop --transition-scale=1.0 --acoustic-scale=0.1 --self-loop-scale=0.1 --beam=10 --retry-beam=40 --careful=false "gmm-boost-silence --boost=1.25 1 exp/tri1_one_ali/7ea7e1b5f7/final.mdl - |" ark:- "ark,s,cs:apply-cmvn  --utt2spk=ark:data/7ea7e1b5f7/split1/1/utt2spk scp:data/7ea7e1b5f7/split1/1/cmvn.scp scp:data/7ea7e1b5f7/split1/1/feats.scp ark:- | add-deltas  ark:- ark:- |" "ark,t:|gzip -c >exp/tri1_one_ali/7ea7e1b5f7/ali.1.gz" 
# Started at Wed May 23 16:56:49 HKT 2018
#
compile-train-graphs --read-disambig-syms=data/lang/phones/disambig.int exp/tri1_one_ali/7ea7e1b5f7/tree exp/tri1_one_ali/7ea7e1b5f7/final.mdl data/lang/L.fst 'ark:utils/sym2int.pl --map-oov 3 -f 2- data/lang/words.txt data/7ea7e1b5f7/split1/1/text|' ark:- 
gmm-align-compiled-gop --transition-scale=1.0 --acoustic-scale=0.1 --self-loop-scale=0.1 --beam=10 --retry-beam=40 --careful=false 'gmm-boost-silence --boost=1.25 1 exp/tri1_one_ali/7ea7e1b5f7/final.mdl - |' ark:- 'ark,s,cs:apply-cmvn  --utt2spk=ark:data/7ea7e1b5f7/split1/1/utt2spk scp:data/7ea7e1b5f7/split1/1/cmvn.scp scp:data/7ea7e1b5f7/split1/1/feats.scp ark:- | add-deltas  ark:- ark:- |' 'ark,t:|gzip -c >exp/tri1_one_ali/7ea7e1b5f7/ali.1.gz' 
sym2int.pl: replacing がっかり with 3
** Replaced 1 instances of OOVs with 3
gmm-boost-silence --boost=1.25 1 exp/tri1_one_ali/7ea7e1b5f7/final.mdl - 
LOG (compile-train-graphs[5.3.4~1340-b701]:main():compile-train-graphs.cc:147) compile-train-graphs: succeeded for 1 graphs, failed for 0
WARNING (gmm-boost-silence[5.3.4~1340-b701]:main():gmm-boost-silence.cc:82) The pdfs for the silence phones may be shared by other phones (note: this probably does not matter.)
LOG (gmm-boost-silence[5.3.4~1340-b701]:main():gmm-boost-silence.cc:93) Boosted weights for 5 pdfs, by factor of 1.25
LOG (gmm-boost-silence[5.3.4~1340-b701]:main():gmm-boost-silence.cc:103) Wrote model to -
add-deltas ark:- ark:- 
apply-cmvn --utt2spk=ark:data/7ea7e1b5f7/split1/1/utt2spk scp:data/7ea7e1b5f7/split1/1/cmvn.scp scp:data/7ea7e1b5f7/split1/1/feats.scp ark:- 
LOG (apply-cmvn[5.3.4~1340-b701]:main():apply-cmvn.cc:162) Applied cepstral mean normalization to 1 utterances, errors on 0
LOG (gmm-align-compiled-gop[5.3.4~1340-b701]:main():gmm-align-compiled-gop.cc:127) answer
LOG (gmm-align-compiled-gop[5.3.4~1340-b701]:GetLinearSymbolSequence():fstext/fstext-utils-inl.h:263)  oneframe like is -6.93494 while xend is 0
LOG (gmm-align-compiled-gop[5.3.4~1340-b701]:GetLinearSymbolSequence():fstext/fstext-utils-inl.h:263)  oneframe like is -8.02375 while xend is 1
LOG (gmm-align-compiled-gop[5.3.4~1340-b701]:GetLinearSymbolSequence():fstext/fstext-utils-inl.h:263)  oneframe like is -8.93998 while xend is 2
LOG (gmm-align-compiled-gop[5.3.4~1340-b701]:GetLinearSymbolSequence():fstext/fstext-utils-inl.h:263)  oneframe like is -9.20546 while xend is 3
LOG (gmm-align-compiled-gop[5.3.4~1340-b701]:GetLinearSymbolSequence():fstext/fstext-utils-inl.h:263)  oneframe like is -9.10135 while xend is 4
LOG (gmm-align-compiled-gop[5.3.4~1340-b701]:GetLinearSymbolSequence():fstext/fstext-utils-inl.h:263)  oneframe like is -9.179 while xend is 5
LOG (gmm-align-compiled-gop[5.3.4~1340-b701]:GetLinearSymbolSequence():fstext/fstext-utils-inl.h:263)  oneframe like is -8.93215 while xend is 6
LOG (gmm-align-compiled-gop[5.3.4~1340-b701]:GetLinearSymbolSequence():fstext/fstext-utils-inl.h:263)  oneframe like is -9.37384 while xend is 7
LOG (gmm-align-compiled-gop[5.3.4~1340-b701]:GetLinearSymbolSequence():fstext/fstext-utils-inl.h:263)  oneframe like is -9.29821 while xend is 8
LOG (gmm-align-compiled-gop[5.3.4~1340-b701]:GetLinearSymbolSequence():fstext/fstext-utils-inl.h:263)  oneframe like is -7.98064 while xend is 9
LOG (gmm-align-compiled-gop[5.3.4~1340-b701]:GetLinearSymbolSequence():fstext/fstext-utils-inl.h:263)  oneframe like is -8.54692 while xend is 10
LOG (gmm-align-compiled-gop[5.3.4~1340-b701]:GetLinearSymbolSequence():fstext/fstext-utils-inl.h:263)  oneframe like is -7.77425 while xend is 11
LOG (gmm-align-compiled-gop[5.3.4~1340-b701]:GetLinearSymbolSequence():fstext/fstext-utils-inl.h:263)  oneframe like is -8.70431 while xend is 12
LOG (gmm-align-compiled-gop[5.3.4~1340-b701]:GetLinearSymbolSequence():fstext/fstext-utils-inl.h:263)  oneframe like is -8.91089 while xend is 13
LOG (gmm-align-compiled-gop[5.3.4~1340-b701]:GetLinearSymbolSequence():fstext/fstext-utils-inl.h:263)  oneframe like is -9.01456 while xend is 14
LOG (gmm-align-compiled-gop[5.3.4~1340-b701]:GetLinearSymbolSequence():fstext/fstext-utils-inl.h:263)  oneframe like is -9.09106 while xend is 15
LOG (gmm-align-compiled-gop[5.3.4~1340-b701]:GetLinearSymbolSequence():fstext/fstext-utils-inl.h:263)  oneframe like is -9.31322 while xend is 16
LOG (gmm-align-compiled-gop[5.3.4~1340-b701]:GetLinearSymbolSequence():fstext/fstext-utils-inl.h:263)  oneframe like is -9.92476 while xend is 17
LOG (gmm-align-compiled-gop[5.3.4~1340-b701]:GetLinearSymbolSequence():fstext/fstext-utils-inl.h:263)  oneframe like is -10.3461 while xend is 18
LOG (gmm-align-compiled-gop[5.3.4~1340-b701]:GetLinearSymbolSequence():fstext/fstext-utils-inl.h:263)  oneframe like is -10.5603 while xend is 19
LOG (gmm-align-compiled-gop[5.3.4~1340-b701]:GetLinearSymbolSequence():fstext/fstext-utils-inl.h:263)  oneframe like is -9.62206 while xend is 20
LOG (gmm-align-compiled-gop[5.3.4~1340-b701]:GetLinearSymbolSequence():fstext/fstext-utils-inl.h:263)  oneframe like is -9.17746 while xend is 21
LOG (gmm-align-compiled-gop[5.3.4~1340-b701]:GetLinearSymbolSequence():fstext/fstext-utils-inl.h:263)  oneframe like is -8.94157 while xend is 22
LOG (gmm-align-compiled-gop[5.3.4~1340-b701]:GetLinearSymbolSequence():fstext/fstext-utils-inl.h:263)  oneframe like is -8.50319 while xend is 23
LOG (gmm-align-compiled-gop[5.3.4~1340-b701]:GetLinearSymbolSequence():fstext/fstext-utils-inl.h:263)  oneframe like is -8.40392 while xend is 24
LOG (gmm-align-compiled-gop[5.3.4~1340-b701]:GetLinearSymbolSequence():fstext/fstext-utils-inl.h:263)  oneframe like is -8.49373 while xend is 25
LOG (gmm-align-compiled-gop[5.3.4~1340-b701]:GetLinearSymbolSequence():fstext/fstext-utils-inl.h:263)  oneframe like is -8.28964 while xend is 26
LOG (gmm-align-compiled-gop[5.3.4~1340-b701]:GetLinearSymbolSequence():fstext/fstext-utils-inl.h:263)  oneframe like is -8.73433 while xend is 27
LOG (gmm-align-compiled-gop[5.3.4~1340-b701]:GetLinearSymbolSequence():fstext/fstext-utils-inl.h:263)  oneframe like is -8.83243 while xend is 28
LOG (gmm-align-compiled-gop[5.3.4~1340-b701]:GetLinearSymbolSequence():fstext/fstext-utils-inl.h:263)  oneframe like is -8.71423 while xend is 29
LOG (gmm-align-compiled-gop[5.3.4~1340-b701]:GetLinearSymbolSequence():fstext/fstext-utils-inl.h:263)  oneframe like is -8.21762 while xend is 30
LOG (gmm-align-compiled-gop[5.3.4~1340-b701]:GetLinearSymbolSequence():fstext/fstext-utils-inl.h:263)  oneframe like is -8.63791 while xend is 31
LOG (gmm-align-compiled-gop[5.3.4~1340-b701]:GetLinearSymbolSequence():fstext/fstext-utils-inl.h:263)  oneframe like is -8.1832 while xend is 32
LOG (gmm-align-compiled-gop[5.3.4~1340-b701]:GetLinearSymbolSequence():fstext/fstext-utils-inl.h:263)  oneframe like is -8.65436 while xend is 33
LOG (gmm-align-compiled-gop[5.3.4~1340-b701]:GetLinearSymbolSequence():fstext/fstext-utils-inl.h:263)  oneframe like is -7.68237 while xend is 34
LOG (gmm-align-compiled-gop[5.3.4~1340-b701]:GetLinearSymbolSequence():fstext/fstext-utils-inl.h:263)  oneframe like is -8.39655 while xend is 35
LOG (gmm-align-compiled-gop[5.3.4~1340-b701]:GetLinearSymbolSequence():fstext/fstext-utils-inl.h:263)  oneframe like is -7.61154 while xend is 36
LOG (gmm-align-compiled-gop[5.3.4~1340-b701]:GetLinearSymbolSequence():fstext/fstext-utils-inl.h:263)  oneframe like is -8.2923 while xend is 37
LOG (gmm-align-compiled-gop[5.3.4~1340-b701]:GetLinearSymbolSequence():fstext/fstext-utils-inl.h:263)  oneframe like is -8.21088 while xend is 38
LOG (gmm-align-compiled-gop[5.3.4~1340-b701]:GetLinearSymbolSequence():fstext/fstext-utils-inl.h:263)  oneframe like is -8.51123 while xend is 39
LOG (gmm-align-compiled-gop[5.3.4~1340-b701]:GetLinearSymbolSequence():fstext/fstext-utils-inl.h:263)  oneframe like is -8.57629 while xend is 40
LOG (gmm-align-compiled-gop[5.3.4~1340-b701]:GetLinearSymbolSequence():fstext/fstext-utils-inl.h:263)  oneframe like is -8.87979 while xend is 41
LOG (gmm-align-compiled-gop[5.3.4~1340-b701]:GetLinearSymbolSequence():fstext/fstext-utils-inl.h:263)  oneframe like is -8.73944 while xend is 42
LOG (gmm-align-compiled-gop[5.3.4~1340-b701]:GetLinearSymbolSequence():fstext/fstext-utils-inl.h:263)  oneframe like is -8.27618 while xend is 43
LOG (gmm-align-compiled-gop[5.3.4~1340-b701]:GetLinearSymbolSequence():fstext/fstext-utils-inl.h:263)  oneframe like is -8.1073 while xend is 44
LOG (gmm-align-compiled-gop[5.3.4~1340-b701]:GetLinearSymbolSequence():fstext/fstext-utils-inl.h:263)  oneframe like is -8.26404 while xend is 45
LOG (gmm-align-compiled-gop[5.3.4~1340-b701]:GetLinearSymbolSequence():fstext/fstext-utils-inl.h:263)  oneframe like is -7.90884 while xend is 46
LOG (gmm-align-compiled-gop[5.3.4~1340-b701]:GetLinearSymbolSequence():fstext/fstext-utils-inl.h:263)  oneframe like is -8.09698 while xend is 47
LOG (gmm-align-compiled-gop[5.3.4~1340-b701]:GetLinearSymbolSequence():fstext/fstext-utils-inl.h:263)  oneframe like is -8.3136 while xend is 48
LOG (gmm-align-compiled-gop[5.3.4~1340-b701]:GetLinearSymbolSequence():fstext/fstext-utils-inl.h:263)  oneframe like is -8.37582 while xend is 49
LOG (gmm-align-compiled-gop[5.3.4~1340-b701]:GetLinearSymbolSequence():fstext/fstext-utils-inl.h:263)  oneframe like is -7.96869 while xend is 50
LOG (gmm-align-compiled-gop[5.3.4~1340-b701]:GetLinearSymbolSequence():fstext/fstext-utils-inl.h:263)  oneframe like is -7.26141 while xend is 51
LOG (gmm-align-compiled-gop[5.3.4~1340-b701]:GetLinearSymbolSequence():fstext/fstext-utils-inl.h:263)  oneframe like is -7.82269 while xend is 52
LOG (gmm-align-compiled-gop[5.3.4~1340-b701]:GetLinearSymbolSequence():fstext/fstext-utils-inl.h:263)  oneframe like is -8.56946 while xend is 53
LOG (gmm-align-compiled-gop[5.3.4~1340-b701]:GetLinearSymbolSequence():fstext/fstext-utils-inl.h:263)  oneframe like is -8.30682 while xend is 54
LOG (gmm-align-compiled-gop[5.3.4~1340-b701]:GetLinearSymbolSequence():fstext/fstext-utils-inl.h:263)  oneframe like is -8.02521 while xend is 55
LOG (gmm-align-compiled-gop[5.3.4~1340-b701]:GetLinearSymbolSequence():fstext/fstext-utils-inl.h:263)  oneframe like is -8.7258 while xend is 56
LOG (gmm-align-compiled-gop[5.3.4~1340-b701]:GetLinearSymbolSequence():fstext/fstext-utils-inl.h:263)  oneframe like is -8.81558 while xend is 57
LOG (gmm-align-compiled-gop[5.3.4~1340-b701]:GetLinearSymbolSequence():fstext/fstext-utils-inl.h:263)  oneframe like is -9.2868 while xend is 58
LOG (gmm-align-compiled-gop[5.3.4~1340-b701]:GetLinearSymbolSequence():fstext/fstext-utils-inl.h:263)  oneframe like is -8.68854 while xend is 59
LOG (gmm-align-compiled-gop[5.3.4~1340-b701]:GetLinearSymbolSequence():fstext/fstext-utils-inl.h:263)  oneframe like is -8.89612 while xend is 60
LOG (gmm-align-compiled-gop[5.3.4~1340-b701]:GetLinearSymbolSequence():fstext/fstext-utils-inl.h:263)  oneframe like is -8.77289 while xend is 61
LOG (gmm-align-compiled-gop[5.3.4~1340-b701]:GetLinearSymbolSequence():fstext/fstext-utils-inl.h:263)  oneframe like is -9.42334 while xend is 62
LOG (gmm-align-compiled-gop[5.3.4~1340-b701]:GetLinearSymbolSequence():fstext/fstext-utils-inl.h:263)  oneframe like is -9.59259 while xend is 63
LOG (gmm-align-compiled-gop[5.3.4~1340-b701]:GetLinearSymbolSequence():fstext/fstext-utils-inl.h:263)  oneframe like is -9.21796 while xend is 64
LOG (gmm-align-compiled-gop[5.3.4~1340-b701]:GetLinearSymbolSequence():fstext/fstext-utils-inl.h:263)  oneframe like is -8.68823 while xend is 65
LOG (gmm-align-compiled-gop[5.3.4~1340-b701]:GetLinearSymbolSequence():fstext/fstext-utils-inl.h:263)  oneframe like is -8.58472 while xend is 66
LOG (gmm-align-compiled-gop[5.3.4~1340-b701]:GetLinearSymbolSequence():fstext/fstext-utils-inl.h:263)  oneframe like is -7.92542 while xend is 67
LOG (gmm-align-compiled-gop[5.3.4~1340-b701]:GetLinearSymbolSequence():fstext/fstext-utils-inl.h:263)  oneframe like is -8.44 while xend is 68
LOG (gmm-align-compiled-gop[5.3.4~1340-b701]:GetLinearSymbolSequence():fstext/fstext-utils-inl.h:263)  oneframe like is -8.07288 while xend is 69
LOG (gmm-align-compiled-gop[5.3.4~1340-b701]:GetLinearSymbolSequence():fstext/fstext-utils-inl.h:263)  oneframe like is -7.63324 while xend is 70
LOG (gmm-align-compiled-gop[5.3.4~1340-b701]:GetLinearSymbolSequence():fstext/fstext-utils-inl.h:263)  oneframe like is -7.95856 while xend is 71
LOG (gmm-align-compiled-gop[5.3.4~1340-b701]:GetLinearSymbolSequence():fstext/fstext-utils-inl.h:263)  oneframe like is -8.6355 while xend is 72
LOG (gmm-align-compiled-gop[5.3.4~1340-b701]:GetLinearSymbolSequence():fstext/fstext-utils-inl.h:263)  oneframe like is -8.04401 while xend is 73
LOG (gmm-align-compiled-gop[5.3.4~1340-b701]:GetLinearSymbolSequence():fstext/fstext-utils-inl.h:263)  oneframe like is -7.75647 while xend is 74
LOG (gmm-align-compiled-gop[5.3.4~1340-b701]:GetLinearSymbolSequence():fstext/fstext-utils-inl.h:263)  oneframe like is -7.41632 while xend is 75
LOG (gmm-align-compiled-gop[5.3.4~1340-b701]:GetLinearSymbolSequence():fstext/fstext-utils-inl.h:263)  oneframe like is -8.10187 while xend is 76
LOG (gmm-align-compiled-gop[5.3.4~1340-b701]:GetLinearSymbolSequence():fstext/fstext-utils-inl.h:263)  oneframe like is -7.70312 while xend is 77
LOG (gmm-align-compiled-gop[5.3.4~1340-b701]:GetLinearSymbolSequence():fstext/fstext-utils-inl.h:263)  oneframe like is -8.4505 while xend is 78
LOG (gmm-align-compiled-gop[5.3.4~1340-b701]:GetLinearSymbolSequence():fstext/fstext-utils-inl.h:263)  oneframe like is -8.91602 while xend is 79
LOG (gmm-align-compiled-gop[5.3.4~1340-b701]:GetLinearSymbolSequence():fstext/fstext-utils-inl.h:263)  oneframe like is -9.09924 while xend is 80
LOG (gmm-align-compiled-gop[5.3.4~1340-b701]:GetLinearSymbolSequence():fstext/fstext-utils-inl.h:263)  oneframe like is -8.06018 while xend is 81
LOG (gmm-align-compiled-gop[5.3.4~1340-b701]:GetLinearSymbolSequence():fstext/fstext-utils-inl.h:263)  oneframe like is -8.92566 while xend is 82
LOG (gmm-align-compiled-gop[5.3.4~1340-b701]:GetLinearSymbolSequence():fstext/fstext-utils-inl.h:263)  oneframe like is -7.22278 while xend is 83
LOG (gmm-align-compiled-gop[5.3.4~1340-b701]:GetLinearSymbolSequence():fstext/fstext-utils-inl.h:263)  oneframe like is -7.8064 while xend is 84
LOG (gmm-align-compiled-gop[5.3.4~1340-b701]:GetLinearSymbolSequence():fstext/fstext-utils-inl.h:263)  oneframe like is -8.0321 while xend is 85
LOG (gmm-align-compiled-gop[5.3.4~1340-b701]:GetLinearSymbolSequence():fstext/fstext-utils-inl.h:263)  oneframe like is -8.04578 while xend is 86
LOG (gmm-align-compiled-gop[5.3.4~1340-b701]:GetLinearSymbolSequence():fstext/fstext-utils-inl.h:263)  oneframe like is -7.81482 while xend is 87
LOG (gmm-align-compiled-gop[5.3.4~1340-b701]:GetLinearSymbolSequence():fstext/fstext-utils-inl.h:263)  oneframe like is -8.1272 while xend is 88
LOG (gmm-align-compiled-gop[5.3.4~1340-b701]:GetLinearSymbolSequence():fstext/fstext-utils-inl.h:263)  oneframe like is -8.79205 while xend is 89
LOG (gmm-align-compiled-gop[5.3.4~1340-b701]:GetLinearSymbolSequence():fstext/fstext-utils-inl.h:263)  oneframe like is -8.36328 while xend is 90
LOG (gmm-align-compiled-gop[5.3.4~1340-b701]:GetLinearSymbolSequence():fstext/fstext-utils-inl.h:263)  oneframe like is -8.86523 while xend is 91
LOG (gmm-align-compiled-gop[5.3.4~1340-b701]:GetLinearSymbolSequence():fstext/fstext-utils-inl.h:263)  oneframe like is -9.10474 while xend is 92
LOG (gmm-align-compiled-gop[5.3.4~1340-b701]:GetLinearSymbolSequence():fstext/fstext-utils-inl.h:263)  oneframe like is -9.50409 while xend is 93
LOG (gmm-align-compiled-gop[5.3.4~1340-b701]:GetLinearSymbolSequence():fstext/fstext-utils-inl.h:263)  oneframe like is -8.67316 while xend is 94
LOG (gmm-align-compiled-gop[5.3.4~1340-b701]:GetLinearSymbolSequence():fstext/fstext-utils-inl.h:263)  oneframe like is -8.90503 while xend is 95
LOG (gmm-align-compiled-gop[5.3.4~1340-b701]:GetLinearSymbolSequence():fstext/fstext-utils-inl.h:263)  oneframe like is -8.57031 while xend is 96
LOG (gmm-align-compiled-gop[5.3.4~1340-b701]:GetLinearSymbolSequence():fstext/fstext-utils-inl.h:263)  oneframe like is -8.96295 while xend is 97
LOG (gmm-align-compiled-gop[5.3.4~1340-b701]:GetLinearSymbolSequence():fstext/fstext-utils-inl.h:263)  oneframe like is -8.9436 while xend is 98
LOG (gmm-align-compiled-gop[5.3.4~1340-b701]:GetLinearSymbolSequence():fstext/fstext-utils-inl.h:263)  oneframe like is -9.1449 while xend is 99
LOG (gmm-align-compiled-gop[5.3.4~1340-b701]:GetLinearSymbolSequence():fstext/fstext-utils-inl.h:263)  oneframe like is -9.94269 while xend is 100
LOG (gmm-align-compiled-gop[5.3.4~1340-b701]:GetLinearSymbolSequence():fstext/fstext-utils-inl.h:263)  oneframe like is -9.84607 while xend is 101
LOG (gmm-align-compiled-gop[5.3.4~1340-b701]:GetLinearSymbolSequence():fstext/fstext-utils-inl.h:263)  oneframe like is -9.39978 while xend is 102
LOG (gmm-align-compiled-gop[5.3.4~1340-b701]:GetLinearSymbolSequence():fstext/fstext-utils-inl.h:263)  oneframe like is -9.23816 while xend is 103
LOG (gmm-align-compiled-gop[5.3.4~1340-b701]:GetLinearSymbolSequence():fstext/fstext-utils-inl.h:263)  oneframe like is -9.24316 while xend is 104
LOG (gmm-align-compiled-gop[5.3.4~1340-b701]:GetLinearSymbolSequence():fstext/fstext-utils-inl.h:263)  oneframe like is -9.48529 while xend is 105
LOG (gmm-align-compiled-gop[5.3.4~1340-b701]:GetLinearSymbolSequence():fstext/fstext-utils-inl.h:263)  oneframe like is -9.26294 while xend is 106
LOG (gmm-align-compiled-gop[5.3.4~1340-b701]:GetLinearSymbolSequence():fstext/fstext-utils-inl.h:263)  oneframe like is -9.23541 while xend is 107
LOG (gmm-align-compiled-gop[5.3.4~1340-b701]:GetLinearSymbolSequence():fstext/fstext-utils-inl.h:263)  oneframe like is -9.73267 while xend is 108
LOG (gmm-align-compiled-gop[5.3.4~1340-b701]:GetLinearSymbolSequence():fstext/fstext-utils-inl.h:263)  oneframe like is -9.43219 while xend is 109
LOG (gmm-align-compiled-gop[5.3.4~1340-b701]:GetLinearSymbolSequence():fstext/fstext-utils-inl.h:263)  oneframe like is -9.29077 while xend is 110
LOG (gmm-align-compiled-gop[5.3.4~1340-b701]:GetLinearSymbolSequence():fstext/fstext-utils-inl.h:263)  oneframe like is -9.47821 while xend is 111
LOG (gmm-align-compiled-gop[5.3.4~1340-b701]:GetLinearSymbolSequence():fstext/fstext-utils-inl.h:263)  oneframe like is -9.28381 while xend is 112
LOG (gmm-align-compiled-gop[5.3.4~1340-b701]:GetLinearSymbolSequence():fstext/fstext-utils-inl.h:263)  oneframe like is -9.62933 while xend is 113
LOG (gmm-align-compiled-gop[5.3.4~1340-b701]:GetLinearSymbolSequence():fstext/fstext-utils-inl.h:263)  oneframe like is -9.80927 while xend is 114
LOG (gmm-align-compiled-gop[5.3.4~1340-b701]:GetLinearSymbolSequence():fstext/fstext-utils-inl.h:263)  oneframe like is -10.2027 while xend is 115
LOG (gmm-align-compiled-gop[5.3.4~1340-b701]:GetLinearSymbolSequence():fstext/fstext-utils-inl.h:263)  oneframe like is -9.53302 while xend is 116
LOG (gmm-align-compiled-gop[5.3.4~1340-b701]:GetLinearSymbolSequence():fstext/fstext-utils-inl.h:263)  oneframe like is -9.35541 while xend is 117
LOG (gmm-align-compiled-gop[5.3.4~1340-b701]:GetLinearSymbolSequence():fstext/fstext-utils-inl.h:263)  oneframe like is -9.22974 while xend is 118
LOG (gmm-align-compiled-gop[5.3.4~1340-b701]:GetLinearSymbolSequence():fstext/fstext-utils-inl.h:263)  oneframe like is -8.46167 while xend is 119
LOG (gmm-align-compiled-gop[5.3.4~1340-b701]:GetLinearSymbolSequence():fstext/fstext-utils-inl.h:263)  oneframe like is -8.06616 while xend is 120
LOG (gmm-align-compiled-gop[5.3.4~1340-b701]:GetLinearSymbolSequence():fstext/fstext-utils-inl.h:263)  oneframe like is -9.13171 while xend is 121
LOG (gmm-align-compiled-gop[5.3.4~1340-b701]:GetLinearSymbolSequence():fstext/fstext-utils-inl.h:263)  oneframe like is -8.91003 while xend is 122
LOG (gmm-align-compiled-gop[5.3.4~1340-b701]:GetLinearSymbolSequence():fstext/fstext-utils-inl.h:263)  oneframe like is -9.04309 while xend is 123
LOG (gmm-align-compiled-gop[5.3.4~1340-b701]:GetLinearSymbolSequence():fstext/fstext-utils-inl.h:263)  oneframe like is -8.95544 while xend is 124
LOG (gmm-align-compiled-gop[5.3.4~1340-b701]:GetLinearSymbolSequence():fstext/fstext-utils-inl.h:263)  oneframe like is -9.24133 while xend is 125
LOG (gmm-align-compiled-gop[5.3.4~1340-b701]:GetLinearSymbolSequence():fstext/fstext-utils-inl.h:263)  oneframe like is -8.7771 while xend is 126
LOG (gmm-align-compiled-gop[5.3.4~1340-b701]:GetLinearSymbolSequence():fstext/fstext-utils-inl.h:263)  oneframe like is -9.00891 while xend is 127
LOG (gmm-align-compiled-gop[5.3.4~1340-b701]:GetLinearSymbolSequence():fstext/fstext-utils-inl.h:263)  oneframe like is -8.51282 while xend is 128
LOG (gmm-align-compiled-gop[5.3.4~1340-b701]:GetLinearSymbolSequence():fstext/fstext-utils-inl.h:263)  oneframe like is -7.89636 while xend is 129
LOG (gmm-align-compiled-gop[5.3.4~1340-b701]:GetLinearSymbolSequence():fstext/fstext-utils-inl.h:263)  oneframe like is -7.95923 while xend is 130
LOG (gmm-align-compiled-gop[5.3.4~1340-b701]:GetLinearSymbolSequence():fstext/fstext-utils-inl.h:263)  oneframe like is -7.85889 while xend is 131
LOG (gmm-align-compiled-gop[5.3.4~1340-b701]:GetLinearSymbolSequence():fstext/fstext-utils-inl.h:263)  oneframe like is -8.01868 while xend is 132
LOG (gmm-align-compiled-gop[5.3.4~1340-b701]:GetLinearSymbolSequence():fstext/fstext-utils-inl.h:263)  oneframe like is -8.38855 while xend is 133
LOG (gmm-align-compiled-gop[5.3.4~1340-b701]:GetLinearSymbolSequence():fstext/fstext-utils-inl.h:263)  oneframe like is -8.48328 while xend is 134
LOG (gmm-align-compiled-gop[5.3.4~1340-b701]:GetLinearSymbolSequence():fstext/fstext-utils-inl.h:263)  oneframe like is -8.94604 while xend is 135
LOG (gmm-align-compiled-gop[5.3.4~1340-b701]:GetLinearSymbolSequence():fstext/fstext-utils-inl.h:263)  oneframe like is -8.47766 while xend is 136
LOG (gmm-align-compiled-gop[5.3.4~1340-b701]:GetLinearSymbolSequence():fstext/fstext-utils-inl.h:263)  oneframe like is -8.41553 while xend is 137
LOG (gmm-align-compiled-gop[5.3.4~1340-b701]:GetLinearSymbolSequence():fstext/fstext-utils-inl.h:263)  oneframe like is -8.4281 while xend is 138
LOG (gmm-align-compiled-gop[5.3.4~1340-b701]:GetLinearSymbolSequence():fstext/fstext-utils-inl.h:263)  oneframe like is -8.7135 while xend is 139
LOG (gmm-align-compiled-gop[5.3.4~1340-b701]:GetLinearSymbolSequence():fstext/fstext-utils-inl.h:263)  oneframe like is -8.08936 while xend is 140
LOG (gmm-align-compiled-gop[5.3.4~1340-b701]:GetLinearSymbolSequence():fstext/fstext-utils-inl.h:263)  oneframe like is -8.38574 while xend is 141
LOG (gmm-align-compiled-gop[5.3.4~1340-b701]:GetLinearSymbolSequence():fstext/fstext-utils-inl.h:263)  oneframe like is -7.71143 while xend is 142
LOG (gmm-align-compiled-gop[5.3.4~1340-b701]:GetLinearSymbolSequence():fstext/fstext-utils-inl.h:263)  oneframe like is -9.02161 while xend is 143
LOG (gmm-align-compiled-gop[5.3.4~1340-b701]:GetLinearSymbolSequence():fstext/fstext-utils-inl.h:263)  oneframe like is -9.00195 while xend is 144
LOG (gmm-align-compiled-gop[5.3.4~1340-b701]:GetLinearSymbolSequence():fstext/fstext-utils-inl.h:263)  oneframe like is -9.01489 while xend is 145
LOG (gmm-align-compiled-gop[5.3.4~1340-b701]:GetLinearSymbolSequence():fstext/fstext-utils-inl.h:263)  oneframe like is -8.18054 while xend is 146
LOG (gmm-align-compiled-gop[5.3.4~1340-b701]:GetLinearSymbolSequence():fstext/fstext-utils-inl.h:263)  oneframe like is -9.36377 while xend is 147
LOG (gmm-align-compiled-gop[5.3.4~1340-b701]:GetLinearSymbolSequence():fstext/fstext-utils-inl.h:263)  oneframe like is -8.24731 while xend is 148
LOG (gmm-align-compiled-gop[5.3.4~1340-b701]:GetLinearSymbolSequence():fstext/fstext-utils-inl.h:263)  oneframe like is -8.47205 while xend is 149
LOG (gmm-align-compiled-gop[5.3.4~1340-b701]:GetLinearSymbolSequence():fstext/fstext-utils-inl.h:263)  oneframe like is -8.24976 while xend is 150
LOG (gmm-align-compiled-gop[5.3.4~1340-b701]:GetLinearSymbolSequence():fstext/fstext-utils-inl.h:263)  oneframe like is -8.92419 while xend is 151
LOG (gmm-align-compiled-gop[5.3.4~1340-b701]:GetLinearSymbolSequence():fstext/fstext-utils-inl.h:263)  oneframe like is -9.22559 while xend is 152
LOG (gmm-align-compiled-gop[5.3.4~1340-b701]:GetLinearSymbolSequence():fstext/fstext-utils-inl.h:263)  oneframe like is -9.64905 while xend is 153
LOG (gmm-align-compiled-gop[5.3.4~1340-b701]:GetLinearSymbolSequence():fstext/fstext-utils-inl.h:263)  oneframe like is -9.51685 while xend is 154
LOG (gmm-align-compiled-gop[5.3.4~1340-b701]:GetLinearSymbolSequence():fstext/fstext-utils-inl.h:263)  oneframe like is -9.86035 while xend is 155
LOG (gmm-align-compiled-gop[5.3.4~1340-b701]:GetLinearSymbolSequence():fstext/fstext-utils-inl.h:263)  oneframe like is -10.1987 while xend is 156
LOG (gmm-align-compiled-gop[5.3.4~1340-b701]:GetLinearSymbolSequence():fstext/fstext-utils-inl.h:263)  oneframe like is -10.2474 while xend is 157
LOG (gmm-align-compiled-gop[5.3.4~1340-b701]:GetLinearSymbolSequence():fstext/fstext-utils-inl.h:263)  oneframe like is -10.1124 while xend is 158
LOG (gmm-align-compiled-gop[5.3.4~1340-b701]:GetLinearSymbolSequence():fstext/fstext-utils-inl.h:263)  oneframe like is -9.57019 while xend is 159
LOG (gmm-align-compiled-gop[5.3.4~1340-b701]:GetLinearSymbolSequence():fstext/fstext-utils-inl.h:263)  oneframe like is -9.21545 while xend is 160
LOG (gmm-align-compiled-gop[5.3.4~1340-b701]:GetLinearSymbolSequence():fstext/fstext-utils-inl.h:263)  oneframe like is -7.51306 while xend is 161
LOG (gmm-align-compiled-gop[5.3.4~1340-b701]:GetLinearSymbolSequence():fstext/fstext-utils-inl.h:263)  oneframe like is -7.2157 while xend is 162
LOG (gmm-align-compiled-gop[5.3.4~1340-b701]:GetLinearSymbolSequence():fstext/fstext-utils-inl.h:263)  oneframe like is -7.2854 while xend is 163
LOG (gmm-align-compiled-gop[5.3.4~1340-b701]:GetLinearSymbolSequence():fstext/fstext-utils-inl.h:263)  oneframe like is -5.5686 while xend is 164
LOG (gmm-align-compiled-gop[5.3.4~1340-b701]:GetLinearSymbolSequence():fstext/fstext-utils-inl.h:263)  oneframe like is -6.63635 while xend is 165
LOG (gmm-align-compiled-gop[5.3.4~1340-b701]:GetLinearSymbolSequence():fstext/fstext-utils-inl.h:263)  oneframe like is -7.28943 while xend is 166
LOG (gmm-align-compiled-gop[5.3.4~1340-b701]:GetLinearSymbolSequence():fstext/fstext-utils-inl.h:263)  oneframe like is -6.95496 while xend is 167
LOG (gmm-align-compiled-gop[5.3.4~1340-b701]:GetLinearSymbolSequence():fstext/fstext-utils-inl.h:263)  oneframe like is -7.11011 while xend is 168
LOG (gmm-align-compiled-gop[5.3.4~1340-b701]:GetLinearSymbolSequence():fstext/fstext-utils-inl.h:263)  oneframe like is -7.85571 while xend is 169
LOG (gmm-align-compiled-gop[5.3.4~1340-b701]:GetLinearSymbolSequence():fstext/fstext-utils-inl.h:263)  oneframe like is -11.6794 while xend is 170
LOG (gmm-align-compiled-gop[5.3.4~1340-b701]:GetLinearSymbolSequence():fstext/fstext-utils-inl.h:263)  oneframe like is -10.7151 while xend is 171
LOG (gmm-align-compiled-gop[5.3.4~1340-b701]:GetLinearSymbolSequence():fstext/fstext-utils-inl.h:263)  oneframe like is -10.0605 while xend is 172
LOG (gmm-align-compiled-gop[5.3.4~1340-b701]:GetLinearSymbolSequence():fstext/fstext-utils-inl.h:263)  oneframe like is -10.098 while xend is 173
LOG (gmm-align-compiled-gop[5.3.4~1340-b701]:GetLinearSymbolSequence():fstext/fstext-utils-inl.h:263)  oneframe like is -9.776 while xend is 174
LOG (gmm-align-compiled-gop[5.3.4~1340-b701]:GetLinearSymbolSequence():fstext/fstext-utils-inl.h:263)  oneframe like is -9.06714 while xend is 175
LOG (gmm-align-compiled-gop[5.3.4~1340-b701]:GetLinearSymbolSequence():fstext/fstext-utils-inl.h:263)  oneframe like is -9.73254 while xend is 176
LOG (gmm-align-compiled-gop[5.3.4~1340-b701]:GetLinearSymbolSequence():fstext/fstext-utils-inl.h:263)  oneframe like is -8.68176 while xend is 177
LOG (gmm-align-compiled-gop[5.3.4~1340-b701]:GetLinearSymbolSequence():fstext/fstext-utils-inl.h:263)  oneframe like is -8.63745 while xend is 178
LOG (gmm-align-compiled-gop[5.3.4~1340-b701]:GetLinearSymbolSequence():fstext/fstext-utils-inl.h:263)  oneframe like is -8.13489 while xend is 179
LOG (gmm-align-compiled-gop[5.3.4~1340-b701]:GetLinearSymbolSequence():fstext/fstext-utils-inl.h:263)  oneframe like is -7.77637 while xend is 180
LOG (gmm-align-compiled-gop[5.3.4~1340-b701]:GetLinearSymbolSequence():fstext/fstext-utils-inl.h:263)  oneframe like is -7.31006 while xend is 181
LOG (gmm-align-compiled-gop[5.3.4~1340-b701]:GetLinearSymbolSequence():fstext/fstext-utils-inl.h:263)  oneframe like is -7.48022 while xend is 182
LOG (gmm-align-compiled-gop[5.3.4~1340-b701]:GetLinearSymbolSequence():fstext/fstext-utils-inl.h:263)  oneframe like is -7.62598 while xend is 183
LOG (gmm-align-compiled-gop[5.3.4~1340-b701]:GetLinearSymbolSequence():fstext/fstext-utils-inl.h:263)  oneframe like is -7.66772 while xend is 184
LOG (gmm-align-compiled-gop[5.3.4~1340-b701]:GetLinearSymbolSequence():fstext/fstext-utils-inl.h:263)  oneframe like is -7.80505 while xend is 185
LOG (gmm-align-compiled-gop[5.3.4~1340-b701]:GetLinearSymbolSequence():fstext/fstext-utils-inl.h:263)  oneframe like is -8.31104 while xend is 186
LOG (gmm-align-compiled-gop[5.3.4~1340-b701]:GetLinearSymbolSequence():fstext/fstext-utils-inl.h:263)  oneframe like is -8.51843 while xend is 187
LOG (gmm-align-compiled-gop[5.3.4~1340-b701]:GetLinearSymbolSequence():fstext/fstext-utils-inl.h:263)  oneframe like is -7.93457 while xend is 188
LOG (gmm-align-compiled-gop[5.3.4~1340-b701]:GetLinearSymbolSequence():fstext/fstext-utils-inl.h:263)  oneframe like is -8.26208 while xend is 189
LOG (gmm-align-compiled-gop[5.3.4~1340-b701]:GetLinearSymbolSequence():fstext/fstext-utils-inl.h:263)  oneframe like is -9.00708 while xend is 190
LOG (gmm-align-compiled-gop[5.3.4~1340-b701]:GetLinearSymbolSequence():fstext/fstext-utils-inl.h:263)  oneframe like is -9.51709 while xend is 191
LOG (gmm-align-compiled-gop[5.3.4~1340-b701]:GetLinearSymbolSequence():fstext/fstext-utils-inl.h:263)  oneframe like is -9.46619 while xend is 192
LOG (gmm-align-compiled-gop[5.3.4~1340-b701]:GetLinearSymbolSequence():fstext/fstext-utils-inl.h:263)  oneframe like is -8.63147 while xend is 193
LOG (gmm-align-compiled-gop[5.3.4~1340-b701]:GetLinearSymbolSequence():fstext/fstext-utils-inl.h:263)  oneframe like is -9.03357 while xend is 194
LOG (gmm-align-compiled-gop[5.3.4~1340-b701]:GetLinearSymbolSequence():fstext/fstext-utils-inl.h:263)  oneframe like is -8.76355 while xend is 195
LOG (gmm-align-compiled-gop[5.3.4~1340-b701]:GetLinearSymbolSequence():fstext/fstext-utils-inl.h:263)  oneframe like is -8.82727 while xend is 196
LOG (gmm-align-compiled-gop[5.3.4~1340-b701]:GetLinearSymbolSequence():fstext/fstext-utils-inl.h:263)  oneframe like is -8.7915 while xend is 197
LOG (gmm-align-compiled-gop[5.3.4~1340-b701]:GetLinearSymbolSequence():fstext/fstext-utils-inl.h:263)  oneframe like is -8.4939 while xend is 198
LOG (gmm-align-compiled-gop[5.3.4~1340-b701]:GetLinearSymbolSequence():fstext/fstext-utils-inl.h:263)  oneframe like is -8.13477 while xend is 199
LOG (gmm-align-compiled-gop[5.3.4~1340-b701]:GetLinearSymbolSequence():fstext/fstext-utils-inl.h:263)  oneframe like is -8.04553 while xend is 200
LOG (gmm-align-compiled-gop[5.3.4~1340-b701]:GetLinearSymbolSequence():fstext/fstext-utils-inl.h:263)  oneframe like is -7.50647 while xend is 201
LOG (gmm-align-compiled-gop[5.3.4~1340-b701]:GetLinearSymbolSequence():fstext/fstext-utils-inl.h:263)  oneframe like is -8.1543 while xend is 202
LOG (gmm-align-compiled-gop[5.3.4~1340-b701]:GetLinearSymbolSequence():fstext/fstext-utils-inl.h:263)  oneframe like is -7.89734 while xend is 203
LOG (gmm-align-compiled-gop[5.3.4~1340-b701]:GetLinearSymbolSequence():fstext/fstext-utils-inl.h:263)  oneframe like is -7.39502 while xend is 204
LOG (gmm-align-compiled-gop[5.3.4~1340-b701]:GetLinearSymbolSequence():fstext/fstext-utils-inl.h:263)  oneframe like is -7.98193 while xend is 205
LOG (gmm-align-compiled-gop[5.3.4~1340-b701]:GetLinearSymbolSequence():fstext/fstext-utils-inl.h:263)  oneframe like is -8.53113 while xend is 206
LOG (gmm-align-compiled-gop[5.3.4~1340-b701]:GetLinearSymbolSequence():fstext/fstext-utils-inl.h:263)  oneframe like is -8.52319 while xend is 207
LOG (gmm-align-compiled-gop[5.3.4~1340-b701]:GetLinearSymbolSequence():fstext/fstext-utils-inl.h:263)  oneframe like is -8.88977 while xend is 208
LOG (gmm-align-compiled-gop[5.3.4~1340-b701]:GetLinearSymbolSequence():fstext/fstext-utils-inl.h:263)  oneframe like is -8.58618 while xend is 209
LOG (gmm-align-compiled-gop[5.3.4~1340-b701]:GetLinearSymbolSequence():fstext/fstext-utils-inl.h:263)  oneframe like is -7.96436 while xend is 210
LOG (gmm-align-compiled-gop[5.3.4~1340-b701]:GetLinearSymbolSequence():fstext/fstext-utils-inl.h:263)  oneframe like is -7.73535 while xend is 211
LOG (gmm-align-compiled-gop[5.3.4~1340-b701]:GetLinearSymbolSequence():fstext/fstext-utils-inl.h:263)  oneframe like is -8.20825 while xend is 212
LOG (gmm-align-compiled-gop[5.3.4~1340-b701]:GetLinearSymbolSequence():fstext/fstext-utils-inl.h:263)  oneframe like is -7.65918 while xend is 213
LOG (gmm-align-compiled-gop[5.3.4~1340-b701]:GetLinearSymbolSequence():fstext/fstext-utils-inl.h:263)  oneframe like is -7.03796 while xend is 214
LOG (gmm-align-compiled-gop[5.3.4~1340-b701]:GetLinearSymbolSequence():fstext/fstext-utils-inl.h:263)  oneframe like is -6.68054 while xend is 215
LOG (gmm-align-compiled-gop[5.3.4~1340-b701]:GetLinearSymbolSequence():fstext/fstext-utils-inl.h:263)  oneframe like is -6.65186 while xend is 216
LOG (gmm-align-compiled-gop[5.3.4~1340-b701]:GetLinearSymbolSequence():fstext/fstext-utils-inl.h:263)  oneframe like is -8.29956 while xend is 217
LOG (gmm-align-compiled-gop[5.3.4~1340-b701]:GetLinearSymbolSequence():fstext/fstext-utils-inl.h:263)  oneframe like is -8.44971 while xend is 218
LOG (gmm-align-compiled-gop[5.3.4~1340-b701]:GetLinearSymbolSequence():fstext/fstext-utils-inl.h:263)  oneframe like is -8.60364 while xend is 219
LOG (gmm-align-compiled-gop[5.3.4~1340-b701]:GetLinearSymbolSequence():fstext/fstext-utils-inl.h:263)  oneframe like is -8.02649 while xend is 220
LOG (gmm-align-compiled-gop[5.3.4~1340-b701]:GetLinearSymbolSequence():fstext/fstext-utils-inl.h:263)  oneframe like is -7.73157 while xend is 221
LOG (gmm-align-compiled-gop[5.3.4~1340-b701]:GetLinearSymbolSequence():fstext/fstext-utils-inl.h:263)  oneframe like is -6.79004 while xend is 222
LOG (gmm-align-compiled-gop[5.3.4~1340-b701]:GetLinearSymbolSequence():fstext/fstext-utils-inl.h:263)  oneframe like is -7.94373 while xend is 223
LOG (gmm-align-compiled-gop[5.3.4~1340-b701]:GetLinearSymbolSequence():fstext/fstext-utils-inl.h:263)  oneframe like is -8.38586 while xend is 224
LOG (gmm-align-compiled-gop[5.3.4~1340-b701]:GetLinearSymbolSequence():fstext/fstext-utils-inl.h:263)  oneframe like is -9.6134 while xend is 225
LOG (gmm-align-compiled-gop[5.3.4~1340-b701]:GetLinearSymbolSequence():fstext/fstext-utils-inl.h:263)  oneframe like is -9.9281 while xend is 226
LOG (gmm-align-compiled-gop[5.3.4~1340-b701]:GetLinearSymbolSequence():fstext/fstext-utils-inl.h:263)  oneframe like is -10.155 while xend is 227
LOG (gmm-align-compiled-gop[5.3.4~1340-b701]:GetLinearSymbolSequence():fstext/fstext-utils-inl.h:263)  oneframe like is -9.79541 while xend is 228
LOG (gmm-align-compiled-gop[5.3.4~1340-b701]:GetLinearSymbolSequence():fstext/fstext-utils-inl.h:263)  oneframe like is -9.15576 while xend is 229
LOG (gmm-align-compiled-gop[5.3.4~1340-b701]:GetLinearSymbolSequence():fstext/fstext-utils-inl.h:263)  oneframe like is -9.01855 while xend is 230
LOG (gmm-align-compiled-gop[5.3.4~1340-b701]:GetLinearSymbolSequence():fstext/fstext-utils-inl.h:263)  oneframe like is -9.87671 while xend is 231
LOG (gmm-align-compiled-gop[5.3.4~1340-b701]:GetLinearSymbolSequence():fstext/fstext-utils-inl.h:263)  oneframe like is -8.69751 while xend is 232
LOG (gmm-align-compiled-gop[5.3.4~1340-b701]:GetLinearSymbolSequence():fstext/fstext-utils-inl.h:263)  oneframe like is -8.55933 while xend is 233
LOG (gmm-align-compiled-gop[5.3.4~1340-b701]:GetLinearSymbolSequence():fstext/fstext-utils-inl.h:263)  oneframe like is -6.677 while xend is 234
LOG (gmm-align-compiled-gop[5.3.4~1340-b701]:GetLinearSymbolSequence():fstext/fstext-utils-inl.h:263)  oneframe like is -7.05286 while xend is 235
LOG (gmm-align-compiled-gop[5.3.4~1340-b701]:GetLinearSymbolSequence():fstext/fstext-utils-inl.h:263)  oneframe like is -7.74463 while xend is 236
LOG (gmm-align-compiled-gop[5.3.4~1340-b701]:GetLinearSymbolSequence():fstext/fstext-utils-inl.h:263)  oneframe like is -8.90454 while xend is 237
LOG (gmm-align-compiled-gop[5.3.4~1340-b701]:GetLinearSymbolSequence():fstext/fstext-utils-inl.h:263)  oneframe like is -9.70361 while xend is 238
LOG (gmm-align-compiled-gop[5.3.4~1340-b701]:GetLinearSymbolSequence():fstext/fstext-utils-inl.h:263)  oneframe like is -11.3987 while xend is 239
LOG (gmm-align-compiled-gop[5.3.4~1340-b701]:GetLinearSymbolSequence():fstext/fstext-utils-inl.h:263)  oneframe like is -9.43408 while xend is 240
LOG (gmm-align-compiled-gop[5.3.4~1340-b701]:GetLinearSymbolSequence():fstext/fstext-utils-inl.h:263)  oneframe like is -9.38501 while xend is 241
LOG (gmm-align-compiled-gop[5.3.4~1340-b701]:GetLinearSymbolSequence():fstext/fstext-utils-inl.h:263)  oneframe like is -8.41089 while xend is 242
LOG (gmm-align-compiled-gop[5.3.4~1340-b701]:GetLinearSymbolSequence():fstext/fstext-utils-inl.h:263)  oneframe like is -8.48047 while xend is 243
LOG (gmm-align-compiled-gop[5.3.4~1340-b701]:GetLinearSymbolSequence():fstext/fstext-utils-inl.h:263)  oneframe like is -7.43359 while xend is 244
LOG (gmm-align-compiled-gop[5.3.4~1340-b701]:GetLinearSymbolSequence():fstext/fstext-utils-inl.h:263)  oneframe like is -7.95117 while xend is 245
LOG (gmm-align-compiled-gop[5.3.4~1340-b701]:GetLinearSymbolSequence():fstext/fstext-utils-inl.h:263)  oneframe like is -8.40552 while xend is 246
LOG (gmm-align-compiled-gop[5.3.4~1340-b701]:GetLinearSymbolSequence():fstext/fstext-utils-inl.h:263)  oneframe like is -8.60229 while xend is 247
LOG (gmm-align-compiled-gop[5.3.4~1340-b701]:GetLinearSymbolSequence():fstext/fstext-utils-inl.h:263)  oneframe like is -7.0437 while xend is 248
LOG (gmm-align-compiled-gop[5.3.4~1340-b701]:GetLinearSymbolSequence():fstext/fstext-utils-inl.h:263)  oneframe like is -5.78174 while xend is 249
LOG (gmm-align-compiled-gop[5.3.4~1340-b701]:GetLinearSymbolSequence():fstext/fstext-utils-inl.h:263)  oneframe like is -6.11304 while xend is 250
LOG (gmm-align-compiled-gop[5.3.4~1340-b701]:GetLinearSymbolSequence():fstext/fstext-utils-inl.h:263)  oneframe like is -6.05127 while xend is 251
LOG (gmm-align-compiled-gop[5.3.4~1340-b701]:GetLinearSymbolSequence():fstext/fstext-utils-inl.h:263)  oneframe like is -6.40942 while xend is 252
LOG (gmm-align-compiled-gop[5.3.4~1340-b701]:GetLinearSymbolSequence():fstext/fstext-utils-inl.h:263)  oneframe like is -7.67188 while xend is 253
LOG (gmm-align-compiled-gop[5.3.4~1340-b701]:GetLinearSymbolSequence():fstext/fstext-utils-inl.h:263)  oneframe like is -7.95483 while xend is 254
LOG (gmm-align-compiled-gop[5.3.4~1340-b701]:GetLinearSymbolSequence():fstext/fstext-utils-inl.h:263)  oneframe like is -8.09204 while xend is 255
LOG (gmm-align-compiled-gop[5.3.4~1340-b701]:GetLinearSymbolSequence():fstext/fstext-utils-inl.h:263)  oneframe like is -8.61987 while xend is 256
LOG (gmm-align-compiled-gop[5.3.4~1340-b701]:GetLinearSymbolSequence():fstext/fstext-utils-inl.h:263)  oneframe like is -8.40088 while xend is 257
LOG (gmm-align-compiled-gop[5.3.4~1340-b701]:GetLinearSymbolSequence():fstext/fstext-utils-inl.h:263)  oneframe like is -7.95801 while xend is 258
LOG (gmm-align-compiled-gop[5.3.4~1340-b701]:GetLinearSymbolSequence():fstext/fstext-utils-inl.h:263)  oneframe like is -10.9651 while xend is 259
LOG (gmm-align-compiled-gop[5.3.4~1340-b701]:GetLinearSymbolSequence():fstext/fstext-utils-inl.h:263)  oneframe like is -10.5408 while xend is 260
LOG (gmm-align-compiled-gop[5.3.4~1340-b701]:GetLinearSymbolSequence():fstext/fstext-utils-inl.h:263)  oneframe like is -7.96313 while xend is 261
LOG (gmm-align-compiled-gop[5.3.4~1340-b701]:GetLinearSymbolSequence():fstext/fstext-utils-inl.h:263)  oneframe like is -7.85669 while xend is 262
LOG (gmm-align-compiled-gop[5.3.4~1340-b701]:GetLinearSymbolSequence():fstext/fstext-utils-inl.h:263)  oneframe like is -8.10522 while xend is 263
LOG (gmm-align-compiled-gop[5.3.4~1340-b701]:GetLinearSymbolSequence():fstext/fstext-utils-inl.h:263)  oneframe like is -8.7998 while xend is 264
LOG (gmm-align-compiled-gop[5.3.4~1340-b701]:GetLinearSymbolSequence():fstext/fstext-utils-inl.h:263)  oneframe like is -7.82837 while xend is 265
LOG (gmm-align-compiled-gop[5.3.4~1340-b701]:GetLinearSymbolSequence():fstext/fstext-utils-inl.h:263)  oneframe like is -7.00098 while xend is 266
LOG (gmm-align-compiled-gop[5.3.4~1340-b701]:GetLinearSymbolSequence():fstext/fstext-utils-inl.h:263)  oneframe like is -7.76709 while xend is 267
LOG (gmm-align-compiled-gop[5.3.4~1340-b701]:GetLinearSymbolSequence():fstext/fstext-utils-inl.h:263)  oneframe like is -7.24023 while xend is 268
LOG (gmm-align-compiled-gop[5.3.4~1340-b701]:GetLinearSymbolSequence():fstext/fstext-utils-inl.h:263)  oneframe like is -7.82642 while xend is 269
LOG (gmm-align-compiled-gop[5.3.4~1340-b701]:GetLinearSymbolSequence():fstext/fstext-utils-inl.h:263)  oneframe like is -8.5708 while xend is 270
LOG (gmm-align-compiled-gop[5.3.4~1340-b701]:GetLinearSymbolSequence():fstext/fstext-utils-inl.h:263)  oneframe like is -9.2085 while xend is 271
LOG (gmm-align-compiled-gop[5.3.4~1340-b701]:GetLinearSymbolSequence():fstext/fstext-utils-inl.h:263)  oneframe like is -8.21704 while xend is 272
LOG (gmm-align-compiled-gop[5.3.4~1340-b701]:GetLinearSymbolSequence():fstext/fstext-utils-inl.h:263)  oneframe like is -9.18311 while xend is 273
LOG (gmm-align-compiled-gop[5.3.4~1340-b701]:GetLinearSymbolSequence():fstext/fstext-utils-inl.h:263)  oneframe like is -8.9812 while xend is 274
LOG (gmm-align-compiled-gop[5.3.4~1340-b701]:GetLinearSymbolSequence():fstext/fstext-utils-inl.h:263)  oneframe like is -9.09155 while xend is 275
LOG (gmm-align-compiled-gop[5.3.4~1340-b701]:GetLinearSymbolSequence():fstext/fstext-utils-inl.h:263)  oneframe like is -8.14233 while xend is 276
LOG (gmm-align-compiled-gop[5.3.4~1340-b701]:GetLinearSymbolSequence():fstext/fstext-utils-inl.h:263)  oneframe like is -8.09082 while xend is 277
LOG (gmm-align-compiled-gop[5.3.4~1340-b701]:GetLinearSymbolSequence():fstext/fstext-utils-inl.h:263)  oneframe like is -7.86353 while xend is 278
LOG (gmm-align-compiled-gop[5.3.4~1340-b701]:GetLinearSymbolSequence():fstext/fstext-utils-inl.h:263)  oneframe like is -7.76123 while xend is 279
LOG (gmm-align-compiled-gop[5.3.4~1340-b701]:GetLinearSymbolSequence():fstext/fstext-utils-inl.h:263)  oneframe like is -8.11572 while xend is 280
LOG (gmm-align-compiled-gop[5.3.4~1340-b701]:GetLinearSymbolSequence():fstext/fstext-utils-inl.h:263)  oneframe like is -7.64941 while xend is 281
LOG (gmm-align-compiled-gop[5.3.4~1340-b701]:GetLinearSymbolSequence():fstext/fstext-utils-inl.h:263)  oneframe like is -7.15039 while xend is 282
LOG (gmm-align-compiled-gop[5.3.4~1340-b701]:GetLinearSymbolSequence():fstext/fstext-utils-inl.h:263)  oneframe like is -6.86523 while xend is 283
LOG (gmm-align-compiled-gop[5.3.4~1340-b701]:GetLinearSymbolSequence():fstext/fstext-utils-inl.h:263)  oneframe like is -6.27466 while xend is 284
LOG (gmm-align-compiled-gop[5.3.4~1340-b701]:GetLinearSymbolSequence():fstext/fstext-utils-inl.h:263)  oneframe like is -6.56006 while xend is 285
LOG (gmm-align-compiled-gop[5.3.4~1340-b701]:GetLinearSymbolSequence():fstext/fstext-utils-inl.h:263)  oneframe like is -6.96655 while xend is 286
LOG (gmm-align-compiled-gop[5.3.4~1340-b701]:GetLinearSymbolSequence():fstext/fstext-utils-inl.h:263)  oneframe like is -6.2915 while xend is 287
LOG (gmm-align-compiled-gop[5.3.4~1340-b701]:GetLinearSymbolSequence():fstext/fstext-utils-inl.h:263)  oneframe like is -6.53271 while xend is 288
LOG (gmm-align-compiled-gop[5.3.4~1340-b701]:GetLinearSymbolSequence():fstext/fstext-utils-inl.h:263)  oneframe like is -5.89648 while xend is 289
LOG (gmm-align-compiled-gop[5.3.4~1340-b701]:GetLinearSymbolSequence():fstext/fstext-utils-inl.h:263)  oneframe like is -5.83789 while xend is 290
LOG (gmm-align-compiled-gop[5.3.4~1340-b701]:GetLinearSymbolSequence():fstext/fstext-utils-inl.h:263)  oneframe like is -5.91992 while xend is 291
LOG (gmm-align-compiled-gop[5.3.4~1340-b701]:GetLinearSymbolSequence():fstext/fstext-utils-inl.h:263)  oneframe like is -6.37402 while xend is 292
LOG (gmm-align-compiled-gop[5.3.4~1340-b701]:GetLinearSymbolSequence():fstext/fstext-utils-inl.h:263)  oneframe like is -7.16553 while xend is 293
LOG (gmm-align-compiled-gop[5.3.4~1340-b701]:GetLinearSymbolSequence():fstext/fstext-utils-inl.h:263)  oneframe like is -6.91211 while xend is 294
LOG (gmm-align-compiled-gop[5.3.4~1340-b701]:GetLinearSymbolSequence():fstext/fstext-utils-inl.h:263)  oneframe like is -7.20459 while xend is 295
LOG (gmm-align-compiled-gop[5.3.4~1340-b701]:GetLinearSymbolSequence():fstext/fstext-utils-inl.h:263)  oneframe like is -7.03027 while xend is 296
LOG (gmm-align-compiled-gop[5.3.4~1340-b701]:main():gmm-align-compiled-gop.cc:136) Overall log-likelihood per frame is -85.3135 over 297 frames.
LOG (gmm-align-compiled-gop[5.3.4~1340-b701]:main():gmm-align-compiled-gop.cc:138) Retried 0 out of 1 utterances.
LOG (gmm-align-compiled-gop[5.3.4~1340-b701]:main():gmm-align-compiled-gop.cc:140) Done 1, errors on 0
# Accounting: time=0 threads=1
# Ended (code 0) at Wed May 23 16:56:49 HKT 2018, elapsed time 0 seconds
