# compile-train-graphs --read-disambig-syms=data/lang/phones/disambig.int exp/tri1_one_ali/898f9ca5f0/tree exp/tri1_one_ali/898f9ca5f0/final.mdl data/lang/L.fst "ark:utils/sym2int.pl --map-oov 3 -f 2- data/lang/words.txt data/898f9ca5f0/split1/1/text|" ark:- | gmm-align-compiled-gop --transition-scale=1.0 --acoustic-scale=0.1 --self-loop-scale=0.1 --beam=10 --retry-beam=40 --careful=false "gmm-boost-silence --boost=1.25 1 exp/tri1_one_ali/898f9ca5f0/final.mdl - |" ark:- "ark,s,cs:apply-cmvn  --utt2spk=ark:data/898f9ca5f0/split1/1/utt2spk scp:data/898f9ca5f0/split1/1/cmvn.scp scp:data/898f9ca5f0/split1/1/feats.scp ark:- | add-deltas  ark:- ark:- |" "ark,t:|gzip -c >exp/tri1_one_ali/898f9ca5f0/ali.1.gz" 
# Started at Fri May 18 10:11:59 HKT 2018
#
gmm-align-compiled-gop --transition-scale=1.0 --acoustic-scale=0.1 --self-loop-scale=0.1 --beam=10 --retry-beam=40 --careful=false 'gmm-boost-silence --boost=1.25 1 exp/tri1_one_ali/898f9ca5f0/final.mdl - |' ark:- 'ark,s,cs:apply-cmvn  --utt2spk=ark:data/898f9ca5f0/split1/1/utt2spk scp:data/898f9ca5f0/split1/1/cmvn.scp scp:data/898f9ca5f0/split1/1/feats.scp ark:- | add-deltas  ark:- ark:- |' 'ark,t:|gzip -c >exp/tri1_one_ali/898f9ca5f0/ali.1.gz' 
compile-train-graphs --read-disambig-syms=data/lang/phones/disambig.int exp/tri1_one_ali/898f9ca5f0/tree exp/tri1_one_ali/898f9ca5f0/final.mdl data/lang/L.fst 'ark:utils/sym2int.pl --map-oov 3 -f 2- data/lang/words.txt data/898f9ca5f0/split1/1/text|' ark:- 
gmm-boost-silence --boost=1.25 1 exp/tri1_one_ali/898f9ca5f0/final.mdl - 
WARNING (gmm-boost-silence[5.3.4~1340-b701]:main():gmm-boost-silence.cc:82) The pdfs for the silence phones may be shared by other phones (note: this probably does not matter.)
LOG (gmm-boost-silence[5.3.4~1340-b701]:main():gmm-boost-silence.cc:93) Boosted weights for 5 pdfs, by factor of 1.25
LOG (compile-train-graphs[5.3.4~1340-b701]:main():compile-train-graphs.cc:147) compile-train-graphs: succeeded for 1 graphs, failed for 0
LOG (gmm-boost-silence[5.3.4~1340-b701]:main():gmm-boost-silence.cc:103) Wrote model to -
add-deltas ark:- ark:- 
apply-cmvn --utt2spk=ark:data/898f9ca5f0/split1/1/utt2spk scp:data/898f9ca5f0/split1/1/cmvn.scp scp:data/898f9ca5f0/split1/1/feats.scp ark:- 
WARNING (apply-cmvn[5.3.4~1340-b701]:Open():util/kaldi-table-inl.h:106) Failed to open script file data/898f9ca5f0/split1/1/feats.scp
ERROR (apply-cmvn[5.3.4~1340-b701]:SequentialTableReader():util/kaldi-table-inl.h:860) Error constructing TableReader: rspecifier is scp:data/898f9ca5f0/split1/1/feats.scp

[ Stack-Trace: ]
apply-cmvn() [0x59f9c6]
kaldi::MessageLogger::HandleMessage(kaldi::LogMessageEnvelope const&, char const*)
kaldi::MessageLogger::~MessageLogger()
kaldi::SequentialTableReader<kaldi::KaldiObjectHolder<kaldi::Matrix<float> > >::SequentialTableReader(std::__cxx11::basic_string<char, std::char_traits<char>, std::allocator<char> > const&)
main
__libc_start_main
_start

WARNING (gmm-align-compiled-gop[5.3.4~1340-b701]:main():gmm-align-compiled-gop.cc:103) No features for utterance answer
LOG (gmm-align-compiled-gop[5.3.4~1340-b701]:main():gmm-align-compiled-gop.cc:136) Overall log-likelihood per frame is -nan over 0 frames.
LOG (gmm-align-compiled-gop[5.3.4~1340-b701]:main():gmm-align-compiled-gop.cc:138) Retried 0 out of 1 utterances.
LOG (gmm-align-compiled-gop[5.3.4~1340-b701]:main():gmm-align-compiled-gop.cc:140) Done 0, errors on 1
# Accounting: time=0 threads=1
# Ended (code 1) at Fri May 18 10:11:59 HKT 2018, elapsed time 0 seconds
