# gmm-align-compiled --transition-scale=1.0 --acoustic-scale=0.1 --self-loop-scale=0.1 --beam=10 --retry-beam=40 --careful=false "gmm-boost-silence --boost=1.0 1 exp/tri2/20.mdl - |" "ark:gunzip -c exp/tri2/fsts.5.gz|" "ark,s,cs:apply-cmvn  --utt2spk=ark:data/train/split6/5/utt2spk scp:data/train/split6/5/cmvn.scp scp:data/train/split6/5/feats.scp ark:- | splice-feats --left-context=3 --right-context=3 ark:- ark:- | transform-feats exp/tri2/12.mat ark:- ark:- |" "ark:|gzip -c >exp/tri2/ali.5.gz" 
# Started at Thu May 10 00:25:20 HKT 2018
#
gmm-align-compiled --transition-scale=1.0 --acoustic-scale=0.1 --self-loop-scale=0.1 --beam=10 --retry-beam=40 --careful=false 'gmm-boost-silence --boost=1.0 1 exp/tri2/20.mdl - |' 'ark:gunzip -c exp/tri2/fsts.5.gz|' 'ark,s,cs:apply-cmvn  --utt2spk=ark:data/train/split6/5/utt2spk scp:data/train/split6/5/cmvn.scp scp:data/train/split6/5/feats.scp ark:- | splice-feats --left-context=3 --right-context=3 ark:- ark:- | transform-feats exp/tri2/12.mat ark:- ark:- |' 'ark:|gzip -c >exp/tri2/ali.5.gz' 
gmm-boost-silence --boost=1.0 1 exp/tri2/20.mdl - 
WARNING (gmm-boost-silence[5.3.4~1340-b701]:main():gmm-boost-silence.cc:82) The pdfs for the silence phones may be shared by other phones (note: this probably does not matter.)
LOG (gmm-boost-silence[5.3.4~1340-b701]:main():gmm-boost-silence.cc:93) Boosted weights for 4 pdfs, by factor of 1
LOG (gmm-boost-silence[5.3.4~1340-b701]:main():gmm-boost-silence.cc:103) Wrote model to -
apply-cmvn --utt2spk=ark:data/train/split6/5/utt2spk scp:data/train/split6/5/cmvn.scp scp:data/train/split6/5/feats.scp ark:- 
splice-feats --left-context=3 --right-context=3 ark:- ark:- 
transform-feats exp/tri2/12.mat ark:- ark:- 
LOG (gmm-align-compiled[5.3.4~1340-b701]:main():gmm-align-compiled.cc:127) jp10-speaker029-02
LOG (gmm-align-compiled[5.3.4~1340-b701]:main():gmm-align-compiled.cc:127) jp10-speaker029-03
LOG (gmm-align-compiled[5.3.4~1340-b701]:main():gmm-align-compiled.cc:127) jp10-speaker029-04
LOG (gmm-align-compiled[5.3.4~1340-b701]:main():gmm-align-compiled.cc:127) jp10-speaker029-05
LOG (gmm-align-compiled[5.3.4~1340-b701]:main():gmm-align-compiled.cc:127) jp10-speaker029-06
LOG (gmm-align-compiled[5.3.4~1340-b701]:main():gmm-align-compiled.cc:127) jp10-speaker029-07
LOG (gmm-align-compiled[5.3.4~1340-b701]:main():gmm-align-compiled.cc:127) jp10-speaker029-08
LOG (gmm-align-compiled[5.3.4~1340-b701]:main():gmm-align-compiled.cc:127) jp10-speaker029-09
LOG (gmm-align-compiled[5.3.4~1340-b701]:main():gmm-align-compiled.cc:127) jp10-speaker029-10
LOG (gmm-align-compiled[5.3.4~1340-b701]:main():gmm-align-compiled.cc:127) jp10-speaker030-01
LOG (gmm-align-compiled[5.3.4~1340-b701]:main():gmm-align-compiled.cc:127) jp10-speaker030-02
LOG (gmm-align-compiled[5.3.4~1340-b701]:main():gmm-align-compiled.cc:127) jp10-speaker030-03
LOG (gmm-align-compiled[5.3.4~1340-b701]:main():gmm-align-compiled.cc:127) jp10-speaker030-04
LOG (gmm-align-compiled[5.3.4~1340-b701]:main():gmm-align-compiled.cc:127) jp10-speaker030-05
LOG (gmm-align-compiled[5.3.4~1340-b701]:main():gmm-align-compiled.cc:127) jp10-speaker030-06
LOG (gmm-align-compiled[5.3.4~1340-b701]:main():gmm-align-compiled.cc:127) jp10-speaker030-07
LOG (gmm-align-compiled[5.3.4~1340-b701]:main():gmm-align-compiled.cc:127) jp10-speaker030-09
LOG (gmm-align-compiled[5.3.4~1340-b701]:main():gmm-align-compiled.cc:127) jp10-speaker030-10
LOG (gmm-align-compiled[5.3.4~1340-b701]:main():gmm-align-compiled.cc:127) jp10-speaker031-01
LOG (gmm-align-compiled[5.3.4~1340-b701]:main():gmm-align-compiled.cc:127) jp10-speaker031-02
LOG (gmm-align-compiled[5.3.4~1340-b701]:main():gmm-align-compiled.cc:127) jp10-speaker031-03
LOG (gmm-align-compiled[5.3.4~1340-b701]:main():gmm-align-compiled.cc:127) jp10-speaker031-04
LOG (gmm-align-compiled[5.3.4~1340-b701]:main():gmm-align-compiled.cc:127) jp10-speaker031-05
LOG (gmm-align-compiled[5.3.4~1340-b701]:main():gmm-align-compiled.cc:127) jp10-speaker031-06
LOG (gmm-align-compiled[5.3.4~1340-b701]:main():gmm-align-compiled.cc:127) jp10-speaker031-07
LOG (gmm-align-compiled[5.3.4~1340-b701]:main():gmm-align-compiled.cc:127) jp10-speaker031-08
LOG (gmm-align-compiled[5.3.4~1340-b701]:main():gmm-align-compiled.cc:127) jp10-speaker031-09
LOG (gmm-align-compiled[5.3.4~1340-b701]:main():gmm-align-compiled.cc:127) jp10-speaker031-10
LOG (gmm-align-compiled[5.3.4~1340-b701]:main():gmm-align-compiled.cc:127) jp10-speaker032-01
LOG (gmm-align-compiled[5.3.4~1340-b701]:main():gmm-align-compiled.cc:127) jp10-speaker032-02
LOG (gmm-align-compiled[5.3.4~1340-b701]:main():gmm-align-compiled.cc:127) jp10-speaker032-03
LOG (gmm-align-compiled[5.3.4~1340-b701]:main():gmm-align-compiled.cc:127) jp10-speaker032-04
LOG (gmm-align-compiled[5.3.4~1340-b701]:main():gmm-align-compiled.cc:127) jp10-speaker032-05
LOG (gmm-align-compiled[5.3.4~1340-b701]:main():gmm-align-compiled.cc:127) jp10-speaker032-06
LOG (gmm-align-compiled[5.3.4~1340-b701]:main():gmm-align-compiled.cc:127) jp10-speaker032-07
LOG (gmm-align-compiled[5.3.4~1340-b701]:main():gmm-align-compiled.cc:127) jp10-speaker032-08
LOG (gmm-align-compiled[5.3.4~1340-b701]:main():gmm-align-compiled.cc:127) jp10-speaker032-09
LOG (gmm-align-compiled[5.3.4~1340-b701]:main():gmm-align-compiled.cc:127) jp10-speaker032-10
LOG (gmm-align-compiled[5.3.4~1340-b701]:main():gmm-align-compiled.cc:127) jp10-speaker033-01
LOG (gmm-align-compiled[5.3.4~1340-b701]:main():gmm-align-compiled.cc:127) jp10-speaker033-02
LOG (gmm-align-compiled[5.3.4~1340-b701]:main():gmm-align-compiled.cc:127) jp10-speaker033-03
LOG (gmm-align-compiled[5.3.4~1340-b701]:main():gmm-align-compiled.cc:127) jp10-speaker033-04
LOG (gmm-align-compiled[5.3.4~1340-b701]:main():gmm-align-compiled.cc:127) jp10-speaker033-05
LOG (gmm-align-compiled[5.3.4~1340-b701]:main():gmm-align-compiled.cc:127) jp10-speaker033-06
LOG (gmm-align-compiled[5.3.4~1340-b701]:main():gmm-align-compiled.cc:127) jp10-speaker033-07
LOG (gmm-align-compiled[5.3.4~1340-b701]:main():gmm-align-compiled.cc:127) jp10-speaker033-08
LOG (gmm-align-compiled[5.3.4~1340-b701]:main():gmm-align-compiled.cc:127) jp10-speaker033-09
LOG (gmm-align-compiled[5.3.4~1340-b701]:main():gmm-align-compiled.cc:127) jp10-speaker033-10
LOG (apply-cmvn[5.3.4~1340-b701]:main():apply-cmvn.cc:162) Applied cepstral mean normalization to 60 utterances, errors on 0
LOG (gmm-align-compiled[5.3.4~1340-b701]:main():gmm-align-compiled.cc:127) jp10-speaker034-01
LOG (gmm-align-compiled[5.3.4~1340-b701]:main():gmm-align-compiled.cc:127) jp10-speaker034-02
LOG (gmm-align-compiled[5.3.4~1340-b701]:main():gmm-align-compiled.cc:127) jp10-speaker034-03
LOG (gmm-align-compiled[5.3.4~1340-b701]:main():gmm-align-compiled.cc:127) jp10-speaker034-04
LOG (gmm-align-compiled[5.3.4~1340-b701]:main():gmm-align-compiled.cc:127) jp10-speaker034-05
LOG (gmm-align-compiled[5.3.4~1340-b701]:main():gmm-align-compiled.cc:127) jp10-speaker034-06
LOG (gmm-align-compiled[5.3.4~1340-b701]:main():gmm-align-compiled.cc:127) jp10-speaker034-07
LOG (gmm-align-compiled[5.3.4~1340-b701]:main():gmm-align-compiled.cc:127) jp10-speaker034-08
LOG (gmm-align-compiled[5.3.4~1340-b701]:main():gmm-align-compiled.cc:127) jp10-speaker034-09
LOG (transform-feats[5.3.4~1340-b701]:main():transform-feats.cc:158) Overall average [pseudo-]logdet is 0.887375 over 9462 frames.
LOG (transform-feats[5.3.4~1340-b701]:main():transform-feats.cc:161) Applied transform to 60 utterances; 0 had errors.
LOG (gmm-align-compiled[5.3.4~1340-b701]:main():gmm-align-compiled.cc:127) jp10-speaker034-10
LOG (gmm-align-compiled[5.3.4~1340-b701]:main():gmm-align-compiled.cc:127) jp10-speaker035-02
LOG (gmm-align-compiled[5.3.4~1340-b701]:main():gmm-align-compiled.cc:127) jp10-speaker035-03
LOG (gmm-align-compiled[5.3.4~1340-b701]:main():gmm-align-compiled.cc:135) Overall log-likelihood per frame is -47.4614 over 9462 frames.
LOG (gmm-align-compiled[5.3.4~1340-b701]:main():gmm-align-compiled.cc:137) Retried 0 out of 60 utterances.
LOG (gmm-align-compiled[5.3.4~1340-b701]:main():gmm-align-compiled.cc:139) Done 60, errors on 0
# Accounting: time=0 threads=1
# Ended (code 0) at Thu May 10 00:25:20 HKT 2018, elapsed time 0 seconds
