# ali-to-post "ark:gunzip -c exp/tri2/ali.4.gz|" ark:- | weight-silence-post 0.0 1:2:3:4:5:6:7:8:9:10 exp/tri2/2.mdl ark:- ark:- | gmm-acc-mllt --rand-prune=4.0 exp/tri2/2.mdl "ark,s,cs:apply-cmvn  --utt2spk=ark:data/train/split6/4/utt2spk scp:data/train/split6/4/cmvn.scp scp:data/train/split6/4/feats.scp ark:- | splice-feats --left-context=3 --right-context=3 ark:- ark:- | transform-feats exp/tri2/0.mat ark:- ark:- |" ark:- exp/tri2/2.4.macc 
# Started at Thu May 10 00:25:13 HKT 2018
#
weight-silence-post 0.0 1:2:3:4:5:6:7:8:9:10 exp/tri2/2.mdl ark:- ark:- 
ali-to-post 'ark:gunzip -c exp/tri2/ali.4.gz|' ark:- 
gmm-acc-mllt --rand-prune=4.0 exp/tri2/2.mdl 'ark,s,cs:apply-cmvn  --utt2spk=ark:data/train/split6/4/utt2spk scp:data/train/split6/4/cmvn.scp scp:data/train/split6/4/feats.scp ark:- | splice-feats --left-context=3 --right-context=3 ark:- ark:- | transform-feats exp/tri2/0.mat ark:- ark:- |' ark:- exp/tri2/2.4.macc 
apply-cmvn --utt2spk=ark:data/train/split6/4/utt2spk scp:data/train/split6/4/cmvn.scp scp:data/train/split6/4/feats.scp ark:- 
splice-feats --left-context=3 --right-context=3 ark:- ark:- 
transform-feats exp/tri2/0.mat ark:- ark:- 
LOG (gmm-acc-mllt[5.3.4~1340-b701]:main():gmm-acc-mllt.cc:108) Average like for this file is -51.8887 over 94 frames.
LOG (gmm-acc-mllt[5.3.4~1340-b701]:main():gmm-acc-mllt.cc:108) Average like for this file is -56.9068 over 121 frames.
LOG (ali-to-post[5.3.4~1340-b701]:main():ali-to-post.cc:73) Converted 60 alignments.
LOG (gmm-acc-mllt[5.3.4~1340-b701]:main():gmm-acc-mllt.cc:108) Average like for this file is -54.4585 over 88 frames.
LOG (gmm-acc-mllt[5.3.4~1340-b701]:main():gmm-acc-mllt.cc:108) Average like for this file is -50.6858 over 117 frames.
LOG (gmm-acc-mllt[5.3.4~1340-b701]:main():gmm-acc-mllt.cc:108) Average like for this file is -52.3582 over 96 frames.
LOG (gmm-acc-mllt[5.3.4~1340-b701]:main():gmm-acc-mllt.cc:108) Average like for this file is -54.6837 over 107 frames.
LOG (gmm-acc-mllt[5.3.4~1340-b701]:main():gmm-acc-mllt.cc:108) Average like for this file is -50.0677 over 107 frames.
LOG (gmm-acc-mllt[5.3.4~1340-b701]:main():gmm-acc-mllt.cc:108) Average like for this file is -54.2514 over 153 frames.
LOG (gmm-acc-mllt[5.3.4~1340-b701]:main():gmm-acc-mllt.cc:108) Average like for this file is -52.7344 over 121 frames.
LOG (gmm-acc-mllt[5.3.4~1340-b701]:main():gmm-acc-mllt.cc:108) Average like for this file is -54.4527 over 86 frames.
LOG (gmm-acc-mllt[5.3.4~1340-b701]:main():gmm-acc-mllt.cc:114) Avg like per frame so far is -53.2889
LOG (gmm-acc-mllt[5.3.4~1340-b701]:main():gmm-acc-mllt.cc:108) Average like for this file is -51.4535 over 106 frames.
LOG (gmm-acc-mllt[5.3.4~1340-b701]:main():gmm-acc-mllt.cc:108) Average like for this file is -53.0259 over 115 frames.
LOG (gmm-acc-mllt[5.3.4~1340-b701]:main():gmm-acc-mllt.cc:108) Average like for this file is -52.8713 over 163 frames.
LOG (gmm-acc-mllt[5.3.4~1340-b701]:main():gmm-acc-mllt.cc:108) Average like for this file is -50.8752 over 120 frames.
LOG (gmm-acc-mllt[5.3.4~1340-b701]:main():gmm-acc-mllt.cc:108) Average like for this file is -62.3359 over 125 frames.
LOG (gmm-acc-mllt[5.3.4~1340-b701]:main():gmm-acc-mllt.cc:108) Average like for this file is -63.6034 over 164 frames.
LOG (gmm-acc-mllt[5.3.4~1340-b701]:main():gmm-acc-mllt.cc:108) Average like for this file is -62.5628 over 129 frames.
LOG (gmm-acc-mllt[5.3.4~1340-b701]:main():gmm-acc-mllt.cc:108) Average like for this file is -60.3766 over 104 frames.
LOG (gmm-acc-mllt[5.3.4~1340-b701]:main():gmm-acc-mllt.cc:108) Average like for this file is -62.1002 over 85 frames.
LOG (gmm-acc-mllt[5.3.4~1340-b701]:main():gmm-acc-mllt.cc:108) Average like for this file is -62.5517 over 134 frames.
LOG (gmm-acc-mllt[5.3.4~1340-b701]:main():gmm-acc-mllt.cc:114) Avg like per frame so far is -55.9285
LOG (gmm-acc-mllt[5.3.4~1340-b701]:main():gmm-acc-mllt.cc:108) Average like for this file is -58.2689 over 85 frames.
LOG (gmm-acc-mllt[5.3.4~1340-b701]:main():gmm-acc-mllt.cc:108) Average like for this file is -49.2694 over 125 frames.
LOG (gmm-acc-mllt[5.3.4~1340-b701]:main():gmm-acc-mllt.cc:108) Average like for this file is -52.785 over 103 frames.
LOG (gmm-acc-mllt[5.3.4~1340-b701]:main():gmm-acc-mllt.cc:108) Average like for this file is -53.053 over 130 frames.
LOG (gmm-acc-mllt[5.3.4~1340-b701]:main():gmm-acc-mllt.cc:108) Average like for this file is -51.2825 over 118 frames.
LOG (gmm-acc-mllt[5.3.4~1340-b701]:main():gmm-acc-mllt.cc:108) Average like for this file is -54.1871 over 158 frames.
LOG (gmm-acc-mllt[5.3.4~1340-b701]:main():gmm-acc-mllt.cc:108) Average like for this file is -52.8129 over 114 frames.
LOG (gmm-acc-mllt[5.3.4~1340-b701]:main():gmm-acc-mllt.cc:108) Average like for this file is -51.1613 over 103 frames.
LOG (gmm-acc-mllt[5.3.4~1340-b701]:main():gmm-acc-mllt.cc:108) Average like for this file is -52.8811 over 97 frames.
LOG (gmm-acc-mllt[5.3.4~1340-b701]:main():gmm-acc-mllt.cc:108) Average like for this file is -53.2771 over 117 frames.
LOG (gmm-acc-mllt[5.3.4~1340-b701]:main():gmm-acc-mllt.cc:114) Avg like per frame so far is -54.8937
LOG (gmm-acc-mllt[5.3.4~1340-b701]:main():gmm-acc-mllt.cc:108) Average like for this file is -51.2346 over 99 frames.
LOG (gmm-acc-mllt[5.3.4~1340-b701]:main():gmm-acc-mllt.cc:108) Average like for this file is -54.0971 over 130 frames.
LOG (gmm-acc-mllt[5.3.4~1340-b701]:main():gmm-acc-mllt.cc:108) Average like for this file is -54.3404 over 109 frames.
LOG (gmm-acc-mllt[5.3.4~1340-b701]:main():gmm-acc-mllt.cc:108) Average like for this file is -54.3916 over 136 frames.
LOG (gmm-acc-mllt[5.3.4~1340-b701]:main():gmm-acc-mllt.cc:108) Average like for this file is -55.1315 over 112 frames.
LOG (gmm-acc-mllt[5.3.4~1340-b701]:main():gmm-acc-mllt.cc:108) Average like for this file is -57.6085 over 155 frames.
LOG (weight-silence-post[5.3.4~1340-b701]:main():weight-silence-post.cc:95) Done 60 posteriors.
LOG (gmm-acc-mllt[5.3.4~1340-b701]:main():gmm-acc-mllt.cc:108) Average like for this file is -55.3632 over 102 frames.
LOG (gmm-acc-mllt[5.3.4~1340-b701]:main():gmm-acc-mllt.cc:108) Average like for this file is -55.3774 over 136 frames.
LOG (gmm-acc-mllt[5.3.4~1340-b701]:main():gmm-acc-mllt.cc:108) Average like for this file is -55.1349 over 84 frames.
LOG (gmm-acc-mllt[5.3.4~1340-b701]:main():gmm-acc-mllt.cc:108) Average like for this file is -51.2552 over 186 frames.
LOG (gmm-acc-mllt[5.3.4~1340-b701]:main():gmm-acc-mllt.cc:114) Avg like per frame so far is -54.748
LOG (gmm-acc-mllt[5.3.4~1340-b701]:main():gmm-acc-mllt.cc:108) Average like for this file is -51.5224 over 131 frames.
LOG (gmm-acc-mllt[5.3.4~1340-b701]:main():gmm-acc-mllt.cc:108) Average like for this file is -56.6669 over 120 frames.
LOG (gmm-acc-mllt[5.3.4~1340-b701]:main():gmm-acc-mllt.cc:108) Average like for this file is -52.7932 over 124 frames.
LOG (gmm-acc-mllt[5.3.4~1340-b701]:main():gmm-acc-mllt.cc:108) Average like for this file is -57.2409 over 158 frames.
LOG (gmm-acc-mllt[5.3.4~1340-b701]:main():gmm-acc-mllt.cc:108) Average like for this file is -57.5454 over 138 frames.
LOG (gmm-acc-mllt[5.3.4~1340-b701]:main():gmm-acc-mllt.cc:108) Average like for this file is -57.4954 over 97 frames.
LOG (gmm-acc-mllt[5.3.4~1340-b701]:main():gmm-acc-mllt.cc:108) Average like for this file is -60.7654 over 104 frames.
LOG (gmm-acc-mllt[5.3.4~1340-b701]:main():gmm-acc-mllt.cc:108) Average like for this file is -52.2848 over 148 frames.
LOG (apply-cmvn[5.3.4~1340-b701]:main():apply-cmvn.cc:162) Applied cepstral mean normalization to 60 utterances, errors on 0
LOG (gmm-acc-mllt[5.3.4~1340-b701]:main():gmm-acc-mllt.cc:108) Average like for this file is -53.5157 over 106 frames.
LOG (gmm-acc-mllt[5.3.4~1340-b701]:main():gmm-acc-mllt.cc:108) Average like for this file is -52.5441 over 125 frames.
LOG (gmm-acc-mllt[5.3.4~1340-b701]:main():gmm-acc-mllt.cc:114) Avg like per frame so far is -54.826
LOG (gmm-acc-mllt[5.3.4~1340-b701]:main():gmm-acc-mllt.cc:108) Average like for this file is -55.9203 over 90 frames.
LOG (gmm-acc-mllt[5.3.4~1340-b701]:main():gmm-acc-mllt.cc:108) Average like for this file is -56.976 over 150 frames.
LOG (gmm-acc-mllt[5.3.4~1340-b701]:main():gmm-acc-mllt.cc:108) Average like for this file is -53.677 over 129 frames.
LOG (gmm-acc-mllt[5.3.4~1340-b701]:main():gmm-acc-mllt.cc:108) Average like for this file is -58.8871 over 173 frames.
LOG (gmm-acc-mllt[5.3.4~1340-b701]:main():gmm-acc-mllt.cc:108) Average like for this file is -56.1673 over 116 frames.
LOG (gmm-acc-mllt[5.3.4~1340-b701]:main():gmm-acc-mllt.cc:108) Average like for this file is -58.6071 over 121 frames.
LOG (gmm-acc-mllt[5.3.4~1340-b701]:main():gmm-acc-mllt.cc:108) Average like for this file is -57.3164 over 103 frames.
LOG (transform-feats[5.3.4~1340-b701]:main():transform-feats.cc:158) Overall average [pseudo-]logdet is -2.89765 over 8814 frames.
LOG (transform-feats[5.3.4~1340-b701]:main():transform-feats.cc:161) Applied transform to 60 utterances; 0 had errors.
LOG (gmm-acc-mllt[5.3.4~1340-b701]:main():gmm-acc-mllt.cc:108) Average like for this file is -55.2901 over 127 frames.
LOG (gmm-acc-mllt[5.3.4~1340-b701]:main():gmm-acc-mllt.cc:108) Average like for this file is -54.454 over 96 frames.
LOG (gmm-acc-mllt[5.3.4~1340-b701]:main():gmm-acc-mllt.cc:108) Average like for this file is -44.6304 over 156 frames.
LOG (gmm-acc-mllt[5.3.4~1340-b701]:main():gmm-acc-mllt.cc:114) Avg like per frame so far is -54.8643
LOG (gmm-acc-mllt[5.3.4~1340-b701]:main():gmm-acc-mllt.cc:119) Done 60 files, 0 with no posteriors, 0 with other errors.
LOG (gmm-acc-mllt[5.3.4~1340-b701]:main():gmm-acc-mllt.cc:123) Overall avg like per frame (Gaussian only) = -54.8643 over 7246 frames.
LOG (gmm-acc-mllt[5.3.4~1340-b701]:main():gmm-acc-mllt.cc:127) Written accs.
# Accounting: time=0 threads=1
# Ended (code 0) at Thu May 10 00:25:13 HKT 2018, elapsed time 0 seconds
