# ali-to-post "ark:gunzip -c exp/tri2/ali.5.gz|" ark:- | weight-silence-post 0.0 1:2:3:4:5:6:7:8:9:10 exp/tri2/6.mdl ark:- ark:- | gmm-acc-mllt --rand-prune=4.0 exp/tri2/6.mdl "ark,s,cs:apply-cmvn  --utt2spk=ark:data/train/split6/5/utt2spk scp:data/train/split6/5/cmvn.scp scp:data/train/split6/5/feats.scp ark:- | splice-feats --left-context=3 --right-context=3 ark:- ark:- | transform-feats exp/tri2/4.mat ark:- ark:- |" ark:- exp/tri2/6.5.macc 
# Started at Thu May 10 00:25:15 HKT 2018
#
weight-silence-post 0.0 1:2:3:4:5:6:7:8:9:10 exp/tri2/6.mdl ark:- ark:- 
ali-to-post 'ark:gunzip -c exp/tri2/ali.5.gz|' ark:- 
gmm-acc-mllt --rand-prune=4.0 exp/tri2/6.mdl 'ark,s,cs:apply-cmvn  --utt2spk=ark:data/train/split6/5/utt2spk scp:data/train/split6/5/cmvn.scp scp:data/train/split6/5/feats.scp ark:- | splice-feats --left-context=3 --right-context=3 ark:- ark:- | transform-feats exp/tri2/4.mat ark:- ark:- |' ark:- exp/tri2/6.5.macc 
apply-cmvn --utt2spk=ark:data/train/split6/5/utt2spk scp:data/train/split6/5/cmvn.scp scp:data/train/split6/5/feats.scp ark:- 
splice-feats --left-context=3 --right-context=3 ark:- ark:- 
transform-feats exp/tri2/4.mat ark:- ark:- 
LOG (gmm-acc-mllt[5.3.4~1340-b701]:main():gmm-acc-mllt.cc:108) Average like for this file is -52.0713 over 105 frames.
LOG (gmm-acc-mllt[5.3.4~1340-b701]:main():gmm-acc-mllt.cc:108) Average like for this file is -52.9323 over 141 frames.
LOG (gmm-acc-mllt[5.3.4~1340-b701]:main():gmm-acc-mllt.cc:108) Average like for this file is -52.779 over 115 frames.
LOG (gmm-acc-mllt[5.3.4~1340-b701]:main():gmm-acc-mllt.cc:108) Average like for this file is -59.404 over 153 frames.
LOG (gmm-acc-mllt[5.3.4~1340-b701]:main():gmm-acc-mllt.cc:108) Average like for this file is -53.4159 over 153 frames.
LOG (gmm-acc-mllt[5.3.4~1340-b701]:main():gmm-acc-mllt.cc:108) Average like for this file is -53.3467 over 108 frames.
LOG (gmm-acc-mllt[5.3.4~1340-b701]:main():gmm-acc-mllt.cc:108) Average like for this file is -56.0576 over 103 frames.
LOG (ali-to-post[5.3.4~1340-b701]:main():ali-to-post.cc:73) Converted 60 alignments.
LOG (gmm-acc-mllt[5.3.4~1340-b701]:main():gmm-acc-mllt.cc:108) Average like for this file is -53.8372 over 122 frames.
LOG (gmm-acc-mllt[5.3.4~1340-b701]:main():gmm-acc-mllt.cc:108) Average like for this file is -50.1205 over 106 frames.
LOG (gmm-acc-mllt[5.3.4~1340-b701]:main():gmm-acc-mllt.cc:108) Average like for this file is -46.1801 over 142 frames.
LOG (gmm-acc-mllt[5.3.4~1340-b701]:main():gmm-acc-mllt.cc:114) Avg like per frame so far is -53.0736
LOG (gmm-acc-mllt[5.3.4~1340-b701]:main():gmm-acc-mllt.cc:108) Average like for this file is -45.5278 over 161 frames.
LOG (gmm-acc-mllt[5.3.4~1340-b701]:main():gmm-acc-mllt.cc:108) Average like for this file is -50.4304 over 150 frames.
LOG (gmm-acc-mllt[5.3.4~1340-b701]:main():gmm-acc-mllt.cc:108) Average like for this file is -46.8151 over 147 frames.
LOG (gmm-acc-mllt[5.3.4~1340-b701]:main():gmm-acc-mllt.cc:108) Average like for this file is -48.8184 over 231 frames.
LOG (gmm-acc-mllt[5.3.4~1340-b701]:main():gmm-acc-mllt.cc:108) Average like for this file is -50.3633 over 142 frames.
LOG (gmm-acc-mllt[5.3.4~1340-b701]:main():gmm-acc-mllt.cc:108) Average like for this file is -49.2803 over 142 frames.
LOG (gmm-acc-mllt[5.3.4~1340-b701]:main():gmm-acc-mllt.cc:108) Average like for this file is -51.2296 over 153 frames.
LOG (gmm-acc-mllt[5.3.4~1340-b701]:main():gmm-acc-mllt.cc:108) Average like for this file is -52.9127 over 104 frames.
LOG (gmm-acc-mllt[5.3.4~1340-b701]:main():gmm-acc-mllt.cc:108) Average like for this file is -49.7287 over 149 frames.
LOG (gmm-acc-mllt[5.3.4~1340-b701]:main():gmm-acc-mllt.cc:108) Average like for this file is -53.1698 over 99 frames.
LOG (gmm-acc-mllt[5.3.4~1340-b701]:main():gmm-acc-mllt.cc:114) Avg like per frame so far is -51.1567
LOG (gmm-acc-mllt[5.3.4~1340-b701]:main():gmm-acc-mllt.cc:108) Average like for this file is -49.8401 over 165 frames.
LOG (gmm-acc-mllt[5.3.4~1340-b701]:main():gmm-acc-mllt.cc:108) Average like for this file is -50.7744 over 102 frames.
LOG (gmm-acc-mllt[5.3.4~1340-b701]:main():gmm-acc-mllt.cc:108) Average like for this file is -58.2046 over 167 frames.
LOG (gmm-acc-mllt[5.3.4~1340-b701]:main():gmm-acc-mllt.cc:108) Average like for this file is -57.8058 over 110 frames.
LOG (gmm-acc-mllt[5.3.4~1340-b701]:main():gmm-acc-mllt.cc:108) Average like for this file is -52.4667 over 108 frames.
LOG (gmm-acc-mllt[5.3.4~1340-b701]:main():gmm-acc-mllt.cc:108) Average like for this file is -52.1584 over 88 frames.
LOG (gmm-acc-mllt[5.3.4~1340-b701]:main():gmm-acc-mllt.cc:108) Average like for this file is -54.5423 over 113 frames.
LOG (gmm-acc-mllt[5.3.4~1340-b701]:main():gmm-acc-mllt.cc:108) Average like for this file is -57.3331 over 94 frames.
LOG (gmm-acc-mllt[5.3.4~1340-b701]:main():gmm-acc-mllt.cc:108) Average like for this file is -42.5608 over 153 frames.
LOG (gmm-acc-mllt[5.3.4~1340-b701]:main():gmm-acc-mllt.cc:108) Average like for this file is -48.4009 over 110 frames.
LOG (gmm-acc-mllt[5.3.4~1340-b701]:main():gmm-acc-mllt.cc:114) Avg like per frame so far is -51.4683
LOG (gmm-acc-mllt[5.3.4~1340-b701]:main():gmm-acc-mllt.cc:108) Average like for this file is -45.9002 over 139 frames.
LOG (gmm-acc-mllt[5.3.4~1340-b701]:main():gmm-acc-mllt.cc:108) Average like for this file is -44.9595 over 112 frames.
LOG (gmm-acc-mllt[5.3.4~1340-b701]:main():gmm-acc-mllt.cc:108) Average like for this file is -52.1959 over 190 frames.
LOG (weight-silence-post[5.3.4~1340-b701]:main():weight-silence-post.cc:95) Done 60 posteriors.
LOG (gmm-acc-mllt[5.3.4~1340-b701]:main():gmm-acc-mllt.cc:108) Average like for this file is -45.9123 over 140 frames.
LOG (gmm-acc-mllt[5.3.4~1340-b701]:main():gmm-acc-mllt.cc:108) Average like for this file is -47.9631 over 131 frames.
LOG (gmm-acc-mllt[5.3.4~1340-b701]:main():gmm-acc-mllt.cc:108) Average like for this file is -47.4872 over 91 frames.
LOG (gmm-acc-mllt[5.3.4~1340-b701]:main():gmm-acc-mllt.cc:108) Average like for this file is -48.4267 over 149 frames.
LOG (gmm-acc-mllt[5.3.4~1340-b701]:main():gmm-acc-mllt.cc:108) Average like for this file is -47.3376 over 110 frames.
LOG (gmm-acc-mllt[5.3.4~1340-b701]:main():gmm-acc-mllt.cc:108) Average like for this file is -49.8659 over 109 frames.
LOG (gmm-acc-mllt[5.3.4~1340-b701]:main():gmm-acc-mllt.cc:108) Average like for this file is -47.9228 over 99 frames.
LOG (gmm-acc-mllt[5.3.4~1340-b701]:main():gmm-acc-mllt.cc:114) Avg like per frame so far is -50.6237
LOG (gmm-acc-mllt[5.3.4~1340-b701]:main():gmm-acc-mllt.cc:108) Average like for this file is -50.7139 over 119 frames.
LOG (gmm-acc-mllt[5.3.4~1340-b701]:main():gmm-acc-mllt.cc:108) Average like for this file is -48.3349 over 118 frames.
LOG (gmm-acc-mllt[5.3.4~1340-b701]:main():gmm-acc-mllt.cc:108) Average like for this file is -53.928 over 148 frames.
LOG (gmm-acc-mllt[5.3.4~1340-b701]:main():gmm-acc-mllt.cc:108) Average like for this file is -49.9599 over 109 frames.
LOG (gmm-acc-mllt[5.3.4~1340-b701]:main():gmm-acc-mllt.cc:108) Average like for this file is -53.2667 over 87 frames.
LOG (gmm-acc-mllt[5.3.4~1340-b701]:main():gmm-acc-mllt.cc:108) Average like for this file is -51.7234 over 89 frames.
LOG (gmm-acc-mllt[5.3.4~1340-b701]:main():gmm-acc-mllt.cc:108) Average like for this file is -57.2403 over 104 frames.
LOG (apply-cmvn[5.3.4~1340-b701]:main():apply-cmvn.cc:162) Applied cepstral mean normalization to 60 utterances, errors on 0
LOG (gmm-acc-mllt[5.3.4~1340-b701]:main():gmm-acc-mllt.cc:108) Average like for this file is -50.341 over 91 frames.
LOG (gmm-acc-mllt[5.3.4~1340-b701]:main():gmm-acc-mllt.cc:108) Average like for this file is -47.6881 over 136 frames.
LOG (gmm-acc-mllt[5.3.4~1340-b701]:main():gmm-acc-mllt.cc:108) Average like for this file is -52.4326 over 86 frames.
LOG (gmm-acc-mllt[5.3.4~1340-b701]:main():gmm-acc-mllt.cc:114) Avg like per frame so far is -50.7673
LOG (gmm-acc-mllt[5.3.4~1340-b701]:main():gmm-acc-mllt.cc:108) Average like for this file is -49.6442 over 165 frames.
LOG (gmm-acc-mllt[5.3.4~1340-b701]:main():gmm-acc-mllt.cc:108) Average like for this file is -51.3896 over 105 frames.
LOG (gmm-acc-mllt[5.3.4~1340-b701]:main():gmm-acc-mllt.cc:108) Average like for this file is -53.5731 over 142 frames.
LOG (gmm-acc-mllt[5.3.4~1340-b701]:main():gmm-acc-mllt.cc:108) Average like for this file is -49.9698 over 108 frames.
LOG (gmm-acc-mllt[5.3.4~1340-b701]:main():gmm-acc-mllt.cc:108) Average like for this file is -51.7586 over 118 frames.
LOG (gmm-acc-mllt[5.3.4~1340-b701]:main():gmm-acc-mllt.cc:108) Average like for this file is -57.8116 over 93 frames.
LOG (gmm-acc-mllt[5.3.4~1340-b701]:main():gmm-acc-mllt.cc:108) Average like for this file is -54.8293 over 115 frames.
LOG (transform-feats[5.3.4~1340-b701]:main():transform-feats.cc:158) Overall average [pseudo-]logdet is -0.55192 over 9462 frames.
LOG (transform-feats[5.3.4~1340-b701]:main():transform-feats.cc:161) Applied transform to 60 utterances; 0 had errors.
LOG (gmm-acc-mllt[5.3.4~1340-b701]:main():gmm-acc-mllt.cc:108) Average like for this file is -54.1278 over 92 frames.
LOG (gmm-acc-mllt[5.3.4~1340-b701]:main():gmm-acc-mllt.cc:108) Average like for this file is -50.7479 over 112 frames.
LOG (gmm-acc-mllt[5.3.4~1340-b701]:main():gmm-acc-mllt.cc:108) Average like for this file is -50.1277 over 158 frames.
LOG (gmm-acc-mllt[5.3.4~1340-b701]:main():gmm-acc-mllt.cc:114) Avg like per frame so far is -50.9856
LOG (gmm-acc-mllt[5.3.4~1340-b701]:main():gmm-acc-mllt.cc:119) Done 60 files, 0 with no posteriors, 0 with other errors.
LOG (gmm-acc-mllt[5.3.4~1340-b701]:main():gmm-acc-mllt.cc:123) Overall avg like per frame (Gaussian only) = -50.9856 over 7501 frames.
LOG (gmm-acc-mllt[5.3.4~1340-b701]:main():gmm-acc-mllt.cc:127) Written accs.
# Accounting: time=0 threads=1
# Ended (code 0) at Thu May 10 00:25:15 HKT 2018, elapsed time 0 seconds
