# ali-to-post "ark:gunzip -c exp/tri2/ali.2.gz|" ark:- | weight-silence-post 0.0 1:2:3:4:5:6:7:8:9:10 exp/tri2/4.mdl ark:- ark:- | gmm-acc-mllt --rand-prune=4.0 exp/tri2/4.mdl "ark,s,cs:apply-cmvn  --utt2spk=ark:data/train/split6/2/utt2spk scp:data/train/split6/2/cmvn.scp scp:data/train/split6/2/feats.scp ark:- | splice-feats --left-context=3 --right-context=3 ark:- ark:- | transform-feats exp/tri2/2.mat ark:- ark:- |" ark:- exp/tri2/4.2.macc 
# Started at Thu May 10 00:25:14 HKT 2018
#
ali-to-post 'ark:gunzip -c exp/tri2/ali.2.gz|' ark:- 
weight-silence-post 0.0 1:2:3:4:5:6:7:8:9:10 exp/tri2/4.mdl ark:- ark:- 
gmm-acc-mllt --rand-prune=4.0 exp/tri2/4.mdl 'ark,s,cs:apply-cmvn  --utt2spk=ark:data/train/split6/2/utt2spk scp:data/train/split6/2/cmvn.scp scp:data/train/split6/2/feats.scp ark:- | splice-feats --left-context=3 --right-context=3 ark:- ark:- | transform-feats exp/tri2/2.mat ark:- ark:- |' ark:- exp/tri2/4.2.macc 
apply-cmvn --utt2spk=ark:data/train/split6/2/utt2spk scp:data/train/split6/2/cmvn.scp scp:data/train/split6/2/feats.scp ark:- 
transform-feats exp/tri2/2.mat ark:- ark:- 
splice-feats --left-context=3 --right-context=3 ark:- ark:- 
LOG (gmm-acc-mllt[5.3.4~1340-b701]:main():gmm-acc-mllt.cc:108) Average like for this file is -53.3402 over 177 frames.
LOG (gmm-acc-mllt[5.3.4~1340-b701]:main():gmm-acc-mllt.cc:108) Average like for this file is -56.1746 over 92 frames.
LOG (gmm-acc-mllt[5.3.4~1340-b701]:main():gmm-acc-mllt.cc:108) Average like for this file is -53.9366 over 112 frames.
LOG (gmm-acc-mllt[5.3.4~1340-b701]:main():gmm-acc-mllt.cc:108) Average like for this file is -56.066 over 94 frames.
LOG (ali-to-post[5.3.4~1340-b701]:main():ali-to-post.cc:73) Converted 60 alignments.
LOG (gmm-acc-mllt[5.3.4~1340-b701]:main():gmm-acc-mllt.cc:108) Average like for this file is -55.7772 over 116 frames.
LOG (gmm-acc-mllt[5.3.4~1340-b701]:main():gmm-acc-mllt.cc:108) Average like for this file is -52.3649 over 107 frames.
LOG (gmm-acc-mllt[5.3.4~1340-b701]:main():gmm-acc-mllt.cc:108) Average like for this file is -57.1514 over 133 frames.
LOG (gmm-acc-mllt[5.3.4~1340-b701]:main():gmm-acc-mllt.cc:108) Average like for this file is -53.2905 over 131 frames.
LOG (gmm-acc-mllt[5.3.4~1340-b701]:main():gmm-acc-mllt.cc:108) Average like for this file is -55.325 over 169 frames.
LOG (gmm-acc-mllt[5.3.4~1340-b701]:main():gmm-acc-mllt.cc:108) Average like for this file is -55.5924 over 131 frames.
LOG (gmm-acc-mllt[5.3.4~1340-b701]:main():gmm-acc-mllt.cc:114) Avg like per frame so far is -54.8402
LOG (gmm-acc-mllt[5.3.4~1340-b701]:main():gmm-acc-mllt.cc:108) Average like for this file is -58.2646 over 101 frames.
LOG (gmm-acc-mllt[5.3.4~1340-b701]:main():gmm-acc-mllt.cc:108) Average like for this file is -55.8223 over 96 frames.
LOG (gmm-acc-mllt[5.3.4~1340-b701]:main():gmm-acc-mllt.cc:108) Average like for this file is -54.7481 over 121 frames.
LOG (gmm-acc-mllt[5.3.4~1340-b701]:main():gmm-acc-mllt.cc:108) Average like for this file is -57.6383 over 98 frames.
LOG (gmm-acc-mllt[5.3.4~1340-b701]:main():gmm-acc-mllt.cc:108) Average like for this file is -49.8916 over 101 frames.
LOG (gmm-acc-mllt[5.3.4~1340-b701]:main():gmm-acc-mllt.cc:108) Average like for this file is -56.7936 over 104 frames.
LOG (gmm-acc-mllt[5.3.4~1340-b701]:main():gmm-acc-mllt.cc:108) Average like for this file is -50.4044 over 116 frames.
LOG (gmm-acc-mllt[5.3.4~1340-b701]:main():gmm-acc-mllt.cc:108) Average like for this file is -56.9946 over 149 frames.
LOG (gmm-acc-mllt[5.3.4~1340-b701]:main():gmm-acc-mllt.cc:108) Average like for this file is -53.095 over 122 frames.
LOG (gmm-acc-mllt[5.3.4~1340-b701]:main():gmm-acc-mllt.cc:108) Average like for this file is -55.803 over 109 frames.
LOG (gmm-acc-mllt[5.3.4~1340-b701]:main():gmm-acc-mllt.cc:114) Avg like per frame so far is -54.8843
LOG (gmm-acc-mllt[5.3.4~1340-b701]:main():gmm-acc-mllt.cc:108) Average like for this file is -56.9575 over 81 frames.
LOG (gmm-acc-mllt[5.3.4~1340-b701]:main():gmm-acc-mllt.cc:108) Average like for this file is -53.025 over 127 frames.
LOG (gmm-acc-mllt[5.3.4~1340-b701]:main():gmm-acc-mllt.cc:108) Average like for this file is -56.148 over 82 frames.
LOG (gmm-acc-mllt[5.3.4~1340-b701]:main():gmm-acc-mllt.cc:108) Average like for this file is -45.0994 over 147 frames.
LOG (gmm-acc-mllt[5.3.4~1340-b701]:main():gmm-acc-mllt.cc:108) Average like for this file is -50.6182 over 94 frames.
LOG (gmm-acc-mllt[5.3.4~1340-b701]:main():gmm-acc-mllt.cc:108) Average like for this file is -47.276 over 166 frames.
LOG (gmm-acc-mllt[5.3.4~1340-b701]:main():gmm-acc-mllt.cc:108) Average like for this file is -48.1331 over 110 frames.
LOG (gmm-acc-mllt[5.3.4~1340-b701]:main():gmm-acc-mllt.cc:108) Average like for this file is -52.3796 over 198 frames.
LOG (gmm-acc-mllt[5.3.4~1340-b701]:main():gmm-acc-mllt.cc:108) Average like for this file is -51.3887 over 130 frames.
LOG (gmm-acc-mllt[5.3.4~1340-b701]:main():gmm-acc-mllt.cc:108) Average like for this file is -50.8797 over 101 frames.
LOG (gmm-acc-mllt[5.3.4~1340-b701]:main():gmm-acc-mllt.cc:114) Avg like per frame so far is -53.4557
LOG (gmm-acc-mllt[5.3.4~1340-b701]:main():gmm-acc-mllt.cc:108) Average like for this file is -54.2673 over 129 frames.
LOG (gmm-acc-mllt[5.3.4~1340-b701]:main():gmm-acc-mllt.cc:108) Average like for this file is -52.7616 over 120 frames.
LOG (gmm-acc-mllt[5.3.4~1340-b701]:main():gmm-acc-mllt.cc:108) Average like for this file is -55.5056 over 82 frames.
LOG (gmm-acc-mllt[5.3.4~1340-b701]:main():gmm-acc-mllt.cc:108) Average like for this file is -59.1717 over 95 frames.
LOG (gmm-acc-mllt[5.3.4~1340-b701]:main():gmm-acc-mllt.cc:108) Average like for this file is -65.0197 over 101 frames.
LOG (gmm-acc-mllt[5.3.4~1340-b701]:main():gmm-acc-mllt.cc:108) Average like for this file is -58.4665 over 101 frames.
LOG (gmm-acc-mllt[5.3.4~1340-b701]:main():gmm-acc-mllt.cc:108) Average like for this file is -63.4954 over 157 frames.
LOG (gmm-acc-mllt[5.3.4~1340-b701]:main():gmm-acc-mllt.cc:108) Average like for this file is -60.3954 over 125 frames.
LOG (gmm-acc-mllt[5.3.4~1340-b701]:main():gmm-acc-mllt.cc:108) Average like for this file is -63.2611 over 110 frames.
LOG (gmm-acc-mllt[5.3.4~1340-b701]:main():gmm-acc-mllt.cc:108) Average like for this file is -64.8481 over 95 frames.
LOG (gmm-acc-mllt[5.3.4~1340-b701]:main():gmm-acc-mllt.cc:114) Avg like per frame so far is -54.938
LOG (weight-silence-post[5.3.4~1340-b701]:main():weight-silence-post.cc:95) Done 60 posteriors.
LOG (gmm-acc-mllt[5.3.4~1340-b701]:main():gmm-acc-mllt.cc:108) Average like for this file is -59.2949 over 136 frames.
LOG (gmm-acc-mllt[5.3.4~1340-b701]:main():gmm-acc-mllt.cc:108) Average like for this file is -62.9909 over 85 frames.
LOG (gmm-acc-mllt[5.3.4~1340-b701]:main():gmm-acc-mllt.cc:108) Average like for this file is -49.92 over 124 frames.
LOG (gmm-acc-mllt[5.3.4~1340-b701]:main():gmm-acc-mllt.cc:108) Average like for this file is -53.5886 over 120 frames.
LOG (gmm-acc-mllt[5.3.4~1340-b701]:main():gmm-acc-mllt.cc:108) Average like for this file is -52.7434 over 149 frames.
LOG (gmm-acc-mllt[5.3.4~1340-b701]:main():gmm-acc-mllt.cc:108) Average like for this file is -50.6561 over 124 frames.
LOG (gmm-acc-mllt[5.3.4~1340-b701]:main():gmm-acc-mllt.cc:108) Average like for this file is -55.4976 over 175 frames.
LOG (gmm-acc-mllt[5.3.4~1340-b701]:main():gmm-acc-mllt.cc:108) Average like for this file is -49.687 over 146 frames.
LOG (gmm-acc-mllt[5.3.4~1340-b701]:main():gmm-acc-mllt.cc:108) Average like for this file is -54.3223 over 106 frames.
LOG (gmm-acc-mllt[5.3.4~1340-b701]:main():gmm-acc-mllt.cc:108) Average like for this file is -52.5123 over 107 frames.
LOG (gmm-acc-mllt[5.3.4~1340-b701]:main():gmm-acc-mllt.cc:114) Avg like per frame so far is -54.7116
LOG (apply-cmvn[5.3.4~1340-b701]:main():apply-cmvn.cc:162) Applied cepstral mean normalization to 60 utterances, errors on 0
LOG (gmm-acc-mllt[5.3.4~1340-b701]:main():gmm-acc-mllt.cc:108) Average like for this file is -54.5005 over 139 frames.
LOG (gmm-acc-mllt[5.3.4~1340-b701]:main():gmm-acc-mllt.cc:108) Average like for this file is -52.8356 over 111 frames.
LOG (gmm-acc-mllt[5.3.4~1340-b701]:main():gmm-acc-mllt.cc:108) Average like for this file is -49.1547 over 143 frames.
LOG (gmm-acc-mllt[5.3.4~1340-b701]:main():gmm-acc-mllt.cc:108) Average like for this file is -49.5506 over 137 frames.
LOG (gmm-acc-mllt[5.3.4~1340-b701]:main():gmm-acc-mllt.cc:108) Average like for this file is -47.1558 over 172 frames.
LOG (gmm-acc-mllt[5.3.4~1340-b701]:main():gmm-acc-mllt.cc:108) Average like for this file is -49.3685 over 103 frames.
LOG (gmm-acc-mllt[5.3.4~1340-b701]:main():gmm-acc-mllt.cc:108) Average like for this file is -50.8623 over 184 frames.
LOG (transform-feats[5.3.4~1340-b701]:main():transform-feats.cc:158) Overall average [pseudo-]logdet is -2.11956 over 9118 frames.
LOG (transform-feats[5.3.4~1340-b701]:main():transform-feats.cc:161) Applied transform to 60 utterances; 0 had errors.
LOG (gmm-acc-mllt[5.3.4~1340-b701]:main():gmm-acc-mllt.cc:108) Average like for this file is -45.9406 over 154 frames.
LOG (gmm-acc-mllt[5.3.4~1340-b701]:main():gmm-acc-mllt.cc:108) Average like for this file is -50.2177 over 146 frames.
LOG (gmm-acc-mllt[5.3.4~1340-b701]:main():gmm-acc-mllt.cc:108) Average like for this file is -49.7803 over 157 frames.
LOG (gmm-acc-mllt[5.3.4~1340-b701]:main():gmm-acc-mllt.cc:114) Avg like per frame so far is -53.7612
LOG (gmm-acc-mllt[5.3.4~1340-b701]:main():gmm-acc-mllt.cc:119) Done 60 files, 0 with no posteriors, 0 with other errors.
LOG (gmm-acc-mllt[5.3.4~1340-b701]:main():gmm-acc-mllt.cc:123) Overall avg like per frame (Gaussian only) = -53.7612 over 7448 frames.
LOG (gmm-acc-mllt[5.3.4~1340-b701]:main():gmm-acc-mllt.cc:127) Written accs.
# Accounting: time=0 threads=1
# Ended (code 0) at Thu May 10 00:25:14 HKT 2018, elapsed time 0 seconds
