# ali-to-post "ark:gunzip -c exp/tri2/ali.3.gz|" ark:- | weight-silence-post 0.0 1:2:3:4:5:6:7:8:9:10 exp/tri2/2.mdl ark:- ark:- | gmm-acc-mllt --rand-prune=4.0 exp/tri2/2.mdl "ark,s,cs:apply-cmvn  --utt2spk=ark:data/train/split6/3/utt2spk scp:data/train/split6/3/cmvn.scp scp:data/train/split6/3/feats.scp ark:- | splice-feats --left-context=3 --right-context=3 ark:- ark:- | transform-feats exp/tri2/0.mat ark:- ark:- |" ark:- exp/tri2/2.3.macc 
# Started at Thu May 10 00:25:13 HKT 2018
#
ali-to-post 'ark:gunzip -c exp/tri2/ali.3.gz|' ark:- 
weight-silence-post 0.0 1:2:3:4:5:6:7:8:9:10 exp/tri2/2.mdl ark:- ark:- 
gmm-acc-mllt --rand-prune=4.0 exp/tri2/2.mdl 'ark,s,cs:apply-cmvn  --utt2spk=ark:data/train/split6/3/utt2spk scp:data/train/split6/3/cmvn.scp scp:data/train/split6/3/feats.scp ark:- | splice-feats --left-context=3 --right-context=3 ark:- ark:- | transform-feats exp/tri2/0.mat ark:- ark:- |' ark:- exp/tri2/2.3.macc 
LOG (ali-to-post[5.3.4~1340-b701]:main():ali-to-post.cc:73) Converted 60 alignments.
apply-cmvn --utt2spk=ark:data/train/split6/3/utt2spk scp:data/train/split6/3/cmvn.scp scp:data/train/split6/3/feats.scp ark:- 
splice-feats --left-context=3 --right-context=3 ark:- ark:- 
transform-feats exp/tri2/0.mat ark:- ark:- 
LOG (gmm-acc-mllt[5.3.4~1340-b701]:main():gmm-acc-mllt.cc:108) Average like for this file is -52.8111 over 115 frames.
LOG (gmm-acc-mllt[5.3.4~1340-b701]:main():gmm-acc-mllt.cc:108) Average like for this file is -50.9509 over 136 frames.
LOG (gmm-acc-mllt[5.3.4~1340-b701]:main():gmm-acc-mllt.cc:108) Average like for this file is -51.8004 over 134 frames.
LOG (gmm-acc-mllt[5.3.4~1340-b701]:main():gmm-acc-mllt.cc:108) Average like for this file is -54.4099 over 131 frames.
LOG (gmm-acc-mllt[5.3.4~1340-b701]:main():gmm-acc-mllt.cc:108) Average like for this file is -54.9993 over 105 frames.
LOG (gmm-acc-mllt[5.3.4~1340-b701]:main():gmm-acc-mllt.cc:108) Average like for this file is -56.4001 over 89 frames.
LOG (gmm-acc-mllt[5.3.4~1340-b701]:main():gmm-acc-mllt.cc:108) Average like for this file is -58.0384 over 110 frames.
LOG (gmm-acc-mllt[5.3.4~1340-b701]:main():gmm-acc-mllt.cc:108) Average like for this file is -57.5766 over 109 frames.
LOG (gmm-acc-mllt[5.3.4~1340-b701]:main():gmm-acc-mllt.cc:108) Average like for this file is -53.7598 over 122 frames.
LOG (gmm-acc-mllt[5.3.4~1340-b701]:main():gmm-acc-mllt.cc:108) Average like for this file is -66.2771 over 143 frames.
LOG (gmm-acc-mllt[5.3.4~1340-b701]:main():gmm-acc-mllt.cc:114) Avg like per frame so far is -55.7475
LOG (gmm-acc-mllt[5.3.4~1340-b701]:main():gmm-acc-mllt.cc:108) Average like for this file is -62.9619 over 111 frames.
LOG (gmm-acc-mllt[5.3.4~1340-b701]:main():gmm-acc-mllt.cc:108) Average like for this file is -56.8194 over 83 frames.
LOG (gmm-acc-mllt[5.3.4~1340-b701]:main():gmm-acc-mllt.cc:108) Average like for this file is -55.2782 over 99 frames.
LOG (gmm-acc-mllt[5.3.4~1340-b701]:main():gmm-acc-mllt.cc:108) Average like for this file is -57.2761 over 122 frames.
LOG (gmm-acc-mllt[5.3.4~1340-b701]:main():gmm-acc-mllt.cc:108) Average like for this file is -57.3212 over 81 frames.
LOG (gmm-acc-mllt[5.3.4~1340-b701]:main():gmm-acc-mllt.cc:108) Average like for this file is -54.1243 over 98 frames.
LOG (gmm-acc-mllt[5.3.4~1340-b701]:main():gmm-acc-mllt.cc:108) Average like for this file is -51.7133 over 109 frames.
LOG (gmm-acc-mllt[5.3.4~1340-b701]:main():gmm-acc-mllt.cc:108) Average like for this file is -54.638 over 105 frames.
LOG (gmm-acc-mllt[5.3.4~1340-b701]:main():gmm-acc-mllt.cc:108) Average like for this file is -55.5365 over 139 frames.
LOG (gmm-acc-mllt[5.3.4~1340-b701]:main():gmm-acc-mllt.cc:108) Average like for this file is -52.6566 over 112 frames.
LOG (gmm-acc-mllt[5.3.4~1340-b701]:main():gmm-acc-mllt.cc:114) Avg like per frame so far is -55.777
LOG (gmm-acc-mllt[5.3.4~1340-b701]:main():gmm-acc-mllt.cc:108) Average like for this file is -57.6318 over 102 frames.
LOG (gmm-acc-mllt[5.3.4~1340-b701]:main():gmm-acc-mllt.cc:108) Average like for this file is -52.4203 over 82 frames.
LOG (gmm-acc-mllt[5.3.4~1340-b701]:main():gmm-acc-mllt.cc:108) Average like for this file is -51.7262 over 112 frames.
LOG (gmm-acc-mllt[5.3.4~1340-b701]:main():gmm-acc-mllt.cc:108) Average like for this file is -60.4432 over 82 frames.
LOG (gmm-acc-mllt[5.3.4~1340-b701]:main():gmm-acc-mllt.cc:108) Average like for this file is -59.1201 over 84 frames.
LOG (gmm-acc-mllt[5.3.4~1340-b701]:main():gmm-acc-mllt.cc:108) Average like for this file is -58.7079 over 113 frames.
LOG (gmm-acc-mllt[5.3.4~1340-b701]:main():gmm-acc-mllt.cc:108) Average like for this file is -53.6336 over 104 frames.
LOG (gmm-acc-mllt[5.3.4~1340-b701]:main():gmm-acc-mllt.cc:108) Average like for this file is -62.1971 over 101 frames.
LOG (gmm-acc-mllt[5.3.4~1340-b701]:main():gmm-acc-mllt.cc:108) Average like for this file is -52.2286 over 85 frames.
LOG (gmm-acc-mllt[5.3.4~1340-b701]:main():gmm-acc-mllt.cc:108) Average like for this file is -57.2236 over 104 frames.
LOG (gmm-acc-mllt[5.3.4~1340-b701]:main():gmm-acc-mllt.cc:114) Avg like per frame so far is -56.0033
LOG (gmm-acc-mllt[5.3.4~1340-b701]:main():gmm-acc-mllt.cc:108) Average like for this file is -53.48 over 98 frames.
LOG (gmm-acc-mllt[5.3.4~1340-b701]:main():gmm-acc-mllt.cc:108) Average like for this file is -59.704 over 113 frames.
LOG (weight-silence-post[5.3.4~1340-b701]:main():weight-silence-post.cc:95) Done 60 posteriors.
LOG (gmm-acc-mllt[5.3.4~1340-b701]:main():gmm-acc-mllt.cc:108) Average like for this file is -62.9304 over 91 frames.
LOG (gmm-acc-mllt[5.3.4~1340-b701]:main():gmm-acc-mllt.cc:108) Average like for this file is -58.2774 over 135 frames.
LOG (gmm-acc-mllt[5.3.4~1340-b701]:main():gmm-acc-mllt.cc:108) Average like for this file is -59.0624 over 119 frames.
LOG (gmm-acc-mllt[5.3.4~1340-b701]:main():gmm-acc-mllt.cc:108) Average like for this file is -61.1928 over 164 frames.
LOG (gmm-acc-mllt[5.3.4~1340-b701]:main():gmm-acc-mllt.cc:108) Average like for this file is -59.3853 over 123 frames.
LOG (gmm-acc-mllt[5.3.4~1340-b701]:main():gmm-acc-mllt.cc:108) Average like for this file is -62.8699 over 121 frames.
LOG (gmm-acc-mllt[5.3.4~1340-b701]:main():gmm-acc-mllt.cc:108) Average like for this file is -63.2879 over 92 frames.
LOG (gmm-acc-mllt[5.3.4~1340-b701]:main():gmm-acc-mllt.cc:108) Average like for this file is -49.1118 over 168 frames.
LOG (gmm-acc-mllt[5.3.4~1340-b701]:main():gmm-acc-mllt.cc:114) Avg like per frame so far is -56.6967
LOG (gmm-acc-mllt[5.3.4~1340-b701]:main():gmm-acc-mllt.cc:108) Average like for this file is -53.3878 over 117 frames.
LOG (gmm-acc-mllt[5.3.4~1340-b701]:main():gmm-acc-mllt.cc:108) Average like for this file is -58.5957 over 158 frames.
LOG (gmm-acc-mllt[5.3.4~1340-b701]:main():gmm-acc-mllt.cc:108) Average like for this file is -54.7957 over 116 frames.
LOG (gmm-acc-mllt[5.3.4~1340-b701]:main():gmm-acc-mllt.cc:108) Average like for this file is -61.3385 over 102 frames.
LOG (apply-cmvn[5.3.4~1340-b701]:main():apply-cmvn.cc:162) Applied cepstral mean normalization to 60 utterances, errors on 0
LOG (gmm-acc-mllt[5.3.4~1340-b701]:main():gmm-acc-mllt.cc:108) Average like for this file is -67.2825 over 76 frames.
LOG (gmm-acc-mllt[5.3.4~1340-b701]:main():gmm-acc-mllt.cc:108) Average like for this file is -52.5675 over 122 frames.
LOG (gmm-acc-mllt[5.3.4~1340-b701]:main():gmm-acc-mllt.cc:108) Average like for this file is -56.5973 over 100 frames.
LOG (gmm-acc-mllt[5.3.4~1340-b701]:main():gmm-acc-mllt.cc:108) Average like for this file is -56.591 over 92 frames.
LOG (gmm-acc-mllt[5.3.4~1340-b701]:main():gmm-acc-mllt.cc:108) Average like for this file is -55.3174 over 94 frames.
LOG (gmm-acc-mllt[5.3.4~1340-b701]:main():gmm-acc-mllt.cc:108) Average like for this file is -52.933 over 101 frames.
LOG (gmm-acc-mllt[5.3.4~1340-b701]:main():gmm-acc-mllt.cc:114) Avg like per frame so far is -56.6853
LOG (gmm-acc-mllt[5.3.4~1340-b701]:main():gmm-acc-mllt.cc:108) Average like for this file is -54.9396 over 88 frames.
LOG (gmm-acc-mllt[5.3.4~1340-b701]:main():gmm-acc-mllt.cc:108) Average like for this file is -56.7389 over 100 frames.
LOG (gmm-acc-mllt[5.3.4~1340-b701]:main():gmm-acc-mllt.cc:108) Average like for this file is -52.4081 over 93 frames.
LOG (gmm-acc-mllt[5.3.4~1340-b701]:main():gmm-acc-mllt.cc:108) Average like for this file is -55.4873 over 78 frames.
LOG (gmm-acc-mllt[5.3.4~1340-b701]:main():gmm-acc-mllt.cc:108) Average like for this file is -51.5111 over 120 frames.
LOG (gmm-acc-mllt[5.3.4~1340-b701]:main():gmm-acc-mllt.cc:108) Average like for this file is -55.383 over 93 frames.
LOG (transform-feats[5.3.4~1340-b701]:main():transform-feats.cc:158) Overall average [pseudo-]logdet is -2.89765 over 7754 frames.
LOG (transform-feats[5.3.4~1340-b701]:main():transform-feats.cc:161) Applied transform to 60 utterances; 0 had errors.
LOG (gmm-acc-mllt[5.3.4~1340-b701]:main():gmm-acc-mllt.cc:108) Average like for this file is -56.1304 over 100 frames.
LOG (gmm-acc-mllt[5.3.4~1340-b701]:main():gmm-acc-mllt.cc:108) Average like for this file is -52.4194 over 110 frames.
LOG (gmm-acc-mllt[5.3.4~1340-b701]:main():gmm-acc-mllt.cc:108) Average like for this file is -53.2465 over 114 frames.
LOG (gmm-acc-mllt[5.3.4~1340-b701]:main():gmm-acc-mllt.cc:108) Average like for this file is -55.4789 over 113 frames.
LOG (gmm-acc-mllt[5.3.4~1340-b701]:main():gmm-acc-mllt.cc:114) Avg like per frame so far is -56.3126
LOG (gmm-acc-mllt[5.3.4~1340-b701]:main():gmm-acc-mllt.cc:119) Done 60 files, 0 with no posteriors, 0 with other errors.
LOG (gmm-acc-mllt[5.3.4~1340-b701]:main():gmm-acc-mllt.cc:123) Overall avg like per frame (Gaussian only) = -56.3126 over 6533 frames.
LOG (gmm-acc-mllt[5.3.4~1340-b701]:main():gmm-acc-mllt.cc:127) Written accs.
# Accounting: time=0 threads=1
# Ended (code 0) at Thu May 10 00:25:13 HKT 2018, elapsed time 0 seconds
