# ali-to-post "ark:gunzip -c exp/tri2/ali.4.gz|" ark:- | weight-silence-post 0.0 1:2:3:4:5:6:7:8:9:10 exp/tri2/4.mdl ark:- ark:- | gmm-acc-mllt --rand-prune=4.0 exp/tri2/4.mdl "ark,s,cs:apply-cmvn  --utt2spk=ark:data/train/split6/4/utt2spk scp:data/train/split6/4/cmvn.scp scp:data/train/split6/4/feats.scp ark:- | splice-feats --left-context=3 --right-context=3 ark:- ark:- | transform-feats exp/tri2/2.mat ark:- ark:- |" ark:- exp/tri2/4.4.macc 
# Started at Thu May 10 00:25:14 HKT 2018
#
gmm-acc-mllt --rand-prune=4.0 exp/tri2/4.mdl 'ark,s,cs:apply-cmvn  --utt2spk=ark:data/train/split6/4/utt2spk scp:data/train/split6/4/cmvn.scp scp:data/train/split6/4/feats.scp ark:- | splice-feats --left-context=3 --right-context=3 ark:- ark:- | transform-feats exp/tri2/2.mat ark:- ark:- |' ark:- exp/tri2/4.4.macc 
weight-silence-post 0.0 1:2:3:4:5:6:7:8:9:10 exp/tri2/4.mdl ark:- ark:- 
ali-to-post 'ark:gunzip -c exp/tri2/ali.4.gz|' ark:- 
apply-cmvn --utt2spk=ark:data/train/split6/4/utt2spk scp:data/train/split6/4/cmvn.scp scp:data/train/split6/4/feats.scp ark:- 
splice-feats --left-context=3 --right-context=3 ark:- ark:- 
transform-feats exp/tri2/2.mat ark:- ark:- 
LOG (gmm-acc-mllt[5.3.4~1340-b701]:main():gmm-acc-mllt.cc:108) Average like for this file is -51.4063 over 94 frames.
LOG (gmm-acc-mllt[5.3.4~1340-b701]:main():gmm-acc-mllt.cc:108) Average like for this file is -55.4276 over 121 frames.
LOG (ali-to-post[5.3.4~1340-b701]:main():ali-to-post.cc:73) Converted 60 alignments.
LOG (gmm-acc-mllt[5.3.4~1340-b701]:main():gmm-acc-mllt.cc:108) Average like for this file is -53.7863 over 88 frames.
LOG (gmm-acc-mllt[5.3.4~1340-b701]:main():gmm-acc-mllt.cc:108) Average like for this file is -49.1024 over 117 frames.
LOG (gmm-acc-mllt[5.3.4~1340-b701]:main():gmm-acc-mllt.cc:108) Average like for this file is -51.0485 over 96 frames.
LOG (gmm-acc-mllt[5.3.4~1340-b701]:main():gmm-acc-mllt.cc:108) Average like for this file is -53.9672 over 107 frames.
LOG (gmm-acc-mllt[5.3.4~1340-b701]:main():gmm-acc-mllt.cc:108) Average like for this file is -49.2696 over 107 frames.
LOG (gmm-acc-mllt[5.3.4~1340-b701]:main():gmm-acc-mllt.cc:108) Average like for this file is -53.6517 over 153 frames.
LOG (gmm-acc-mllt[5.3.4~1340-b701]:main():gmm-acc-mllt.cc:108) Average like for this file is -51.2572 over 121 frames.
LOG (gmm-acc-mllt[5.3.4~1340-b701]:main():gmm-acc-mllt.cc:108) Average like for this file is -54.3847 over 86 frames.
LOG (gmm-acc-mllt[5.3.4~1340-b701]:main():gmm-acc-mllt.cc:114) Avg like per frame so far is -52.3413
LOG (gmm-acc-mllt[5.3.4~1340-b701]:main():gmm-acc-mllt.cc:108) Average like for this file is -50.7777 over 106 frames.
LOG (gmm-acc-mllt[5.3.4~1340-b701]:main():gmm-acc-mllt.cc:108) Average like for this file is -51.4498 over 115 frames.
LOG (gmm-acc-mllt[5.3.4~1340-b701]:main():gmm-acc-mllt.cc:108) Average like for this file is -49.3742 over 163 frames.
LOG (gmm-acc-mllt[5.3.4~1340-b701]:main():gmm-acc-mllt.cc:108) Average like for this file is -49.529 over 120 frames.
LOG (gmm-acc-mllt[5.3.4~1340-b701]:main():gmm-acc-mllt.cc:108) Average like for this file is -60.3596 over 125 frames.
LOG (gmm-acc-mllt[5.3.4~1340-b701]:main():gmm-acc-mllt.cc:108) Average like for this file is -61.938 over 164 frames.
LOG (gmm-acc-mllt[5.3.4~1340-b701]:main():gmm-acc-mllt.cc:108) Average like for this file is -60.0662 over 129 frames.
LOG (gmm-acc-mllt[5.3.4~1340-b701]:main():gmm-acc-mllt.cc:108) Average like for this file is -58.9953 over 104 frames.
LOG (gmm-acc-mllt[5.3.4~1340-b701]:main():gmm-acc-mllt.cc:108) Average like for this file is -59.9729 over 85 frames.
LOG (gmm-acc-mllt[5.3.4~1340-b701]:main():gmm-acc-mllt.cc:108) Average like for this file is -59.2135 over 134 frames.
LOG (gmm-acc-mllt[5.3.4~1340-b701]:main():gmm-acc-mllt.cc:114) Avg like per frame so far is -54.3734
LOG (gmm-acc-mllt[5.3.4~1340-b701]:main():gmm-acc-mllt.cc:108) Average like for this file is -56.4471 over 85 frames.
LOG (gmm-acc-mllt[5.3.4~1340-b701]:main():gmm-acc-mllt.cc:108) Average like for this file is -47.7308 over 125 frames.
LOG (gmm-acc-mllt[5.3.4~1340-b701]:main():gmm-acc-mllt.cc:108) Average like for this file is -51.1929 over 103 frames.
LOG (gmm-acc-mllt[5.3.4~1340-b701]:main():gmm-acc-mllt.cc:108) Average like for this file is -51.7361 over 130 frames.
LOG (gmm-acc-mllt[5.3.4~1340-b701]:main():gmm-acc-mllt.cc:108) Average like for this file is -49.9231 over 118 frames.
LOG (gmm-acc-mllt[5.3.4~1340-b701]:main():gmm-acc-mllt.cc:108) Average like for this file is -53.5703 over 158 frames.
LOG (gmm-acc-mllt[5.3.4~1340-b701]:main():gmm-acc-mllt.cc:108) Average like for this file is -51.4362 over 114 frames.
LOG (gmm-acc-mllt[5.3.4~1340-b701]:main():gmm-acc-mllt.cc:108) Average like for this file is -50.8172 over 103 frames.
LOG (gmm-acc-mllt[5.3.4~1340-b701]:main():gmm-acc-mllt.cc:108) Average like for this file is -52.1793 over 97 frames.
LOG (gmm-acc-mllt[5.3.4~1340-b701]:main():gmm-acc-mllt.cc:108) Average like for this file is -52.2628 over 117 frames.
LOG (gmm-acc-mllt[5.3.4~1340-b701]:main():gmm-acc-mllt.cc:114) Avg like per frame so far is -53.4731
LOG (gmm-acc-mllt[5.3.4~1340-b701]:main():gmm-acc-mllt.cc:108) Average like for this file is -50.8168 over 99 frames.
LOG (gmm-acc-mllt[5.3.4~1340-b701]:main():gmm-acc-mllt.cc:108) Average like for this file is -52.5864 over 130 frames.
LOG (gmm-acc-mllt[5.3.4~1340-b701]:main():gmm-acc-mllt.cc:108) Average like for this file is -53.1614 over 109 frames.
LOG (gmm-acc-mllt[5.3.4~1340-b701]:main():gmm-acc-mllt.cc:108) Average like for this file is -53.1401 over 136 frames.
LOG (gmm-acc-mllt[5.3.4~1340-b701]:main():gmm-acc-mllt.cc:108) Average like for this file is -54.9894 over 112 frames.
LOG (gmm-acc-mllt[5.3.4~1340-b701]:main():gmm-acc-mllt.cc:108) Average like for this file is -56.5571 over 155 frames.
LOG (weight-silence-post[5.3.4~1340-b701]:main():weight-silence-post.cc:95) Done 60 posteriors.
LOG (gmm-acc-mllt[5.3.4~1340-b701]:main():gmm-acc-mllt.cc:108) Average like for this file is -54.5019 over 102 frames.
LOG (gmm-acc-mllt[5.3.4~1340-b701]:main():gmm-acc-mllt.cc:108) Average like for this file is -53.998 over 136 frames.
LOG (gmm-acc-mllt[5.3.4~1340-b701]:main():gmm-acc-mllt.cc:108) Average like for this file is -54.9366 over 84 frames.
LOG (gmm-acc-mllt[5.3.4~1340-b701]:main():gmm-acc-mllt.cc:108) Average like for this file is -48.8278 over 186 frames.
LOG (gmm-acc-mllt[5.3.4~1340-b701]:main():gmm-acc-mllt.cc:114) Avg like per frame so far is -53.394
LOG (gmm-acc-mllt[5.3.4~1340-b701]:main():gmm-acc-mllt.cc:108) Average like for this file is -49.2942 over 131 frames.
LOG (gmm-acc-mllt[5.3.4~1340-b701]:main():gmm-acc-mllt.cc:108) Average like for this file is -54.474 over 120 frames.
LOG (gmm-acc-mllt[5.3.4~1340-b701]:main():gmm-acc-mllt.cc:108) Average like for this file is -51.0361 over 124 frames.
LOG (gmm-acc-mllt[5.3.4~1340-b701]:main():gmm-acc-mllt.cc:108) Average like for this file is -56.4577 over 158 frames.
LOG (gmm-acc-mllt[5.3.4~1340-b701]:main():gmm-acc-mllt.cc:108) Average like for this file is -53.7998 over 138 frames.
LOG (gmm-acc-mllt[5.3.4~1340-b701]:main():gmm-acc-mllt.cc:108) Average like for this file is -55.9614 over 97 frames.
LOG (gmm-acc-mllt[5.3.4~1340-b701]:main():gmm-acc-mllt.cc:108) Average like for this file is -58.9655 over 104 frames.
LOG (gmm-acc-mllt[5.3.4~1340-b701]:main():gmm-acc-mllt.cc:108) Average like for this file is -50.2976 over 148 frames.
LOG (apply-cmvn[5.3.4~1340-b701]:main():apply-cmvn.cc:162) Applied cepstral mean normalization to 60 utterances, errors on 0
LOG (gmm-acc-mllt[5.3.4~1340-b701]:main():gmm-acc-mllt.cc:108) Average like for this file is -52.6669 over 106 frames.
LOG (gmm-acc-mllt[5.3.4~1340-b701]:main():gmm-acc-mllt.cc:108) Average like for this file is -50.5344 over 125 frames.
LOG (gmm-acc-mllt[5.3.4~1340-b701]:main():gmm-acc-mllt.cc:114) Avg like per frame so far is -53.3566
LOG (gmm-acc-mllt[5.3.4~1340-b701]:main():gmm-acc-mllt.cc:108) Average like for this file is -54.5633 over 90 frames.
LOG (gmm-acc-mllt[5.3.4~1340-b701]:main():gmm-acc-mllt.cc:108) Average like for this file is -55.3081 over 150 frames.
LOG (gmm-acc-mllt[5.3.4~1340-b701]:main():gmm-acc-mllt.cc:108) Average like for this file is -52.7975 over 129 frames.
LOG (gmm-acc-mllt[5.3.4~1340-b701]:main():gmm-acc-mllt.cc:108) Average like for this file is -57.1071 over 173 frames.
LOG (gmm-acc-mllt[5.3.4~1340-b701]:main():gmm-acc-mllt.cc:108) Average like for this file is -54.734 over 116 frames.
LOG (gmm-acc-mllt[5.3.4~1340-b701]:main():gmm-acc-mllt.cc:108) Average like for this file is -56.7001 over 121 frames.
LOG (gmm-acc-mllt[5.3.4~1340-b701]:main():gmm-acc-mllt.cc:108) Average like for this file is -55.988 over 103 frames.
LOG (transform-feats[5.3.4~1340-b701]:main():transform-feats.cc:158) Overall average [pseudo-]logdet is -2.11956 over 8814 frames.
LOG (transform-feats[5.3.4~1340-b701]:main():transform-feats.cc:161) Applied transform to 60 utterances; 0 had errors.
LOG (gmm-acc-mllt[5.3.4~1340-b701]:main():gmm-acc-mllt.cc:108) Average like for this file is -53.3312 over 127 frames.
LOG (gmm-acc-mllt[5.3.4~1340-b701]:main():gmm-acc-mllt.cc:108) Average like for this file is -53.3459 over 96 frames.
LOG (gmm-acc-mllt[5.3.4~1340-b701]:main():gmm-acc-mllt.cc:108) Average like for this file is -42.9467 over 156 frames.
LOG (gmm-acc-mllt[5.3.4~1340-b701]:main():gmm-acc-mllt.cc:114) Avg like per frame so far is -53.3821
LOG (gmm-acc-mllt[5.3.4~1340-b701]:main():gmm-acc-mllt.cc:119) Done 60 files, 0 with no posteriors, 0 with other errors.
LOG (gmm-acc-mllt[5.3.4~1340-b701]:main():gmm-acc-mllt.cc:123) Overall avg like per frame (Gaussian only) = -53.3821 over 7246 frames.
LOG (gmm-acc-mllt[5.3.4~1340-b701]:main():gmm-acc-mllt.cc:127) Written accs.
# Accounting: time=0 threads=1
# Ended (code 0) at Thu May 10 00:25:14 HKT 2018, elapsed time 0 seconds
