# gmm-est --write-occs=exp/tri2/32.occs --mix-up=10000 --power=0.25 exp/tri2/31.mdl "gmm-sum-accs - exp/tri2/31.*.acc |" exp/tri2/32.mdl 
# Started at Thu May 10 00:25:23 HKT 2018
#
gmm-est --write-occs=exp/tri2/32.occs --mix-up=10000 --power=0.25 exp/tri2/31.mdl 'gmm-sum-accs - exp/tri2/31.*.acc |' exp/tri2/32.mdl 
gmm-sum-accs - exp/tri2/31.1.acc exp/tri2/31.2.acc exp/tri2/31.3.acc exp/tri2/31.4.acc exp/tri2/31.5.acc exp/tri2/31.6.acc 
LOG (gmm-sum-accs[5.3.4~1340-b701]:main():gmm-sum-accs.cc:63) Summed 6 stats, total count 46300, avg like/frame -46.7092
LOG (gmm-sum-accs[5.3.4~1340-b701]:main():gmm-sum-accs.cc:66) Total count of stats is 46300
LOG (gmm-sum-accs[5.3.4~1340-b701]:main():gmm-sum-accs.cc:67) Written stats to -
LOG (gmm-est[5.3.4~1340-b701]:MleUpdate():transition-model.cc:517) TransitionModel::Update, objf change is 0 per frame over 46300 frames. 
LOG (gmm-est[5.3.4~1340-b701]:MleUpdate():transition-model.cc:520) 25 probabilities floored, 630 out of 826 transition-states skipped due to insuffient data (it is normal to have some skipped.)
LOG (gmm-est[5.3.4~1340-b701]:main():gmm-est.cc:102) Transition model update: Overall 0 log-like improvement per frame over 46300 frames.
WARNING (gmm-est[5.3.4~1340-b701]:MleDiagGmmUpdate():mle-diag-gmm.cc:365) Gaussian has too little data but not removing it because it is the last Gaussian: i = 0, occ = 0, weight = 1
WARNING (gmm-est[5.3.4~1340-b701]:MleDiagGmmUpdate():mle-diag-gmm.cc:359) Too little data - removing Gaussian (weight 0.002194, occupation count 9.952687, vector size 40)
WARNING (gmm-est[5.3.4~1340-b701]:MleDiagGmmUpdate():mle-diag-gmm.cc:359) Too little data - removing Gaussian (weight 0.033773, occupation count 9.996890, vector size 40)
LOG (gmm-est[5.3.4~1340-b701]:MleAmDiagGmmUpdate():mle-am-diag-gmm.cc:225) 0 variance elements floored in 0 Gaussians, out of 2244
LOG (gmm-est[5.3.4~1340-b701]:MleAmDiagGmmUpdate():mle-am-diag-gmm.cc:229) Removed 2 Gaussians due to counts < --min-gaussian-occupancy=10 and --remove-low-count-gaussians=true
LOG (gmm-est[5.3.4~1340-b701]:main():gmm-est.cc:113) GMM update: Overall 0.00376376 objective function improvement per frame over 46300 frames
LOG (gmm-est[5.3.4~1340-b701]:main():gmm-est.cc:116) GMM update: Overall avg like per frame = -46.7092 over 46300 frames.
WARNING (gmm-est[5.3.4~1340-b701]:GetSplitTargets():model-common.cc:134) Could not split up to 10000 due to min-count = 20 (or no counts at all)
LOG (gmm-est[5.3.4~1340-b701]:SplitByCount():am-diag-gmm.cc:116) Split 179 states with target = 10000, power = 0.25, perturb_factor = 0.01 and min_count = 20, split #Gauss from 2244 to 2246
LOG (gmm-est[5.3.4~1340-b701]:main():gmm-est.cc:146) Written model to exp/tri2/32.mdl
# Accounting: time=0 threads=1
# Ended (code 0) at Thu May 10 00:25:23 HKT 2018, elapsed time 0 seconds
