# gmm-est --write-occs=exp/tri2/8.occs --mix-up=4300 --power=0.25 exp/tri2/7.mdl "gmm-sum-accs - exp/tri2/7.*.acc |" exp/tri2/8.mdl 
# Started at Thu May 10 00:25:16 HKT 2018
#
gmm-est --write-occs=exp/tri2/8.occs --mix-up=4300 --power=0.25 exp/tri2/7.mdl 'gmm-sum-accs - exp/tri2/7.*.acc |' exp/tri2/8.mdl 
gmm-sum-accs - exp/tri2/7.1.acc exp/tri2/7.2.acc exp/tri2/7.3.acc exp/tri2/7.4.acc exp/tri2/7.5.acc exp/tri2/7.6.acc 
LOG (gmm-sum-accs[5.3.4~1340-b701]:main():gmm-sum-accs.cc:63) Summed 6 stats, total count 46300, avg like/frame -49.6368
LOG (gmm-sum-accs[5.3.4~1340-b701]:main():gmm-sum-accs.cc:66) Total count of stats is 46300
LOG (gmm-sum-accs[5.3.4~1340-b701]:main():gmm-sum-accs.cc:67) Written stats to -
LOG (gmm-est[5.3.4~1340-b701]:MleUpdate():transition-model.cc:517) TransitionModel::Update, objf change is 0 per frame over 46300 frames. 
LOG (gmm-est[5.3.4~1340-b701]:MleUpdate():transition-model.cc:520) 18 probabilities floored, 630 out of 826 transition-states skipped due to insuffient data (it is normal to have some skipped.)
LOG (gmm-est[5.3.4~1340-b701]:main():gmm-est.cc:102) Transition model update: Overall 0 log-like improvement per frame over 46300 frames.
WARNING (gmm-est[5.3.4~1340-b701]:MleDiagGmmUpdate():mle-diag-gmm.cc:359) Too little data - removing Gaussian (weight 0.005729, occupation count 9.774026, vector size 40)
WARNING (gmm-est[5.3.4~1340-b701]:MleDiagGmmUpdate():mle-diag-gmm.cc:359) Too little data - removing Gaussian (weight 0.004669, occupation count 7.964621, vector size 40)
WARNING (gmm-est[5.3.4~1340-b701]:MleDiagGmmUpdate():mle-diag-gmm.cc:365) Gaussian has too little data but not removing it because it is the last Gaussian: i = 0, occ = 0, weight = 1
WARNING (gmm-est[5.3.4~1340-b701]:MleDiagGmmUpdate():mle-diag-gmm.cc:359) Too little data - removing Gaussian (weight 0.028365, occupation count 8.679688, vector size 40)
WARNING (gmm-est[5.3.4~1340-b701]:MleDiagGmmUpdate():mle-diag-gmm.cc:359) Too little data - removing Gaussian (weight 0.029318, occupation count 8.971334, vector size 40)
WARNING (gmm-est[5.3.4~1340-b701]:MleDiagGmmUpdate():mle-diag-gmm.cc:359) Too little data - removing Gaussian (weight 0.025763, occupation count 9.996033, vector size 40)
WARNING (gmm-est[5.3.4~1340-b701]:MleDiagGmmUpdate():mle-diag-gmm.cc:359) Too little data - removing Gaussian (weight 0.001804, occupation count 8.048333, vector size 40)
WARNING (gmm-est[5.3.4~1340-b701]:MleDiagGmmUpdate():mle-diag-gmm.cc:359) Too little data - removing Gaussian (weight 0.001770, occupation count 7.898343, vector size 40)
WARNING (gmm-est[5.3.4~1340-b701]:MleDiagGmmUpdate():mle-diag-gmm.cc:359) Too little data - removing Gaussian (weight 0.001758, occupation count 7.844655, vector size 40)
WARNING (gmm-est[5.3.4~1340-b701]:MleDiagGmmUpdate():mle-diag-gmm.cc:359) Too little data - removing Gaussian (weight 0.001942, occupation count 8.667398, vector size 40)
WARNING (gmm-est[5.3.4~1340-b701]:MleDiagGmmUpdate():mle-diag-gmm.cc:359) Too little data - removing Gaussian (weight 0.001961, occupation count 8.750169, vector size 40)
WARNING (gmm-est[5.3.4~1340-b701]:MleDiagGmmUpdate():mle-diag-gmm.cc:359) Too little data - removing Gaussian (weight 0.001932, occupation count 8.620234, vector size 40)
WARNING (gmm-est[5.3.4~1340-b701]:MleDiagGmmUpdate():mle-diag-gmm.cc:359) Too little data - removing Gaussian (weight 0.002142, occupation count 9.558716, vector size 40)
WARNING (gmm-est[5.3.4~1340-b701]:MleDiagGmmUpdate():mle-diag-gmm.cc:359) Too little data - removing Gaussian (weight 0.002118, occupation count 9.449087, vector size 40)
WARNING (gmm-est[5.3.4~1340-b701]:MleDiagGmmUpdate():mle-diag-gmm.cc:359) Too little data - removing Gaussian (weight 0.002002, occupation count 8.932404, vector size 40)
WARNING (gmm-est[5.3.4~1340-b701]:MleDiagGmmUpdate():mle-diag-gmm.cc:359) Too little data - removing Gaussian (weight 0.002014, occupation count 8.987065, vector size 40)
WARNING (gmm-est[5.3.4~1340-b701]:MleDiagGmmUpdate():mle-diag-gmm.cc:359) Too little data - removing Gaussian (weight 0.002006, occupation count 8.949458, vector size 40)
WARNING (gmm-est[5.3.4~1340-b701]:MleDiagGmmUpdate():mle-diag-gmm.cc:359) Too little data - removing Gaussian (weight 0.001685, occupation count 7.516590, vector size 40)
WARNING (gmm-est[5.3.4~1340-b701]:MleDiagGmmUpdate():mle-diag-gmm.cc:359) Too little data - removing Gaussian (weight 0.001955, occupation count 8.723101, vector size 40)
WARNING (gmm-est[5.3.4~1340-b701]:MleDiagGmmUpdate():mle-diag-gmm.cc:359) Too little data - removing Gaussian (weight 0.001476, occupation count 6.585421, vector size 40)
WARNING (gmm-est[5.3.4~1340-b701]:MleDiagGmmUpdate():mle-diag-gmm.cc:359) Too little data - removing Gaussian (weight 0.001987, occupation count 8.865917, vector size 40)
WARNING (gmm-est[5.3.4~1340-b701]:MleDiagGmmUpdate():mle-diag-gmm.cc:359) Too little data - removing Gaussian (weight 0.001596, occupation count 7.121916, vector size 40)
WARNING (gmm-est[5.3.4~1340-b701]:MleDiagGmmUpdate():mle-diag-gmm.cc:359) Too little data - removing Gaussian (weight 0.001678, occupation count 7.486429, vector size 40)
WARNING (gmm-est[5.3.4~1340-b701]:MleDiagGmmUpdate():mle-diag-gmm.cc:359) Too little data - removing Gaussian (weight 0.002069, occupation count 9.232614, vector size 40)
WARNING (gmm-est[5.3.4~1340-b701]:MleDiagGmmUpdate():mle-diag-gmm.cc:359) Too little data - removing Gaussian (weight 0.002194, occupation count 9.788099, vector size 40)
WARNING (gmm-est[5.3.4~1340-b701]:MleDiagGmmUpdate():mle-diag-gmm.cc:359) Too little data - removing Gaussian (weight 0.002075, occupation count 9.260520, vector size 40)
WARNING (gmm-est[5.3.4~1340-b701]:MleDiagGmmUpdate():mle-diag-gmm.cc:359) Too little data - removing Gaussian (weight 0.002234, occupation count 9.966753, vector size 40)
WARNING (gmm-est[5.3.4~1340-b701]:MleDiagGmmUpdate():mle-diag-gmm.cc:359) Too little data - removing Gaussian (weight 0.002047, occupation count 9.132668, vector size 40)
WARNING (gmm-est[5.3.4~1340-b701]:MleDiagGmmUpdate():mle-diag-gmm.cc:359) Too little data - removing Gaussian (weight 0.002092, occupation count 9.336526, vector size 40)
WARNING (gmm-est[5.3.4~1340-b701]:MleDiagGmmUpdate():mle-diag-gmm.cc:359) Too little data - removing Gaussian (weight 0.001911, occupation count 8.525843, vector size 40)
WARNING (gmm-est[5.3.4~1340-b701]:MleDiagGmmUpdate():mle-diag-gmm.cc:359) Too little data - removing Gaussian (weight 0.004238, occupation count 9.513515, vector size 40)
WARNING (gmm-est[5.3.4~1340-b701]:MleDiagGmmUpdate():mle-diag-gmm.cc:359) Too little data - removing Gaussian (weight 0.069701, occupation count 9.827886, vector size 40)
WARNING (gmm-est[5.3.4~1340-b701]:MleDiagGmmUpdate():mle-diag-gmm.cc:359) Too little data - removing Gaussian (weight 0.013681, occupation count 9.467207, vector size 40)
WARNING (gmm-est[5.3.4~1340-b701]:MleDiagGmmUpdate():mle-diag-gmm.cc:359) Too little data - removing Gaussian (weight 0.075332, occupation count 9.642497, vector size 40)
WARNING (gmm-est[5.3.4~1340-b701]:MleDiagGmmUpdate():mle-diag-gmm.cc:359) Too little data - removing Gaussian (weight 0.070264, occupation count 9.977507, vector size 40)
WARNING (gmm-est[5.3.4~1340-b701]:MleDiagGmmUpdate():mle-diag-gmm.cc:359) Too little data - removing Gaussian (weight 0.064903, occupation count 9.800333, vector size 40)
WARNING (gmm-est[5.3.4~1340-b701]:MleDiagGmmUpdate():mle-diag-gmm.cc:359) Too little data - removing Gaussian (weight 0.019036, occupation count 8.299803, vector size 40)
WARNING (gmm-est[5.3.4~1340-b701]:MleDiagGmmUpdate():mle-diag-gmm.cc:359) Too little data - removing Gaussian (weight 0.022724, occupation count 9.998518, vector size 40)
WARNING (gmm-est[5.3.4~1340-b701]:MleDiagGmmUpdate():mle-diag-gmm.cc:359) Too little data - removing Gaussian (weight 0.039840, occupation count 9.999941, vector size 40)
WARNING (gmm-est[5.3.4~1340-b701]:MleDiagGmmUpdate():mle-diag-gmm.cc:359) Too little data - removing Gaussian (weight 0.030621, occupation count 9.216888, vector size 40)
WARNING (gmm-est[5.3.4~1340-b701]:MleDiagGmmUpdate():mle-diag-gmm.cc:359) Too little data - removing Gaussian (weight 0.023517, occupation count 8.960010, vector size 40)
LOG (gmm-est[5.3.4~1340-b701]:MleAmDiagGmmUpdate():mle-am-diag-gmm.cc:225) 0 variance elements floored in 0 Gaussians, out of 2190
LOG (gmm-est[5.3.4~1340-b701]:MleAmDiagGmmUpdate():mle-am-diag-gmm.cc:229) Removed 40 Gaussians due to counts < --min-gaussian-occupancy=10 and --remove-low-count-gaussians=true
LOG (gmm-est[5.3.4~1340-b701]:main():gmm-est.cc:113) GMM update: Overall 0.47048 objective function improvement per frame over 46300 frames
LOG (gmm-est[5.3.4~1340-b701]:main():gmm-est.cc:116) GMM update: Overall avg like per frame = -49.6368 over 46300 frames.
WARNING (gmm-est[5.3.4~1340-b701]:GetSplitTargets():model-common.cc:134) Could not split up to 4300 due to min-count = 20 (or no counts at all)
LOG (gmm-est[5.3.4~1340-b701]:SplitByCount():am-diag-gmm.cc:116) Split 179 states with target = 4300, power = 0.25, perturb_factor = 0.01 and min_count = 20, split #Gauss from 2190 to 2230
LOG (gmm-est[5.3.4~1340-b701]:main():gmm-est.cc:146) Written model to exp/tri2/8.mdl
# Accounting: time=0 threads=1
# Ended (code 0) at Thu May 10 00:25:16 HKT 2018, elapsed time 0 seconds
